[ 2017-12-06T17:42:15+08:00 ] 111.194.11.38 /Back/Orderyjh/checkYunPrice
INFO: [ app_init ] --START--
INFO: Run Behavior\BuildLiteBehavior [ RunTime:0.000015s ]
INFO: [ app_init ] --END-- [ RunTime:0.000303s ]
INFO: [ app_begin ] --START--
INFO: Run Behavior\ReadHtmlCacheBehavior [ RunTime:0.000455s ]
INFO: [ app_begin ] --END-- [ RunTime:0.000521s ]
NOTIC: [8192] Function mcrypt_cbc() is deprecated /guzai/TTYC/ThinkPHP/Library/DES_PHP/DESPHP.class.php 第 47 行.
NOTIC: [8192] Function mcrypt_cbc() is deprecated /guzai/TTYC/ThinkPHP/Library/DES_PHP/DESPHP.class.php 第 47 行.
SQL: SHOW COLUMNS FROM `tuo_auth_rule` [ RunTime:0.0005s ]
SQL: SELECT * FROM `tuo_auth_rule`  [ RunTime:0.0002s ]
SQL: SELECT * FROM `tuo_auth_rule` WHERE `id` = 53 LIMIT 1   [ RunTime:0.0001s ]
NOTIC: [8192] Function mcrypt_cbc() is deprecated /guzai/TTYC/ThinkPHP/Library/DES_PHP/DESPHP.class.php 第 47 行.
SQL: SHOW COLUMNS FROM `tuo_auth_group_access` [ RunTime:0.0003s ]
SQL: SELECT `uid`,`group_id`,`title`,`rules` FROM tuo_auth_group_access a INNER JOIN tuo_auth_group g on a.group_id=g.id  WHERE ( a.uid='43' and g.status='1' )  [ RunTime:0.0001s ]
SQL: SELECT * FROM `tuo_auth_rule` WHERE (  (level = "1")  ) AND `id` IN ('2','3','4','5','6','7','8','9','10','11','108','121','109','110','111','112','113','114','115','116','117','118','119','120','13','140','93','135','138','136','137','139','14','77','124','79','125','80','81','126','15','62','63','64','99','96','97','98','16','65','66','67','68','69','17','18','19','20','21','22','23','24','25','26','27','28','29','30','31','32','33','34','35','36','37','38','39','40','41','42','43','44','45','46','47','48','49','50','51','52','172','173','53','54','153','154','141','142','143','144','145','146','147','148','149','150','151','152','163','164','165','166','168','170','171','56','129','127','134','128','130','131','133','167','57','70','78','132','94','155','156','157','158','159','160','162','161','105','107','169','174','175','176') AND `pid` = 0 AND `status` = '1' LIMIT 1   [ RunTime:0.0001s ]
NOTIC: [8192] Function mcrypt_cbc() is deprecated /guzai/TTYC/ThinkPHP/Library/DES_PHP/DESPHP.class.php 第 47 行.
SQL: SELECT * FROM `tuo_auth_rule` WHERE (  (level = "1" AND status="1")  ) AND `id` IN ('2','3','4','5','6','7','8','9','10','11','108','121','109','110','111','112','113','114','115','116','117','118','119','120','13','140','93','135','138','136','137','139','14','77','124','79','125','80','81','126','15','62','63','64','99','96','97','98','16','65','66','67','68','69','17','18','19','20','21','22','23','24','25','26','27','28','29','30','31','32','33','34','35','36','37','38','39','40','41','42','43','44','45','46','47','48','49','50','51','52','172','173','53','54','153','154','141','142','143','144','145','146','147','148','149','150','151','152','163','164','165','166','168','170','171','56','129','127','134','128','130','131','133','167','57','70','78','132','94','155','156','157','158','159','160','162','161','105','107','169','174','175','176') AND `pid` = 0 ORDER BY id  [ RunTime:0.0001s ]
SQL: SHOW COLUMNS FROM `tuo_auth_rule` [ RunTime:0.0003s ]
SQL: SELECT `condition`,`name` FROM `tuo_auth_rule` WHERE `id` IN ('2','3','4','5','6','7','8','9','10','11','108','121','109','110','111','112','113','114','115','116','117','118','119','120','13','140','93','135','138','136','137','139','14','77','124','79','125','80','81','126','15','62','63','64','99','96','97','98','16','65','66','67','68','69','17','18','19','20','21','22','23','24','25','26','27','28','29','30','31','32','33','34','35','36','37','38','39','40','41','42','43','44','45','46','47','48','49','50','51','52','172','173','53','54','153','154','141','142','143','144','145','146','147','148','149','150','151','152','163','164','165','166','168','170','171','56','129','127','134','128','130','131','133','167','57','70','78','132','94','155','156','157','158','159','160','162','161','105','107','169','174','175','176') AND `status` = 1  [ RunTime:0.0001s ]

[ 2017-12-06T17:42:19+08:00 ] 111.194.11.38 /Back/Worktwo/referOrder
INFO: [ app_init ] --START--
INFO: Run Behavior\BuildLiteBehavior [ RunTime:0.000016s ]
INFO: [ app_init ] --END-- [ RunTime:0.000272s ]
INFO: [ app_begin ] --START--
INFO: Run Behavior\ReadHtmlCacheBehavior [ RunTime:0.000290s ]
INFO: [ app_begin ] --END-- [ RunTime:0.000339s ]
NOTIC: [8192] Function mcrypt_cbc() is deprecated /guzai/TTYC/ThinkPHP/Library/DES_PHP/DESPHP.class.php 第 47 行.
NOTIC: [8192] Function mcrypt_cbc() is deprecated /guzai/TTYC/ThinkPHP/Library/DES_PHP/DESPHP.class.php 第 47 行.
SQL: SHOW COLUMNS FROM `tuo_auth_rule` [ RunTime:0.0005s ]
SQL: SELECT * FROM `tuo_auth_rule`  [ RunTime:0.0002s ]
NOTIC: [8192] Function mcrypt_cbc() is deprecated /guzai/TTYC/ThinkPHP/Library/DES_PHP/DESPHP.class.php 第 47 行.
SQL: SHOW COLUMNS FROM `tuo_auth_group_access` [ RunTime:0.0003s ]
SQL: SELECT `uid`,`group_id`,`title`,`rules` FROM tuo_auth_group_access a INNER JOIN tuo_auth_group g on a.group_id=g.id  WHERE ( a.uid='29' and g.status='1' )  [ RunTime:0.0001s ]
SQL: SELECT * FROM `tuo_auth_rule` WHERE (  (level = "1")  ) AND `id` IN ('2','3','4','5','6','7','8','9','10','11','108','121','109','110','111','112','113','114','115','116','117','118','119','120','13','140','93','135','138','136','137','139','14','77','124','79','125','80','81','126','15','62','63','64','99','96','97','98','16','65','66','67','68','69','17','18','19','20','21','22','23','24','25','26','27','28','29','30','31','32','33','34','35','36','37','38','39','40','41','42','43','44','45','46','47','48','49','50','51','52','172','173','53','54','153','154','141','142','143','144','145','146','147','148','149','150','151','152','163','164','165','166','168','170','171','56','129','127','134','128','130','131','133','167','57','70','78','132','94','155','156','157','158','159','160','162','161','105','107','169','174','175','176') AND `pid` = 0 AND `status` = '1' LIMIT 1   [ RunTime:0.0001s ]
NOTIC: [8192] Function mcrypt_cbc() is deprecated /guzai/TTYC/ThinkPHP/Library/DES_PHP/DESPHP.class.php 第 47 行.
SQL: SELECT * FROM `tuo_auth_rule` WHERE (  (level = "1" AND status="1")  ) AND `id` IN ('2','3','4','5','6','7','8','9','10','11','108','121','109','110','111','112','113','114','115','116','117','118','119','120','13','140','93','135','138','136','137','139','14','77','124','79','125','80','81','126','15','62','63','64','99','96','97','98','16','65','66','67','68','69','17','18','19','20','21','22','23','24','25','26','27','28','29','30','31','32','33','34','35','36','37','38','39','40','41','42','43','44','45','46','47','48','49','50','51','52','172','173','53','54','153','154','141','142','143','144','145','146','147','148','149','150','151','152','163','164','165','166','168','170','171','56','129','127','134','128','130','131','133','167','57','70','78','132','94','155','156','157','158','159','160','162','161','105','107','169','174','175','176') AND `pid` = 0 ORDER BY id  [ RunTime:0.0001s ]
SQL: SHOW COLUMNS FROM `tuo_auth_rule` [ RunTime:0.0003s ]
SQL: SELECT `condition`,`name` FROM `tuo_auth_rule` WHERE `id` IN ('2','3','4','5','6','7','8','9','10','11','108','121','109','110','111','112','113','114','115','116','117','118','119','120','13','140','93','135','138','136','137','139','14','77','124','79','125','80','81','126','15','62','63','64','99','96','97','98','16','65','66','67','68','69','17','18','19','20','21','22','23','24','25','26','27','28','29','30','31','32','33','34','35','36','37','38','39','40','41','42','43','44','45','46','47','48','49','50','51','52','172','173','53','54','153','154','141','142','143','144','145','146','147','148','149','150','151','152','163','164','165','166','168','170','171','56','129','127','134','128','130','131','133','167','57','70','78','132','94','155','156','157','158','159','160','162','161','105','107','169','174','175','176') AND `status` = 1  [ RunTime:0.0001s ]
SQL: SHOW COLUMNS FROM `tuo_carxing` [ RunTime:0.0003s ]
SQL: SELECT * FROM `tuo_carxing` WHERE `cxjj_pid` = 0  [ RunTime:0.0002s ]
SQL: SHOW COLUMNS FROM `tuo_area` [ RunTime:0.0003s ]
SQL: SELECT * FROM `tuo_area` WHERE `area_pid` = 1  [ RunTime:0.0001s ]
INFO: [ view_parse ] --START--
INFO: [ template_filter ] --START--
INFO: Run Behavior\ContentReplaceBehavior [ RunTime:0.000421s ]
INFO: [ template_filter ] --END-- [ RunTime:0.000482s ]
NOTIC: [8] Undefined variable: pval /guzai/TTYC/Application/Runtime/Cache/Back/9ed2f3127f694d03faaacdc929af6ad5.php 第 118 行.
NOTIC: [8] Undefined variable: cval /guzai/TTYC/Application/Runtime/Cache/Back/9ed2f3127f694d03faaacdc929af6ad5.php 第 126 行.
NOTIC: [8] Undefined variable: coval /guzai/TTYC/Application/Runtime/Cache/Back/9ed2f3127f694d03faaacdc929af6ad5.php 第 135 行.
NOTIC: [8] Undefined variable: pval /guzai/TTYC/Application/Runtime/Cache/Back/9ed2f3127f694d03faaacdc929af6ad5.php 第 167 行.
NOTIC: [8] Undefined variable: cval /guzai/TTYC/Application/Runtime/Cache/Back/9ed2f3127f694d03faaacdc929af6ad5.php 第 175 行.
INFO: Run Behavior\ParseTemplateBehavior [ RunTime:0.014580s ]
INFO: [ view_parse ] --END-- [ RunTime:0.014626s ]
INFO: [ view_filter ] --START--
INFO: Run Behavior\WriteHtmlCacheBehavior [ RunTime:0.000123s ]
INFO: [ view_filter ] --END-- [ RunTime:0.000161s ]
INFO: [ app_end ] --START--
INFO: Run Behavior\ShowPageTraceBehavior [ RunTime:0.000318s ]
INFO: [ app_end ] --END-- [ RunTime:0.000362s ]

[ 2017-12-06T17:42:23+08:00 ] 111.194.11.38 /Back/Product/area_act
INFO: [ app_init ] --START--
INFO: Run Behavior\BuildLiteBehavior [ RunTime:0.000032s ]
INFO: [ app_init ] --END-- [ RunTime:0.000279s ]
INFO: [ app_begin ] --START--
INFO: Run Behavior\ReadHtmlCacheBehavior [ RunTime:0.000300s ]
INFO: [ app_begin ] --END-- [ RunTime:0.000352s ]
NOTIC: [8192] Function mcrypt_cbc() is deprecated /guzai/TTYC/ThinkPHP/Library/DES_PHP/DESPHP.class.php 第 47 行.
NOTIC: [8192] Function mcrypt_cbc() is deprecated /guzai/TTYC/ThinkPHP/Library/DES_PHP/DESPHP.class.php 第 47 行.
SQL: SHOW COLUMNS FROM `tuo_auth_rule` [ RunTime:0.0005s ]
SQL: SELECT * FROM `tuo_auth_rule`  [ RunTime:0.0002s ]
SQL: SELECT * FROM `tuo_auth_rule` WHERE `id` = 18 LIMIT 1   [ RunTime:0.0001s ]
NOTIC: [8192] Function mcrypt_cbc() is deprecated /guzai/TTYC/ThinkPHP/Library/DES_PHP/DESPHP.class.php 第 47 行.
SQL: SHOW COLUMNS FROM `tuo_auth_group_access` [ RunTime:0.0003s ]
SQL: SELECT `uid`,`group_id`,`title`,`rules` FROM tuo_auth_group_access a INNER JOIN tuo_auth_group g on a.group_id=g.id  WHERE ( a.uid='29' and g.status='1' )  [ RunTime:0.0001s ]
SQL: SELECT * FROM `tuo_auth_rule` WHERE (  (level = "1")  ) AND `id` IN ('2','3','4','5','6','7','8','9','10','11','108','121','109','110','111','112','113','114','115','116','117','118','119','120','13','140','93','135','138','136','137','139','14','77','124','79','125','80','81','126','15','62','63','64','99','96','97','98','16','65','66','67','68','69','17','18','19','20','21','22','23','24','25','26','27','28','29','30','31','32','33','34','35','36','37','38','39','40','41','42','43','44','45','46','47','48','49','50','51','52','172','173','53','54','153','154','141','142','143','144','145','146','147','148','149','150','151','152','163','164','165','166','168','170','171','56','129','127','134','128','130','131','133','167','57','70','78','132','94','155','156','157','158','159','160','162','161','105','107','169','174','175','176') AND `pid` = 0 AND `status` = '1' LIMIT 1   [ RunTime:0.0001s ]
NOTIC: [8192] Function mcrypt_cbc() is deprecated /guzai/TTYC/ThinkPHP/Library/DES_PHP/DESPHP.class.php 第 47 行.
SQL: SELECT * FROM `tuo_auth_rule` WHERE (  (level = "1" AND status="1")  ) AND `id` IN ('2','3','4','5','6','7','8','9','10','11','108','121','109','110','111','112','113','114','115','116','117','118','119','120','13','140','93','135','138','136','137','139','14','77','124','79','125','80','81','126','15','62','63','64','99','96','97','98','16','65','66','67','68','69','17','18','19','20','21','22','23','24','25','26','27','28','29','30','31','32','33','34','35','36','37','38','39','40','41','42','43','44','45','46','47','48','49','50','51','52','172','173','53','54','153','154','141','142','143','144','145','146','147','148','149','150','151','152','163','164','165','166','168','170','171','56','129','127','134','128','130','131','133','167','57','70','78','132','94','155','156','157','158','159','160','162','161','105','107','169','174','175','176') AND `pid` = 0 ORDER BY id  [ RunTime:0.0001s ]
SQL: SHOW COLUMNS FROM `tuo_auth_rule` [ RunTime:0.0003s ]
SQL: SELECT `condition`,`name` FROM `tuo_auth_rule` WHERE `id` IN ('2','3','4','5','6','7','8','9','10','11','108','121','109','110','111','112','113','114','115','116','117','118','119','120','13','140','93','135','138','136','137','139','14','77','124','79','125','80','81','126','15','62','63','64','99','96','97','98','16','65','66','67','68','69','17','18','19','20','21','22','23','24','25','26','27','28','29','30','31','32','33','34','35','36','37','38','39','40','41','42','43','44','45','46','47','48','49','50','51','52','172','173','53','54','153','154','141','142','143','144','145','146','147','148','149','150','151','152','163','164','165','166','168','170','171','56','129','127','134','128','130','131','133','167','57','70','78','132','94','155','156','157','158','159','160','162','161','105','107','169','174','175','176') AND `status` = 1  [ RunTime:0.0001s ]
SQL: SELECT * FROM `tuo_area` WHERE `area_pid` = '1683'  [ RunTime:0.0001s ]

[ 2017-12-06T17:42:25+08:00 ] 111.194.11.38 /Back/Product/area_act
INFO: [ app_init ] --START--
INFO: Run Behavior\BuildLiteBehavior [ RunTime:0.000015s ]
INFO: [ app_init ] --END-- [ RunTime:0.000269s ]
INFO: [ app_begin ] --START--
INFO: Run Behavior\ReadHtmlCacheBehavior [ RunTime:0.000325s ]
INFO: [ app_begin ] --END-- [ RunTime:0.000371s ]
NOTIC: [8192] Function mcrypt_cbc() is deprecated /guzai/TTYC/ThinkPHP/Library/DES_PHP/DESPHP.class.php 第 47 行.
NOTIC: [8192] Function mcrypt_cbc() is deprecated /guzai/TTYC/ThinkPHP/Library/DES_PHP/DESPHP.class.php 第 47 行.
SQL: SHOW COLUMNS FROM `tuo_auth_rule` [ RunTime:0.0005s ]
SQL: SELECT * FROM `tuo_auth_rule`  [ RunTime:0.0003s ]
SQL: SELECT * FROM `tuo_auth_rule` WHERE `id` = 18 LIMIT 1   [ RunTime:0.0001s ]
NOTIC: [8192] Function mcrypt_cbc() is deprecated /guzai/TTYC/ThinkPHP/Library/DES_PHP/DESPHP.class.php 第 47 行.
SQL: SHOW COLUMNS FROM `tuo_auth_group_access` [ RunTime:0.0004s ]
SQL: SELECT `uid`,`group_id`,`title`,`rules` FROM tuo_auth_group_access a INNER JOIN tuo_auth_group g on a.group_id=g.id  WHERE ( a.uid='29' and g.status='1' )  [ RunTime:0.0001s ]
SQL: SELECT * FROM `tuo_auth_rule` WHERE (  (level = "1")  ) AND `id` IN ('2','3','4','5','6','7','8','9','10','11','108','121','109','110','111','112','113','114','115','116','117','118','119','120','13','140','93','135','138','136','137','139','14','77','124','79','125','80','81','126','15','62','63','64','99','96','97','98','16','65','66','67','68','69','17','18','19','20','21','22','23','24','25','26','27','28','29','30','31','32','33','34','35','36','37','38','39','40','41','42','43','44','45','46','47','48','49','50','51','52','172','173','53','54','153','154','141','142','143','144','145','146','147','148','149','150','151','152','163','164','165','166','168','170','171','56','129','127','134','128','130','131','133','167','57','70','78','132','94','155','156','157','158','159','160','162','161','105','107','169','174','175','176') AND `pid` = 0 AND `status` = '1' LIMIT 1   [ RunTime:0.0001s ]
NOTIC: [8192] Function mcrypt_cbc() is deprecated /guzai/TTYC/ThinkPHP/Library/DES_PHP/DESPHP.class.php 第 47 行.
SQL: SELECT * FROM `tuo_auth_rule` WHERE (  (level = "1" AND status="1")  ) AND `id` IN ('2','3','4','5','6','7','8','9','10','11','108','121','109','110','111','112','113','114','115','116','117','118','119','120','13','140','93','135','138','136','137','139','14','77','124','79','125','80','81','126','15','62','63','64','99','96','97','98','16','65','66','67','68','69','17','18','19','20','21','22','23','24','25','26','27','28','29','30','31','32','33','34','35','36','37','38','39','40','41','42','43','44','45','46','47','48','49','50','51','52','172','173','53','54','153','154','141','142','143','144','145','146','147','148','149','150','151','152','163','164','165','166','168','170','171','56','129','127','134','128','130','131','133','167','57','70','78','132','94','155','156','157','158','159','160','162','161','105','107','169','174','175','176') AND `pid` = 0 ORDER BY id  [ RunTime:0.0001s ]
SQL: SHOW COLUMNS FROM `tuo_auth_rule` [ RunTime:0.0003s ]
SQL: SELECT `condition`,`name` FROM `tuo_auth_rule` WHERE `id` IN ('2','3','4','5','6','7','8','9','10','11','108','121','109','110','111','112','113','114','115','116','117','118','119','120','13','140','93','135','138','136','137','139','14','77','124','79','125','80','81','126','15','62','63','64','99','96','97','98','16','65','66','67','68','69','17','18','19','20','21','22','23','24','25','26','27','28','29','30','31','32','33','34','35','36','37','38','39','40','41','42','43','44','45','46','47','48','49','50','51','52','172','173','53','54','153','154','141','142','143','144','145','146','147','148','149','150','151','152','163','164','165','166','168','170','171','56','129','127','134','128','130','131','133','167','57','70','78','132','94','155','156','157','158','159','160','162','161','105','107','169','174','175','176') AND `status` = 1  [ RunTime:0.0001s ]
SQL: SELECT * FROM `tuo_area` WHERE `area_pid` = '1684'  [ RunTime:0.0001s ]

[ 2017-12-06T17:42:29+08:00 ] 111.194.11.38 /Back/Product/area_act
INFO: [ app_init ] --START--
INFO: Run Behavior\BuildLiteBehavior [ RunTime:0.000015s ]
INFO: [ app_init ] --END-- [ RunTime:0.000271s ]
INFO: [ app_begin ] --START--
INFO: Run Behavior\ReadHtmlCacheBehavior [ RunTime:0.000289s ]
INFO: [ app_begin ] --END-- [ RunTime:0.000337s ]
NOTIC: [8192] Function mcrypt_cbc() is deprecated /guzai/TTYC/ThinkPHP/Library/DES_PHP/DESPHP.class.php 第 47 行.
NOTIC: [8192] Function mcrypt_cbc() is deprecated /guzai/TTYC/ThinkPHP/Library/DES_PHP/DESPHP.class.php 第 47 行.
SQL: SHOW COLUMNS FROM `tuo_auth_rule` [ RunTime:0.0005s ]
SQL: SELECT * FROM `tuo_auth_rule`  [ RunTime:0.0002s ]
SQL: SELECT * FROM `tuo_auth_rule` WHERE `id` = 18 LIMIT 1   [ RunTime:0.0001s ]
NOTIC: [8192] Function mcrypt_cbc() is deprecated /guzai/TTYC/ThinkPHP/Library/DES_PHP/DESPHP.class.php 第 47 行.
SQL: SHOW COLUMNS FROM `tuo_auth_group_access` [ RunTime:0.0003s ]
SQL: SELECT `uid`,`group_id`,`title`,`rules` FROM tuo_auth_group_access a INNER JOIN tuo_auth_group g on a.group_id=g.id  WHERE ( a.uid='29' and g.status='1' )  [ RunTime:0.0001s ]
SQL: SELECT * FROM `tuo_auth_rule` WHERE (  (level = "1")  ) AND `id` IN ('2','3','4','5','6','7','8','9','10','11','108','121','109','110','111','112','113','114','115','116','117','118','119','120','13','140','93','135','138','136','137','139','14','77','124','79','125','80','81','126','15','62','63','64','99','96','97','98','16','65','66','67','68','69','17','18','19','20','21','22','23','24','25','26','27','28','29','30','31','32','33','34','35','36','37','38','39','40','41','42','43','44','45','46','47','48','49','50','51','52','172','173','53','54','153','154','141','142','143','144','145','146','147','148','149','150','151','152','163','164','165','166','168','170','171','56','129','127','134','128','130','131','133','167','57','70','78','132','94','155','156','157','158','159','160','162','161','105','107','169','174','175','176') AND `pid` = 0 AND `status` = '1' LIMIT 1   [ RunTime:0.0001s ]
NOTIC: [8192] Function mcrypt_cbc() is deprecated /guzai/TTYC/ThinkPHP/Library/DES_PHP/DESPHP.class.php 第 47 行.
SQL: SELECT * FROM `tuo_auth_rule` WHERE (  (level = "1" AND status="1")  ) AND `id` IN ('2','3','4','5','6','7','8','9','10','11','108','121','109','110','111','112','113','114','115','116','117','118','119','120','13','140','93','135','138','136','137','139','14','77','124','79','125','80','81','126','15','62','63','64','99','96','97','98','16','65','66','67','68','69','17','18','19','20','21','22','23','24','25','26','27','28','29','30','31','32','33','34','35','36','37','38','39','40','41','42','43','44','45','46','47','48','49','50','51','52','172','173','53','54','153','154','141','142','143','144','145','146','147','148','149','150','151','152','163','164','165','166','168','170','171','56','129','127','134','128','130','131','133','167','57','70','78','132','94','155','156','157','158','159','160','162','161','105','107','169','174','175','176') AND `pid` = 0 ORDER BY id  [ RunTime:0.0001s ]
SQL: SHOW COLUMNS FROM `tuo_auth_rule` [ RunTime:0.0003s ]
SQL: SELECT `condition`,`name` FROM `tuo_auth_rule` WHERE `id` IN ('2','3','4','5','6','7','8','9','10','11','108','121','109','110','111','112','113','114','115','116','117','118','119','120','13','140','93','135','138','136','137','139','14','77','124','79','125','80','81','126','15','62','63','64','99','96','97','98','16','65','66','67','68','69','17','18','19','20','21','22','23','24','25','26','27','28','29','30','31','32','33','34','35','36','37','38','39','40','41','42','43','44','45','46','47','48','49','50','51','52','172','173','53','54','153','154','141','142','143','144','145','146','147','148','149','150','151','152','163','164','165','166','168','170','171','56','129','127','134','128','130','131','133','167','57','70','78','132','94','155','156','157','158','159','160','162','161','105','107','169','174','175','176') AND `status` = 1  [ RunTime:0.0001s ]
SQL: SELECT * FROM `tuo_area` WHERE `area_pid` = '1100'  [ RunTime:0.0001s ]

[ 2017-12-06T17:42:31+08:00 ] 111.194.11.38 /Back/Product/area_act
INFO: [ app_init ] --START--
INFO: Run Behavior\BuildLiteBehavior [ RunTime:0.000015s ]
INFO: [ app_init ] --END-- [ RunTime:0.000247s ]
INFO: [ app_begin ] --START--
INFO: Run Behavior\ReadHtmlCacheBehavior [ RunTime:0.000291s ]
INFO: [ app_begin ] --END-- [ RunTime:0.000336s ]
NOTIC: [8192] Function mcrypt_cbc() is deprecated /guzai/TTYC/ThinkPHP/Library/DES_PHP/DESPHP.class.php 第 47 行.
NOTIC: [8192] Function mcrypt_cbc() is deprecated /guzai/TTYC/ThinkPHP/Library/DES_PHP/DESPHP.class.php 第 47 行.
SQL: SHOW COLUMNS FROM `tuo_auth_rule` [ RunTime:0.0005s ]
SQL: SELECT * FROM `tuo_auth_rule`  [ RunTime:0.0002s ]
SQL: SELECT * FROM `tuo_auth_rule` WHERE `id` = 18 LIMIT 1   [ RunTime:0.0001s ]
NOTIC: [8192] Function mcrypt_cbc() is deprecated /guzai/TTYC/ThinkPHP/Library/DES_PHP/DESPHP.class.php 第 47 行.
SQL: SHOW COLUMNS FROM `tuo_auth_group_access` [ RunTime:0.0004s ]
SQL: SELECT `uid`,`group_id`,`title`,`rules` FROM tuo_auth_group_access a INNER JOIN tuo_auth_group g on a.group_id=g.id  WHERE ( a.uid='29' and g.status='1' )  [ RunTime:0.0001s ]
SQL: SELECT * FROM `tuo_auth_rule` WHERE (  (level = "1")  ) AND `id` IN ('2','3','4','5','6','7','8','9','10','11','108','121','109','110','111','112','113','114','115','116','117','118','119','120','13','140','93','135','138','136','137','139','14','77','124','79','125','80','81','126','15','62','63','64','99','96','97','98','16','65','66','67','68','69','17','18','19','20','21','22','23','24','25','26','27','28','29','30','31','32','33','34','35','36','37','38','39','40','41','42','43','44','45','46','47','48','49','50','51','52','172','173','53','54','153','154','141','142','143','144','145','146','147','148','149','150','151','152','163','164','165','166','168','170','171','56','129','127','134','128','130','131','133','167','57','70','78','132','94','155','156','157','158','159','160','162','161','105','107','169','174','175','176') AND `pid` = 0 AND `status` = '1' LIMIT 1   [ RunTime:0.0001s ]
NOTIC: [8192] Function mcrypt_cbc() is deprecated /guzai/TTYC/ThinkPHP/Library/DES_PHP/DESPHP.class.php 第 47 行.
SQL: SELECT * FROM `tuo_auth_rule` WHERE (  (level = "1" AND status="1")  ) AND `id` IN ('2','3','4','5','6','7','8','9','10','11','108','121','109','110','111','112','113','114','115','116','117','118','119','120','13','140','93','135','138','136','137','139','14','77','124','79','125','80','81','126','15','62','63','64','99','96','97','98','16','65','66','67','68','69','17','18','19','20','21','22','23','24','25','26','27','28','29','30','31','32','33','34','35','36','37','38','39','40','41','42','43','44','45','46','47','48','49','50','51','52','172','173','53','54','153','154','141','142','143','144','145','146','147','148','149','150','151','152','163','164','165','166','168','170','171','56','129','127','134','128','130','131','133','167','57','70','78','132','94','155','156','157','158','159','160','162','161','105','107','169','174','175','176') AND `pid` = 0 ORDER BY id  [ RunTime:0.0001s ]
SQL: SHOW COLUMNS FROM `tuo_auth_rule` [ RunTime:0.0003s ]
SQL: SELECT `condition`,`name` FROM `tuo_auth_rule` WHERE `id` IN ('2','3','4','5','6','7','8','9','10','11','108','121','109','110','111','112','113','114','115','116','117','118','119','120','13','140','93','135','138','136','137','139','14','77','124','79','125','80','81','126','15','62','63','64','99','96','97','98','16','65','66','67','68','69','17','18','19','20','21','22','23','24','25','26','27','28','29','30','31','32','33','34','35','36','37','38','39','40','41','42','43','44','45','46','47','48','49','50','51','52','172','173','53','54','153','154','141','142','143','144','145','146','147','148','149','150','151','152','163','164','165','166','168','170','171','56','129','127','134','128','130','131','133','167','57','70','78','132','94','155','156','157','158','159','160','162','161','105','107','169','174','175','176') AND `status` = 1  [ RunTime:0.0001s ]
SQL: SELECT * FROM `tuo_area` WHERE `area_pid` = '1101'  [ RunTime:0.0002s ]

[ 2017-12-06T17:42:31+08:00 ] 111.194.11.38 /Back/Product/area_act
INFO: [ app_init ] --START--
INFO: Run Behavior\BuildLiteBehavior [ RunTime:0.000013s ]
INFO: [ app_init ] --END-- [ RunTime:0.000244s ]
INFO: [ app_begin ] --START--
INFO: Run Behavior\ReadHtmlCacheBehavior [ RunTime:0.000303s ]
INFO: [ app_begin ] --END-- [ RunTime:0.000349s ]
NOTIC: [8192] Function mcrypt_cbc() is deprecated /guzai/TTYC/ThinkPHP/Library/DES_PHP/DESPHP.class.php 第 47 行.
NOTIC: [8192] Function mcrypt_cbc() is deprecated /guzai/TTYC/ThinkPHP/Library/DES_PHP/DESPHP.class.php 第 47 行.
SQL: SHOW COLUMNS FROM `tuo_auth_rule` [ RunTime:0.0004s ]
SQL: SELECT * FROM `tuo_auth_rule`  [ RunTime:0.0002s ]
SQL: SELECT * FROM `tuo_auth_rule` WHERE `id` = 18 LIMIT 1   [ RunTime:0.0001s ]
NOTIC: [8192] Function mcrypt_cbc() is deprecated /guzai/TTYC/ThinkPHP/Library/DES_PHP/DESPHP.class.php 第 47 行.
SQL: SHOW COLUMNS FROM `tuo_auth_group_access` [ RunTime:0.0003s ]
SQL: SELECT `uid`,`group_id`,`title`,`rules` FROM tuo_auth_group_access a INNER JOIN tuo_auth_group g on a.group_id=g.id  WHERE ( a.uid='29' and g.status='1' )  [ RunTime:0.0001s ]
SQL: SELECT * FROM `tuo_auth_rule` WHERE (  (level = "1")  ) AND `id` IN ('2','3','4','5','6','7','8','9','10','11','108','121','109','110','111','112','113','114','115','116','117','118','119','120','13','140','93','135','138','136','137','139','14','77','124','79','125','80','81','126','15','62','63','64','99','96','97','98','16','65','66','67','68','69','17','18','19','20','21','22','23','24','25','26','27','28','29','30','31','32','33','34','35','36','37','38','39','40','41','42','43','44','45','46','47','48','49','50','51','52','172','173','53','54','153','154','141','142','143','144','145','146','147','148','149','150','151','152','163','164','165','166','168','170','171','56','129','127','134','128','130','131','133','167','57','70','78','132','94','155','156','157','158','159','160','162','161','105','107','169','174','175','176') AND `pid` = 0 AND `status` = '1' LIMIT 1   [ RunTime:0.0001s ]
NOTIC: [8192] Function mcrypt_cbc() is deprecated /guzai/TTYC/ThinkPHP/Library/DES_PHP/DESPHP.class.php 第 47 行.
SQL: SELECT * FROM `tuo_auth_rule` WHERE (  (level = "1" AND status="1")  ) AND `id` IN ('2','3','4','5','6','7','8','9','10','11','108','121','109','110','111','112','113','114','115','116','117','118','119','120','13','140','93','135','138','136','137','139','14','77','124','79','125','80','81','126','15','62','63','64','99','96','97','98','16','65','66','67','68','69','17','18','19','20','21','22','23','24','25','26','27','28','29','30','31','32','33','34','35','36','37','38','39','40','41','42','43','44','45','46','47','48','49','50','51','52','172','173','53','54','153','154','141','142','143','144','145','146','147','148','149','150','151','152','163','164','165','166','168','170','171','56','129','127','134','128','130','131','133','167','57','70','78','132','94','155','156','157','158','159','160','162','161','105','107','169','174','175','176') AND `pid` = 0 ORDER BY id  [ RunTime:0.0001s ]
SQL: SHOW COLUMNS FROM `tuo_auth_rule` [ RunTime:0.0003s ]
SQL: SELECT `condition`,`name` FROM `tuo_auth_rule` WHERE `id` IN ('2','3','4','5','6','7','8','9','10','11','108','121','109','110','111','112','113','114','115','116','117','118','119','120','13','140','93','135','138','136','137','139','14','77','124','79','125','80','81','126','15','62','63','64','99','96','97','98','16','65','66','67','68','69','17','18','19','20','21','22','23','24','25','26','27','28','29','30','31','32','33','34','35','36','37','38','39','40','41','42','43','44','45','46','47','48','49','50','51','52','172','173','53','54','153','154','141','142','143','144','145','146','147','148','149','150','151','152','163','164','165','166','168','170','171','56','129','127','134','128','130','131','133','167','57','70','78','132','94','155','156','157','158','159','160','162','161','105','107','169','174','175','176') AND `status` = 1  [ RunTime:0.0001s ]
SQL: SELECT * FROM `tuo_area` WHERE `area_pid` = '1101'  [ RunTime:0.0001s ]

[ 2017-12-06T17:42:33+08:00 ] 111.194.11.38 /Back/Product/car_act
INFO: [ app_init ] --START--
INFO: Run Behavior\BuildLiteBehavior [ RunTime:0.000013s ]
INFO: [ app_init ] --END-- [ RunTime:0.000269s ]
INFO: [ app_begin ] --START--
INFO: Run Behavior\ReadHtmlCacheBehavior [ RunTime:0.000311s ]
INFO: [ app_begin ] --END-- [ RunTime:0.000358s ]
NOTIC: [8192] Function mcrypt_cbc() is deprecated /guzai/TTYC/ThinkPHP/Library/DES_PHP/DESPHP.class.php 第 47 行.
NOTIC: [8192] Function mcrypt_cbc() is deprecated /guzai/TTYC/ThinkPHP/Library/DES_PHP/DESPHP.class.php 第 47 行.
SQL: SHOW COLUMNS FROM `tuo_auth_rule` [ RunTime:0.0004s ]
SQL: SELECT * FROM `tuo_auth_rule`  [ RunTime:0.0003s ]
SQL: SELECT * FROM `tuo_auth_rule` WHERE `id` = 18 LIMIT 1   [ RunTime:0.0001s ]
NOTIC: [8192] Function mcrypt_cbc() is deprecated /guzai/TTYC/ThinkPHP/Library/DES_PHP/DESPHP.class.php 第 47 行.
SQL: SHOW COLUMNS FROM `tuo_auth_group_access` [ RunTime:0.0003s ]
SQL: SELECT `uid`,`group_id`,`title`,`rules` FROM tuo_auth_group_access a INNER JOIN tuo_auth_group g on a.group_id=g.id  WHERE ( a.uid='29' and g.status='1' )  [ RunTime:0.0001s ]
SQL: SELECT * FROM `tuo_auth_rule` WHERE (  (level = "1")  ) AND `id` IN ('2','3','4','5','6','7','8','9','10','11','108','121','109','110','111','112','113','114','115','116','117','118','119','120','13','140','93','135','138','136','137','139','14','77','124','79','125','80','81','126','15','62','63','64','99','96','97','98','16','65','66','67','68','69','17','18','19','20','21','22','23','24','25','26','27','28','29','30','31','32','33','34','35','36','37','38','39','40','41','42','43','44','45','46','47','48','49','50','51','52','172','173','53','54','153','154','141','142','143','144','145','146','147','148','149','150','151','152','163','164','165','166','168','170','171','56','129','127','134','128','130','131','133','167','57','70','78','132','94','155','156','157','158','159','160','162','161','105','107','169','174','175','176') AND `pid` = 0 AND `status` = '1' LIMIT 1   [ RunTime:0.0001s ]
NOTIC: [8192] Function mcrypt_cbc() is deprecated /guzai/TTYC/ThinkPHP/Library/DES_PHP/DESPHP.class.php 第 47 行.
SQL: SELECT * FROM `tuo_auth_rule` WHERE (  (level = "1" AND status="1")  ) AND `id` IN ('2','3','4','5','6','7','8','9','10','11','108','121','109','110','111','112','113','114','115','116','117','118','119','120','13','140','93','135','138','136','137','139','14','77','124','79','125','80','81','126','15','62','63','64','99','96','97','98','16','65','66','67','68','69','17','18','19','20','21','22','23','24','25','26','27','28','29','30','31','32','33','34','35','36','37','38','39','40','41','42','43','44','45','46','47','48','49','50','51','52','172','173','53','54','153','154','141','142','143','144','145','146','147','148','149','150','151','152','163','164','165','166','168','170','171','56','129','127','134','128','130','131','133','167','57','70','78','132','94','155','156','157','158','159','160','162','161','105','107','169','174','175','176') AND `pid` = 0 ORDER BY id  [ RunTime:0.0001s ]
SQL: SHOW COLUMNS FROM `tuo_auth_rule` [ RunTime:0.0003s ]
SQL: SELECT `condition`,`name` FROM `tuo_auth_rule` WHERE `id` IN ('2','3','4','5','6','7','8','9','10','11','108','121','109','110','111','112','113','114','115','116','117','118','119','120','13','140','93','135','138','136','137','139','14','77','124','79','125','80','81','126','15','62','63','64','99','96','97','98','16','65','66','67','68','69','17','18','19','20','21','22','23','24','25','26','27','28','29','30','31','32','33','34','35','36','37','38','39','40','41','42','43','44','45','46','47','48','49','50','51','52','172','173','53','54','153','154','141','142','143','144','145','146','147','148','149','150','151','152','163','164','165','166','168','170','171','56','129','127','134','128','130','131','133','167','57','70','78','132','94','155','156','157','158','159','160','162','161','105','107','169','174','175','176') AND `status` = 1  [ RunTime:0.0001s ]
SQL: SELECT * FROM `tuo_carxing` WHERE `cxjj_pid` = '4'  [ RunTime:0.0001s ]

[ 2017-12-06T17:42:35+08:00 ] 111.194.11.38 /Back/Product/car_act
INFO: [ app_init ] --START--
INFO: Run Behavior\BuildLiteBehavior [ RunTime:0.000017s ]
INFO: [ app_init ] --END-- [ RunTime:0.000267s ]
INFO: [ app_begin ] --START--
INFO: Run Behavior\ReadHtmlCacheBehavior [ RunTime:0.000314s ]
INFO: [ app_begin ] --END-- [ RunTime:0.000372s ]
NOTIC: [8192] Function mcrypt_cbc() is deprecated /guzai/TTYC/ThinkPHP/Library/DES_PHP/DESPHP.class.php 第 47 行.
NOTIC: [8192] Function mcrypt_cbc() is deprecated /guzai/TTYC/ThinkPHP/Library/DES_PHP/DESPHP.class.php 第 47 行.
SQL: SHOW COLUMNS FROM `tuo_auth_rule` [ RunTime:0.0005s ]
SQL: SELECT * FROM `tuo_auth_rule`  [ RunTime:0.0002s ]
SQL: SELECT * FROM `tuo_auth_rule` WHERE `id` = 18 LIMIT 1   [ RunTime:0.0001s ]
NOTIC: [8192] Function mcrypt_cbc() is deprecated /guzai/TTYC/ThinkPHP/Library/DES_PHP/DESPHP.class.php 第 47 行.
SQL: SHOW COLUMNS FROM `tuo_auth_group_access` [ RunTime:0.0003s ]
SQL: SELECT `uid`,`group_id`,`title`,`rules` FROM tuo_auth_group_access a INNER JOIN tuo_auth_group g on a.group_id=g.id  WHERE ( a.uid='29' and g.status='1' )  [ RunTime:0.0001s ]
SQL: SELECT * FROM `tuo_auth_rule` WHERE (  (level = "1")  ) AND `id` IN ('2','3','4','5','6','7','8','9','10','11','108','121','109','110','111','112','113','114','115','116','117','118','119','120','13','140','93','135','138','136','137','139','14','77','124','79','125','80','81','126','15','62','63','64','99','96','97','98','16','65','66','67','68','69','17','18','19','20','21','22','23','24','25','26','27','28','29','30','31','32','33','34','35','36','37','38','39','40','41','42','43','44','45','46','47','48','49','50','51','52','172','173','53','54','153','154','141','142','143','144','145','146','147','148','149','150','151','152','163','164','165','166','168','170','171','56','129','127','134','128','130','131','133','167','57','70','78','132','94','155','156','157','158','159','160','162','161','105','107','169','174','175','176') AND `pid` = 0 AND `status` = '1' LIMIT 1   [ RunTime:0.0001s ]
NOTIC: [8192] Function mcrypt_cbc() is deprecated /guzai/TTYC/ThinkPHP/Library/DES_PHP/DESPHP.class.php 第 47 行.
SQL: SELECT * FROM `tuo_auth_rule` WHERE (  (level = "1" AND status="1")  ) AND `id` IN ('2','3','4','5','6','7','8','9','10','11','108','121','109','110','111','112','113','114','115','116','117','118','119','120','13','140','93','135','138','136','137','139','14','77','124','79','125','80','81','126','15','62','63','64','99','96','97','98','16','65','66','67','68','69','17','18','19','20','21','22','23','24','25','26','27','28','29','30','31','32','33','34','35','36','37','38','39','40','41','42','43','44','45','46','47','48','49','50','51','52','172','173','53','54','153','154','141','142','143','144','145','146','147','148','149','150','151','152','163','164','165','166','168','170','171','56','129','127','134','128','130','131','133','167','57','70','78','132','94','155','156','157','158','159','160','162','161','105','107','169','174','175','176') AND `pid` = 0 ORDER BY id  [ RunTime:0.0001s ]
SQL: SHOW COLUMNS FROM `tuo_auth_rule` [ RunTime:0.0004s ]
SQL: SELECT `condition`,`name` FROM `tuo_auth_rule` WHERE `id` IN ('2','3','4','5','6','7','8','9','10','11','108','121','109','110','111','112','113','114','115','116','117','118','119','120','13','140','93','135','138','136','137','139','14','77','124','79','125','80','81','126','15','62','63','64','99','96','97','98','16','65','66','67','68','69','17','18','19','20','21','22','23','24','25','26','27','28','29','30','31','32','33','34','35','36','37','38','39','40','41','42','43','44','45','46','47','48','49','50','51','52','172','173','53','54','153','154','141','142','143','144','145','146','147','148','149','150','151','152','163','164','165','166','168','170','171','56','129','127','134','128','130','131','133','167','57','70','78','132','94','155','156','157','158','159','160','162','161','105','107','169','174','175','176') AND `status` = 1  [ RunTime:0.0001s ]
SQL: SELECT * FROM `tuo_carxing` WHERE `cxjj_pid` = '208'  [ RunTime:0.0001s ]

[ 2017-12-06T17:42:35+08:00 ] 111.194.11.38 /Back/Worktwo/getPrice
INFO: [ app_init ] --START--
INFO: Run Behavior\BuildLiteBehavior [ RunTime:0.000014s ]
INFO: [ app_init ] --END-- [ RunTime:0.000246s ]
INFO: [ app_begin ] --START--
INFO: Run Behavior\ReadHtmlCacheBehavior [ RunTime:0.000298s ]
INFO: [ app_begin ] --END-- [ RunTime:0.000345s ]
NOTIC: [8192] Function mcrypt_cbc() is deprecated /guzai/TTYC/ThinkPHP/Library/DES_PHP/DESPHP.class.php 第 47 行.
NOTIC: [8192] Function mcrypt_cbc() is deprecated /guzai/TTYC/ThinkPHP/Library/DES_PHP/DESPHP.class.php 第 47 行.
SQL: SHOW COLUMNS FROM `tuo_auth_rule` [ RunTime:0.0004s ]
SQL: SELECT * FROM `tuo_auth_rule`  [ RunTime:0.0002s ]
SQL: SELECT * FROM `tuo_auth_rule` WHERE `id` = 11 LIMIT 1   [ RunTime:0.0001s ]
NOTIC: [8192] Function mcrypt_cbc() is deprecated /guzai/TTYC/ThinkPHP/Library/DES_PHP/DESPHP.class.php 第 47 行.
SQL: SHOW COLUMNS FROM `tuo_auth_group_access` [ RunTime:0.0003s ]
SQL: SELECT `uid`,`group_id`,`title`,`rules` FROM tuo_auth_group_access a INNER JOIN tuo_auth_group g on a.group_id=g.id  WHERE ( a.uid='29' and g.status='1' )  [ RunTime:0.0001s ]
SQL: SELECT * FROM `tuo_auth_rule` WHERE (  (level = "1")  ) AND `id` IN ('2','3','4','5','6','7','8','9','10','11','108','121','109','110','111','112','113','114','115','116','117','118','119','120','13','140','93','135','138','136','137','139','14','77','124','79','125','80','81','126','15','62','63','64','99','96','97','98','16','65','66','67','68','69','17','18','19','20','21','22','23','24','25','26','27','28','29','30','31','32','33','34','35','36','37','38','39','40','41','42','43','44','45','46','47','48','49','50','51','52','172','173','53','54','153','154','141','142','143','144','145','146','147','148','149','150','151','152','163','164','165','166','168','170','171','56','129','127','134','128','130','131','133','167','57','70','78','132','94','155','156','157','158','159','160','162','161','105','107','169','174','175','176') AND `pid` = 0 AND `status` = '1' LIMIT 1   [ RunTime:0.0001s ]
NOTIC: [8192] Function mcrypt_cbc() is deprecated /guzai/TTYC/ThinkPHP/Library/DES_PHP/DESPHP.class.php 第 47 行.
SQL: SELECT * FROM `tuo_auth_rule` WHERE (  (level = "1" AND status="1")  ) AND `id` IN ('2','3','4','5','6','7','8','9','10','11','108','121','109','110','111','112','113','114','115','116','117','118','119','120','13','140','93','135','138','136','137','139','14','77','124','79','125','80','81','126','15','62','63','64','99','96','97','98','16','65','66','67','68','69','17','18','19','20','21','22','23','24','25','26','27','28','29','30','31','32','33','34','35','36','37','38','39','40','41','42','43','44','45','46','47','48','49','50','51','52','172','173','53','54','153','154','141','142','143','144','145','146','147','148','149','150','151','152','163','164','165','166','168','170','171','56','129','127','134','128','130','131','133','167','57','70','78','132','94','155','156','157','158','159','160','162','161','105','107','169','174','175','176') AND `pid` = 0 ORDER BY id  [ RunTime:0.0001s ]
SQL: SHOW COLUMNS FROM `tuo_auth_rule` [ RunTime:0.0003s ]
SQL: SELECT `condition`,`name` FROM `tuo_auth_rule` WHERE `id` IN ('2','3','4','5','6','7','8','9','10','11','108','121','109','110','111','112','113','114','115','116','117','118','119','120','13','140','93','135','138','136','137','139','14','77','124','79','125','80','81','126','15','62','63','64','99','96','97','98','16','65','66','67','68','69','17','18','19','20','21','22','23','24','25','26','27','28','29','30','31','32','33','34','35','36','37','38','39','40','41','42','43','44','45','46','47','48','49','50','51','52','172','173','53','54','153','154','141','142','143','144','145','146','147','148','149','150','151','152','163','164','165','166','168','170','171','56','129','127','134','128','130','131','133','167','57','70','78','132','94','155','156','157','158','159','160','162','161','105','107','169','174','175','176') AND `status` = 1  [ RunTime:0.0001s ]
SQL: SHOW COLUMNS FROM `tuo_area` [ RunTime:0.0003s ]
SQL: SELECT `area_get` FROM `tuo_area` WHERE `area_id` = '1686' LIMIT 1   [ RunTime:0.0001s ]
SQL: SELECT `area_get` FROM `tuo_area` WHERE `area_id` = '1101' LIMIT 1   [ RunTime:0.0001s ]
SQL: SHOW COLUMNS FROM `tuo_ti` [ RunTime:0.0003s ]
SQL: SELECT * FROM `tuo_ti` WHERE `ti_star` = '1683,1684,1686' LIMIT 1   [ RunTime:0.0001s ]
SQL: SHOW COLUMNS FROM `tuo_line` [ RunTime:0.0003s ]
SQL: SELECT * FROM `tuo_line` WHERE `line_star` = '1683,1684' AND `line_end` = '1100,1101' LIMIT 1   [ RunTime:0.0002s ]
SQL: SHOW COLUMNS FROM `tuo_song` [ RunTime:0.0003s ]
SQL: SELECT * FROM `tuo_song` WHERE `song_end` = '1100,1101' LIMIT 1   [ RunTime:0.0001s ]
SQL: SHOW COLUMNS FROM `tuo_line_san` [ RunTime:0.0003s ]
SQL: SELECT * FROM `tuo_line_san` WHERE `san_star` = '1683,1684' AND `san_end` = '1100,1101' LIMIT 1   [ RunTime:0.0001s ]
SQL: SELECT * FROM `tuo_ti` WHERE `ti_star` = '1683,1684,1686' LIMIT 1   [ RunTime:0.0001s ]
SQL: SHOW COLUMNS FROM `tuo_maoli` [ RunTime:0.0003s ]
SQL: SHOW COLUMNS FROM `tuo_carxing` [ RunTime:0.0003s ]
SQL: SELECT * FROM `tuo_carxing` WHERE `cxjj_id` = '208' LIMIT 1   [ RunTime:0.0001s ]
SQL: SELECT * FROM `tuo_maoli` WHERE `ml_star` = '1683' AND `ml_end` = '1100' LIMIT 1   [ RunTime:0.0001s ]
SQL: SELECT * FROM `tuo_area` WHERE `area_id` = '1683' LIMIT 1   [ RunTime:0.0001s ]
SQL: SELECT * FROM `tuo_area` WHERE `area_id` = '1684' LIMIT 1   [ RunTime:0.0001s ]
SQL: SELECT * FROM `tuo_area` WHERE `area_id` = '1686' LIMIT 1   [ RunTime:0.0001s ]
SQL: SELECT * FROM `tuo_area` WHERE `area_id` = '1100' LIMIT 1   [ RunTime:0.0001s ]
SQL: SELECT * FROM `tuo_area` WHERE `area_id` = '1101' LIMIT 1   [ RunTime:0.0001s ]
SQL: SELECT * FROM `tuo_line` WHERE `line_star` = '1683,1684' AND `line_end` = '1100,1101' LIMIT 1   [ RunTime:0.0001s ]

[ 2017-12-06T17:42:36+08:00 ] 111.194.11.38 /Back/Worktwo/getPrice
INFO: [ app_init ] --START--
INFO: Run Behavior\BuildLiteBehavior [ RunTime:0.000015s ]
INFO: [ app_init ] --END-- [ RunTime:0.000259s ]
INFO: [ app_begin ] --START--
INFO: Run Behavior\ReadHtmlCacheBehavior [ RunTime:0.000330s ]
INFO: [ app_begin ] --END-- [ RunTime:0.000379s ]
NOTIC: [8192] Function mcrypt_cbc() is deprecated /guzai/TTYC/ThinkPHP/Library/DES_PHP/DESPHP.class.php 第 47 行.
NOTIC: [8192] Function mcrypt_cbc() is deprecated /guzai/TTYC/ThinkPHP/Library/DES_PHP/DESPHP.class.php 第 47 行.
SQL: SHOW COLUMNS FROM `tuo_auth_rule` [ RunTime:0.0005s ]
SQL: SELECT * FROM `tuo_auth_rule`  [ RunTime:0.0003s ]
SQL: SELECT * FROM `tuo_auth_rule` WHERE `id` = 11 LIMIT 1   [ RunTime:0.0001s ]
NOTIC: [8192] Function mcrypt_cbc() is deprecated /guzai/TTYC/ThinkPHP/Library/DES_PHP/DESPHP.class.php 第 47 行.
SQL: SHOW COLUMNS FROM `tuo_auth_group_access` [ RunTime:0.0003s ]
SQL: SELECT `uid`,`group_id`,`title`,`rules` FROM tuo_auth_group_access a INNER JOIN tuo_auth_group g on a.group_id=g.id  WHERE ( a.uid='29' and g.status='1' )  [ RunTime:0.0001s ]
SQL: SELECT * FROM `tuo_auth_rule` WHERE (  (level = "1")  ) AND `id` IN ('2','3','4','5','6','7','8','9','10','11','108','121','109','110','111','112','113','114','115','116','117','118','119','120','13','140','93','135','138','136','137','139','14','77','124','79','125','80','81','126','15','62','63','64','99','96','97','98','16','65','66','67','68','69','17','18','19','20','21','22','23','24','25','26','27','28','29','30','31','32','33','34','35','36','37','38','39','40','41','42','43','44','45','46','47','48','49','50','51','52','172','173','53','54','153','154','141','142','143','144','145','146','147','148','149','150','151','152','163','164','165','166','168','170','171','56','129','127','134','128','130','131','133','167','57','70','78','132','94','155','156','157','158','159','160','162','161','105','107','169','174','175','176') AND `pid` = 0 AND `status` = '1' LIMIT 1   [ RunTime:0.0001s ]
NOTIC: [8192] Function mcrypt_cbc() is deprecated /guzai/TTYC/ThinkPHP/Library/DES_PHP/DESPHP.class.php 第 47 行.
SQL: SELECT * FROM `tuo_auth_rule` WHERE (  (level = "1" AND status="1")  ) AND `id` IN ('2','3','4','5','6','7','8','9','10','11','108','121','109','110','111','112','113','114','115','116','117','118','119','120','13','140','93','135','138','136','137','139','14','77','124','79','125','80','81','126','15','62','63','64','99','96','97','98','16','65','66','67','68','69','17','18','19','20','21','22','23','24','25','26','27','28','29','30','31','32','33','34','35','36','37','38','39','40','41','42','43','44','45','46','47','48','49','50','51','52','172','173','53','54','153','154','141','142','143','144','145','146','147','148','149','150','151','152','163','164','165','166','168','170','171','56','129','127','134','128','130','131','133','167','57','70','78','132','94','155','156','157','158','159','160','162','161','105','107','169','174','175','176') AND `pid` = 0 ORDER BY id  [ RunTime:0.0001s ]
SQL: SHOW COLUMNS FROM `tuo_auth_rule` [ RunTime:0.0004s ]
SQL: SELECT `condition`,`name` FROM `tuo_auth_rule` WHERE `id` IN ('2','3','4','5','6','7','8','9','10','11','108','121','109','110','111','112','113','114','115','116','117','118','119','120','13','140','93','135','138','136','137','139','14','77','124','79','125','80','81','126','15','62','63','64','99','96','97','98','16','65','66','67','68','69','17','18','19','20','21','22','23','24','25','26','27','28','29','30','31','32','33','34','35','36','37','38','39','40','41','42','43','44','45','46','47','48','49','50','51','52','172','173','53','54','153','154','141','142','143','144','145','146','147','148','149','150','151','152','163','164','165','166','168','170','171','56','129','127','134','128','130','131','133','167','57','70','78','132','94','155','156','157','158','159','160','162','161','105','107','169','174','175','176') AND `status` = 1  [ RunTime:0.0001s ]
SQL: SHOW COLUMNS FROM `tuo_area` [ RunTime:0.0004s ]
SQL: SELECT `area_get` FROM `tuo_area` WHERE `area_id` = '1686' LIMIT 1   [ RunTime:0.0001s ]
SQL: SELECT `area_get` FROM `tuo_area` WHERE `area_id` = '1101' LIMIT 1   [ RunTime:0.0001s ]
SQL: SHOW COLUMNS FROM `tuo_ti` [ RunTime:0.0003s ]
SQL: SELECT * FROM `tuo_ti` WHERE `ti_star` = '1683,1684,1686' LIMIT 1   [ RunTime:0.0001s ]
SQL: SHOW COLUMNS FROM `tuo_line` [ RunTime:0.0004s ]
SQL: SELECT * FROM `tuo_line` WHERE `line_star` = '1683,1684' AND `line_end` = '1100,1101' LIMIT 1   [ RunTime:0.0001s ]
SQL: SHOW COLUMNS FROM `tuo_song` [ RunTime:0.0003s ]
SQL: SELECT * FROM `tuo_song` WHERE `song_end` = '1100,1101' LIMIT 1   [ RunTime:0.0001s ]
SQL: SHOW COLUMNS FROM `tuo_line_san` [ RunTime:0.0003s ]
SQL: SELECT * FROM `tuo_line_san` WHERE `san_star` = '1683,1684' AND `san_end` = '1100,1101' LIMIT 1   [ RunTime:0.0001s ]
SQL: SELECT * FROM `tuo_ti` WHERE `ti_star` = '1683,1684,1686' LIMIT 1   [ RunTime:0.0001s ]
SQL: SHOW COLUMNS FROM `tuo_maoli` [ RunTime:0.0003s ]
SQL: SHOW COLUMNS FROM `tuo_carxing` [ RunTime:0.0003s ]
SQL: SELECT * FROM `tuo_carxing` WHERE `cxjj_id` = '208' LIMIT 1   [ RunTime:0.0001s ]
SQL: SELECT * FROM `tuo_maoli` WHERE `ml_star` = '1683' AND `ml_end` = '1100' LIMIT 1   [ RunTime:0.0001s ]
SQL: SELECT * FROM `tuo_area` WHERE `area_id` = '1683' LIMIT 1   [ RunTime:0.0001s ]
SQL: SELECT * FROM `tuo_area` WHERE `area_id` = '1684' LIMIT 1   [ RunTime:0.0001s ]
SQL: SELECT * FROM `tuo_area` WHERE `area_id` = '1686' LIMIT 1   [ RunTime:0.0001s ]
SQL: SELECT * FROM `tuo_area` WHERE `area_id` = '1100' LIMIT 1   [ RunTime:0.0001s ]
SQL: SELECT * FROM `tuo_area` WHERE `area_id` = '1101' LIMIT 1   [ RunTime:0.0001s ]
SQL: SELECT * FROM `tuo_line` WHERE `line_star` = '1683,1684' AND `line_end` = '1100,1101' LIMIT 1   [ RunTime:0.0001s ]

[ 2017-12-06T17:44:18+08:00 ] 111.194.11.38 /Back/Worktwo/getPrice
INFO: [ app_init ] --START--
INFO: Run Behavior\BuildLiteBehavior [ RunTime:0.000013s ]
INFO: [ app_init ] --END-- [ RunTime:0.000242s ]
INFO: [ app_begin ] --START--
INFO: Run Behavior\ReadHtmlCacheBehavior [ RunTime:0.000293s ]
INFO: [ app_begin ] --END-- [ RunTime:0.000337s ]
NOTIC: [8192] Function mcrypt_cbc() is deprecated /guzai/TTYC/ThinkPHP/Library/DES_PHP/DESPHP.class.php 第 47 行.
NOTIC: [8192] Function mcrypt_cbc() is deprecated /guzai/TTYC/ThinkPHP/Library/DES_PHP/DESPHP.class.php 第 47 行.
SQL: SHOW COLUMNS FROM `tuo_auth_rule` [ RunTime:0.0005s ]
SQL: SELECT * FROM `tuo_auth_rule`  [ RunTime:0.0002s ]
SQL: SELECT * FROM `tuo_auth_rule` WHERE `id` = 11 LIMIT 1   [ RunTime:0.0001s ]
NOTIC: [8192] Function mcrypt_cbc() is deprecated /guzai/TTYC/ThinkPHP/Library/DES_PHP/DESPHP.class.php 第 47 行.
SQL: SHOW COLUMNS FROM `tuo_auth_group_access` [ RunTime:0.0003s ]
SQL: SELECT `uid`,`group_id`,`title`,`rules` FROM tuo_auth_group_access a INNER JOIN tuo_auth_group g on a.group_id=g.id  WHERE ( a.uid='29' and g.status='1' )  [ RunTime:0.0001s ]
SQL: SELECT * FROM `tuo_auth_rule` WHERE (  (level = "1")  ) AND `id` IN ('2','3','4','5','6','7','8','9','10','11','108','121','109','110','111','112','113','114','115','116','117','118','119','120','13','140','93','135','138','136','137','139','14','77','124','79','125','80','81','126','15','62','63','64','99','96','97','98','16','65','66','67','68','69','17','18','19','20','21','22','23','24','25','26','27','28','29','30','31','32','33','34','35','36','37','38','39','40','41','42','43','44','45','46','47','48','49','50','51','52','172','173','53','54','153','154','141','142','143','144','145','146','147','148','149','150','151','152','163','164','165','166','168','170','171','56','129','127','134','128','130','131','133','167','57','70','78','132','94','155','156','157','158','159','160','162','161','105','107','169','174','175','176') AND `pid` = 0 AND `status` = '1' LIMIT 1   [ RunTime:0.0001s ]
NOTIC: [8192] Function mcrypt_cbc() is deprecated /guzai/TTYC/ThinkPHP/Library/DES_PHP/DESPHP.class.php 第 47 行.
SQL: SELECT * FROM `tuo_auth_rule` WHERE (  (level = "1" AND status="1")  ) AND `id` IN ('2','3','4','5','6','7','8','9','10','11','108','121','109','110','111','112','113','114','115','116','117','118','119','120','13','140','93','135','138','136','137','139','14','77','124','79','125','80','81','126','15','62','63','64','99','96','97','98','16','65','66','67','68','69','17','18','19','20','21','22','23','24','25','26','27','28','29','30','31','32','33','34','35','36','37','38','39','40','41','42','43','44','45','46','47','48','49','50','51','52','172','173','53','54','153','154','141','142','143','144','145','146','147','148','149','150','151','152','163','164','165','166','168','170','171','56','129','127','134','128','130','131','133','167','57','70','78','132','94','155','156','157','158','159','160','162','161','105','107','169','174','175','176') AND `pid` = 0 ORDER BY id  [ RunTime:0.0001s ]
SQL: SHOW COLUMNS FROM `tuo_auth_rule` [ RunTime:0.0003s ]
SQL: SELECT `condition`,`name` FROM `tuo_auth_rule` WHERE `id` IN ('2','3','4','5','6','7','8','9','10','11','108','121','109','110','111','112','113','114','115','116','117','118','119','120','13','140','93','135','138','136','137','139','14','77','124','79','125','80','81','126','15','62','63','64','99','96','97','98','16','65','66','67','68','69','17','18','19','20','21','22','23','24','25','26','27','28','29','30','31','32','33','34','35','36','37','38','39','40','41','42','43','44','45','46','47','48','49','50','51','52','172','173','53','54','153','154','141','142','143','144','145','146','147','148','149','150','151','152','163','164','165','166','168','170','171','56','129','127','134','128','130','131','133','167','57','70','78','132','94','155','156','157','158','159','160','162','161','105','107','169','174','175','176') AND `status` = 1  [ RunTime:0.0001s ]
SQL: SHOW COLUMNS FROM `tuo_area` [ RunTime:0.0003s ]
SQL: SELECT `area_get` FROM `tuo_area` WHERE `area_id` = '1688' LIMIT 1   [ RunTime:0.0002s ]
SQL: SELECT `area_get` FROM `tuo_area` WHERE `area_id` = '1101' LIMIT 1   [ RunTime:0.0001s ]
SQL: SHOW COLUMNS FROM `tuo_ti` [ RunTime:0.0003s ]
SQL: SELECT * FROM `tuo_ti` WHERE `ti_star` = '1683,1684,1688' LIMIT 1   [ RunTime:0.0003s ]
SQL: SHOW COLUMNS FROM `tuo_line` [ RunTime:0.0003s ]
SQL: SELECT * FROM `tuo_line` WHERE `line_star` = '1683,1684' AND `line_end` = '1100,1101' LIMIT 1   [ RunTime:0.0001s ]
SQL: SHOW COLUMNS FROM `tuo_song` [ RunTime:0.0002s ]
SQL: SELECT * FROM `tuo_song` WHERE `song_end` = '1100,1101' LIMIT 1   [ RunTime:0.0001s ]
SQL: SHOW COLUMNS FROM `tuo_line_san` [ RunTime:0.0004s ]
SQL: SELECT * FROM `tuo_line_san` WHERE `san_star` = '1683,1684' AND `san_end` = '1100,1101' LIMIT 1   [ RunTime:0.0001s ]
SQL: SELECT * FROM `tuo_ti` WHERE `ti_star` = '1683,1684,1688' LIMIT 1   [ RunTime:0.0001s ]
SQL: SHOW COLUMNS FROM `tuo_maoli` [ RunTime:0.0003s ]
SQL: SHOW COLUMNS FROM `tuo_carxing` [ RunTime:0.0003s ]
SQL: SELECT * FROM `tuo_carxing` WHERE `cxjj_id` = '208' LIMIT 1   [ RunTime:0.0001s ]
SQL: SELECT * FROM `tuo_maoli` WHERE `ml_star` = '1683' AND `ml_end` = '1100' LIMIT 1   [ RunTime:0.0001s ]
SQL: SELECT * FROM `tuo_area` WHERE `area_id` = '1683' LIMIT 1   [ RunTime:0.0001s ]
SQL: SELECT * FROM `tuo_area` WHERE `area_id` = '1684' LIMIT 1   [ RunTime:0.0001s ]
SQL: SELECT * FROM `tuo_area` WHERE `area_id` = '1688' LIMIT 1   [ RunTime:0.0003s ]
SQL: SELECT * FROM `tuo_area` WHERE `area_id` = '1100' LIMIT 1   [ RunTime:0.0001s ]
SQL: SELECT * FROM `tuo_area` WHERE `area_id` = '1101' LIMIT 1   [ RunTime:0.0001s ]
SQL: SELECT * FROM `tuo_line` WHERE `line_star` = '1683,1684' AND `line_end` = '1100,1101' LIMIT 1   [ RunTime:0.0001s ]

[ 2017-12-06T17:44:19+08:00 ] 111.194.11.38 /Back/Worktwo/getPrice
INFO: [ app_init ] --START--
INFO: Run Behavior\BuildLiteBehavior [ RunTime:0.000014s ]
INFO: [ app_init ] --END-- [ RunTime:0.000245s ]
INFO: [ app_begin ] --START--
INFO: Run Behavior\ReadHtmlCacheBehavior [ RunTime:0.000293s ]
INFO: [ app_begin ] --END-- [ RunTime:0.000339s ]
NOTIC: [8192] Function mcrypt_cbc() is deprecated /guzai/TTYC/ThinkPHP/Library/DES_PHP/DESPHP.class.php 第 47 行.
NOTIC: [8192] Function mcrypt_cbc() is deprecated /guzai/TTYC/ThinkPHP/Library/DES_PHP/DESPHP.class.php 第 47 行.
SQL: SHOW COLUMNS FROM `tuo_auth_rule` [ RunTime:0.0005s ]
SQL: SELECT * FROM `tuo_auth_rule`  [ RunTime:0.0002s ]
SQL: SELECT * FROM `tuo_auth_rule` WHERE `id` = 11 LIMIT 1   [ RunTime:0.0001s ]
NOTIC: [8192] Function mcrypt_cbc() is deprecated /guzai/TTYC/ThinkPHP/Library/DES_PHP/DESPHP.class.php 第 47 行.
SQL: SHOW COLUMNS FROM `tuo_auth_group_access` [ RunTime:0.0003s ]
SQL: SELECT `uid`,`group_id`,`title`,`rules` FROM tuo_auth_group_access a INNER JOIN tuo_auth_group g on a.group_id=g.id  WHERE ( a.uid='29' and g.status='1' )  [ RunTime:0.0001s ]
SQL: SELECT * FROM `tuo_auth_rule` WHERE (  (level = "1")  ) AND `id` IN ('2','3','4','5','6','7','8','9','10','11','108','121','109','110','111','112','113','114','115','116','117','118','119','120','13','140','93','135','138','136','137','139','14','77','124','79','125','80','81','126','15','62','63','64','99','96','97','98','16','65','66','67','68','69','17','18','19','20','21','22','23','24','25','26','27','28','29','30','31','32','33','34','35','36','37','38','39','40','41','42','43','44','45','46','47','48','49','50','51','52','172','173','53','54','153','154','141','142','143','144','145','146','147','148','149','150','151','152','163','164','165','166','168','170','171','56','129','127','134','128','130','131','133','167','57','70','78','132','94','155','156','157','158','159','160','162','161','105','107','169','174','175','176') AND `pid` = 0 AND `status` = '1' LIMIT 1   [ RunTime:0.0001s ]
NOTIC: [8192] Function mcrypt_cbc() is deprecated /guzai/TTYC/ThinkPHP/Library/DES_PHP/DESPHP.class.php 第 47 行.
SQL: SELECT * FROM `tuo_auth_rule` WHERE (  (level = "1" AND status="1")  ) AND `id` IN ('2','3','4','5','6','7','8','9','10','11','108','121','109','110','111','112','113','114','115','116','117','118','119','120','13','140','93','135','138','136','137','139','14','77','124','79','125','80','81','126','15','62','63','64','99','96','97','98','16','65','66','67','68','69','17','18','19','20','21','22','23','24','25','26','27','28','29','30','31','32','33','34','35','36','37','38','39','40','41','42','43','44','45','46','47','48','49','50','51','52','172','173','53','54','153','154','141','142','143','144','145','146','147','148','149','150','151','152','163','164','165','166','168','170','171','56','129','127','134','128','130','131','133','167','57','70','78','132','94','155','156','157','158','159','160','162','161','105','107','169','174','175','176') AND `pid` = 0 ORDER BY id  [ RunTime:0.0001s ]
SQL: SHOW COLUMNS FROM `tuo_auth_rule` [ RunTime:0.0003s ]
SQL: SELECT `condition`,`name` FROM `tuo_auth_rule` WHERE `id` IN ('2','3','4','5','6','7','8','9','10','11','108','121','109','110','111','112','113','114','115','116','117','118','119','120','13','140','93','135','138','136','137','139','14','77','124','79','125','80','81','126','15','62','63','64','99','96','97','98','16','65','66','67','68','69','17','18','19','20','21','22','23','24','25','26','27','28','29','30','31','32','33','34','35','36','37','38','39','40','41','42','43','44','45','46','47','48','49','50','51','52','172','173','53','54','153','154','141','142','143','144','145','146','147','148','149','150','151','152','163','164','165','166','168','170','171','56','129','127','134','128','130','131','133','167','57','70','78','132','94','155','156','157','158','159','160','162','161','105','107','169','174','175','176') AND `status` = 1  [ RunTime:0.0001s ]
SQL: SHOW COLUMNS FROM `tuo_area` [ RunTime:0.0003s ]
SQL: SELECT `area_get` FROM `tuo_area` WHERE `area_id` = '1688' LIMIT 1   [ RunTime:0.0001s ]
SQL: SELECT `area_get` FROM `tuo_area` WHERE `area_id` = '1101' LIMIT 1   [ RunTime:0.0001s ]
SQL: SHOW COLUMNS FROM `tuo_ti` [ RunTime:0.0002s ]
SQL: SELECT * FROM `tuo_ti` WHERE `ti_star` = '1683,1684,1688' LIMIT 1   [ RunTime:0.0001s ]
SQL: SHOW COLUMNS FROM `tuo_line` [ RunTime:0.0003s ]
SQL: SELECT * FROM `tuo_line` WHERE `line_star` = '1683,1684' AND `line_end` = '1100,1101' LIMIT 1   [ RunTime:0.0001s ]
SQL: SHOW COLUMNS FROM `tuo_song` [ RunTime:0.0002s ]
SQL: SELECT * FROM `tuo_song` WHERE `song_end` = '1100,1101' LIMIT 1   [ RunTime:0.0001s ]
SQL: SHOW COLUMNS FROM `tuo_line_san` [ RunTime:0.0002s ]
SQL: SELECT * FROM `tuo_line_san` WHERE `san_star` = '1683,1684' AND `san_end` = '1100,1101' LIMIT 1   [ RunTime:0.0001s ]
SQL: SELECT * FROM `tuo_ti` WHERE `ti_star` = '1683,1684,1688' LIMIT 1   [ RunTime:0.0000s ]
SQL: SHOW COLUMNS FROM `tuo_maoli` [ RunTime:0.0002s ]
SQL: SHOW COLUMNS FROM `tuo_carxing` [ RunTime:0.0003s ]
SQL: SELECT * FROM `tuo_carxing` WHERE `cxjj_id` = '208' LIMIT 1   [ RunTime:0.0001s ]
SQL: SELECT * FROM `tuo_maoli` WHERE `ml_star` = '1683' AND `ml_end` = '1100' LIMIT 1   [ RunTime:0.0001s ]
SQL: SELECT * FROM `tuo_area` WHERE `area_id` = '1683' LIMIT 1   [ RunTime:0.0001s ]
SQL: SELECT * FROM `tuo_area` WHERE `area_id` = '1684' LIMIT 1   [ RunTime:0.0001s ]
SQL: SELECT * FROM `tuo_area` WHERE `area_id` = '1688' LIMIT 1   [ RunTime:0.0001s ]
SQL: SELECT * FROM `tuo_area` WHERE `area_id` = '1100' LIMIT 1   [ RunTime:0.0001s ]
SQL: SELECT * FROM `tuo_area` WHERE `area_id` = '1101' LIMIT 1   [ RunTime:0.0001s ]
SQL: SELECT * FROM `tuo_line` WHERE `line_star` = '1683,1684' AND `line_end` = '1100,1101' LIMIT 1   [ RunTime:0.0001s ]

