[ 2017-12-29T18:34:54+08:00 ] 121.71.28.131 /Back/Orderyjh/orderinfo/order_code/05402181
INFO: [ app_init ] --START--
INFO: Run Behavior\BuildLiteBehavior [ RunTime:0.000014s ]
INFO: [ app_init ] --END-- [ RunTime:0.000250s ]
INFO: [ app_begin ] --START--
INFO: Run Behavior\ReadHtmlCacheBehavior [ RunTime:0.000294s ]
INFO: [ app_begin ] --END-- [ RunTime:0.000343s ]
NOTIC: [8192] Function mcrypt_cbc() is deprecated /guzai/TTYC/ThinkPHP/Library/DES_PHP/DESPHP.class.php 第 47 行.
NOTIC: [8192] Function mcrypt_cbc() is deprecated /guzai/TTYC/ThinkPHP/Library/DES_PHP/DESPHP.class.php 第 47 行.
SQL: SHOW COLUMNS FROM `tuo_auth_rule` [ RunTime:0.0005s ]
SQL: SELECT * FROM `tuo_auth_rule`  [ RunTime:0.0002s ]
SQL: SELECT * FROM `tuo_auth_rule` WHERE `id` = 53 LIMIT 1   [ RunTime:0.0001s ]
NOTIC: [8192] Function mcrypt_cbc() is deprecated /guzai/TTYC/ThinkPHP/Library/DES_PHP/DESPHP.class.php 第 47 行.
SQL: SHOW COLUMNS FROM `tuo_auth_group_access` [ RunTime:0.0003s ]
SQL: SELECT `uid`,`group_id`,`title`,`rules` FROM tuo_auth_group_access a INNER JOIN tuo_auth_group g on a.group_id=g.id  WHERE ( a.uid='46' and g.status='1' )  [ RunTime:0.0001s ]
SQL: SELECT * FROM `tuo_auth_rule` WHERE (  (level = "1")  ) AND `id` IN ('2','3','4','5','6','7','8','9','10','11','108','121','109','110','111','112','113','114','115','116','117','118','119','120','13','140','93','135','138','136','137','139','14','77','124','79','125','80','81','126','15','62','63','64','99','96','97','98','16','65','66','67','68','69','176','17','18','19','20','21','22','23','24','174','25','26','27','28','29','30','31','32','33','34','35','36','37','38','39','40','41','42','43','44','45','46','47','48','49','50','51','52','175','172','173','53','54','153','154','141','142','143','144','145','146','147','148','149','150','151','152','163','164','165','166','168','170','171','56','129','127','134','128','130','131','133','167','57','70','78','132','94','155','156','157','158','159','160','162','161','105','107','169') AND `pid` = 0 AND `status` = '1' LIMIT 1   [ RunTime:0.0001s ]
NOTIC: [8192] Function mcrypt_cbc() is deprecated /guzai/TTYC/ThinkPHP/Library/DES_PHP/DESPHP.class.php 第 47 行.
SQL: SELECT * FROM `tuo_auth_rule` WHERE (  (level = "1" AND status="1")  ) AND `id` IN ('2','3','4','5','6','7','8','9','10','11','108','121','109','110','111','112','113','114','115','116','117','118','119','120','13','140','93','135','138','136','137','139','14','77','124','79','125','80','81','126','15','62','63','64','99','96','97','98','16','65','66','67','68','69','176','17','18','19','20','21','22','23','24','174','25','26','27','28','29','30','31','32','33','34','35','36','37','38','39','40','41','42','43','44','45','46','47','48','49','50','51','52','175','172','173','53','54','153','154','141','142','143','144','145','146','147','148','149','150','151','152','163','164','165','166','168','170','171','56','129','127','134','128','130','131','133','167','57','70','78','132','94','155','156','157','158','159','160','162','161','105','107','169') AND `pid` = 0 ORDER BY id  [ RunTime:0.0001s ]
SQL: SHOW COLUMNS FROM `tuo_auth_rule` [ RunTime:0.0003s ]
SQL: SELECT `condition`,`name` FROM `tuo_auth_rule` WHERE `id` IN ('2','3','4','5','6','7','8','9','10','11','108','121','109','110','111','112','113','114','115','116','117','118','119','120','13','140','93','135','138','136','137','139','14','77','124','79','125','80','81','126','15','62','63','64','99','96','97','98','16','65','66','67','68','69','176','17','18','19','20','21','22','23','24','174','25','26','27','28','29','30','31','32','33','34','35','36','37','38','39','40','41','42','43','44','45','46','47','48','49','50','51','52','175','172','173','53','54','153','154','141','142','143','144','145','146','147','148','149','150','151','152','163','164','165','166','168','170','171','56','129','127','134','128','130','131','133','167','57','70','78','132','94','155','156','157','158','159','160','162','161','105','107','169') AND `status` = 1  [ RunTime:0.0001s ]
SQL: SHOW COLUMNS FROM `tuo_order_assistant` [ RunTime:0.0006s ]
SQL: SHOW COLUMNS FROM `tuo_area` [ RunTime:0.0003s ]
SQL: SHOW COLUMNS FROM `tuo_order_assistant` [ RunTime:0.0006s ]
SQL: SHOW COLUMNS FROM `tuo_yundan` [ RunTime:0.0004s ]
SQL: SHOW COLUMNS FROM `tuo_wuliu` [ RunTime:0.0003s ]
SQL: SHOW COLUMNS FROM `tuo_user` [ RunTime:0.0003s ]
SQL: SHOW COLUMNS FROM `tuo_position_tracking_record` [ RunTime:0.0003s ]
SQL: SHOW COLUMNS FROM `tuo_verify_car_info` [ RunTime:0.0003s ]
SQL: SHOW COLUMNS FROM `tuo_verify_car_img` [ RunTime:0.0003s ]
SQL: SELECT * FROM `tuo_order_assistant` WHERE `order_code` = '05402181' LIMIT 1   [ RunTime:0.0001s ]
SQL: UPDATE `tuo_order_assistant` SET `kefu_shi`='Y' WHERE `order_code` = '05402181' [ RunTime:0.0044s ]
SQL: SELECT * FROM `tuo_yundan` WHERE `order_code` = '05402181'  [ RunTime:0.0001s ]
SQL: SELECT * FROM `tuo_yundan` WHERE `order_code` = '05402181' AND `yd_type` = 'A' LIMIT 1   [ RunTime:0.0001s ]
SQL: SELECT `yd_code`,`yd_name`,`yd_price` FROM `tuo_yundan` WHERE `order_code` = '05402181' AND `yd_status` <> 'Y' AND `yd_price` <> 0  [ RunTime:0.0001s ]
SQL: SELECT count('yd_id') as nums FROM `tuo_yundan` WHERE `order_code` = '05402181' AND `yd_status` <> 'Y' AND `yd_price` <> 0 LIMIT 1   [ RunTime:0.0001s ]
SQL: SELECT * FROM `tuo_wuliu` WHERE `order_code` = '05402181'  [ RunTime:0.0001s ]
SQL: SELECT * FROM `tuo_position_tracking_record` WHERE `order_code` = '05402181' ORDER BY time desc  [ RunTime:0.0001s ]
SQL: SELECT * FROM `tuo_verify_car_info` WHERE `order_code` = '05402181' LIMIT 1   [ RunTime:0.0001s ]
SQL: SELECT * FROM `tuo_verify_car_img` WHERE `order_code` = '05402181'  [ RunTime:0.0001s ]
NOTIC: [8] Undefined index: yd_type /guzai/TTYC/Application/Back/Model/OrderAssistantModel.class.php 第 318 行.
NOTIC: [8] Undefined index:  /guzai/TTYC/Application/Back/Model/OrderAssistantModel.class.php 第 319 行.
NOTIC: [8] Undefined index: yd_type /guzai/TTYC/Application/Back/Model/OrderAssistantModel.class.php 第 318 行.
NOTIC: [8] Undefined index:  /guzai/TTYC/Application/Back/Model/OrderAssistantModel.class.php 第 319 行.
NOTIC: [8] Undefined index: yd_type /guzai/TTYC/Application/Back/Model/OrderAssistantModel.class.php 第 318 行.
NOTIC: [8] Undefined index:  /guzai/TTYC/Application/Back/Model/OrderAssistantModel.class.php 第 319 行.
NOTIC: [8] Undefined index: yd_type /guzai/TTYC/Application/Back/Model/OrderAssistantModel.class.php 第 318 行.
NOTIC: [8] Undefined index:  /guzai/TTYC/Application/Back/Model/OrderAssistantModel.class.php 第 319 行.
SQL: SELECT * FROM `tuo_user` WHERE `tel` = '15980669999' LIMIT 1   [ RunTime:0.0001s ]
SQL: SELECT `area_name` FROM `tuo_area` WHERE `area_id` = '1100' LIMIT 1   [ RunTime:0.0001s ]
SQL: SELECT `area_name` FROM `tuo_area` WHERE `area_id` = '1101' LIMIT 1   [ RunTime:0.0001s ]
SQL: SELECT `area_name` FROM `tuo_area` WHERE `area_id` = '3577' LIMIT 1   [ RunTime:0.0001s ]
SQL: SELECT `area_name` FROM `tuo_area` WHERE `area_id` = '1103' LIMIT 1   [ RunTime:0.0001s ]
SQL: SELECT `area_name` FROM `tuo_area` WHERE `area_id` = '1104' LIMIT 1   [ RunTime:0.0001s ]
SQL: SHOW COLUMNS FROM `tuo_system` [ RunTime:0.0004s ]
SQL: SELECT `pay_time` FROM `tuo_system` LIMIT 1   [ RunTime:0.0001s ]
NOTIC: [8] Undefined index: fav_price /guzai/TTYC/Application/Back/Controller/OrderyjhController.class.php 第 161 行.
SQL: SHOW COLUMNS FROM `tuo_favorable` [ RunTime:0.0003s ]
SQL: SELECT `fav_price` FROM `tuo_favorable` WHERE ( fav_code='' ) LIMIT 1   [ RunTime:0.0001s ]
NOTIC: [8] Undefined index: CarOrder /guzai/TTYC/Application/Back/Controller/OrderyjhController.class.php 第 184 行.
SQL: SELECT * FROM `tuo_carxing` WHERE `cxjj_id` = '' LIMIT 1   [ RunTime:0.0001s ]
NOTIC: [8] Undefined offset: 1 /guzai/TTYC/Application/Back/Controller/OrderyjhController.class.php 第 186 行.
SQL: SELECT * FROM `tuo_carxing` WHERE `cxjj_id` = null LIMIT 1   [ RunTime:0.0001s ]
NOTIC: [8] Undefined index: CarOrder /guzai/TTYC/Application/Back/Controller/OrderyjhController.class.php 第 188 行.
SQL: SELECT * FROM `tuo_area` WHERE `area_type` = 1  [ RunTime:0.0001s ]
NOTIC: [8] Undefined index: CarOrder /guzai/TTYC/Application/Back/Controller/OrderyjhController.class.php 第 210 行.
SQL: SHOW COLUMNS FROM `tuo_log` [ RunTime:0.0003s ]
SQL: SELECT * FROM `tuo_log` WHERE `order_code` = '05402181' ORDER BY log_time desc  [ RunTime:0.0001s ]
INFO: [ view_parse ] --START--
INFO: [ template_filter ] --START--
INFO: Run Behavior\ContentReplaceBehavior [ RunTime:0.000727s ]
INFO: [ template_filter ] --END-- [ RunTime:0.000787s ]
NOTIC: [8] Undefined index:  /guzai/TTYC/Application/Runtime/Cache/Back/2785def0ea9fbc783d45b5edeafaf0eb.php 第 112 行.
NOTIC: [8] Undefined offset: 2 /guzai/TTYC/Application/Runtime/Cache/Back/2785def0ea9fbc783d45b5edeafaf0eb.php 第 471 行.
INFO: Run Behavior\ParseTemplateBehavior [ RunTime:0.035086s ]
INFO: [ view_parse ] --END-- [ RunTime:0.035137s ]
INFO: [ view_filter ] --START--
INFO: Run Behavior\WriteHtmlCacheBehavior [ RunTime:0.000128s ]
INFO: [ view_filter ] --END-- [ RunTime:0.000168s ]
INFO: [ app_end ] --START--
INFO: Run Behavior\ShowPageTraceBehavior [ RunTime:0.000330s ]
INFO: [ app_end ] --END-- [ RunTime:0.000377s ]

[ 2017-12-29T18:35:25+08:00 ] 101.226.226.221 /Back/Auth/grouplist.html
INFO: [ app_init ] --START--
INFO: Run Behavior\BuildLiteBehavior [ RunTime:0.000013s ]
INFO: [ app_init ] --END-- [ RunTime:0.000248s ]
INFO: [ app_begin ] --START--
INFO: Run Behavior\ReadHtmlCacheBehavior [ RunTime:0.000305s ]
INFO: [ app_begin ] --END-- [ RunTime:0.000355s ]
NOTIC: [8192] Function mcrypt_cbc() is deprecated /guzai/TTYC/ThinkPHP/Library/DES_PHP/DESPHP.class.php 第 47 行.
INFO: [ view_parse ] --START--
INFO: [ template_filter ] --START--
INFO: Run Behavior\ContentReplaceBehavior [ RunTime:0.000043s ]
INFO: [ template_filter ] --END-- [ RunTime:0.000087s ]
INFO: Run Behavior\ParseTemplateBehavior [ RunTime:0.003337s ]
INFO: [ view_parse ] --END-- [ RunTime:0.003385s ]
INFO: [ view_filter ] --START--
INFO: Run Behavior\WriteHtmlCacheBehavior [ RunTime:0.000105s ]
INFO: [ view_filter ] --END-- [ RunTime:0.000143s ]

[ 2017-12-29T18:35:35+08:00 ] 61.151.180.39 /Back/Orderyjh/orderList?&page=2
INFO: [ app_init ] --START--
INFO: Run Behavior\BuildLiteBehavior [ RunTime:0.000015s ]
INFO: [ app_init ] --END-- [ RunTime:0.000265s ]
INFO: [ app_begin ] --START--
INFO: Run Behavior\ReadHtmlCacheBehavior [ RunTime:0.000299s ]
INFO: [ app_begin ] --END-- [ RunTime:0.000348s ]
NOTIC: [8192] Function mcrypt_cbc() is deprecated /guzai/TTYC/ThinkPHP/Library/DES_PHP/DESPHP.class.php 第 47 行.
INFO: [ view_parse ] --START--
INFO: [ template_filter ] --START--
INFO: Run Behavior\ContentReplaceBehavior [ RunTime:0.000048s ]
INFO: [ template_filter ] --END-- [ RunTime:0.000115s ]
INFO: Run Behavior\ParseTemplateBehavior [ RunTime:0.003407s ]
INFO: [ view_parse ] --END-- [ RunTime:0.003456s ]
INFO: [ view_filter ] --START--
INFO: Run Behavior\WriteHtmlCacheBehavior [ RunTime:0.000109s ]
INFO: [ view_filter ] --END-- [ RunTime:0.000147s ]

[ 2017-12-29T18:35:45+08:00 ] 61.151.178.180 /Back/Orderyjh/orderList?&page=3
INFO: [ app_init ] --START--
INFO: Run Behavior\BuildLiteBehavior [ RunTime:0.000014s ]
INFO: [ app_init ] --END-- [ RunTime:0.000252s ]
INFO: [ app_begin ] --START--
INFO: Run Behavior\ReadHtmlCacheBehavior [ RunTime:0.000317s ]
INFO: [ app_begin ] --END-- [ RunTime:0.000367s ]
NOTIC: [8192] Function mcrypt_cbc() is deprecated /guzai/TTYC/ThinkPHP/Library/DES_PHP/DESPHP.class.php 第 47 行.
INFO: [ view_parse ] --START--
INFO: [ template_filter ] --START--
INFO: Run Behavior\ContentReplaceBehavior [ RunTime:0.000043s ]
INFO: [ template_filter ] --END-- [ RunTime:0.000089s ]
INFO: Run Behavior\ParseTemplateBehavior [ RunTime:0.003341s ]
INFO: [ view_parse ] --END-- [ RunTime:0.003399s ]
INFO: [ view_filter ] --START--
INFO: Run Behavior\WriteHtmlCacheBehavior [ RunTime:0.000125s ]
INFO: [ view_filter ] --END-- [ RunTime:0.000164s ]

[ 2017-12-29T18:40:43+08:00 ] 101.226.33.205 /Back/Orderyjh/orderList?&page=2
INFO: [ app_init ] --START--
INFO: Run Behavior\BuildLiteBehavior [ RunTime:0.000016s ]
INFO: [ app_init ] --END-- [ RunTime:0.000305s ]
INFO: [ app_begin ] --START--
INFO: Run Behavior\ReadHtmlCacheBehavior [ RunTime:0.000319s ]
INFO: [ app_begin ] --END-- [ RunTime:0.000371s ]
NOTIC: [8192] Function mcrypt_cbc() is deprecated /guzai/TTYC/ThinkPHP/Library/DES_PHP/DESPHP.class.php 第 47 行.
INFO: [ view_parse ] --START--
INFO: [ template_filter ] --START--
INFO: Run Behavior\ContentReplaceBehavior [ RunTime:0.000043s ]
INFO: [ template_filter ] --END-- [ RunTime:0.000090s ]
INFO: Run Behavior\ParseTemplateBehavior [ RunTime:0.003349s ]
INFO: [ view_parse ] --END-- [ RunTime:0.003406s ]
INFO: [ view_filter ] --START--
INFO: Run Behavior\WriteHtmlCacheBehavior [ RunTime:0.000123s ]
INFO: [ view_filter ] --END-- [ RunTime:0.000162s ]

