[ 2018-02-15T20:18:13+08:00 ] 61.151.178.171 /back?nsukey=JSQimCEzbVX0T%2BqwO9ZS7Hm0IreEqYnENgWtTMBZ2SyELuwpnA%2BJLzMNXA%2B%2B9xHtG2plDCkPp6CXlO99atL%2BxVYEzYGBqqi9gg90lbbL5MUnYQXwAgwPFx%2FJCiRmQASondHLAhmzUYzXGwRKVUMcObyfrJn6WkhifTqIyQD5eLhlceFUWmNXTtTYdcXs6jvklkUL7Hb46ZX8tYiOHqNwpQ%3D%3D
INFO: [ app_init ] --START--
INFO: Run Behavior\BuildLiteBehavior [ RunTime:0.000015s ]
INFO: [ app_init ] --END-- [ RunTime:0.000289s ]
INFO: [ app_begin ] --START--
INFO: Run Behavior\ReadHtmlCacheBehavior [ RunTime:0.000285s ]
INFO: [ app_begin ] --END-- [ RunTime:0.000361s ]
NOTIC: [8192] Function mcrypt_cbc() is deprecated /guzai/TTYC/ThinkPHP/Library/DES_PHP/DESPHP.class.php 第 47 行.
INFO: [ view_parse ] --START--
INFO: [ template_filter ] --START--
INFO: Run Behavior\ContentReplaceBehavior [ RunTime:0.000056s ]
INFO: [ template_filter ] --END-- [ RunTime:0.000104s ]
INFO: Run Behavior\ParseTemplateBehavior [ RunTime:0.003491s ]
INFO: [ view_parse ] --END-- [ RunTime:0.003537s ]
INFO: [ view_filter ] --START--
INFO: Run Behavior\WriteHtmlCacheBehavior [ RunTime:0.000103s ]
INFO: [ view_filter ] --END-- [ RunTime:0.000142s ]
INFO: [ app_end ] --START--
INFO: Run Behavior\ShowPageTraceBehavior [ RunTime:0.000310s ]
INFO: [ app_end ] --END-- [ RunTime:0.000352s ]

[ 2018-02-15T20:18:14+08:00 ] 61.129.8.203 /back?nsukey=JSQimCEzbVX0T%2BqwO9ZS7Hm0IreEqYnENgWtTMBZ2SyELuwpnA%2BJLzMNXA%2B%2B9xHtG2plDCkPp6CXlO99atL%2BxVYEzYGBqqi9gg90lbbL5MUnYQXwAgwPFx%2FJCiRmQASondHLAhmzUYzXGwRKVUMcObyfrJn6WkhifTqIyQD5eLhlceFUWmNXTtTYdcXs6jvklkUL7Hb46ZX8tYiOHqNwpQ%3D%3D
INFO: [ app_init ] --START--
INFO: Run Behavior\BuildLiteBehavior [ RunTime:0.000014s ]
INFO: [ app_init ] --END-- [ RunTime:0.000250s ]
INFO: [ app_begin ] --START--
INFO: Run Behavior\ReadHtmlCacheBehavior [ RunTime:0.000308s ]
INFO: [ app_begin ] --END-- [ RunTime:0.000359s ]
NOTIC: [8192] Function mcrypt_cbc() is deprecated /guzai/TTYC/ThinkPHP/Library/DES_PHP/DESPHP.class.php 第 47 行.
INFO: [ view_parse ] --START--
INFO: [ template_filter ] --START--
INFO: Run Behavior\ContentReplaceBehavior [ RunTime:0.000059s ]
INFO: [ template_filter ] --END-- [ RunTime:0.000107s ]
INFO: Run Behavior\ParseTemplateBehavior [ RunTime:0.003487s ]
INFO: [ view_parse ] --END-- [ RunTime:0.003542s ]
INFO: [ view_filter ] --START--
INFO: Run Behavior\WriteHtmlCacheBehavior [ RunTime:0.000106s ]
INFO: [ view_filter ] --END-- [ RunTime:0.000144s ]
INFO: [ app_end ] --START--
INFO: Run Behavior\ShowPageTraceBehavior [ RunTime:0.000319s ]
INFO: [ app_end ] --END-- [ RunTime:0.000362s ]

[ 2018-02-15T20:18:15+08:00 ] 61.129.8.250 /back?nsukey=JSQimCEzbVX0T%2BqwO9ZS7Hm0IreEqYnENgWtTMBZ2SyELuwpnA%2BJLzMNXA%2B%2B9xHtG2plDCkPp6CXlO99atL%2BxVYEzYGBqqi9gg90lbbL5MUnYQXwAgwPFx%2FJCiRmQASondHLAhmzUYzXGwRKVUMcObyfrJn6WkhifTqIyQD5eLhlceFUWmNXTtTYdcXs6jvklkUL7Hb46ZX8tYiOHqNwpQ%3D%3D
INFO: [ app_init ] --START--
INFO: Run Behavior\BuildLiteBehavior [ RunTime:0.000014s ]
INFO: [ app_init ] --END-- [ RunTime:0.000245s ]
INFO: [ app_begin ] --START--
INFO: Run Behavior\ReadHtmlCacheBehavior [ RunTime:0.000290s ]
INFO: [ app_begin ] --END-- [ RunTime:0.000338s ]
NOTIC: [8192] Function mcrypt_cbc() is deprecated /guzai/TTYC/ThinkPHP/Library/DES_PHP/DESPHP.class.php 第 47 行.
INFO: [ view_parse ] --START--
INFO: [ template_filter ] --START--
INFO: Run Behavior\ContentReplaceBehavior [ RunTime:0.000055s ]
INFO: [ template_filter ] --END-- [ RunTime:0.000103s ]
INFO: Run Behavior\ParseTemplateBehavior [ RunTime:0.003500s ]
INFO: [ view_parse ] --END-- [ RunTime:0.003546s ]
INFO: [ view_filter ] --START--
INFO: Run Behavior\WriteHtmlCacheBehavior [ RunTime:0.000117s ]
INFO: [ view_filter ] --END-- [ RunTime:0.000155s ]
INFO: [ app_end ] --START--
INFO: Run Behavior\ShowPageTraceBehavior [ RunTime:0.000303s ]
INFO: [ app_end ] --END-- [ RunTime:0.000345s ]

[ 2018-02-15T20:18:15+08:00 ] 61.151.178.170 /back?nsukey=JSQimCEzbVX0T%2BqwO9ZS7Hm0IreEqYnENgWtTMBZ2SyELuwpnA%2BJLzMNXA%2B%2B9xHtG2plDCkPp6CXlO99atL%2BxVYEzYGBqqi9gg90lbbL5MUnYQXwAgwPFx%2FJCiRmQASondHLAhmzUYzXGwRKVUMcObyfrJn6WkhifTqIyQD5eLhlceFUWmNXTtTYdcXs6jvklkUL7Hb46ZX8tYiOHqNwpQ%3D%3D
INFO: [ app_init ] --START--
INFO: Run Behavior\BuildLiteBehavior [ RunTime:0.000014s ]
INFO: [ app_init ] --END-- [ RunTime:0.000263s ]
INFO: [ app_begin ] --START--
INFO: Run Behavior\ReadHtmlCacheBehavior [ RunTime:0.000288s ]
INFO: [ app_begin ] --END-- [ RunTime:0.000339s ]
NOTIC: [8192] Function mcrypt_cbc() is deprecated /guzai/TTYC/ThinkPHP/Library/DES_PHP/DESPHP.class.php 第 47 行.
INFO: [ view_parse ] --START--
INFO: [ template_filter ] --START--
INFO: Run Behavior\ContentReplaceBehavior [ RunTime:0.000082s ]
INFO: [ template_filter ] --END-- [ RunTime:0.000142s ]
INFO: Run Behavior\ParseTemplateBehavior [ RunTime:0.003603s ]
INFO: [ view_parse ] --END-- [ RunTime:0.003650s ]
INFO: [ view_filter ] --START--
INFO: Run Behavior\WriteHtmlCacheBehavior [ RunTime:0.000106s ]
INFO: [ view_filter ] --END-- [ RunTime:0.000144s ]
INFO: [ app_end ] --START--
INFO: Run Behavior\ShowPageTraceBehavior [ RunTime:0.000327s ]
INFO: [ app_end ] --END-- [ RunTime:0.000370s ]

[ 2018-02-15T20:18:16+08:00 ] 27.222.73.57 /back?nsukey=JSQimCEzbVX0T%2BqwO9ZS7Hm0IreEqYnENgWtTMBZ2SyELuwpnA%2BJLzMNXA%2B%2B9xHtG2plDCkPp6CXlO99atL%2BxVYEzYGBqqi9gg90lbbL5MUnYQXwAgwPFx%2FJCiRmQASondHLAhmzUYzXGwRKVUMcObyfrJn6WkhifTqIyQD5eLhlceFUWmNXTtTYdcXs6jvklkUL7Hb46ZX8tYiOHqNwpQ%3D%3D
INFO: [ app_init ] --START--
INFO: Run Behavior\BuildLiteBehavior [ RunTime:0.000013s ]
INFO: [ app_init ] --END-- [ RunTime:0.000247s ]
INFO: [ app_begin ] --START--
INFO: Run Behavior\ReadHtmlCacheBehavior [ RunTime:0.000302s ]
INFO: [ app_begin ] --END-- [ RunTime:0.000351s ]
NOTIC: [8192] Function mcrypt_cbc() is deprecated /guzai/TTYC/ThinkPHP/Library/DES_PHP/DESPHP.class.php 第 47 行.
INFO: [ view_parse ] --START--
INFO: [ template_filter ] --START--
INFO: Run Behavior\ContentReplaceBehavior [ RunTime:0.000057s ]
INFO: [ template_filter ] --END-- [ RunTime:0.000105s ]
INFO: Run Behavior\ParseTemplateBehavior [ RunTime:0.003543s ]
INFO: [ view_parse ] --END-- [ RunTime:0.003591s ]
INFO: [ view_filter ] --START--
INFO: Run Behavior\WriteHtmlCacheBehavior [ RunTime:0.000107s ]
INFO: [ view_filter ] --END-- [ RunTime:0.000144s ]
INFO: [ app_end ] --START--
INFO: Run Behavior\ShowPageTraceBehavior [ RunTime:0.000307s ]
INFO: [ app_end ] --END-- [ RunTime:0.000349s ]

[ 2018-02-15T20:18:16+08:00 ] 27.222.73.57 /Back/Login/verify_c.html
INFO: [ app_init ] --START--
INFO: Run Behavior\BuildLiteBehavior [ RunTime:0.000015s ]
INFO: [ app_init ] --END-- [ RunTime:0.000296s ]
INFO: [ app_begin ] --START--
INFO: Run Behavior\ReadHtmlCacheBehavior [ RunTime:0.000314s ]
INFO: [ app_begin ] --END-- [ RunTime:0.000372s ]
INFO: [ app_end ] --START--
INFO: Run Behavior\ShowPageTraceBehavior [ RunTime:0.000332s ]
INFO: [ app_end ] --END-- [ RunTime:0.000389s ]

[ 2018-02-15T20:19:13+08:00 ] 120.204.17.73 /back?nsukey=JSQimCEzbVX0T%2BqwO9ZS7Hm0IreEqYnENgWtTMBZ2SyELuwpnA%2BJLzMNXA%2B%2B9xHtG2plDCkPp6CXlO99atL%2BxVYEzYGBqqi9gg90lbbL5MUnYQXwAgwPFx%2FJCiRmQASondHLAhmzUYzXGwRKVUMcObyfrJn6WkhifTqIyQD5eLhlceFUWmNXTtTYdcXs6jvklkUL7Hb46ZX8tYiOHqNwpQ%3D%3D
INFO: [ app_init ] --START--
INFO: Run Behavior\BuildLiteBehavior [ RunTime:0.000014s ]
INFO: [ app_init ] --END-- [ RunTime:0.000248s ]
INFO: [ app_begin ] --START--
INFO: Run Behavior\ReadHtmlCacheBehavior [ RunTime:0.000360s ]
INFO: [ app_begin ] --END-- [ RunTime:0.000411s ]
NOTIC: [8192] Function mcrypt_cbc() is deprecated /guzai/TTYC/ThinkPHP/Library/DES_PHP/DESPHP.class.php 第 47 行.
INFO: [ view_parse ] --START--
INFO: [ template_filter ] --START--
INFO: Run Behavior\ContentReplaceBehavior [ RunTime:0.000056s ]
INFO: [ template_filter ] --END-- [ RunTime:0.000105s ]
INFO: Run Behavior\ParseTemplateBehavior [ RunTime:0.003528s ]
INFO: [ view_parse ] --END-- [ RunTime:0.003575s ]
INFO: [ view_filter ] --START--
INFO: Run Behavior\WriteHtmlCacheBehavior [ RunTime:0.000121s ]
INFO: [ view_filter ] --END-- [ RunTime:0.000161s ]
INFO: [ app_end ] --START--
INFO: Run Behavior\ShowPageTraceBehavior [ RunTime:0.000304s ]
INFO: [ app_end ] --END-- [ RunTime:0.000348s ]

[ 2018-02-15T20:19:15+08:00 ] 58.247.212.98 /back?nsukey=JSQimCEzbVX0T%2BqwO9ZS7Hm0IreEqYnENgWtTMBZ2SyELuwpnA%2BJLzMNXA%2B%2B9xHtG2plDCkPp6CXlO99atL%2BxVYEzYGBqqi9gg90lbbL5MUnYQXwAgwPFx%2FJCiRmQASondHLAhmzUYzXGwRKVUMcObyfrJn6WkhifTqIyQD5eLhlceFUWmNXTtTYdcXs6jvklkUL7Hb46ZX8tYiOHqNwpQ%3D%3D
INFO: [ app_init ] --START--
INFO: Run Behavior\BuildLiteBehavior [ RunTime:0.000014s ]
INFO: [ app_init ] --END-- [ RunTime:0.000246s ]
INFO: [ app_begin ] --START--
INFO: Run Behavior\ReadHtmlCacheBehavior [ RunTime:0.000306s ]
INFO: [ app_begin ] --END-- [ RunTime:0.000356s ]
NOTIC: [8192] Function mcrypt_cbc() is deprecated /guzai/TTYC/ThinkPHP/Library/DES_PHP/DESPHP.class.php 第 47 行.
INFO: [ view_parse ] --START--
INFO: [ template_filter ] --START--
INFO: Run Behavior\ContentReplaceBehavior [ RunTime:0.000056s ]
INFO: [ template_filter ] --END-- [ RunTime:0.000105s ]
INFO: Run Behavior\ParseTemplateBehavior [ RunTime:0.003691s ]
INFO: [ view_parse ] --END-- [ RunTime:0.003743s ]
INFO: [ view_filter ] --START--
INFO: Run Behavior\WriteHtmlCacheBehavior [ RunTime:0.000109s ]
INFO: [ view_filter ] --END-- [ RunTime:0.000159s ]
INFO: [ app_end ] --START--
INFO: Run Behavior\ShowPageTraceBehavior [ RunTime:0.000301s ]
INFO: [ app_end ] --END-- [ RunTime:0.000344s ]

[ 2018-02-15T20:22:02+08:00 ] 101.226.65.107 /back
INFO: [ app_init ] --START--
INFO: Run Behavior\BuildLiteBehavior [ RunTime:0.000013s ]
INFO: [ app_init ] --END-- [ RunTime:0.000242s ]
INFO: [ app_begin ] --START--
INFO: Run Behavior\ReadHtmlCacheBehavior [ RunTime:0.000334s ]
INFO: [ app_begin ] --END-- [ RunTime:0.000383s ]
NOTIC: [8192] Function mcrypt_cbc() is deprecated /guzai/TTYC/ThinkPHP/Library/DES_PHP/DESPHP.class.php 第 47 行.
INFO: [ view_parse ] --START--
INFO: [ template_filter ] --START--
INFO: Run Behavior\ContentReplaceBehavior [ RunTime:0.000060s ]
INFO: [ template_filter ] --END-- [ RunTime:0.000108s ]
INFO: Run Behavior\ParseTemplateBehavior [ RunTime:0.003594s ]
INFO: [ view_parse ] --END-- [ RunTime:0.003641s ]
INFO: [ view_filter ] --START--
INFO: Run Behavior\WriteHtmlCacheBehavior [ RunTime:0.000111s ]
INFO: [ view_filter ] --END-- [ RunTime:0.000177s ]
INFO: [ app_end ] --START--
INFO: Run Behavior\ShowPageTraceBehavior [ RunTime:0.000302s ]
INFO: [ app_end ] --END-- [ RunTime:0.000355s ]

