[ 2018-02-25T14:55:14+08:00 ] 49.4.183.90 /Back/Worktwo/referOrder
INFO: [ app_init ] --START--
INFO: Run Behavior\BuildLiteBehavior [ RunTime:0.000015s ]
INFO: [ app_init ] --END-- [ RunTime:0.000363s ]
INFO: [ app_begin ] --START--
INFO: Run Behavior\ReadHtmlCacheBehavior [ RunTime:0.000302s ]
INFO: [ app_begin ] --END-- [ RunTime:0.000359s ]
NOTIC: [8192] Function mcrypt_cbc() is deprecated /guzai/TTYC/ThinkPHP/Library/DES_PHP/DESPHP.class.php 第 47 行.
INFO: [ view_parse ] --START--
INFO: [ template_filter ] --START--
INFO: Run Behavior\ContentReplaceBehavior [ RunTime:0.000042s ]
INFO: [ template_filter ] --END-- [ RunTime:0.000097s ]
INFO: Run Behavior\ParseTemplateBehavior [ RunTime:0.003337s ]
INFO: [ view_parse ] --END-- [ RunTime:0.003384s ]
INFO: [ view_filter ] --START--
INFO: Run Behavior\WriteHtmlCacheBehavior [ RunTime:0.000104s ]
INFO: [ view_filter ] --END-- [ RunTime:0.000142s ]

[ 2018-02-25T14:55:17+08:00 ] 49.4.183.90 /Back/Login/index.html
INFO: [ app_init ] --START--
INFO: Run Behavior\BuildLiteBehavior [ RunTime:0.000013s ]
INFO: [ app_init ] --END-- [ RunTime:0.000251s ]
INFO: [ app_begin ] --START--
INFO: Run Behavior\ReadHtmlCacheBehavior [ RunTime:0.000288s ]
INFO: [ app_begin ] --END-- [ RunTime:0.000337s ]
NOTIC: [8192] Function mcrypt_cbc() is deprecated /guzai/TTYC/ThinkPHP/Library/DES_PHP/DESPHP.class.php 第 47 行.
INFO: [ view_parse ] --START--
INFO: [ template_filter ] --START--
INFO: Run Behavior\ContentReplaceBehavior [ RunTime:0.000055s ]
INFO: [ template_filter ] --END-- [ RunTime:0.000102s ]
INFO: Run Behavior\ParseTemplateBehavior [ RunTime:0.003466s ]
INFO: [ view_parse ] --END-- [ RunTime:0.003512s ]
INFO: [ view_filter ] --START--
INFO: Run Behavior\WriteHtmlCacheBehavior [ RunTime:0.000105s ]
INFO: [ view_filter ] --END-- [ RunTime:0.000143s ]
INFO: [ app_end ] --START--
INFO: Run Behavior\ShowPageTraceBehavior [ RunTime:0.000305s ]
INFO: [ app_end ] --END-- [ RunTime:0.000347s ]

[ 2018-02-25T14:55:17+08:00 ] 49.4.183.90 /Back/Login/verify_c.html
INFO: [ app_init ] --START--
INFO: Run Behavior\BuildLiteBehavior [ RunTime:0.000015s ]
INFO: [ app_init ] --END-- [ RunTime:0.000267s ]
INFO: [ app_begin ] --START--
INFO: Run Behavior\ReadHtmlCacheBehavior [ RunTime:0.000292s ]
INFO: [ app_begin ] --END-- [ RunTime:0.000341s ]
INFO: [ app_end ] --START--
INFO: Run Behavior\ShowPageTraceBehavior [ RunTime:0.000372s ]
INFO: [ app_end ] --END-- [ RunTime:0.000449s ]

[ 2018-02-25T14:56:25+08:00 ] 49.4.183.90 /Back/Login/doLogin
INFO: [ app_init ] --START--
INFO: Run Behavior\BuildLiteBehavior [ RunTime:0.000014s ]
INFO: [ app_init ] --END-- [ RunTime:0.000248s ]
INFO: [ app_begin ] --START--
INFO: Run Behavior\ReadHtmlCacheBehavior [ RunTime:0.000299s ]
INFO: [ app_begin ] --END-- [ RunTime:0.000350s ]
NOTIC: [8] Use of undefined constant Y - assumed 'Y' /guzai/TTYC/Application/Back/Controller/LoginController.class.php 第 36 行.
SQL: SHOW COLUMNS FROM `tuo_admin` [ RunTime:0.0004s ]
SQL: SELECT * FROM `tuo_admin` WHERE `admin_pwd` = '9859e59' AND `admin_acc` = '1501252804' AND `admin_flag` = 'Y' LIMIT 1   [ RunTime:0.0002s ]
INFO: [ view_parse ] --START--
INFO: [ template_filter ] --START--
INFO: Run Behavior\ContentReplaceBehavior [ RunTime:0.000042s ]
INFO: [ template_filter ] --END-- [ RunTime:0.000098s ]
INFO: Run Behavior\ParseTemplateBehavior [ RunTime:0.003516s ]
INFO: [ view_parse ] --END-- [ RunTime:0.003569s ]
INFO: [ view_filter ] --START--
INFO: Run Behavior\WriteHtmlCacheBehavior [ RunTime:0.000109s ]
INFO: [ view_filter ] --END-- [ RunTime:0.000148s ]

[ 2018-02-25T14:56:28+08:00 ] 49.4.183.90 /Back/Login/index.html
INFO: [ app_init ] --START--
INFO: Run Behavior\BuildLiteBehavior [ RunTime:0.000013s ]
INFO: [ app_init ] --END-- [ RunTime:0.000243s ]
INFO: [ app_begin ] --START--
INFO: Run Behavior\ReadHtmlCacheBehavior [ RunTime:0.000289s ]
INFO: [ app_begin ] --END-- [ RunTime:0.000337s ]
NOTIC: [8192] Function mcrypt_cbc() is deprecated /guzai/TTYC/ThinkPHP/Library/DES_PHP/DESPHP.class.php 第 47 行.
INFO: [ view_parse ] --START--
INFO: [ template_filter ] --START--
INFO: Run Behavior\ContentReplaceBehavior [ RunTime:0.000064s ]
INFO: [ template_filter ] --END-- [ RunTime:0.000112s ]
INFO: Run Behavior\ParseTemplateBehavior [ RunTime:0.003443s ]
INFO: [ view_parse ] --END-- [ RunTime:0.003496s ]
INFO: [ view_filter ] --START--
INFO: Run Behavior\WriteHtmlCacheBehavior [ RunTime:0.000101s ]
INFO: [ view_filter ] --END-- [ RunTime:0.000139s ]
INFO: [ app_end ] --START--
INFO: Run Behavior\ShowPageTraceBehavior [ RunTime:0.000289s ]
INFO: [ app_end ] --END-- [ RunTime:0.000340s ]

[ 2018-02-25T14:56:28+08:00 ] 49.4.183.90 /Back/Login/verify_c.html
INFO: [ app_init ] --START--
INFO: Run Behavior\BuildLiteBehavior [ RunTime:0.000013s ]
INFO: [ app_init ] --END-- [ RunTime:0.000242s ]
INFO: [ app_begin ] --START--
INFO: Run Behavior\ReadHtmlCacheBehavior [ RunTime:0.000286s ]
INFO: [ app_begin ] --END-- [ RunTime:0.000336s ]
INFO: [ app_end ] --START--
INFO: Run Behavior\ShowPageTraceBehavior [ RunTime:0.000320s ]
INFO: [ app_end ] --END-- [ RunTime:0.000384s ]

[ 2018-02-25T14:57:06+08:00 ] 49.4.183.90 /Back/Login/doLogin
INFO: [ app_init ] --START--
INFO: Run Behavior\BuildLiteBehavior [ RunTime:0.000013s ]
INFO: [ app_init ] --END-- [ RunTime:0.000261s ]
INFO: [ app_begin ] --START--
INFO: Run Behavior\ReadHtmlCacheBehavior [ RunTime:0.000279s ]
INFO: [ app_begin ] --END-- [ RunTime:0.000329s ]
NOTIC: [8] Use of undefined constant Y - assumed 'Y' /guzai/TTYC/Application/Back/Controller/LoginController.class.php 第 36 行.
SQL: SHOW COLUMNS FROM `tuo_admin` [ RunTime:0.0005s ]
SQL: SELECT * FROM `tuo_admin` WHERE `admin_pwd` = '9859e59' AND `admin_acc` = '1500122804' AND `admin_flag` = 'Y' LIMIT 1   [ RunTime:0.0002s ]
INFO: [ view_parse ] --START--
INFO: [ template_filter ] --START--
INFO: Run Behavior\ContentReplaceBehavior [ RunTime:0.000040s ]
INFO: [ template_filter ] --END-- [ RunTime:0.000087s ]
INFO: Run Behavior\ParseTemplateBehavior [ RunTime:0.003413s ]
INFO: [ view_parse ] --END-- [ RunTime:0.003461s ]
INFO: [ view_filter ] --START--
INFO: Run Behavior\WriteHtmlCacheBehavior [ RunTime:0.000111s ]
INFO: [ view_filter ] --END-- [ RunTime:0.000150s ]

[ 2018-02-25T14:57:09+08:00 ] 49.4.183.90 /Back/Login/index.html
INFO: [ app_init ] --START--
INFO: Run Behavior\BuildLiteBehavior [ RunTime:0.000013s ]
INFO: [ app_init ] --END-- [ RunTime:0.000242s ]
INFO: [ app_begin ] --START--
INFO: Run Behavior\ReadHtmlCacheBehavior [ RunTime:0.000287s ]
INFO: [ app_begin ] --END-- [ RunTime:0.000335s ]
NOTIC: [8192] Function mcrypt_cbc() is deprecated /guzai/TTYC/ThinkPHP/Library/DES_PHP/DESPHP.class.php 第 47 行.
INFO: [ view_parse ] --START--
INFO: [ template_filter ] --START--
INFO: Run Behavior\ContentReplaceBehavior [ RunTime:0.000052s ]
INFO: [ template_filter ] --END-- [ RunTime:0.000099s ]
INFO: Run Behavior\ParseTemplateBehavior [ RunTime:0.003403s ]
INFO: [ view_parse ] --END-- [ RunTime:0.003449s ]
INFO: [ view_filter ] --START--
INFO: Run Behavior\WriteHtmlCacheBehavior [ RunTime:0.000100s ]
INFO: [ view_filter ] --END-- [ RunTime:0.000138s ]
INFO: [ app_end ] --START--
INFO: Run Behavior\ShowPageTraceBehavior [ RunTime:0.000310s ]
INFO: [ app_end ] --END-- [ RunTime:0.000352s ]

[ 2018-02-25T14:57:10+08:00 ] 49.4.183.90 /Back/Login/verify_c.html
INFO: [ app_init ] --START--
INFO: Run Behavior\BuildLiteBehavior [ RunTime:0.000012s ]
INFO: [ app_init ] --END-- [ RunTime:0.000263s ]
INFO: [ app_begin ] --START--
INFO: Run Behavior\ReadHtmlCacheBehavior [ RunTime:0.000289s ]
INFO: [ app_begin ] --END-- [ RunTime:0.000337s ]
INFO: [ app_end ] --START--
INFO: Run Behavior\ShowPageTraceBehavior [ RunTime:0.000302s ]
INFO: [ app_end ] --END-- [ RunTime:0.000355s ]

[ 2018-02-25T14:59:13+08:00 ] 49.4.183.90 /Back/Login/doLogin
INFO: [ app_init ] --START--
INFO: Run Behavior\BuildLiteBehavior [ RunTime:0.000013s ]
INFO: [ app_init ] --END-- [ RunTime:0.000240s ]
INFO: [ app_begin ] --START--
INFO: Run Behavior\ReadHtmlCacheBehavior [ RunTime:0.000309s ]
INFO: [ app_begin ] --END-- [ RunTime:0.000360s ]
NOTIC: [8] Use of undefined constant Y - assumed 'Y' /guzai/TTYC/Application/Back/Controller/LoginController.class.php 第 36 行.
SQL: SHOW COLUMNS FROM `tuo_admin` [ RunTime:0.0005s ]
SQL: SELECT * FROM `tuo_admin` WHERE `admin_pwd` = '9859e59' AND `admin_acc` = '15001282804' AND `admin_flag` = 'Y' LIMIT 1   [ RunTime:0.0002s ]
INFO: [ view_parse ] --START--
INFO: [ template_filter ] --START--
INFO: Run Behavior\ContentReplaceBehavior [ RunTime:0.000044s ]
INFO: [ template_filter ] --END-- [ RunTime:0.000099s ]
INFO: Run Behavior\ParseTemplateBehavior [ RunTime:0.003558s ]
INFO: [ view_parse ] --END-- [ RunTime:0.003611s ]
INFO: [ view_filter ] --START--
INFO: Run Behavior\WriteHtmlCacheBehavior [ RunTime:0.000112s ]
INFO: [ view_filter ] --END-- [ RunTime:0.000151s ]

[ 2018-02-25T14:59:16+08:00 ] 49.4.183.90 /Back/Login/index.html
INFO: [ app_init ] --START--
INFO: Run Behavior\BuildLiteBehavior [ RunTime:0.000014s ]
INFO: [ app_init ] --END-- [ RunTime:0.000255s ]
INFO: [ app_begin ] --START--
INFO: Run Behavior\ReadHtmlCacheBehavior [ RunTime:0.000312s ]
INFO: [ app_begin ] --END-- [ RunTime:0.000363s ]
NOTIC: [8192] Function mcrypt_cbc() is deprecated /guzai/TTYC/ThinkPHP/Library/DES_PHP/DESPHP.class.php 第 47 行.
INFO: [ view_parse ] --START--
INFO: [ template_filter ] --START--
INFO: Run Behavior\ContentReplaceBehavior [ RunTime:0.000053s ]
INFO: [ template_filter ] --END-- [ RunTime:0.000102s ]
INFO: Run Behavior\ParseTemplateBehavior [ RunTime:0.003551s ]
INFO: [ view_parse ] --END-- [ RunTime:0.003599s ]
INFO: [ view_filter ] --START--
INFO: Run Behavior\WriteHtmlCacheBehavior [ RunTime:0.000118s ]
INFO: [ view_filter ] --END-- [ RunTime:0.000157s ]
INFO: [ app_end ] --START--
INFO: Run Behavior\ShowPageTraceBehavior [ RunTime:0.000301s ]
INFO: [ app_end ] --END-- [ RunTime:0.000345s ]

[ 2018-02-25T14:59:16+08:00 ] 49.4.183.90 /Back/Login/verify_c.html
INFO: [ app_init ] --START--
INFO: Run Behavior\BuildLiteBehavior [ RunTime:0.000014s ]
INFO: [ app_init ] --END-- [ RunTime:0.000247s ]
INFO: [ app_begin ] --START--
INFO: Run Behavior\ReadHtmlCacheBehavior [ RunTime:0.000319s ]
INFO: [ app_begin ] --END-- [ RunTime:0.000369s ]
INFO: [ app_end ] --START--
INFO: Run Behavior\ShowPageTraceBehavior [ RunTime:0.000364s ]
INFO: [ app_end ] --END-- [ RunTime:0.000419s ]

[ 2018-02-25T14:59:44+08:00 ] 49.4.183.90 /Back/Login/doLogin
INFO: [ app_init ] --START--
INFO: Run Behavior\BuildLiteBehavior [ RunTime:0.000015s ]
INFO: [ app_init ] --END-- [ RunTime:0.000253s ]
INFO: [ app_begin ] --START--
INFO: Run Behavior\ReadHtmlCacheBehavior [ RunTime:0.000281s ]
INFO: [ app_begin ] --END-- [ RunTime:0.000332s ]
INFO: [ view_parse ] --START--
INFO: [ template_filter ] --START--
INFO: Run Behavior\ContentReplaceBehavior [ RunTime:0.000039s ]
INFO: [ template_filter ] --END-- [ RunTime:0.000083s ]
INFO: Run Behavior\ParseTemplateBehavior [ RunTime:0.003316s ]
INFO: [ view_parse ] --END-- [ RunTime:0.003364s ]
INFO: [ view_filter ] --START--
INFO: Run Behavior\WriteHtmlCacheBehavior [ RunTime:0.000105s ]
INFO: [ view_filter ] --END-- [ RunTime:0.000144s ]

[ 2018-02-25T14:59:47+08:00 ] 49.4.183.90 /Back/Login/verify_c.html?0.8188363898079842
INFO: [ app_init ] --START--
INFO: Run Behavior\BuildLiteBehavior [ RunTime:0.000015s ]
INFO: [ app_init ] --END-- [ RunTime:0.000247s ]
INFO: [ app_begin ] --START--
INFO: Run Behavior\ReadHtmlCacheBehavior [ RunTime:0.000294s ]
INFO: [ app_begin ] --END-- [ RunTime:0.000344s ]
INFO: [ app_end ] --START--
INFO: Run Behavior\ShowPageTraceBehavior [ RunTime:0.000387s ]
INFO: [ app_end ] --END-- [ RunTime:0.000451s ]

[ 2018-02-25T14:59:55+08:00 ] 49.4.183.90 /Back/Login/doLogin
INFO: [ app_init ] --START--
INFO: Run Behavior\BuildLiteBehavior [ RunTime:0.000022s ]
INFO: [ app_init ] --END-- [ RunTime:0.000289s ]
INFO: [ app_begin ] --START--
INFO: Run Behavior\ReadHtmlCacheBehavior [ RunTime:0.000278s ]
INFO: [ app_begin ] --END-- [ RunTime:0.000328s ]
NOTIC: [8] Use of undefined constant Y - assumed 'Y' /guzai/TTYC/Application/Back/Controller/LoginController.class.php 第 36 行.
SQL: SHOW COLUMNS FROM `tuo_admin` [ RunTime:0.0005s ]
SQL: SELECT * FROM `tuo_admin` WHERE `admin_pwd` = '7cf8fa5' AND `admin_acc` = 'admin' AND `admin_flag` = 'Y' LIMIT 1   [ RunTime:0.0001s ]
NOTIC: [8192] Function mcrypt_cbc() is deprecated /guzai/TTYC/ThinkPHP/Library/DES_PHP/DESPHP.class.php 第 36 行.
INFO: [ view_parse ] --START--
INFO: [ template_filter ] --START--
INFO: Run Behavior\ContentReplaceBehavior [ RunTime:0.000043s ]
INFO: [ template_filter ] --END-- [ RunTime:0.000094s ]
INFO: Run Behavior\ParseTemplateBehavior [ RunTime:0.003452s ]
INFO: [ view_parse ] --END-- [ RunTime:0.003500s ]
INFO: [ view_filter ] --START--
INFO: Run Behavior\WriteHtmlCacheBehavior [ RunTime:0.000119s ]
INFO: [ view_filter ] --END-- [ RunTime:0.000174s ]
INFO: [ app_end ] --START--
INFO: Run Behavior\ShowPageTraceBehavior [ RunTime:0.000323s ]
INFO: [ app_end ] --END-- [ RunTime:0.000373s ]

[ 2018-02-25T14:59:56+08:00 ] 49.4.183.90 /Back/Orderyjh/orderList.html
INFO: [ app_init ] --START--
INFO: Run Behavior\BuildLiteBehavior [ RunTime:0.000014s ]
INFO: [ app_init ] --END-- [ RunTime:0.000265s ]
INFO: [ app_begin ] --START--
INFO: Run Behavior\ReadHtmlCacheBehavior [ RunTime:0.000322s ]
INFO: [ app_begin ] --END-- [ RunTime:0.000400s ]
NOTIC: [8192] Function mcrypt_cbc() is deprecated /guzai/TTYC/ThinkPHP/Library/DES_PHP/DESPHP.class.php 第 47 行.
NOTIC: [8192] Function mcrypt_cbc() is deprecated /guzai/TTYC/ThinkPHP/Library/DES_PHP/DESPHP.class.php 第 47 行.
SQL: SHOW COLUMNS FROM `tuo_auth_rule` [ RunTime:0.0005s ]
SQL: SELECT * FROM `tuo_auth_rule`  [ RunTime:0.0003s ]
NOTIC: [8192] Function mcrypt_cbc() is deprecated /guzai/TTYC/ThinkPHP/Library/DES_PHP/DESPHP.class.php 第 47 行.
SQL: SHOW COLUMNS FROM `tuo_auth_group_access` [ RunTime:0.0003s ]
SQL: SELECT `uid`,`group_id`,`title`,`rules` FROM tuo_auth_group_access a INNER JOIN tuo_auth_group g on a.group_id=g.id  WHERE ( a.uid='1' and g.status='1' )  [ RunTime:0.0001s ]
SQL: SELECT * FROM `tuo_auth_rule` WHERE (  (level = "1")  ) AND `pid` = 0 AND `status` = '1' LIMIT 1   [ RunTime:0.0001s ]
NOTIC: [8192] Function mcrypt_cbc() is deprecated /guzai/TTYC/ThinkPHP/Library/DES_PHP/DESPHP.class.php 第 47 行.
SQL: SELECT * FROM `tuo_auth_rule` WHERE (  (level = "1" AND status="1")  ) AND `pid` = 0 ORDER BY id  [ RunTime:0.0001s ]
INFO: 2018-02-25 14:59:56订单---条件---查询:
SQL: SHOW COLUMNS FROM `tuo_order_assistant` [ RunTime:0.0006s ]
INFO: 2018-02-25 14:59:56订单条件查询:{"sh_status":["neq","N"],"order_status":["neq","DIE"],"0":"1=1"}
SQL: SHOW COLUMNS FROM `tuo_area` [ RunTime:0.0003s ]
SQL: SHOW COLUMNS FROM `tuo_position_tracking_record` [ RunTime:0.0003s ]
SQL: SELECT COUNT(*) AS tp_count FROM `tuo_order_assistant` WHERE `sh_status` <> 'N' AND `order_status` <> 'DIE' AND (  1=1 ) LIMIT 1   [ RunTime:0.0001s ]
NOTIC: [8] Undefined variable: html /guzai/TTYC/ThinkPHP/Library/Pages/Page.class.php 第 227 行.
NOTIC: [8] Undefined variable: html /guzai/TTYC/ThinkPHP/Library/Pages/Page.class.php 第 246 行.
NOTIC: [8] Undefined variable: html /guzai/TTYC/ThinkPHP/Library/Pages/Page.class.php 第 258 行.
NOTIC: [8] Undefined variable: html /guzai/TTYC/ThinkPHP/Library/Pages/Page.class.php 第 238 行.
NOTIC: [8] Undefined offset: 0 /guzai/TTYC/ThinkPHP/Library/Pages/Page.class.php 第 282 行.
NOTIC: [8] Undefined offset: 1 /guzai/TTYC/ThinkPHP/Library/Pages/Page.class.php 第 282 行.
SQL: SELECT * FROM `tuo_order_assistant` WHERE `sh_status` <> 'N' AND `order_status` <> 'DIE' AND (  1=1 ) ORDER BY order_time desc LIMIT 0,10   [ RunTime:0.0002s ]
SQL: SELECT `area_name` FROM `tuo_area` WHERE `area_id` = '2049' LIMIT 1   [ RunTime:0.0001s ]
SQL: SELECT `area_name` FROM `tuo_area` WHERE `area_id` = '2051' LIMIT 1   [ RunTime:0.0000s ]
SQL: SELECT `area_name` FROM `tuo_area` WHERE `area_id` = '2056' LIMIT 1   [ RunTime:0.0001s ]
SQL: SELECT `area_name` FROM `tuo_area` WHERE `area_id` = '2070' LIMIT 1   [ RunTime:0.0001s ]
SQL: SELECT `area_name` FROM `tuo_area` WHERE `area_id` = '2071' LIMIT 1   [ RunTime:0.0001s ]
SQL: SELECT `content` FROM `tuo_position_tracking_record` WHERE ( order_code ='05100700' ) ORDER BY time desc LIMIT 1   [ RunTime:0.0001s ]
SQL: SELECT `area_name` FROM `tuo_area` WHERE `area_id` = '2703' LIMIT 1   [ RunTime:0.0001s ]
SQL: SELECT `area_name` FROM `tuo_area` WHERE `area_id` = '2705' LIMIT 1   [ RunTime:0.0001s ]
SQL: SELECT `area_name` FROM `tuo_area` WHERE `area_id` = '2708' LIMIT 1   [ RunTime:0.0001s ]
SQL: SELECT `area_name` FROM `tuo_area` WHERE `area_id` = '1100' LIMIT 1   [ RunTime:0.0001s ]
SQL: SELECT `area_name` FROM `tuo_area` WHERE `area_id` = '1101' LIMIT 1   [ RunTime:0.0001s ]
SQL: SELECT `content` FROM `tuo_position_tracking_record` WHERE ( order_code ='05100699' ) ORDER BY time desc LIMIT 1   [ RunTime:0.0001s ]
SQL: SELECT `area_name` FROM `tuo_area` WHERE `area_id` = '1100' LIMIT 1   [ RunTime:0.0000s ]
SQL: SELECT `area_name` FROM `tuo_area` WHERE `area_id` = '1101' LIMIT 1   [ RunTime:0.0000s ]
SQL: SELECT `area_name` FROM `tuo_area` WHERE `area_id` = '3588' LIMIT 1   [ RunTime:0.0001s ]
SQL: SELECT `area_name` FROM `tuo_area` WHERE `area_id` = '2703' LIMIT 1   [ RunTime:0.0001s ]
SQL: SELECT `area_name` FROM `tuo_area` WHERE `area_id` = '2762' LIMIT 1   [ RunTime:0.0001s ]
SQL: SELECT `content` FROM `tuo_position_tracking_record` WHERE ( order_code ='05100698' ) ORDER BY time desc LIMIT 1   [ RunTime:0.0000s ]
SQL: SELECT `area_name` FROM `tuo_area` WHERE `area_id` = '1100' LIMIT 1   [ RunTime:0.0000s ]
SQL: SELECT `area_name` FROM `tuo_area` WHERE `area_id` = '1101' LIMIT 1   [ RunTime:0.0001s ]
SQL: SELECT `area_name` FROM `tuo_area` WHERE `area_id` = '3575' LIMIT 1   [ RunTime:0.0001s ]
SQL: SELECT `area_name` FROM `tuo_area` WHERE `area_id` = '1540' LIMIT 1   [ RunTime:0.0001s ]
SQL: SELECT `area_name` FROM `tuo_area` WHERE `area_id` = '1541' LIMIT 1   [ RunTime:0.0001s ]
SQL: SELECT `content` FROM `tuo_position_tracking_record` WHERE ( order_code ='05100697' ) ORDER BY time desc LIMIT 1   [ RunTime:0.0001s ]
SQL: SELECT `area_name` FROM `tuo_area` WHERE `area_id` = '2676' LIMIT 1   [ RunTime:0.0001s ]
SQL: SELECT `area_name` FROM `tuo_area` WHERE `area_id` = '2677' LIMIT 1   [ RunTime:0.0001s ]
SQL: SELECT `area_name` FROM `tuo_area` WHERE `area_id` = '2685' LIMIT 1   [ RunTime:0.0001s ]
SQL: SELECT `area_name` FROM `tuo_area` WHERE `area_id` = '3629' LIMIT 1   [ RunTime:0.0001s ]
SQL: SELECT `area_name` FROM `tuo_area` WHERE `area_id` = '3634' LIMIT 1   [ RunTime:0.0001s ]
SQL: SELECT `content` FROM `tuo_position_tracking_record` WHERE ( order_code ='05402359' ) ORDER BY time desc LIMIT 1   [ RunTime:0.0001s ]
SQL: SELECT `area_name` FROM `tuo_area` WHERE `area_id` = '1100' LIMIT 1   [ RunTime:0.0000s ]
SQL: SELECT `area_name` FROM `tuo_area` WHERE `area_id` = '1101' LIMIT 1   [ RunTime:0.0001s ]
SQL: SELECT `area_name` FROM `tuo_area` WHERE `area_id` = '3575' LIMIT 1   [ RunTime:0.0000s ]
SQL: SELECT `area_name` FROM `tuo_area` WHERE `area_id` = '1540' LIMIT 1   [ RunTime:0.0000s ]
SQL: SELECT `area_name` FROM `tuo_area` WHERE `area_id` = '1541' LIMIT 1   [ RunTime:0.0000s ]
SQL: SELECT `content` FROM `tuo_position_tracking_record` WHERE ( order_code ='05100696' ) ORDER BY time desc LIMIT 1   [ RunTime:0.0001s ]
SQL: SELECT `area_name` FROM `tuo_area` WHERE `area_id` = '1100' LIMIT 1   [ RunTime:0.0001s ]
SQL: SELECT `area_name` FROM `tuo_area` WHERE `area_id` = '1101' LIMIT 1   [ RunTime:0.0001s ]
SQL: SELECT `area_name` FROM `tuo_area` WHERE `area_id` = '3575' LIMIT 1   [ RunTime:0.0000s ]
SQL: SELECT `area_name` FROM `tuo_area` WHERE `area_id` = '1540' LIMIT 1   [ RunTime:0.0001s ]
SQL: SELECT `area_name` FROM `tuo_area` WHERE `area_id` = '1541' LIMIT 1   [ RunTime:0.0001s ]
SQL: SELECT `content` FROM `tuo_position_tracking_record` WHERE ( order_code ='05100694' ) ORDER BY time desc LIMIT 1   [ RunTime:0.0001s ]
SQL: SELECT `area_name` FROM `tuo_area` WHERE `area_id` = '1103' LIMIT 1   [ RunTime:0.0000s ]
SQL: SELECT `area_name` FROM `tuo_area` WHERE `area_id` = '1104' LIMIT 1   [ RunTime:0.0001s ]
SQL: SELECT `area_name` FROM `tuo_area` WHERE `area_id` = '3614' LIMIT 1   [ RunTime:0.0001s ]
SQL: SELECT `area_name` FROM `tuo_area` WHERE `area_id` = '1540' LIMIT 1   [ RunTime:0.0000s ]
SQL: SELECT `area_name` FROM `tuo_area` WHERE `area_id` = '1541' LIMIT 1   [ RunTime:0.0001s ]
SQL: SELECT `content` FROM `tuo_position_tracking_record` WHERE ( order_code ='05402352' ) ORDER BY time desc LIMIT 1   [ RunTime:0.0000s ]
SQL: SELECT `area_name` FROM `tuo_area` WHERE `area_id` = '1540' LIMIT 1   [ RunTime:0.0000s ]
SQL: SELECT `area_name` FROM `tuo_area` WHERE `area_id` = '1541' LIMIT 1   [ RunTime:0.0001s ]
SQL: SELECT `area_name` FROM `tuo_area` WHERE `area_id` = '1543' LIMIT 1   [ RunTime:0.0000s ]
SQL: SELECT `area_name` FROM `tuo_area` WHERE `area_id` = '1100' LIMIT 1   [ RunTime:0.0000s ]
SQL: SELECT `area_name` FROM `tuo_area` WHERE `area_id` = '1101' LIMIT 1   [ RunTime:0.0000s ]
SQL: SELECT `content` FROM `tuo_position_tracking_record` WHERE ( order_code ='05402351' ) ORDER BY time desc LIMIT 1   [ RunTime:0.0001s ]
SQL: SELECT `area_name` FROM `tuo_area` WHERE `area_id` = '1100' LIMIT 1   [ RunTime:0.0001s ]
SQL: SELECT `area_name` FROM `tuo_area` WHERE `area_id` = '1101' LIMIT 1   [ RunTime:0.0001s ]
SQL: SELECT `area_name` FROM `tuo_area` WHERE `area_id` = '3586' LIMIT 1   [ RunTime:0.0001s ]
SQL: SELECT `area_name` FROM `tuo_area` WHERE `area_id` = '2676' LIMIT 1   [ RunTime:0.0001s ]
SQL: SELECT `area_name` FROM `tuo_area` WHERE `area_id` = '2677' LIMIT 1   [ RunTime:0.0001s ]
SQL: SELECT `content` FROM `tuo_position_tracking_record` WHERE ( order_code ='05402348' ) ORDER BY time desc LIMIT 1   [ RunTime:0.0001s ]
INFO: 2018-02-25 14:59:56查询条件:{"sh_status":["neq","N"],"order_status":["neq","DIE"],"0":"1=1"}
NOTIC: [8] Undefined index: OrderInfo /guzai/TTYC/Application/Back/Controller/OrderyjhController.class.php 第 79 行.
SQL: SHOW COLUMNS FROM `tuo_yundan` [ RunTime:0.0004s ]
SQL: SELECT * FROM `tuo_yundan` WHERE ( order_code = '05100700' and yd_type ='C' ) ORDER BY yd_id desc LIMIT 1   [ RunTime:0.0001s ]
NOTIC: [8] Undefined index: OrderInfo /guzai/TTYC/Application/Back/Controller/OrderyjhController.class.php 第 79 行.
SQL: SELECT * FROM `tuo_yundan` WHERE ( order_code = '05100699' and yd_type ='C' ) ORDER BY yd_id desc LIMIT 1   [ RunTime:0.0001s ]
NOTIC: [8] Undefined index: OrderInfo /guzai/TTYC/Application/Back/Controller/OrderyjhController.class.php 第 79 行.
SQL: SELECT * FROM `tuo_yundan` WHERE ( order_code = '05100698' and yd_type ='C' ) ORDER BY yd_id desc LIMIT 1   [ RunTime:0.0001s ]
NOTIC: [8] Undefined index: OrderInfo /guzai/TTYC/Application/Back/Controller/OrderyjhController.class.php 第 79 行.
SQL: SELECT * FROM `tuo_yundan` WHERE ( order_code = '05100697' and yd_type ='C' ) ORDER BY yd_id desc LIMIT 1   [ RunTime:0.0001s ]
NOTIC: [8] Undefined index: OrderInfo /guzai/TTYC/Application/Back/Controller/OrderyjhController.class.php 第 79 行.
SQL: SELECT * FROM `tuo_yundan` WHERE ( order_code = '05402359' and yd_type ='C' ) ORDER BY yd_id desc LIMIT 1   [ RunTime:0.0001s ]
NOTIC: [8] Undefined index: OrderInfo /guzai/TTYC/Application/Back/Controller/OrderyjhController.class.php 第 79 行.
SQL: SELECT * FROM `tuo_yundan` WHERE ( order_code = '05100696' and yd_type ='C' ) ORDER BY yd_id desc LIMIT 1   [ RunTime:0.0001s ]
NOTIC: [8] Undefined index: OrderInfo /guzai/TTYC/Application/Back/Controller/OrderyjhController.class.php 第 79 行.
SQL: SELECT * FROM `tuo_yundan` WHERE ( order_code = '05100694' and yd_type ='C' ) ORDER BY yd_id desc LIMIT 1   [ RunTime:0.0001s ]
NOTIC: [8] Undefined index: OrderInfo /guzai/TTYC/Application/Back/Controller/OrderyjhController.class.php 第 79 行.
SQL: SELECT * FROM `tuo_yundan` WHERE ( order_code = '05402352' and yd_type ='C' ) ORDER BY yd_id desc LIMIT 1   [ RunTime:0.0001s ]
NOTIC: [8] Undefined index: OrderInfo /guzai/TTYC/Application/Back/Controller/OrderyjhController.class.php 第 79 行.
SQL: SELECT * FROM `tuo_yundan` WHERE ( order_code = '05402351' and yd_type ='C' ) ORDER BY yd_id desc LIMIT 1   [ RunTime:0.0001s ]
NOTIC: [8] Undefined index: OrderInfo /guzai/TTYC/Application/Back/Controller/OrderyjhController.class.php 第 79 行.
SQL: SELECT * FROM `tuo_yundan` WHERE ( order_code = '05402348' and yd_type ='C' ) ORDER BY yd_id desc LIMIT 1   [ RunTime:0.0001s ]
SQL: SELECT COUNT(*) AS tp_count FROM `tuo_order_assistant` WHERE `kefu_shi` = 'N' LIMIT 1   [ RunTime:0.0001s ]
SQL: SELECT COUNT(*) AS tp_count FROM `tuo_order_assistant` WHERE `order_status` = 'S' AND `sh_status` = '' LIMIT 1   [ RunTime:0.0001s ]
SQL: SELECT COUNT(*) AS tp_count FROM `tuo_order_assistant` WHERE `order_status` = 'A' LIMIT 1   [ RunTime:0.0000s ]
SQL: SELECT COUNT(*) AS tp_count FROM `tuo_order_assistant` WHERE `order_status` = 'T' LIMIT 1   [ RunTime:0.0000s ]
SQL: SELECT COUNT(*) AS tp_count FROM `tuo_order_assistant` WHERE `verify` = 'N' AND `order_status` = 'T' LIMIT 1   [ RunTime:0.0001s ]
SQL: SELECT COUNT(*) AS tp_count FROM `tuo_order_assistant` WHERE `order_status` = 'Y' LIMIT 1   [ RunTime:0.0001s ]
SQL: SELECT COUNT(*) AS tp_count FROM `tuo_order_assistant` WHERE `order_status` = 'M' LIMIT 1   [ RunTime:0.0001s ]
SQL: SELECT COUNT(*) AS tp_count FROM `tuo_order_assistant` WHERE `order_status` = 'N' LIMIT 1   [ RunTime:0.0001s ]
SQL: SELECT COUNT(*) AS tp_count FROM `tuo_order_assistant` WHERE `order_status` = 'B' LIMIT 1   [ RunTime:0.0001s ]
SQL: SELECT COUNT(*) AS tp_count FROM `tuo_order_assistant` WHERE `order_status` = 'G' LIMIT 1   [ RunTime:0.0001s ]
SQL: SELECT COUNT(*) AS tp_count FROM `tuo_order_assistant` WHERE `order_status` = 'D' LIMIT 1   [ RunTime:0.0001s ]
SQL: SELECT COUNT(*) AS tp_count FROM `tuo_order_assistant` WHERE `order_status` = 'W' LIMIT 1   [ RunTime:0.0000s ]
SQL: SELECT COUNT(*) AS tp_count FROM `tuo_order_assistant` WHERE `visit` = 'Y' AND `is_visit` = 'N' LIMIT 1   [ RunTime:0.0000s ]
SQL: SELECT COUNT(*) AS tp_count FROM `tuo_order_assistant` WHERE `receipt` = 'Y' AND `is_hui` = 'N' LIMIT 1   [ RunTime:0.0001s ]
SQL: SELECT COUNT(*) AS tp_count FROM `tuo_order_assistant` WHERE `order_status` = 'S' AND `sh_status` = 'N' LIMIT 1   [ RunTime:0.0001s ]
SQL: SELECT COUNT(*) AS tp_count FROM `tuo_order_assistant` WHERE `order_status` = 'DIE' LIMIT 1   [ RunTime:0.0001s ]
SQL: SELECT * FROM `tuo_area` WHERE `area_type` = 1  [ RunTime:0.0001s ]
INFO: [ view_parse ] --START--
INFO: [ template_filter ] --START--
INFO: Run Behavior\ContentReplaceBehavior [ RunTime:0.000298s ]
INFO: [ template_filter ] --END-- [ RunTime:0.000348s ]
NOTIC: [8] Undefined variable: arry /guzai/TTYC/Application/Runtime/Cache/Back/acc93fb97b4eb71b0000237159cc27c7.php 第 214 行.
NOTIC: [8] Undefined variable: arry /guzai/TTYC/Application/Runtime/Cache/Back/acc93fb97b4eb71b0000237159cc27c7.php 第 232 行.
NOTIC: [8] Undefined variable: pay /guzai/TTYC/Application/Runtime/Cache/Back/acc93fb97b4eb71b0000237159cc27c7.php 第 431 行.
INFO: Run Behavior\ParseTemplateBehavior [ RunTime:0.014454s ]
INFO: [ view_parse ] --END-- [ RunTime:0.014508s ]
INFO: [ view_filter ] --START--
INFO: Run Behavior\WriteHtmlCacheBehavior [ RunTime:0.000118s ]
INFO: [ view_filter ] --END-- [ RunTime:0.000158s ]
INFO: [ app_end ] --START--
INFO: Run Behavior\ShowPageTraceBehavior [ RunTime:0.000313s ]
INFO: [ app_end ] --END-- [ RunTime:0.000359s ]

[ 2018-02-25T15:00:00+08:00 ] 49.4.183.90 /Back/Orderyjh/orderList/order_status/C
INFO: [ app_init ] --START--
INFO: Run Behavior\BuildLiteBehavior [ RunTime:0.000014s ]
INFO: [ app_init ] --END-- [ RunTime:0.000251s ]
INFO: [ app_begin ] --START--
INFO: Run Behavior\ReadHtmlCacheBehavior [ RunTime:0.000295s ]
INFO: [ app_begin ] --END-- [ RunTime:0.000348s ]
NOTIC: [8192] Function mcrypt_cbc() is deprecated /guzai/TTYC/ThinkPHP/Library/DES_PHP/DESPHP.class.php 第 47 行.
NOTIC: [8192] Function mcrypt_cbc() is deprecated /guzai/TTYC/ThinkPHP/Library/DES_PHP/DESPHP.class.php 第 47 行.
SQL: SHOW COLUMNS FROM `tuo_auth_rule` [ RunTime:0.0005s ]
SQL: SELECT * FROM `tuo_auth_rule`  [ RunTime:0.0002s ]
NOTIC: [8192] Function mcrypt_cbc() is deprecated /guzai/TTYC/ThinkPHP/Library/DES_PHP/DESPHP.class.php 第 47 行.
SQL: SHOW COLUMNS FROM `tuo_auth_group_access` [ RunTime:0.0003s ]
SQL: SELECT `uid`,`group_id`,`title`,`rules` FROM tuo_auth_group_access a INNER JOIN tuo_auth_group g on a.group_id=g.id  WHERE ( a.uid='1' and g.status='1' )  [ RunTime:0.0001s ]
SQL: SELECT * FROM `tuo_auth_rule` WHERE (  (level = "1")  ) AND `pid` = 0 AND `status` = '1' LIMIT 1   [ RunTime:0.0001s ]
NOTIC: [8192] Function mcrypt_cbc() is deprecated /guzai/TTYC/ThinkPHP/Library/DES_PHP/DESPHP.class.php 第 47 行.
SQL: SELECT * FROM `tuo_auth_rule` WHERE (  (level = "1" AND status="1")  ) AND `pid` = 0 ORDER BY id  [ RunTime:0.0001s ]
INFO: 2018-02-25 15:00:00订单---条件---查询:C
SQL: SHOW COLUMNS FROM `tuo_order_assistant` [ RunTime:0.0007s ]
INFO: 2018-02-25 15:00:00订单---条判断条件中的件---查询:C
INFO: 2018-02-25 15:00:00订单条件查询:{"_complex":{"_string":"(order_status='Y') OR (order_status='M') OR (order_status='N') OR (order_status='B') OR (order_status='G') OR (order_status='D')","_logic":"or"},"0":"1=1"}
SQL: SHOW COLUMNS FROM `tuo_area` [ RunTime:0.0003s ]
SQL: SHOW COLUMNS FROM `tuo_position_tracking_record` [ RunTime:0.0003s ]
SQL: SELECT COUNT(*) AS tp_count FROM `tuo_order_assistant` WHERE (  ( (order_status='Y') OR (order_status='M') OR (order_status='N') OR (order_status='B') OR (order_status='G') OR (order_status='D') ) ) AND (  1=1 ) LIMIT 1   [ RunTime:0.0001s ]
NOTIC: [8] Undefined variable: html /guzai/TTYC/ThinkPHP/Library/Pages/Page.class.php 第 227 行.
NOTIC: [8] Undefined variable: html /guzai/TTYC/ThinkPHP/Library/Pages/Page.class.php 第 246 行.
NOTIC: [8] Undefined variable: html /guzai/TTYC/ThinkPHP/Library/Pages/Page.class.php 第 256 行.
NOTIC: [8] Undefined variable: html /guzai/TTYC/ThinkPHP/Library/Pages/Page.class.php 第 236 行.
NOTIC: [8] Undefined offset: 0 /guzai/TTYC/ThinkPHP/Library/Pages/Page.class.php 第 282 行.
NOTIC: [8] Undefined offset: 1 /guzai/TTYC/ThinkPHP/Library/Pages/Page.class.php 第 282 行.
SQL: SELECT * FROM `tuo_order_assistant` WHERE (  ( (order_status='Y') OR (order_status='M') OR (order_status='N') OR (order_status='B') OR (order_status='G') OR (order_status='D') ) ) AND (  1=1 ) ORDER BY order_time desc LIMIT 0,10   [ RunTime:0.0001s ]
SQL: SELECT `area_name` FROM `tuo_area` WHERE `area_id` = '2703' LIMIT 1   [ RunTime:0.0001s ]
SQL: SELECT `area_name` FROM `tuo_area` WHERE `area_id` = '2705' LIMIT 1   [ RunTime:0.0001s ]
SQL: SELECT `area_name` FROM `tuo_area` WHERE `area_id` = '2708' LIMIT 1   [ RunTime:0.0000s ]
SQL: SELECT `area_name` FROM `tuo_area` WHERE `area_id` = '1100' LIMIT 1   [ RunTime:0.0001s ]
SQL: SELECT `area_name` FROM `tuo_area` WHERE `area_id` = '1101' LIMIT 1   [ RunTime:0.0001s ]
SQL: SELECT `content` FROM `tuo_position_tracking_record` WHERE ( order_code ='05100699' ) ORDER BY time desc LIMIT 1   [ RunTime:0.0001s ]
SQL: SELECT `area_name` FROM `tuo_area` WHERE `area_id` = '1100' LIMIT 1   [ RunTime:0.0001s ]
SQL: SELECT `area_name` FROM `tuo_area` WHERE `area_id` = '1101' LIMIT 1   [ RunTime:0.0001s ]
SQL: SELECT `area_name` FROM `tuo_area` WHERE `area_id` = '3575' LIMIT 1   [ RunTime:0.0001s ]
SQL: SELECT `area_name` FROM `tuo_area` WHERE `area_id` = '1540' LIMIT 1   [ RunTime:0.0001s ]
SQL: SELECT `area_name` FROM `tuo_area` WHERE `area_id` = '1541' LIMIT 1   [ RunTime:0.0001s ]
SQL: SELECT `content` FROM `tuo_position_tracking_record` WHERE ( order_code ='05100697' ) ORDER BY time desc LIMIT 1   [ RunTime:0.0001s ]
INFO: 2018-02-25 15:00:00查询条件:{"_complex":{"_string":"(order_status='Y') OR (order_status='M') OR (order_status='N') OR (order_status='B') OR (order_status='G') OR (order_status='D')","_logic":"or"},"0":"1=1"}
NOTIC: [8] Undefined index: OrderInfo /guzai/TTYC/Application/Back/Controller/OrderyjhController.class.php 第 79 行.
SQL: SHOW COLUMNS FROM `tuo_yundan` [ RunTime:0.0004s ]
SQL: SELECT * FROM `tuo_yundan` WHERE ( order_code = '05100699' and yd_type ='C' ) ORDER BY yd_id desc LIMIT 1   [ RunTime:0.0001s ]
NOTIC: [8] Undefined index: OrderInfo /guzai/TTYC/Application/Back/Controller/OrderyjhController.class.php 第 79 行.
SQL: SELECT * FROM `tuo_yundan` WHERE ( order_code = '05100697' and yd_type ='C' ) ORDER BY yd_id desc LIMIT 1   [ RunTime:0.0001s ]
SQL: SELECT COUNT(*) AS tp_count FROM `tuo_order_assistant` WHERE `kefu_shi` = 'N' LIMIT 1   [ RunTime:0.0001s ]
SQL: SELECT COUNT(*) AS tp_count FROM `tuo_order_assistant` WHERE `order_status` = 'S' AND `sh_status` = '' LIMIT 1   [ RunTime:0.0001s ]
SQL: SELECT COUNT(*) AS tp_count FROM `tuo_order_assistant` WHERE `order_status` = 'A' LIMIT 1   [ RunTime:0.0001s ]
SQL: SELECT COUNT(*) AS tp_count FROM `tuo_order_assistant` WHERE `order_status` = 'T' LIMIT 1   [ RunTime:0.0001s ]
SQL: SELECT COUNT(*) AS tp_count FROM `tuo_order_assistant` WHERE `verify` = 'N' AND `order_status` = 'T' LIMIT 1   [ RunTime:0.0000s ]
SQL: SELECT COUNT(*) AS tp_count FROM `tuo_order_assistant` WHERE `order_status` = 'Y' LIMIT 1   [ RunTime:0.0000s ]
SQL: SELECT COUNT(*) AS tp_count FROM `tuo_order_assistant` WHERE `order_status` = 'M' LIMIT 1   [ RunTime:0.0000s ]
SQL: SELECT COUNT(*) AS tp_count FROM `tuo_order_assistant` WHERE `order_status` = 'N' LIMIT 1   [ RunTime:0.0000s ]
SQL: SELECT COUNT(*) AS tp_count FROM `tuo_order_assistant` WHERE `order_status` = 'B' LIMIT 1   [ RunTime:0.0001s ]
SQL: SELECT COUNT(*) AS tp_count FROM `tuo_order_assistant` WHERE `order_status` = 'G' LIMIT 1   [ RunTime:0.0000s ]
SQL: SELECT COUNT(*) AS tp_count FROM `tuo_order_assistant` WHERE `order_status` = 'D' LIMIT 1   [ RunTime:0.0000s ]
SQL: SELECT COUNT(*) AS tp_count FROM `tuo_order_assistant` WHERE `order_status` = 'W' LIMIT 1   [ RunTime:0.0000s ]
SQL: SELECT COUNT(*) AS tp_count FROM `tuo_order_assistant` WHERE `visit` = 'Y' AND `is_visit` = 'N' LIMIT 1   [ RunTime:0.0000s ]
SQL: SELECT COUNT(*) AS tp_count FROM `tuo_order_assistant` WHERE `receipt` = 'Y' AND `is_hui` = 'N' LIMIT 1   [ RunTime:0.0001s ]
SQL: SELECT COUNT(*) AS tp_count FROM `tuo_order_assistant` WHERE `order_status` = 'S' AND `sh_status` = 'N' LIMIT 1   [ RunTime:0.0001s ]
SQL: SELECT COUNT(*) AS tp_count FROM `tuo_order_assistant` WHERE `order_status` = 'DIE' LIMIT 1   [ RunTime:0.0000s ]
SQL: SELECT * FROM `tuo_area` WHERE `area_type` = 1  [ RunTime:0.0001s ]
INFO: [ view_parse ] --START--
INFO: [ template_filter ] --START--
INFO: Run Behavior\ContentReplaceBehavior [ RunTime:0.000290s ]
INFO: [ template_filter ] --END-- [ RunTime:0.000352s ]
NOTIC: [8] Undefined variable: arry /guzai/TTYC/Application/Runtime/Cache/Back/acc93fb97b4eb71b0000237159cc27c7.php 第 214 行.
NOTIC: [8] Undefined variable: arry /guzai/TTYC/Application/Runtime/Cache/Back/acc93fb97b4eb71b0000237159cc27c7.php 第 232 行.
NOTIC: [8] Undefined variable: pay /guzai/TTYC/Application/Runtime/Cache/Back/acc93fb97b4eb71b0000237159cc27c7.php 第 431 行.
INFO: Run Behavior\ParseTemplateBehavior [ RunTime:0.014532s ]
INFO: [ view_parse ] --END-- [ RunTime:0.014578s ]
INFO: [ view_filter ] --START--
INFO: Run Behavior\WriteHtmlCacheBehavior [ RunTime:0.000126s ]
INFO: [ view_filter ] --END-- [ RunTime:0.000174s ]
INFO: [ app_end ] --START--
INFO: Run Behavior\ShowPageTraceBehavior [ RunTime:0.000341s ]
INFO: [ app_end ] --END-- [ RunTime:0.000388s ]

[ 2018-02-25T15:00:04+08:00 ] 49.4.183.90 /Back/Orderyjh/orderList/order_status/A
INFO: [ app_init ] --START--
INFO: Run Behavior\BuildLiteBehavior [ RunTime:0.000022s ]
INFO: [ app_init ] --END-- [ RunTime:0.000284s ]
INFO: [ app_begin ] --START--
INFO: Run Behavior\ReadHtmlCacheBehavior [ RunTime:0.000318s ]
INFO: [ app_begin ] --END-- [ RunTime:0.000369s ]
NOTIC: [8192] Function mcrypt_cbc() is deprecated /guzai/TTYC/ThinkPHP/Library/DES_PHP/DESPHP.class.php 第 47 行.
NOTIC: [8192] Function mcrypt_cbc() is deprecated /guzai/TTYC/ThinkPHP/Library/DES_PHP/DESPHP.class.php 第 47 行.
SQL: SHOW COLUMNS FROM `tuo_auth_rule` [ RunTime:0.0005s ]
SQL: SELECT * FROM `tuo_auth_rule`  [ RunTime:0.0002s ]
NOTIC: [8192] Function mcrypt_cbc() is deprecated /guzai/TTYC/ThinkPHP/Library/DES_PHP/DESPHP.class.php 第 47 行.
SQL: SHOW COLUMNS FROM `tuo_auth_group_access` [ RunTime:0.0003s ]
SQL: SELECT `uid`,`group_id`,`title`,`rules` FROM tuo_auth_group_access a INNER JOIN tuo_auth_group g on a.group_id=g.id  WHERE ( a.uid='1' and g.status='1' )  [ RunTime:0.0001s ]
SQL: SELECT * FROM `tuo_auth_rule` WHERE (  (level = "1")  ) AND `pid` = 0 AND `status` = '1' LIMIT 1   [ RunTime:0.0001s ]
NOTIC: [8192] Function mcrypt_cbc() is deprecated /guzai/TTYC/ThinkPHP/Library/DES_PHP/DESPHP.class.php 第 47 行.
SQL: SELECT * FROM `tuo_auth_rule` WHERE (  (level = "1" AND status="1")  ) AND `pid` = 0 ORDER BY id  [ RunTime:0.0001s ]
INFO: 2018-02-25 15:00:04订单---条件---查询:A
SQL: SHOW COLUMNS FROM `tuo_order_assistant` [ RunTime:0.0006s ]
INFO: 2018-02-25 15:00:04订单---条判断条件中的件---查询:A
INFO: 2018-02-25 15:00:04订单条件查询:{"order_status":["eq","A"],"0":"1=1"}
SQL: SHOW COLUMNS FROM `tuo_area` [ RunTime:0.0003s ]
SQL: SHOW COLUMNS FROM `tuo_position_tracking_record` [ RunTime:0.0003s ]
SQL: SELECT COUNT(*) AS tp_count FROM `tuo_order_assistant` WHERE `order_status` = 'A' AND (  1=1 ) LIMIT 1   [ RunTime:0.0001s ]
NOTIC: [8] Undefined variable: html /guzai/TTYC/ThinkPHP/Library/Pages/Page.class.php 第 227 行.
NOTIC: [8] Undefined variable: html /guzai/TTYC/ThinkPHP/Library/Pages/Page.class.php 第 246 行.
NOTIC: [8] Undefined variable: html /guzai/TTYC/ThinkPHP/Library/Pages/Page.class.php 第 256 行.
NOTIC: [8] Undefined variable: html /guzai/TTYC/ThinkPHP/Library/Pages/Page.class.php 第 236 行.
NOTIC: [8] Undefined offset: 0 /guzai/TTYC/ThinkPHP/Library/Pages/Page.class.php 第 282 行.
NOTIC: [8] Undefined offset: 1 /guzai/TTYC/ThinkPHP/Library/Pages/Page.class.php 第 282 行.
SQL: SELECT * FROM `tuo_order_assistant` WHERE `order_status` = 'A' AND (  1=1 ) ORDER BY order_time desc LIMIT 0,10   [ RunTime:0.0001s ]
SQL: SELECT `area_name` FROM `tuo_area` WHERE `area_id` = '2049' LIMIT 1   [ RunTime:0.0001s ]
SQL: SELECT `area_name` FROM `tuo_area` WHERE `area_id` = '2051' LIMIT 1   [ RunTime:0.0001s ]
SQL: SELECT `area_name` FROM `tuo_area` WHERE `area_id` = '2056' LIMIT 1   [ RunTime:0.0001s ]
SQL: SELECT `area_name` FROM `tuo_area` WHERE `area_id` = '2070' LIMIT 1   [ RunTime:0.0001s ]
SQL: SELECT `area_name` FROM `tuo_area` WHERE `area_id` = '2071' LIMIT 1   [ RunTime:0.0001s ]
SQL: SELECT `content` FROM `tuo_position_tracking_record` WHERE ( order_code ='05100700' ) ORDER BY time desc LIMIT 1   [ RunTime:0.0001s ]
SQL: SELECT `area_name` FROM `tuo_area` WHERE `area_id` = '1540' LIMIT 1   [ RunTime:0.0000s ]
SQL: SELECT `area_name` FROM `tuo_area` WHERE `area_id` = '1541' LIMIT 1   [ RunTime:0.0001s ]
SQL: SELECT `area_name` FROM `tuo_area` WHERE `area_id` = '1543' LIMIT 1   [ RunTime:0.0001s ]
SQL: SELECT `area_name` FROM `tuo_area` WHERE `area_id` = '1100' LIMIT 1   [ RunTime:0.0001s ]
SQL: SELECT `area_name` FROM `tuo_area` WHERE `area_id` = '1101' LIMIT 1   [ RunTime:0.0000s ]
SQL: SELECT `content` FROM `tuo_position_tracking_record` WHERE ( order_code ='05402351' ) ORDER BY time desc LIMIT 1   [ RunTime:0.0001s ]
SQL: SELECT `area_name` FROM `tuo_area` WHERE `area_id` = '2912' LIMIT 1   [ RunTime:0.0001s ]
SQL: SELECT `area_name` FROM `tuo_area` WHERE `area_id` = '2913' LIMIT 1   [ RunTime:0.0001s ]
SQL: SELECT `area_name` FROM `tuo_area` WHERE `area_id` = '2914' LIMIT 1   [ RunTime:0.0001s ]
SQL: SELECT `area_name` FROM `tuo_area` WHERE `area_id` = '1100' LIMIT 1   [ RunTime:0.0001s ]
SQL: SELECT `area_name` FROM `tuo_area` WHERE `area_id` = '1101' LIMIT 1   [ RunTime:0.0001s ]
SQL: SELECT `content` FROM `tuo_position_tracking_record` WHERE ( order_code ='05100671' ) ORDER BY time desc LIMIT 1   [ RunTime:0.0000s ]
SQL: SELECT `area_name` FROM `tuo_area` WHERE `area_id` = '1103' LIMIT 1   [ RunTime:0.0001s ]
SQL: SELECT `area_name` FROM `tuo_area` WHERE `area_id` = '1104' LIMIT 1   [ RunTime:0.0001s ]
SQL: SELECT `area_name` FROM `tuo_area` WHERE `area_id` = '3605' LIMIT 1   [ RunTime:0.0001s ]
SQL: SELECT `area_name` FROM `tuo_area` WHERE `area_id` = '1310' LIMIT 1   [ RunTime:0.0001s ]
SQL: SELECT `area_name` FROM `tuo_area` WHERE `area_id` = '1312' LIMIT 1   [ RunTime:0.0001s ]
SQL: SELECT `content` FROM `tuo_position_tracking_record` WHERE ( order_code ='05100593' ) ORDER BY time desc LIMIT 1   [ RunTime:0.0001s ]
INFO: 2018-02-25 15:00:04查询条件:{"order_status":["eq","A"],"0":"1=1"}
NOTIC: [8] Undefined index: OrderInfo /guzai/TTYC/Application/Back/Controller/OrderyjhController.class.php 第 79 行.
SQL: SHOW COLUMNS FROM `tuo_yundan` [ RunTime:0.0004s ]
SQL: SELECT * FROM `tuo_yundan` WHERE ( order_code = '05100700' and yd_type ='C' ) ORDER BY yd_id desc LIMIT 1   [ RunTime:0.0001s ]
NOTIC: [8] Undefined index: OrderInfo /guzai/TTYC/Application/Back/Controller/OrderyjhController.class.php 第 79 行.
SQL: SELECT * FROM `tuo_yundan` WHERE ( order_code = '05402351' and yd_type ='C' ) ORDER BY yd_id desc LIMIT 1   [ RunTime:0.0001s ]
NOTIC: [8] Undefined index: OrderInfo /guzai/TTYC/Application/Back/Controller/OrderyjhController.class.php 第 79 行.
SQL: SELECT * FROM `tuo_yundan` WHERE ( order_code = '05100671' and yd_type ='C' ) ORDER BY yd_id desc LIMIT 1   [ RunTime:0.0001s ]
NOTIC: [8] Undefined index: OrderInfo /guzai/TTYC/Application/Back/Controller/OrderyjhController.class.php 第 79 行.
SQL: SELECT * FROM `tuo_yundan` WHERE ( order_code = '05100593' and yd_type ='C' ) ORDER BY yd_id desc LIMIT 1   [ RunTime:0.0001s ]
SQL: SELECT COUNT(*) AS tp_count FROM `tuo_order_assistant` WHERE `kefu_shi` = 'N' LIMIT 1   [ RunTime:0.0000s ]
SQL: SELECT COUNT(*) AS tp_count FROM `tuo_order_assistant` WHERE `order_status` = 'S' AND `sh_status` = '' LIMIT 1   [ RunTime:0.0001s ]
SQL: SELECT COUNT(*) AS tp_count FROM `tuo_order_assistant` WHERE `order_status` = 'A' LIMIT 1   [ RunTime:0.0000s ]
SQL: SELECT COUNT(*) AS tp_count FROM `tuo_order_assistant` WHERE `order_status` = 'T' LIMIT 1   [ RunTime:0.0001s ]
SQL: SELECT COUNT(*) AS tp_count FROM `tuo_order_assistant` WHERE `verify` = 'N' AND `order_status` = 'T' LIMIT 1   [ RunTime:0.0001s ]
SQL: SELECT COUNT(*) AS tp_count FROM `tuo_order_assistant` WHERE `order_status` = 'Y' LIMIT 1   [ RunTime:0.0000s ]
SQL: SELECT COUNT(*) AS tp_count FROM `tuo_order_assistant` WHERE `order_status` = 'M' LIMIT 1   [ RunTime:0.0000s ]
SQL: SELECT COUNT(*) AS tp_count FROM `tuo_order_assistant` WHERE `order_status` = 'N' LIMIT 1   [ RunTime:0.0000s ]
SQL: SELECT COUNT(*) AS tp_count FROM `tuo_order_assistant` WHERE `order_status` = 'B' LIMIT 1   [ RunTime:0.0001s ]
SQL: SELECT COUNT(*) AS tp_count FROM `tuo_order_assistant` WHERE `order_status` = 'G' LIMIT 1   [ RunTime:0.0000s ]
SQL: SELECT COUNT(*) AS tp_count FROM `tuo_order_assistant` WHERE `order_status` = 'D' LIMIT 1   [ RunTime:0.0001s ]
SQL: SELECT COUNT(*) AS tp_count FROM `tuo_order_assistant` WHERE `order_status` = 'W' LIMIT 1   [ RunTime:0.0001s ]
SQL: SELECT COUNT(*) AS tp_count FROM `tuo_order_assistant` WHERE `visit` = 'Y' AND `is_visit` = 'N' LIMIT 1   [ RunTime:0.0001s ]
SQL: SELECT COUNT(*) AS tp_count FROM `tuo_order_assistant` WHERE `receipt` = 'Y' AND `is_hui` = 'N' LIMIT 1   [ RunTime:0.0001s ]
SQL: SELECT COUNT(*) AS tp_count FROM `tuo_order_assistant` WHERE `order_status` = 'S' AND `sh_status` = 'N' LIMIT 1   [ RunTime:0.0001s ]
SQL: SELECT COUNT(*) AS tp_count FROM `tuo_order_assistant` WHERE `order_status` = 'DIE' LIMIT 1   [ RunTime:0.0000s ]
SQL: SELECT * FROM `tuo_area` WHERE `area_type` = 1  [ RunTime:0.0001s ]
INFO: [ view_parse ] --START--
INFO: [ template_filter ] --START--
INFO: Run Behavior\ContentReplaceBehavior [ RunTime:0.000297s ]
INFO: [ template_filter ] --END-- [ RunTime:0.000366s ]
NOTIC: [8] Undefined variable: arry /guzai/TTYC/Application/Runtime/Cache/Back/acc93fb97b4eb71b0000237159cc27c7.php 第 214 行.
NOTIC: [8] Undefined variable: arry /guzai/TTYC/Application/Runtime/Cache/Back/acc93fb97b4eb71b0000237159cc27c7.php 第 232 行.
NOTIC: [8] Undefined variable: pay /guzai/TTYC/Application/Runtime/Cache/Back/acc93fb97b4eb71b0000237159cc27c7.php 第 431 行.
INFO: Run Behavior\ParseTemplateBehavior [ RunTime:0.014380s ]
INFO: [ view_parse ] --END-- [ RunTime:0.014427s ]
INFO: [ view_filter ] --START--
INFO: Run Behavior\WriteHtmlCacheBehavior [ RunTime:0.000116s ]
INFO: [ view_filter ] --END-- [ RunTime:0.000155s ]
INFO: [ app_end ] --START--
INFO: Run Behavior\ShowPageTraceBehavior [ RunTime:0.000309s ]
INFO: [ app_end ] --END-- [ RunTime:0.000354s ]

[ 2018-02-25T15:00:09+08:00 ] 49.4.183.90 /Back/Orderyjh/orderinfo/order_code/05402351
INFO: [ app_init ] --START--
INFO: Run Behavior\BuildLiteBehavior [ RunTime:0.000014s ]
INFO: [ app_init ] --END-- [ RunTime:0.000285s ]
INFO: [ app_begin ] --START--
INFO: Run Behavior\ReadHtmlCacheBehavior [ RunTime:0.000295s ]
INFO: [ app_begin ] --END-- [ RunTime:0.000344s ]
NOTIC: [8192] Function mcrypt_cbc() is deprecated /guzai/TTYC/ThinkPHP/Library/DES_PHP/DESPHP.class.php 第 47 行.
NOTIC: [8192] Function mcrypt_cbc() is deprecated /guzai/TTYC/ThinkPHP/Library/DES_PHP/DESPHP.class.php 第 47 行.
SQL: SHOW COLUMNS FROM `tuo_auth_rule` [ RunTime:0.0005s ]
SQL: SELECT * FROM `tuo_auth_rule`  [ RunTime:0.0002s ]
SQL: SELECT * FROM `tuo_auth_rule` WHERE `id` = 53 LIMIT 1   [ RunTime:0.0001s ]
NOTIC: [8192] Function mcrypt_cbc() is deprecated /guzai/TTYC/ThinkPHP/Library/DES_PHP/DESPHP.class.php 第 47 行.
SQL: SHOW COLUMNS FROM `tuo_auth_group_access` [ RunTime:0.0003s ]
SQL: SELECT `uid`,`group_id`,`title`,`rules` FROM tuo_auth_group_access a INNER JOIN tuo_auth_group g on a.group_id=g.id  WHERE ( a.uid='1' and g.status='1' )  [ RunTime:0.0001s ]
SQL: SELECT * FROM `tuo_auth_rule` WHERE (  (level = "1")  ) AND `pid` = 0 AND `status` = '1' LIMIT 1   [ RunTime:0.0001s ]
NOTIC: [8192] Function mcrypt_cbc() is deprecated /guzai/TTYC/ThinkPHP/Library/DES_PHP/DESPHP.class.php 第 47 行.
SQL: SELECT * FROM `tuo_auth_rule` WHERE (  (level = "1" AND status="1")  ) AND `pid` = 0 ORDER BY id  [ RunTime:0.0001s ]
SQL: SHOW COLUMNS FROM `tuo_order_assistant` [ RunTime:0.0006s ]
SQL: SHOW COLUMNS FROM `tuo_area` [ RunTime:0.0003s ]
SQL: SHOW COLUMNS FROM `tuo_order_assistant` [ RunTime:0.0006s ]
SQL: SHOW COLUMNS FROM `tuo_yundan` [ RunTime:0.0004s ]
SQL: SHOW COLUMNS FROM `tuo_wuliu` [ RunTime:0.0003s ]
SQL: SHOW COLUMNS FROM `tuo_user` [ RunTime:0.0003s ]
SQL: SHOW COLUMNS FROM `tuo_position_tracking_record` [ RunTime:0.0003s ]
SQL: SHOW COLUMNS FROM `tuo_verify_car_info` [ RunTime:0.0003s ]
SQL: SHOW COLUMNS FROM `tuo_verify_car_img` [ RunTime:0.0003s ]
SQL: SELECT * FROM `tuo_order_assistant` WHERE `order_code` = '05402351' LIMIT 1   [ RunTime:0.0001s ]
SQL: UPDATE `tuo_order_assistant` SET `kefu_shi`='Y' WHERE `order_code` = '05402351' [ RunTime:0.0054s ]
SQL: SELECT * FROM `tuo_yundan` WHERE `order_code` = '05402351'  [ RunTime:0.0001s ]
SQL: SELECT * FROM `tuo_yundan` WHERE `order_code` = '05402351' AND `yd_type` = 'A' LIMIT 1   [ RunTime:0.0001s ]
SQL: SELECT `yd_code`,`yd_name`,`yd_price` FROM `tuo_yundan` WHERE `order_code` = '05402351' AND `yd_status` <> 'Y' AND `yd_price` <> 0  [ RunTime:0.0001s ]
SQL: SELECT count('yd_id') as nums FROM `tuo_yundan` WHERE `order_code` = '05402351' AND `yd_status` <> 'Y' AND `yd_price` <> 0 LIMIT 1   [ RunTime:0.0001s ]
SQL: SELECT * FROM `tuo_wuliu` WHERE `order_code` = '05402351'  [ RunTime:0.0001s ]
SQL: SELECT * FROM `tuo_position_tracking_record` WHERE `order_code` = '05402351' ORDER BY time desc  [ RunTime:0.0001s ]
SQL: SELECT * FROM `tuo_verify_car_info` WHERE `order_code` = '05402351' LIMIT 1   [ RunTime:0.0001s ]
SQL: SELECT * FROM `tuo_verify_car_img` WHERE `order_code` = '05402351'  [ RunTime:0.0000s ]
SQL: SELECT * FROM `tuo_user` WHERE `tel` = '13581558603' LIMIT 1   [ RunTime:0.0001s ]
SQL: SELECT `area_name` FROM `tuo_area` WHERE `area_id` = '1540' LIMIT 1   [ RunTime:0.0001s ]
SQL: SELECT `area_name` FROM `tuo_area` WHERE `area_id` = '1541' LIMIT 1   [ RunTime:0.0001s ]
SQL: SELECT `area_name` FROM `tuo_area` WHERE `area_id` = '1543' LIMIT 1   [ RunTime:0.0000s ]
SQL: SELECT `area_name` FROM `tuo_area` WHERE `area_id` = '1100' LIMIT 1   [ RunTime:0.0001s ]
SQL: SELECT `area_name` FROM `tuo_area` WHERE `area_id` = '1101' LIMIT 1   [ RunTime:0.0001s ]
SQL: SHOW COLUMNS FROM `tuo_system` [ RunTime:0.0004s ]
SQL: SELECT `pay_time` FROM `tuo_system` LIMIT 1   [ RunTime:0.0001s ]
NOTIC: [8] Undefined index: fav_price /guzai/TTYC/Application/Back/Controller/OrderyjhController.class.php 第 161 行.
SQL: SHOW COLUMNS FROM `tuo_favorable` [ RunTime:0.0003s ]
SQL: SELECT `fav_price` FROM `tuo_favorable` WHERE ( fav_code='' ) LIMIT 1   [ RunTime:0.0001s ]
NOTIC: [8] Undefined index: CarOrder /guzai/TTYC/Application/Back/Controller/OrderyjhController.class.php 第 184 行.
SQL: SELECT * FROM `tuo_carxing` WHERE `cxjj_id` = '' LIMIT 1   [ RunTime:0.0001s ]
NOTIC: [8] Undefined offset: 1 /guzai/TTYC/Application/Back/Controller/OrderyjhController.class.php 第 186 行.
SQL: SELECT * FROM `tuo_carxing` WHERE `cxjj_id` = null LIMIT 1   [ RunTime:0.0001s ]
NOTIC: [8] Undefined index: CarOrder /guzai/TTYC/Application/Back/Controller/OrderyjhController.class.php 第 188 行.
SQL: SELECT * FROM `tuo_area` WHERE `area_type` = 1  [ RunTime:0.0001s ]
NOTIC: [8] Undefined index: CarOrder /guzai/TTYC/Application/Back/Controller/OrderyjhController.class.php 第 210 行.
SQL: SHOW COLUMNS FROM `tuo_log` [ RunTime:0.0003s ]
SQL: SELECT * FROM `tuo_log` WHERE `order_code` = '05402351' ORDER BY log_time desc  [ RunTime:0.0001s ]
INFO: [ view_parse ] --START--
INFO: [ template_filter ] --START--
INFO: Run Behavior\ContentReplaceBehavior [ RunTime:0.000838s ]
INFO: [ template_filter ] --END-- [ RunTime:0.000916s ]
NOTIC: [8] Undefined index:  /guzai/TTYC/Application/Runtime/Cache/Back/2785def0ea9fbc783d45b5edeafaf0eb.php 第 112 行.
NOTIC: [8] Undefined offset: 1 /guzai/TTYC/Application/Runtime/Cache/Back/2785def0ea9fbc783d45b5edeafaf0eb.php 第 474 行.
NOTIC: [8] Undefined offset: 2 /guzai/TTYC/Application/Runtime/Cache/Back/2785def0ea9fbc783d45b5edeafaf0eb.php 第 475 行.
INFO: Run Behavior\ParseTemplateBehavior [ RunTime:0.036976s ]
INFO: [ view_parse ] --END-- [ RunTime:0.037036s ]
INFO: [ view_filter ] --START--
INFO: Run Behavior\WriteHtmlCacheBehavior [ RunTime:0.000133s ]
INFO: [ view_filter ] --END-- [ RunTime:0.000173s ]
INFO: [ app_end ] --START--
INFO: Run Behavior\ShowPageTraceBehavior [ RunTime:0.000356s ]
INFO: [ app_end ] --END-- [ RunTime:0.000402s ]

[ 2018-02-25T19:18:43+08:00 ] 123.150.182.238 /Back/Orderyjh/orderList
INFO: [ app_init ] --START--
INFO: Run Behavior\BuildLiteBehavior [ RunTime:0.000017s ]
INFO: [ app_init ] --END-- [ RunTime:0.000259s ]
INFO: [ app_begin ] --START--
INFO: Run Behavior\ReadHtmlCacheBehavior [ RunTime:0.000321s ]
INFO: [ app_begin ] --END-- [ RunTime:0.000376s ]
NOTIC: [8192] Function mcrypt_cbc() is deprecated /guzai/TTYC/ThinkPHP/Library/DES_PHP/DESPHP.class.php 第 47 行.
INFO: [ view_parse ] --START--
INFO: [ template_filter ] --START--
INFO: Run Behavior\ContentReplaceBehavior [ RunTime:0.000046s ]
INFO: [ template_filter ] --END-- [ RunTime:0.000108s ]
INFO: Run Behavior\ParseTemplateBehavior [ RunTime:0.003556s ]
INFO: [ view_parse ] --END-- [ RunTime:0.003619s ]
INFO: [ view_filter ] --START--
INFO: Run Behavior\WriteHtmlCacheBehavior [ RunTime:0.000111s ]
INFO: [ view_filter ] --END-- [ RunTime:0.000151s ]

