[ 2018-03-11T12:05:21+08:00 ] 223.72.87.46 /Back/Worktwo/referOrder
INFO: [ app_init ] --START--
INFO: Run Behavior\BuildLiteBehavior [ RunTime:0.000013s ]
INFO: [ app_init ] --END-- [ RunTime:0.000264s ]
INFO: [ app_begin ] --START--
INFO: Run Behavior\ReadHtmlCacheBehavior [ RunTime:0.000288s ]
INFO: [ app_begin ] --END-- [ RunTime:0.000337s ]
NOTIC: [8192] Function mcrypt_cbc() is deprecated /guzai/TTYC/ThinkPHP/Library/DES_PHP/DESPHP.class.php 第 47 行.
INFO: [ view_parse ] --START--
INFO: [ template_filter ] --START--
INFO: Run Behavior\ContentReplaceBehavior [ RunTime:0.000046s ]
INFO: [ template_filter ] --END-- [ RunTime:0.000094s ]
INFO: Run Behavior\ParseTemplateBehavior [ RunTime:0.003362s ]
INFO: [ view_parse ] --END-- [ RunTime:0.003408s ]
INFO: [ view_filter ] --START--
INFO: Run Behavior\WriteHtmlCacheBehavior [ RunTime:0.000108s ]
INFO: [ view_filter ] --END-- [ RunTime:0.000144s ]

[ 2018-03-11T12:05:24+08:00 ] 223.72.87.46 /Back/Login/index.html
INFO: [ app_init ] --START--
INFO: Run Behavior\BuildLiteBehavior [ RunTime:0.000014s ]
INFO: [ app_init ] --END-- [ RunTime:0.000263s ]
INFO: [ app_begin ] --START--
INFO: Run Behavior\ReadHtmlCacheBehavior [ RunTime:0.000288s ]
INFO: [ app_begin ] --END-- [ RunTime:0.000337s ]
NOTIC: [8192] Function mcrypt_cbc() is deprecated /guzai/TTYC/ThinkPHP/Library/DES_PHP/DESPHP.class.php 第 47 行.
INFO: [ view_parse ] --START--
INFO: [ template_filter ] --START--
INFO: Run Behavior\ContentReplaceBehavior [ RunTime:0.000055s ]
INFO: [ template_filter ] --END-- [ RunTime:0.000105s ]
INFO: Run Behavior\ParseTemplateBehavior [ RunTime:0.003528s ]
INFO: [ view_parse ] --END-- [ RunTime:0.003576s ]
INFO: [ view_filter ] --START--
INFO: Run Behavior\WriteHtmlCacheBehavior [ RunTime:0.000107s ]
INFO: [ view_filter ] --END-- [ RunTime:0.000145s ]
INFO: [ app_end ] --START--
INFO: Run Behavior\ShowPageTraceBehavior [ RunTime:0.000323s ]
INFO: [ app_end ] --END-- [ RunTime:0.000366s ]

[ 2018-03-11T12:05:24+08:00 ] 223.72.87.46 /Back/Login/verify_c.html
INFO: [ app_init ] --START--
INFO: Run Behavior\BuildLiteBehavior [ RunTime:0.000015s ]
INFO: [ app_init ] --END-- [ RunTime:0.000254s ]
INFO: [ app_begin ] --START--
INFO: Run Behavior\ReadHtmlCacheBehavior [ RunTime:0.000295s ]
INFO: [ app_begin ] --END-- [ RunTime:0.000347s ]
INFO: [ app_end ] --START--
INFO: Run Behavior\ShowPageTraceBehavior [ RunTime:0.000353s ]
INFO: [ app_end ] --END-- [ RunTime:0.000413s ]

[ 2018-03-11T12:06:56+08:00 ] 223.72.87.46 /Back/Login/doLogin
INFO: [ app_init ] --START--
INFO: Run Behavior\BuildLiteBehavior [ RunTime:0.000017s ]
INFO: [ app_init ] --END-- [ RunTime:0.000302s ]
INFO: [ app_begin ] --START--
INFO: Run Behavior\ReadHtmlCacheBehavior [ RunTime:0.000306s ]
INFO: [ app_begin ] --END-- [ RunTime:0.000359s ]
NOTIC: [8] Use of undefined constant Y - assumed 'Y' /guzai/TTYC/Application/Back/Controller/LoginController.class.php 第 36 行.
SQL: SHOW COLUMNS FROM `tuo_admin` [ RunTime:0.0005s ]
SQL: SELECT * FROM `tuo_admin` WHERE `admin_pwd` = '7cf8fa5' AND `admin_acc` = 'admin' AND `admin_flag` = 'Y' LIMIT 1   [ RunTime:0.0001s ]
NOTIC: [8192] Function mcrypt_cbc() is deprecated /guzai/TTYC/ThinkPHP/Library/DES_PHP/DESPHP.class.php 第 36 行.
INFO: [ view_parse ] --START--
INFO: [ template_filter ] --START--
INFO: Run Behavior\ContentReplaceBehavior [ RunTime:0.000043s ]
INFO: [ template_filter ] --END-- [ RunTime:0.000088s ]
INFO: Run Behavior\ParseTemplateBehavior [ RunTime:0.003372s ]
INFO: [ view_parse ] --END-- [ RunTime:0.003419s ]
INFO: [ view_filter ] --START--
INFO: Run Behavior\WriteHtmlCacheBehavior [ RunTime:0.000103s ]
INFO: [ view_filter ] --END-- [ RunTime:0.000148s ]
INFO: [ app_end ] --START--
INFO: Run Behavior\ShowPageTraceBehavior [ RunTime:0.000310s ]
INFO: [ app_end ] --END-- [ RunTime:0.000350s ]

[ 2018-03-11T12:06:57+08:00 ] 223.72.87.46 /Back/Orderyjh/orderList.html
INFO: [ app_init ] --START--
INFO: Run Behavior\BuildLiteBehavior [ RunTime:0.000014s ]
INFO: [ app_init ] --END-- [ RunTime:0.000247s ]
INFO: [ app_begin ] --START--
INFO: Run Behavior\ReadHtmlCacheBehavior [ RunTime:0.000321s ]
INFO: [ app_begin ] --END-- [ RunTime:0.000372s ]
NOTIC: [8192] Function mcrypt_cbc() is deprecated /guzai/TTYC/ThinkPHP/Library/DES_PHP/DESPHP.class.php 第 47 行.
NOTIC: [8192] Function mcrypt_cbc() is deprecated /guzai/TTYC/ThinkPHP/Library/DES_PHP/DESPHP.class.php 第 47 行.
SQL: SHOW COLUMNS FROM `tuo_auth_rule` [ RunTime:0.0005s ]
SQL: SELECT * FROM `tuo_auth_rule`  [ RunTime:0.0002s ]
NOTIC: [8192] Function mcrypt_cbc() is deprecated /guzai/TTYC/ThinkPHP/Library/DES_PHP/DESPHP.class.php 第 47 行.
SQL: SHOW COLUMNS FROM `tuo_auth_group_access` [ RunTime:0.0003s ]
SQL: SELECT `uid`,`group_id`,`title`,`rules` FROM tuo_auth_group_access a INNER JOIN tuo_auth_group g on a.group_id=g.id  WHERE ( a.uid='1' and g.status='1' )  [ RunTime:0.0001s ]
SQL: SELECT * FROM `tuo_auth_rule` WHERE (  (level = "1")  ) AND `pid` = 0 AND `status` = '1' LIMIT 1   [ RunTime:0.0001s ]
NOTIC: [8192] Function mcrypt_cbc() is deprecated /guzai/TTYC/ThinkPHP/Library/DES_PHP/DESPHP.class.php 第 47 行.
SQL: SELECT * FROM `tuo_auth_rule` WHERE (  (level = "1" AND status="1")  ) AND `pid` = 0 ORDER BY id  [ RunTime:0.0001s ]
INFO: 2018-03-11 12:06:57订单---条件---查询:
SQL: SHOW COLUMNS FROM `tuo_order_assistant` [ RunTime:0.0006s ]
INFO: 2018-03-11 12:06:57订单条件查询:{"sh_status":["neq","N"],"order_status":["neq","DIE"],"0":"1=1"}
SQL: SHOW COLUMNS FROM `tuo_area` [ RunTime:0.0003s ]
SQL: SHOW COLUMNS FROM `tuo_position_tracking_record` [ RunTime:0.0003s ]
SQL: SELECT COUNT(*) AS tp_count FROM `tuo_order_assistant` WHERE `sh_status` <> 'N' AND `order_status` <> 'DIE' AND (  1=1 ) LIMIT 1   [ RunTime:0.0001s ]
NOTIC: [8] Undefined variable: html /guzai/TTYC/ThinkPHP/Library/Pages/Page.class.php 第 227 行.
NOTIC: [8] Undefined variable: html /guzai/TTYC/ThinkPHP/Library/Pages/Page.class.php 第 246 行.
NOTIC: [8] Undefined variable: html /guzai/TTYC/ThinkPHP/Library/Pages/Page.class.php 第 258 行.
NOTIC: [8] Undefined variable: html /guzai/TTYC/ThinkPHP/Library/Pages/Page.class.php 第 238 行.
NOTIC: [8] Undefined offset: 0 /guzai/TTYC/ThinkPHP/Library/Pages/Page.class.php 第 282 行.
NOTIC: [8] Undefined offset: 1 /guzai/TTYC/ThinkPHP/Library/Pages/Page.class.php 第 282 行.
SQL: SELECT * FROM `tuo_order_assistant` WHERE `sh_status` <> 'N' AND `order_status` <> 'DIE' AND (  1=1 ) ORDER BY order_time desc LIMIT 0,10   [ RunTime:0.0002s ]
SQL: SELECT `area_name` FROM `tuo_area` WHERE `area_id` = '2981' LIMIT 1   [ RunTime:0.0001s ]
SQL: SELECT `area_name` FROM `tuo_area` WHERE `area_id` = '3023' LIMIT 1   [ RunTime:0.0001s ]
SQL: SELECT `area_name` FROM `tuo_area` WHERE `area_id` = '3027' LIMIT 1   [ RunTime:0.0000s ]
SQL: SELECT `area_name` FROM `tuo_area` WHERE `area_id` = '2703' LIMIT 1   [ RunTime:0.0001s ]
SQL: SELECT `area_name` FROM `tuo_area` WHERE `area_id` = '2705' LIMIT 1   [ RunTime:0.0001s ]
SQL: SELECT `content` FROM `tuo_position_tracking_record` WHERE ( order_code ='05100726' ) ORDER BY time desc LIMIT 1   [ RunTime:0.0001s ]
SQL: SELECT `area_name` FROM `tuo_area` WHERE `area_id` = '2981' LIMIT 1   [ RunTime:0.0001s ]
SQL: SELECT `area_name` FROM `tuo_area` WHERE `area_id` = '2983' LIMIT 1   [ RunTime:0.0001s ]
SQL: SELECT `area_name` FROM `tuo_area` WHERE `area_id` = '2984' LIMIT 1   [ RunTime:0.0000s ]
SQL: SELECT `area_name` FROM `tuo_area` WHERE `area_id` = '1100' LIMIT 1   [ RunTime:0.0001s ]
SQL: SELECT `area_name` FROM `tuo_area` WHERE `area_id` = '1101' LIMIT 1   [ RunTime:0.0000s ]
SQL: SELECT `content` FROM `tuo_position_tracking_record` WHERE ( order_code ='05100725' ) ORDER BY time desc LIMIT 1   [ RunTime:0.0000s ]
SQL: SELECT `area_name` FROM `tuo_area` WHERE `area_id` = '1100' LIMIT 1   [ RunTime:0.0001s ]
SQL: SELECT `area_name` FROM `tuo_area` WHERE `area_id` = '1101' LIMIT 1   [ RunTime:0.0000s ]
SQL: SELECT `area_name` FROM `tuo_area` WHERE `area_id` = '3588' LIMIT 1   [ RunTime:0.0001s ]
SQL: SELECT `area_name` FROM `tuo_area` WHERE `area_id` = '2981' LIMIT 1   [ RunTime:0.0000s ]
SQL: SELECT `area_name` FROM `tuo_area` WHERE `area_id` = '2983' LIMIT 1   [ RunTime:0.0000s ]
SQL: SELECT `content` FROM `tuo_position_tracking_record` WHERE ( order_code ='05100724' ) ORDER BY time desc LIMIT 1   [ RunTime:0.0000s ]
SQL: SELECT `area_name` FROM `tuo_area` WHERE `area_id` = '1106' LIMIT 1   [ RunTime:0.0001s ]
SQL: SELECT `area_name` FROM `tuo_area` WHERE `area_id` = '3801' LIMIT 1   [ RunTime:0.0000s ]
SQL: SELECT `area_name` FROM `tuo_area` WHERE `area_id` = '3804' LIMIT 1   [ RunTime:0.0000s ]
SQL: SELECT `area_name` FROM `tuo_area` WHERE `area_id` = '1100' LIMIT 1   [ RunTime:0.0000s ]
SQL: SELECT `area_name` FROM `tuo_area` WHERE `area_id` = '1101' LIMIT 1   [ RunTime:0.0000s ]
SQL: SELECT `content` FROM `tuo_position_tracking_record` WHERE ( order_code ='05100723' ) ORDER BY time desc LIMIT 1   [ RunTime:0.0001s ]
SQL: SELECT `area_name` FROM `tuo_area` WHERE `area_id` = '1103' LIMIT 1   [ RunTime:0.0001s ]
SQL: SELECT `area_name` FROM `tuo_area` WHERE `area_id` = '1104' LIMIT 1   [ RunTime:0.0000s ]
SQL: SELECT `area_name` FROM `tuo_area` WHERE `area_id` = '3605' LIMIT 1   [ RunTime:0.0001s ]
SQL: SELECT `area_name` FROM `tuo_area` WHERE `area_id` = '1310' LIMIT 1   [ RunTime:0.0001s ]
SQL: SELECT `area_name` FROM `tuo_area` WHERE `area_id` = '1312' LIMIT 1   [ RunTime:0.0001s ]
SQL: SELECT `content` FROM `tuo_position_tracking_record` WHERE ( order_code ='05100722' ) ORDER BY time desc LIMIT 1   [ RunTime:0.0000s ]
SQL: SELECT `area_name` FROM `tuo_area` WHERE `area_id` = '1743' LIMIT 1   [ RunTime:0.0000s ]
SQL: SELECT `area_name` FROM `tuo_area` WHERE `area_id` = '1755' LIMIT 1   [ RunTime:0.0001s ]
SQL: SELECT `area_name` FROM `tuo_area` WHERE `area_id` = '1756' LIMIT 1   [ RunTime:0.0001s ]
SQL: SELECT `area_name` FROM `tuo_area` WHERE `area_id` = '1540' LIMIT 1   [ RunTime:0.0000s ]
SQL: SELECT `area_name` FROM `tuo_area` WHERE `area_id` = '1541' LIMIT 1   [ RunTime:0.0001s ]
SQL: SELECT `content` FROM `tuo_position_tracking_record` WHERE ( order_code ='05100721' ) ORDER BY time desc LIMIT 1   [ RunTime:0.0001s ]
SQL: SELECT `area_name` FROM `tuo_area` WHERE `area_id` = '3904' LIMIT 1   [ RunTime:0.0001s ]
SQL: SELECT `area_name` FROM `tuo_area` WHERE `area_id` = '3921' LIMIT 1   [ RunTime:0.0001s ]
SQL: SELECT `area_name` FROM `tuo_area` WHERE `area_id` = '3940' LIMIT 1   [ RunTime:0.0001s ]
SQL: SELECT `area_name` FROM `tuo_area` WHERE `area_id` = '1100' LIMIT 1   [ RunTime:0.0001s ]
SQL: SELECT `area_name` FROM `tuo_area` WHERE `area_id` = '1101' LIMIT 1   [ RunTime:0.0000s ]
SQL: SELECT `content` FROM `tuo_position_tracking_record` WHERE ( order_code ='05100720' ) ORDER BY time desc LIMIT 1   [ RunTime:0.0000s ]
SQL: SELECT `area_name` FROM `tuo_area` WHERE `area_id` = '2676' LIMIT 1   [ RunTime:0.0001s ]
SQL: SELECT `area_name` FROM `tuo_area` WHERE `area_id` = '2677' LIMIT 1   [ RunTime:0.0001s ]
SQL: SELECT `area_name` FROM `tuo_area` WHERE `area_id` = '2687' LIMIT 1   [ RunTime:0.0000s ]
SQL: SELECT `area_name` FROM `tuo_area` WHERE `area_id` = '1100' LIMIT 1   [ RunTime:0.0001s ]
SQL: SELECT `area_name` FROM `tuo_area` WHERE `area_id` = '1101' LIMIT 1   [ RunTime:0.0001s ]
SQL: SELECT `content` FROM `tuo_position_tracking_record` WHERE ( order_code ='05100719' ) ORDER BY time desc LIMIT 1   [ RunTime:0.0001s ]
SQL: SELECT `area_name` FROM `tuo_area` WHERE `area_id` = '3985' LIMIT 1   [ RunTime:0.0001s ]
SQL: SELECT `area_name` FROM `tuo_area` WHERE `area_id` = '3986' LIMIT 1   [ RunTime:0.0001s ]
SQL: SELECT `area_name` FROM `tuo_area` WHERE `area_id` = '3995' LIMIT 1   [ RunTime:0.0000s ]
SQL: SELECT `area_name` FROM `tuo_area` WHERE `area_id` = '1100' LIMIT 1   [ RunTime:0.0001s ]
SQL: SELECT `area_name` FROM `tuo_area` WHERE `area_id` = '1101' LIMIT 1   [ RunTime:0.0000s ]
SQL: SELECT `content` FROM `tuo_position_tracking_record` WHERE ( order_code ='05100718' ) ORDER BY time desc LIMIT 1   [ RunTime:0.0001s ]
SQL: SELECT `area_name` FROM `tuo_area` WHERE `area_id` = '2070' LIMIT 1   [ RunTime:0.0000s ]
SQL: SELECT `area_name` FROM `tuo_area` WHERE `area_id` = '2340' LIMIT 1   [ RunTime:0.0001s ]
SQL: SELECT `area_name` FROM `tuo_area` WHERE `area_id` = '2342' LIMIT 1   [ RunTime:0.0001s ]
SQL: SELECT `area_name` FROM `tuo_area` WHERE `area_id` = '2049' LIMIT 1   [ RunTime:0.0001s ]
SQL: SELECT `area_name` FROM `tuo_area` WHERE `area_id` = '2051' LIMIT 1   [ RunTime:0.0001s ]
SQL: SELECT `content` FROM `tuo_position_tracking_record` WHERE ( order_code ='05100717' ) ORDER BY time desc LIMIT 1   [ RunTime:0.0001s ]
INFO: 2018-03-11 12:06:57查询条件:{"sh_status":["neq","N"],"order_status":["neq","DIE"],"0":"1=1"}
NOTIC: [8] Undefined index: OrderInfo /guzai/TTYC/Application/Back/Controller/OrderyjhController.class.php 第 79 行.
SQL: SHOW COLUMNS FROM `tuo_yundan` [ RunTime:0.0009s ]
SQL: SELECT * FROM `tuo_yundan` WHERE ( order_code = '05100726' and yd_type ='C' ) ORDER BY yd_id desc LIMIT 1   [ RunTime:0.0001s ]
NOTIC: [8] Undefined index: OrderInfo /guzai/TTYC/Application/Back/Controller/OrderyjhController.class.php 第 79 行.
SQL: SELECT * FROM `tuo_yundan` WHERE ( order_code = '05100725' and yd_type ='C' ) ORDER BY yd_id desc LIMIT 1   [ RunTime:0.0001s ]
NOTIC: [8] Undefined index: OrderInfo /guzai/TTYC/Application/Back/Controller/OrderyjhController.class.php 第 79 行.
SQL: SELECT * FROM `tuo_yundan` WHERE ( order_code = '05100724' and yd_type ='C' ) ORDER BY yd_id desc LIMIT 1   [ RunTime:0.0001s ]
NOTIC: [8] Undefined index: OrderInfo /guzai/TTYC/Application/Back/Controller/OrderyjhController.class.php 第 79 行.
SQL: SELECT * FROM `tuo_yundan` WHERE ( order_code = '05100723' and yd_type ='C' ) ORDER BY yd_id desc LIMIT 1   [ RunTime:0.0001s ]
NOTIC: [8] Undefined index: OrderInfo /guzai/TTYC/Application/Back/Controller/OrderyjhController.class.php 第 79 行.
SQL: SELECT * FROM `tuo_yundan` WHERE ( order_code = '05100722' and yd_type ='C' ) ORDER BY yd_id desc LIMIT 1   [ RunTime:0.0001s ]
NOTIC: [8] Undefined index: OrderInfo /guzai/TTYC/Application/Back/Controller/OrderyjhController.class.php 第 79 行.
SQL: SELECT * FROM `tuo_yundan` WHERE ( order_code = '05100721' and yd_type ='C' ) ORDER BY yd_id desc LIMIT 1   [ RunTime:0.0001s ]
NOTIC: [8] Undefined index: OrderInfo /guzai/TTYC/Application/Back/Controller/OrderyjhController.class.php 第 79 行.
SQL: SELECT * FROM `tuo_yundan` WHERE ( order_code = '05100720' and yd_type ='C' ) ORDER BY yd_id desc LIMIT 1   [ RunTime:0.0001s ]
NOTIC: [8] Undefined index: OrderInfo /guzai/TTYC/Application/Back/Controller/OrderyjhController.class.php 第 79 行.
SQL: SELECT * FROM `tuo_yundan` WHERE ( order_code = '05100719' and yd_type ='C' ) ORDER BY yd_id desc LIMIT 1   [ RunTime:0.0001s ]
NOTIC: [8] Undefined index: OrderInfo /guzai/TTYC/Application/Back/Controller/OrderyjhController.class.php 第 79 行.
SQL: SELECT * FROM `tuo_yundan` WHERE ( order_code = '05100718' and yd_type ='C' ) ORDER BY yd_id desc LIMIT 1   [ RunTime:0.0001s ]
NOTIC: [8] Undefined index: OrderInfo /guzai/TTYC/Application/Back/Controller/OrderyjhController.class.php 第 79 行.
SQL: SELECT * FROM `tuo_yundan` WHERE ( order_code = '05100717' and yd_type ='C' ) ORDER BY yd_id desc LIMIT 1   [ RunTime:0.0001s ]
SQL: SELECT COUNT(*) AS tp_count FROM `tuo_order_assistant` WHERE `kefu_shi` = 'N' LIMIT 1   [ RunTime:0.0001s ]
SQL: SELECT COUNT(*) AS tp_count FROM `tuo_order_assistant` WHERE `order_status` = 'S' AND `sh_status` = '' LIMIT 1   [ RunTime:0.0001s ]
SQL: SELECT COUNT(*) AS tp_count FROM `tuo_order_assistant` WHERE `order_status` = 'A' LIMIT 1   [ RunTime:0.0001s ]
SQL: SELECT COUNT(*) AS tp_count FROM `tuo_order_assistant` WHERE `order_status` = 'T' LIMIT 1   [ RunTime:0.0001s ]
SQL: SELECT COUNT(*) AS tp_count FROM `tuo_order_assistant` WHERE `verify` = 'N' AND `order_status` = 'T' LIMIT 1   [ RunTime:0.0001s ]
SQL: SELECT COUNT(*) AS tp_count FROM `tuo_order_assistant` WHERE `order_status` = 'Y' LIMIT 1   [ RunTime:0.0001s ]
SQL: SELECT COUNT(*) AS tp_count FROM `tuo_order_assistant` WHERE `order_status` = 'M' LIMIT 1   [ RunTime:0.0001s ]
SQL: SELECT COUNT(*) AS tp_count FROM `tuo_order_assistant` WHERE `order_status` = 'N' LIMIT 1   [ RunTime:0.0001s ]
SQL: SELECT COUNT(*) AS tp_count FROM `tuo_order_assistant` WHERE `order_status` = 'B' LIMIT 1   [ RunTime:0.0001s ]
SQL: SELECT COUNT(*) AS tp_count FROM `tuo_order_assistant` WHERE `order_status` = 'G' LIMIT 1   [ RunTime:0.0001s ]
SQL: SELECT COUNT(*) AS tp_count FROM `tuo_order_assistant` WHERE `order_status` = 'D' LIMIT 1   [ RunTime:0.0001s ]
SQL: SELECT COUNT(*) AS tp_count FROM `tuo_order_assistant` WHERE `order_status` = 'W' LIMIT 1   [ RunTime:0.0001s ]
SQL: SELECT COUNT(*) AS tp_count FROM `tuo_order_assistant` WHERE `visit` = 'Y' AND `is_visit` = 'N' LIMIT 1   [ RunTime:0.0001s ]
SQL: SELECT COUNT(*) AS tp_count FROM `tuo_order_assistant` WHERE `receipt` = 'Y' AND `is_hui` = 'N' LIMIT 1   [ RunTime:0.0001s ]
SQL: SELECT COUNT(*) AS tp_count FROM `tuo_order_assistant` WHERE `order_status` = 'S' AND `sh_status` = 'N' LIMIT 1   [ RunTime:0.0001s ]
SQL: SELECT COUNT(*) AS tp_count FROM `tuo_order_assistant` WHERE `order_status` = 'DIE' LIMIT 1   [ RunTime:0.0001s ]
SQL: SELECT * FROM `tuo_area` WHERE `area_type` = 1  [ RunTime:0.0001s ]
INFO: [ view_parse ] --START--
INFO: [ template_filter ] --START--
INFO: Run Behavior\ContentReplaceBehavior [ RunTime:0.000286s ]
INFO: [ template_filter ] --END-- [ RunTime:0.000358s ]
NOTIC: [8] Undefined variable: arry /guzai/TTYC/Application/Runtime/Cache/Back/acc93fb97b4eb71b0000237159cc27c7.php 第 214 行.
NOTIC: [8] Undefined variable: arry /guzai/TTYC/Application/Runtime/Cache/Back/acc93fb97b4eb71b0000237159cc27c7.php 第 232 行.
NOTIC: [8] Undefined variable: pay /guzai/TTYC/Application/Runtime/Cache/Back/acc93fb97b4eb71b0000237159cc27c7.php 第 431 行.
INFO: Run Behavior\ParseTemplateBehavior [ RunTime:0.014701s ]
INFO: [ view_parse ] --END-- [ RunTime:0.014770s ]
INFO: [ view_filter ] --START--
INFO: Run Behavior\WriteHtmlCacheBehavior [ RunTime:0.000131s ]
INFO: [ view_filter ] --END-- [ RunTime:0.000171s ]
INFO: [ app_end ] --START--
INFO: Run Behavior\ShowPageTraceBehavior [ RunTime:0.000336s ]
INFO: [ app_end ] --END-- [ RunTime:0.000382s ]

[ 2018-03-11T12:07:09+08:00 ] 223.72.87.46 /Back/Orderyjh/orderList
INFO: [ app_init ] --START--
INFO: Run Behavior\BuildLiteBehavior [ RunTime:0.000013s ]
INFO: [ app_init ] --END-- [ RunTime:0.000241s ]
INFO: [ app_begin ] --START--
INFO: Run Behavior\ReadHtmlCacheBehavior [ RunTime:0.000293s ]
INFO: [ app_begin ] --END-- [ RunTime:0.000341s ]
NOTIC: [8192] Function mcrypt_cbc() is deprecated /guzai/TTYC/ThinkPHP/Library/DES_PHP/DESPHP.class.php 第 47 行.
NOTIC: [8192] Function mcrypt_cbc() is deprecated /guzai/TTYC/ThinkPHP/Library/DES_PHP/DESPHP.class.php 第 47 行.
SQL: SHOW COLUMNS FROM `tuo_auth_rule` [ RunTime:0.0005s ]
SQL: SELECT * FROM `tuo_auth_rule`  [ RunTime:0.0002s ]
NOTIC: [8192] Function mcrypt_cbc() is deprecated /guzai/TTYC/ThinkPHP/Library/DES_PHP/DESPHP.class.php 第 47 行.
SQL: SHOW COLUMNS FROM `tuo_auth_group_access` [ RunTime:0.0003s ]
SQL: SELECT `uid`,`group_id`,`title`,`rules` FROM tuo_auth_group_access a INNER JOIN tuo_auth_group g on a.group_id=g.id  WHERE ( a.uid='1' and g.status='1' )  [ RunTime:0.0001s ]
SQL: SELECT * FROM `tuo_auth_rule` WHERE (  (level = "1")  ) AND `pid` = 0 AND `status` = '1' LIMIT 1   [ RunTime:0.0001s ]
NOTIC: [8192] Function mcrypt_cbc() is deprecated /guzai/TTYC/ThinkPHP/Library/DES_PHP/DESPHP.class.php 第 47 行.
SQL: SELECT * FROM `tuo_auth_rule` WHERE (  (level = "1" AND status="1")  ) AND `pid` = 0 ORDER BY id  [ RunTime:0.0001s ]
INFO: 2018-03-11 12:07:09订单---条件---查询:
SQL: SHOW COLUMNS FROM `tuo_order_assistant` [ RunTime:0.0006s ]
INFO: 2018-03-11 12:07:09订单条件查询:{"sh_status":["neq","N"],"order_status":["neq","DIE"],"0":"1=1"}
SQL: SHOW COLUMNS FROM `tuo_area` [ RunTime:0.0003s ]
SQL: SHOW COLUMNS FROM `tuo_position_tracking_record` [ RunTime:0.0003s ]
SQL: SELECT COUNT(*) AS tp_count FROM `tuo_order_assistant` WHERE `sh_status` <> 'N' AND `order_status` <> 'DIE' AND (  1=1 ) LIMIT 1   [ RunTime:0.0001s ]
NOTIC: [8] Undefined variable: html /guzai/TTYC/ThinkPHP/Library/Pages/Page.class.php 第 227 行.
NOTIC: [8] Undefined variable: html /guzai/TTYC/ThinkPHP/Library/Pages/Page.class.php 第 246 行.
NOTIC: [8] Undefined variable: html /guzai/TTYC/ThinkPHP/Library/Pages/Page.class.php 第 258 行.
NOTIC: [8] Undefined variable: html /guzai/TTYC/ThinkPHP/Library/Pages/Page.class.php 第 238 行.
NOTIC: [8] Undefined offset: 0 /guzai/TTYC/ThinkPHP/Library/Pages/Page.class.php 第 282 行.
NOTIC: [8] Undefined offset: 1 /guzai/TTYC/ThinkPHP/Library/Pages/Page.class.php 第 282 行.
SQL: SELECT * FROM `tuo_order_assistant` WHERE `sh_status` <> 'N' AND `order_status` <> 'DIE' AND (  1=1 ) ORDER BY order_time desc LIMIT 0,10   [ RunTime:0.0002s ]
SQL: SELECT `area_name` FROM `tuo_area` WHERE `area_id` = '2981' LIMIT 1   [ RunTime:0.0001s ]
SQL: SELECT `area_name` FROM `tuo_area` WHERE `area_id` = '3023' LIMIT 1   [ RunTime:0.0001s ]
SQL: SELECT `area_name` FROM `tuo_area` WHERE `area_id` = '3027' LIMIT 1   [ RunTime:0.0001s ]
SQL: SELECT `area_name` FROM `tuo_area` WHERE `area_id` = '2703' LIMIT 1   [ RunTime:0.0001s ]
SQL: SELECT `area_name` FROM `tuo_area` WHERE `area_id` = '2705' LIMIT 1   [ RunTime:0.0001s ]
SQL: SELECT `content` FROM `tuo_position_tracking_record` WHERE ( order_code ='05100726' ) ORDER BY time desc LIMIT 1   [ RunTime:0.0001s ]
SQL: SELECT `area_name` FROM `tuo_area` WHERE `area_id` = '2981' LIMIT 1   [ RunTime:0.0001s ]
SQL: SELECT `area_name` FROM `tuo_area` WHERE `area_id` = '2983' LIMIT 1   [ RunTime:0.0001s ]
SQL: SELECT `area_name` FROM `tuo_area` WHERE `area_id` = '2984' LIMIT 1   [ RunTime:0.0000s ]
SQL: SELECT `area_name` FROM `tuo_area` WHERE `area_id` = '1100' LIMIT 1   [ RunTime:0.0001s ]
SQL: SELECT `area_name` FROM `tuo_area` WHERE `area_id` = '1101' LIMIT 1   [ RunTime:0.0001s ]
SQL: SELECT `content` FROM `tuo_position_tracking_record` WHERE ( order_code ='05100725' ) ORDER BY time desc LIMIT 1   [ RunTime:0.0000s ]
SQL: SELECT `area_name` FROM `tuo_area` WHERE `area_id` = '1100' LIMIT 1   [ RunTime:0.0000s ]
SQL: SELECT `area_name` FROM `tuo_area` WHERE `area_id` = '1101' LIMIT 1   [ RunTime:0.0000s ]
SQL: SELECT `area_name` FROM `tuo_area` WHERE `area_id` = '3588' LIMIT 1   [ RunTime:0.0001s ]
SQL: SELECT `area_name` FROM `tuo_area` WHERE `area_id` = '2981' LIMIT 1   [ RunTime:0.0000s ]
SQL: SELECT `area_name` FROM `tuo_area` WHERE `area_id` = '2983' LIMIT 1   [ RunTime:0.0000s ]
SQL: SELECT `content` FROM `tuo_position_tracking_record` WHERE ( order_code ='05100724' ) ORDER BY time desc LIMIT 1   [ RunTime:0.0000s ]
SQL: SELECT `area_name` FROM `tuo_area` WHERE `area_id` = '1106' LIMIT 1   [ RunTime:0.0000s ]
SQL: SELECT `area_name` FROM `tuo_area` WHERE `area_id` = '3801' LIMIT 1   [ RunTime:0.0001s ]
SQL: SELECT `area_name` FROM `tuo_area` WHERE `area_id` = '3804' LIMIT 1   [ RunTime:0.0001s ]
SQL: SELECT `area_name` FROM `tuo_area` WHERE `area_id` = '1100' LIMIT 1   [ RunTime:0.0000s ]
SQL: SELECT `area_name` FROM `tuo_area` WHERE `area_id` = '1101' LIMIT 1   [ RunTime:0.0000s ]
SQL: SELECT `content` FROM `tuo_position_tracking_record` WHERE ( order_code ='05100723' ) ORDER BY time desc LIMIT 1   [ RunTime:0.0000s ]
SQL: SELECT `area_name` FROM `tuo_area` WHERE `area_id` = '1103' LIMIT 1   [ RunTime:0.0001s ]
SQL: SELECT `area_name` FROM `tuo_area` WHERE `area_id` = '1104' LIMIT 1   [ RunTime:0.0001s ]
SQL: SELECT `area_name` FROM `tuo_area` WHERE `area_id` = '3605' LIMIT 1   [ RunTime:0.0001s ]
SQL: SELECT `area_name` FROM `tuo_area` WHERE `area_id` = '1310' LIMIT 1   [ RunTime:0.0001s ]
SQL: SELECT `area_name` FROM `tuo_area` WHERE `area_id` = '1312' LIMIT 1   [ RunTime:0.0001s ]
SQL: SELECT `content` FROM `tuo_position_tracking_record` WHERE ( order_code ='05100722' ) ORDER BY time desc LIMIT 1   [ RunTime:0.0001s ]
SQL: SELECT `area_name` FROM `tuo_area` WHERE `area_id` = '1743' LIMIT 1   [ RunTime:0.0001s ]
SQL: SELECT `area_name` FROM `tuo_area` WHERE `area_id` = '1755' LIMIT 1   [ RunTime:0.0001s ]
SQL: SELECT `area_name` FROM `tuo_area` WHERE `area_id` = '1756' LIMIT 1   [ RunTime:0.0001s ]
SQL: SELECT `area_name` FROM `tuo_area` WHERE `area_id` = '1540' LIMIT 1   [ RunTime:0.0001s ]
SQL: SELECT `area_name` FROM `tuo_area` WHERE `area_id` = '1541' LIMIT 1   [ RunTime:0.0001s ]
SQL: SELECT `content` FROM `tuo_position_tracking_record` WHERE ( order_code ='05100721' ) ORDER BY time desc LIMIT 1   [ RunTime:0.0001s ]
SQL: SELECT `area_name` FROM `tuo_area` WHERE `area_id` = '3904' LIMIT 1   [ RunTime:0.0001s ]
SQL: SELECT `area_name` FROM `tuo_area` WHERE `area_id` = '3921' LIMIT 1   [ RunTime:0.0001s ]
SQL: SELECT `area_name` FROM `tuo_area` WHERE `area_id` = '3940' LIMIT 1   [ RunTime:0.0001s ]
SQL: SELECT `area_name` FROM `tuo_area` WHERE `area_id` = '1100' LIMIT 1   [ RunTime:0.0000s ]
SQL: SELECT `area_name` FROM `tuo_area` WHERE `area_id` = '1101' LIMIT 1   [ RunTime:0.0001s ]
SQL: SELECT `content` FROM `tuo_position_tracking_record` WHERE ( order_code ='05100720' ) ORDER BY time desc LIMIT 1   [ RunTime:0.0001s ]
SQL: SELECT `area_name` FROM `tuo_area` WHERE `area_id` = '2676' LIMIT 1   [ RunTime:0.0001s ]
SQL: SELECT `area_name` FROM `tuo_area` WHERE `area_id` = '2677' LIMIT 1   [ RunTime:0.0001s ]
SQL: SELECT `area_name` FROM `tuo_area` WHERE `area_id` = '2687' LIMIT 1   [ RunTime:0.0001s ]
SQL: SELECT `area_name` FROM `tuo_area` WHERE `area_id` = '1100' LIMIT 1   [ RunTime:0.0001s ]
SQL: SELECT `area_name` FROM `tuo_area` WHERE `area_id` = '1101' LIMIT 1   [ RunTime:0.0000s ]
SQL: SELECT `content` FROM `tuo_position_tracking_record` WHERE ( order_code ='05100719' ) ORDER BY time desc LIMIT 1   [ RunTime:0.0001s ]
SQL: SELECT `area_name` FROM `tuo_area` WHERE `area_id` = '3985' LIMIT 1   [ RunTime:0.0001s ]
SQL: SELECT `area_name` FROM `tuo_area` WHERE `area_id` = '3986' LIMIT 1   [ RunTime:0.0001s ]
SQL: SELECT `area_name` FROM `tuo_area` WHERE `area_id` = '3995' LIMIT 1   [ RunTime:0.0001s ]
SQL: SELECT `area_name` FROM `tuo_area` WHERE `area_id` = '1100' LIMIT 1   [ RunTime:0.0001s ]
SQL: SELECT `area_name` FROM `tuo_area` WHERE `area_id` = '1101' LIMIT 1   [ RunTime:0.0001s ]
SQL: SELECT `content` FROM `tuo_position_tracking_record` WHERE ( order_code ='05100718' ) ORDER BY time desc LIMIT 1   [ RunTime:0.0001s ]
SQL: SELECT `area_name` FROM `tuo_area` WHERE `area_id` = '2070' LIMIT 1   [ RunTime:0.0001s ]
SQL: SELECT `area_name` FROM `tuo_area` WHERE `area_id` = '2340' LIMIT 1   [ RunTime:0.0001s ]
SQL: SELECT `area_name` FROM `tuo_area` WHERE `area_id` = '2342' LIMIT 1   [ RunTime:0.0001s ]
SQL: SELECT `area_name` FROM `tuo_area` WHERE `area_id` = '2049' LIMIT 1   [ RunTime:0.0001s ]
SQL: SELECT `area_name` FROM `tuo_area` WHERE `area_id` = '2051' LIMIT 1   [ RunTime:0.0000s ]
SQL: SELECT `content` FROM `tuo_position_tracking_record` WHERE ( order_code ='05100717' ) ORDER BY time desc LIMIT 1   [ RunTime:0.0001s ]
INFO: 2018-03-11 12:07:09查询条件:{"sh_status":["neq","N"],"order_status":["neq","DIE"],"0":"1=1"}
NOTIC: [8] Undefined index: OrderInfo /guzai/TTYC/Application/Back/Controller/OrderyjhController.class.php 第 79 行.
SQL: SHOW COLUMNS FROM `tuo_yundan` [ RunTime:0.0005s ]
SQL: SELECT * FROM `tuo_yundan` WHERE ( order_code = '05100726' and yd_type ='C' ) ORDER BY yd_id desc LIMIT 1   [ RunTime:0.0001s ]
NOTIC: [8] Undefined index: OrderInfo /guzai/TTYC/Application/Back/Controller/OrderyjhController.class.php 第 79 行.
SQL: SELECT * FROM `tuo_yundan` WHERE ( order_code = '05100725' and yd_type ='C' ) ORDER BY yd_id desc LIMIT 1   [ RunTime:0.0001s ]
NOTIC: [8] Undefined index: OrderInfo /guzai/TTYC/Application/Back/Controller/OrderyjhController.class.php 第 79 行.
SQL: SELECT * FROM `tuo_yundan` WHERE ( order_code = '05100724' and yd_type ='C' ) ORDER BY yd_id desc LIMIT 1   [ RunTime:0.0001s ]
NOTIC: [8] Undefined index: OrderInfo /guzai/TTYC/Application/Back/Controller/OrderyjhController.class.php 第 79 行.
SQL: SELECT * FROM `tuo_yundan` WHERE ( order_code = '05100723' and yd_type ='C' ) ORDER BY yd_id desc LIMIT 1   [ RunTime:0.0001s ]
NOTIC: [8] Undefined index: OrderInfo /guzai/TTYC/Application/Back/Controller/OrderyjhController.class.php 第 79 行.
SQL: SELECT * FROM `tuo_yundan` WHERE ( order_code = '05100722' and yd_type ='C' ) ORDER BY yd_id desc LIMIT 1   [ RunTime:0.0001s ]
NOTIC: [8] Undefined index: OrderInfo /guzai/TTYC/Application/Back/Controller/OrderyjhController.class.php 第 79 行.
SQL: SELECT * FROM `tuo_yundan` WHERE ( order_code = '05100721' and yd_type ='C' ) ORDER BY yd_id desc LIMIT 1   [ RunTime:0.0001s ]
NOTIC: [8] Undefined index: OrderInfo /guzai/TTYC/Application/Back/Controller/OrderyjhController.class.php 第 79 行.
SQL: SELECT * FROM `tuo_yundan` WHERE ( order_code = '05100720' and yd_type ='C' ) ORDER BY yd_id desc LIMIT 1   [ RunTime:0.0001s ]
NOTIC: [8] Undefined index: OrderInfo /guzai/TTYC/Application/Back/Controller/OrderyjhController.class.php 第 79 行.
SQL: SELECT * FROM `tuo_yundan` WHERE ( order_code = '05100719' and yd_type ='C' ) ORDER BY yd_id desc LIMIT 1   [ RunTime:0.0001s ]
NOTIC: [8] Undefined index: OrderInfo /guzai/TTYC/Application/Back/Controller/OrderyjhController.class.php 第 79 行.
SQL: SELECT * FROM `tuo_yundan` WHERE ( order_code = '05100718' and yd_type ='C' ) ORDER BY yd_id desc LIMIT 1   [ RunTime:0.0001s ]
NOTIC: [8] Undefined index: OrderInfo /guzai/TTYC/Application/Back/Controller/OrderyjhController.class.php 第 79 行.
SQL: SELECT * FROM `tuo_yundan` WHERE ( order_code = '05100717' and yd_type ='C' ) ORDER BY yd_id desc LIMIT 1   [ RunTime:0.0001s ]
SQL: SELECT COUNT(*) AS tp_count FROM `tuo_order_assistant` WHERE `kefu_shi` = 'N' LIMIT 1   [ RunTime:0.0001s ]
SQL: SELECT COUNT(*) AS tp_count FROM `tuo_order_assistant` WHERE `order_status` = 'S' AND `sh_status` = '' LIMIT 1   [ RunTime:0.0001s ]
SQL: SELECT COUNT(*) AS tp_count FROM `tuo_order_assistant` WHERE `order_status` = 'A' LIMIT 1   [ RunTime:0.0001s ]
SQL: SELECT COUNT(*) AS tp_count FROM `tuo_order_assistant` WHERE `order_status` = 'T' LIMIT 1   [ RunTime:0.0000s ]
SQL: SELECT COUNT(*) AS tp_count FROM `tuo_order_assistant` WHERE `verify` = 'N' AND `order_status` = 'T' LIMIT 1   [ RunTime:0.0001s ]
SQL: SELECT COUNT(*) AS tp_count FROM `tuo_order_assistant` WHERE `order_status` = 'Y' LIMIT 1   [ RunTime:0.0001s ]
SQL: SELECT COUNT(*) AS tp_count FROM `tuo_order_assistant` WHERE `order_status` = 'M' LIMIT 1   [ RunTime:0.0001s ]
SQL: SELECT COUNT(*) AS tp_count FROM `tuo_order_assistant` WHERE `order_status` = 'N' LIMIT 1   [ RunTime:0.0001s ]
SQL: SELECT COUNT(*) AS tp_count FROM `tuo_order_assistant` WHERE `order_status` = 'B' LIMIT 1   [ RunTime:0.0001s ]
SQL: SELECT COUNT(*) AS tp_count FROM `tuo_order_assistant` WHERE `order_status` = 'G' LIMIT 1   [ RunTime:0.0001s ]
SQL: SELECT COUNT(*) AS tp_count FROM `tuo_order_assistant` WHERE `order_status` = 'D' LIMIT 1   [ RunTime:0.0001s ]
SQL: SELECT COUNT(*) AS tp_count FROM `tuo_order_assistant` WHERE `order_status` = 'W' LIMIT 1   [ RunTime:0.0000s ]
SQL: SELECT COUNT(*) AS tp_count FROM `tuo_order_assistant` WHERE `visit` = 'Y' AND `is_visit` = 'N' LIMIT 1   [ RunTime:0.0001s ]
SQL: SELECT COUNT(*) AS tp_count FROM `tuo_order_assistant` WHERE `receipt` = 'Y' AND `is_hui` = 'N' LIMIT 1   [ RunTime:0.0001s ]
SQL: SELECT COUNT(*) AS tp_count FROM `tuo_order_assistant` WHERE `order_status` = 'S' AND `sh_status` = 'N' LIMIT 1   [ RunTime:0.0001s ]
SQL: SELECT COUNT(*) AS tp_count FROM `tuo_order_assistant` WHERE `order_status` = 'DIE' LIMIT 1   [ RunTime:0.0001s ]
SQL: SELECT * FROM `tuo_area` WHERE `area_type` = 1  [ RunTime:0.0001s ]
INFO: [ view_parse ] --START--
INFO: [ template_filter ] --START--
INFO: Run Behavior\ContentReplaceBehavior [ RunTime:0.000262s ]
INFO: [ template_filter ] --END-- [ RunTime:0.000318s ]
NOTIC: [8] Undefined variable: arry /guzai/TTYC/Application/Runtime/Cache/Back/acc93fb97b4eb71b0000237159cc27c7.php 第 214 行.
NOTIC: [8] Undefined variable: arry /guzai/TTYC/Application/Runtime/Cache/Back/acc93fb97b4eb71b0000237159cc27c7.php 第 232 行.
NOTIC: [8] Undefined variable: pay /guzai/TTYC/Application/Runtime/Cache/Back/acc93fb97b4eb71b0000237159cc27c7.php 第 431 行.
INFO: Run Behavior\ParseTemplateBehavior [ RunTime:0.014206s ]
INFO: [ view_parse ] --END-- [ RunTime:0.014259s ]
INFO: [ view_filter ] --START--
INFO: Run Behavior\WriteHtmlCacheBehavior [ RunTime:0.000124s ]
INFO: [ view_filter ] --END-- [ RunTime:0.000165s ]
INFO: [ app_end ] --START--
INFO: Run Behavior\ShowPageTraceBehavior [ RunTime:0.000324s ]
INFO: [ app_end ] --END-- [ RunTime:0.000370s ]

[ 2018-03-11T12:07:16+08:00 ] 223.72.87.46 /Back/Worktwo/referOrder
INFO: [ app_init ] --START--
INFO: Run Behavior\BuildLiteBehavior [ RunTime:0.000014s ]
INFO: [ app_init ] --END-- [ RunTime:0.000250s ]
INFO: [ app_begin ] --START--
INFO: Run Behavior\ReadHtmlCacheBehavior [ RunTime:0.000289s ]
INFO: [ app_begin ] --END-- [ RunTime:0.000340s ]
NOTIC: [8192] Function mcrypt_cbc() is deprecated /guzai/TTYC/ThinkPHP/Library/DES_PHP/DESPHP.class.php 第 47 行.
NOTIC: [8192] Function mcrypt_cbc() is deprecated /guzai/TTYC/ThinkPHP/Library/DES_PHP/DESPHP.class.php 第 47 行.
SQL: SHOW COLUMNS FROM `tuo_auth_rule` [ RunTime:0.0005s ]
SQL: SELECT * FROM `tuo_auth_rule`  [ RunTime:0.0002s ]
NOTIC: [8192] Function mcrypt_cbc() is deprecated /guzai/TTYC/ThinkPHP/Library/DES_PHP/DESPHP.class.php 第 47 行.
SQL: SHOW COLUMNS FROM `tuo_auth_group_access` [ RunTime:0.0003s ]
SQL: SELECT `uid`,`group_id`,`title`,`rules` FROM tuo_auth_group_access a INNER JOIN tuo_auth_group g on a.group_id=g.id  WHERE ( a.uid='1' and g.status='1' )  [ RunTime:0.0001s ]
SQL: SELECT * FROM `tuo_auth_rule` WHERE (  (level = "1")  ) AND `pid` = 0 AND `status` = '1' LIMIT 1   [ RunTime:0.0001s ]
NOTIC: [8192] Function mcrypt_cbc() is deprecated /guzai/TTYC/ThinkPHP/Library/DES_PHP/DESPHP.class.php 第 47 行.
SQL: SELECT * FROM `tuo_auth_rule` WHERE (  (level = "1" AND status="1")  ) AND `pid` = 0 ORDER BY id  [ RunTime:0.0001s ]
SQL: SHOW COLUMNS FROM `tuo_carxing` [ RunTime:0.0003s ]
SQL: SELECT * FROM `tuo_carxing` WHERE `cxjj_pid` = 0  [ RunTime:0.0002s ]
SQL: SHOW COLUMNS FROM `tuo_area` [ RunTime:0.0003s ]
SQL: SELECT * FROM `tuo_area` WHERE `area_pid` = 1  [ RunTime:0.0001s ]
INFO: [ view_parse ] --START--
INFO: [ template_filter ] --START--
INFO: Run Behavior\ContentReplaceBehavior [ RunTime:0.000392s ]
INFO: [ template_filter ] --END-- [ RunTime:0.000449s ]
NOTIC: [8] Undefined variable: pval /guzai/TTYC/Application/Runtime/Cache/Back/9ed2f3127f694d03faaacdc929af6ad5.php 第 118 行.
NOTIC: [8] Undefined variable: cval /guzai/TTYC/Application/Runtime/Cache/Back/9ed2f3127f694d03faaacdc929af6ad5.php 第 126 行.
NOTIC: [8] Undefined variable: coval /guzai/TTYC/Application/Runtime/Cache/Back/9ed2f3127f694d03faaacdc929af6ad5.php 第 135 行.
NOTIC: [8] Undefined variable: pval /guzai/TTYC/Application/Runtime/Cache/Back/9ed2f3127f694d03faaacdc929af6ad5.php 第 167 行.
NOTIC: [8] Undefined variable: cval /guzai/TTYC/Application/Runtime/Cache/Back/9ed2f3127f694d03faaacdc929af6ad5.php 第 175 行.
INFO: Run Behavior\ParseTemplateBehavior [ RunTime:0.014696s ]
INFO: [ view_parse ] --END-- [ RunTime:0.014742s ]
INFO: [ view_filter ] --START--
INFO: Run Behavior\WriteHtmlCacheBehavior [ RunTime:0.000119s ]
INFO: [ view_filter ] --END-- [ RunTime:0.000161s ]
INFO: [ app_end ] --START--
INFO: Run Behavior\ShowPageTraceBehavior [ RunTime:0.000318s ]
INFO: [ app_end ] --END-- [ RunTime:0.000366s ]

[ 2018-03-11T12:07:23+08:00 ] 223.72.87.46 /Back/Product/area_act
INFO: [ app_init ] --START--
INFO: Run Behavior\BuildLiteBehavior [ RunTime:0.000016s ]
INFO: [ app_init ] --END-- [ RunTime:0.000347s ]
INFO: [ app_begin ] --START--
INFO: Run Behavior\ReadHtmlCacheBehavior [ RunTime:0.000301s ]
INFO: [ app_begin ] --END-- [ RunTime:0.000349s ]
NOTIC: [8192] Function mcrypt_cbc() is deprecated /guzai/TTYC/ThinkPHP/Library/DES_PHP/DESPHP.class.php 第 47 行.
NOTIC: [8192] Function mcrypt_cbc() is deprecated /guzai/TTYC/ThinkPHP/Library/DES_PHP/DESPHP.class.php 第 47 行.
SQL: SHOW COLUMNS FROM `tuo_auth_rule` [ RunTime:0.0005s ]
SQL: SELECT * FROM `tuo_auth_rule`  [ RunTime:0.0002s ]
SQL: SELECT * FROM `tuo_auth_rule` WHERE `id` = 18 LIMIT 1   [ RunTime:0.0001s ]
NOTIC: [8192] Function mcrypt_cbc() is deprecated /guzai/TTYC/ThinkPHP/Library/DES_PHP/DESPHP.class.php 第 47 行.
SQL: SHOW COLUMNS FROM `tuo_auth_group_access` [ RunTime:0.0003s ]
SQL: SELECT `uid`,`group_id`,`title`,`rules` FROM tuo_auth_group_access a INNER JOIN tuo_auth_group g on a.group_id=g.id  WHERE ( a.uid='1' and g.status='1' )  [ RunTime:0.0001s ]
SQL: SELECT * FROM `tuo_auth_rule` WHERE (  (level = "1")  ) AND `pid` = 0 AND `status` = '1' LIMIT 1   [ RunTime:0.0001s ]
NOTIC: [8192] Function mcrypt_cbc() is deprecated /guzai/TTYC/ThinkPHP/Library/DES_PHP/DESPHP.class.php 第 47 行.
SQL: SELECT * FROM `tuo_auth_rule` WHERE (  (level = "1" AND status="1")  ) AND `pid` = 0 ORDER BY id  [ RunTime:0.0001s ]
SQL: SELECT * FROM `tuo_area` WHERE `area_pid` = '2912'  [ RunTime:0.0001s ]

[ 2018-03-11T12:07:27+08:00 ] 223.72.87.46 /Back/Product/area_act
INFO: [ app_init ] --START--
INFO: Run Behavior\BuildLiteBehavior [ RunTime:0.000016s ]
INFO: [ app_init ] --END-- [ RunTime:0.000257s ]
INFO: [ app_begin ] --START--
INFO: Run Behavior\ReadHtmlCacheBehavior [ RunTime:0.000308s ]
INFO: [ app_begin ] --END-- [ RunTime:0.000365s ]
NOTIC: [8192] Function mcrypt_cbc() is deprecated /guzai/TTYC/ThinkPHP/Library/DES_PHP/DESPHP.class.php 第 47 行.
NOTIC: [8192] Function mcrypt_cbc() is deprecated /guzai/TTYC/ThinkPHP/Library/DES_PHP/DESPHP.class.php 第 47 行.
SQL: SHOW COLUMNS FROM `tuo_auth_rule` [ RunTime:0.0005s ]
SQL: SELECT * FROM `tuo_auth_rule`  [ RunTime:0.0003s ]
SQL: SELECT * FROM `tuo_auth_rule` WHERE `id` = 18 LIMIT 1   [ RunTime:0.0001s ]
NOTIC: [8192] Function mcrypt_cbc() is deprecated /guzai/TTYC/ThinkPHP/Library/DES_PHP/DESPHP.class.php 第 47 行.
SQL: SHOW COLUMNS FROM `tuo_auth_group_access` [ RunTime:0.0003s ]
SQL: SELECT `uid`,`group_id`,`title`,`rules` FROM tuo_auth_group_access a INNER JOIN tuo_auth_group g on a.group_id=g.id  WHERE ( a.uid='1' and g.status='1' )  [ RunTime:0.0001s ]
SQL: SELECT * FROM `tuo_auth_rule` WHERE (  (level = "1")  ) AND `pid` = 0 AND `status` = '1' LIMIT 1   [ RunTime:0.0001s ]
NOTIC: [8192] Function mcrypt_cbc() is deprecated /guzai/TTYC/ThinkPHP/Library/DES_PHP/DESPHP.class.php 第 47 行.
SQL: SELECT * FROM `tuo_auth_rule` WHERE (  (level = "1" AND status="1")  ) AND `pid` = 0 ORDER BY id  [ RunTime:0.0001s ]
SQL: SELECT * FROM `tuo_area` WHERE `area_pid` = '2703'  [ RunTime:0.0001s ]

[ 2018-03-11T12:07:30+08:00 ] 223.72.87.46 /Back/Product/area_act
INFO: [ app_init ] --START--
INFO: Run Behavior\BuildLiteBehavior [ RunTime:0.000015s ]
INFO: [ app_init ] --END-- [ RunTime:0.000251s ]
INFO: [ app_begin ] --START--
INFO: Run Behavior\ReadHtmlCacheBehavior [ RunTime:0.000289s ]
INFO: [ app_begin ] --END-- [ RunTime:0.000337s ]
NOTIC: [8192] Function mcrypt_cbc() is deprecated /guzai/TTYC/ThinkPHP/Library/DES_PHP/DESPHP.class.php 第 47 行.
NOTIC: [8192] Function mcrypt_cbc() is deprecated /guzai/TTYC/ThinkPHP/Library/DES_PHP/DESPHP.class.php 第 47 行.
SQL: SHOW COLUMNS FROM `tuo_auth_rule` [ RunTime:0.0005s ]
SQL: SELECT * FROM `tuo_auth_rule`  [ RunTime:0.0003s ]
SQL: SELECT * FROM `tuo_auth_rule` WHERE `id` = 18 LIMIT 1   [ RunTime:0.0001s ]
NOTIC: [8192] Function mcrypt_cbc() is deprecated /guzai/TTYC/ThinkPHP/Library/DES_PHP/DESPHP.class.php 第 47 行.
SQL: SHOW COLUMNS FROM `tuo_auth_group_access` [ RunTime:0.0003s ]
SQL: SELECT `uid`,`group_id`,`title`,`rules` FROM tuo_auth_group_access a INNER JOIN tuo_auth_group g on a.group_id=g.id  WHERE ( a.uid='1' and g.status='1' )  [ RunTime:0.0001s ]
SQL: SELECT * FROM `tuo_auth_rule` WHERE (  (level = "1")  ) AND `pid` = 0 AND `status` = '1' LIMIT 1   [ RunTime:0.0001s ]
NOTIC: [8192] Function mcrypt_cbc() is deprecated /guzai/TTYC/ThinkPHP/Library/DES_PHP/DESPHP.class.php 第 47 行.
SQL: SELECT * FROM `tuo_auth_rule` WHERE (  (level = "1" AND status="1")  ) AND `pid` = 0 ORDER BY id  [ RunTime:0.0001s ]
SQL: SELECT * FROM `tuo_area` WHERE `area_pid` = '2738'  [ RunTime:0.0001s ]

[ 2018-03-11T12:07:36+08:00 ] 223.72.87.46 /Back/Product/area_act
INFO: [ app_init ] --START--
INFO: Run Behavior\BuildLiteBehavior [ RunTime:0.000017s ]
INFO: [ app_init ] --END-- [ RunTime:0.000292s ]
INFO: [ app_begin ] --START--
INFO: Run Behavior\ReadHtmlCacheBehavior [ RunTime:0.000309s ]
INFO: [ app_begin ] --END-- [ RunTime:0.000360s ]
NOTIC: [8192] Function mcrypt_cbc() is deprecated /guzai/TTYC/ThinkPHP/Library/DES_PHP/DESPHP.class.php 第 47 行.
NOTIC: [8192] Function mcrypt_cbc() is deprecated /guzai/TTYC/ThinkPHP/Library/DES_PHP/DESPHP.class.php 第 47 行.
SQL: SHOW COLUMNS FROM `tuo_auth_rule` [ RunTime:0.0005s ]
SQL: SELECT * FROM `tuo_auth_rule`  [ RunTime:0.0003s ]
SQL: SELECT * FROM `tuo_auth_rule` WHERE `id` = 18 LIMIT 1   [ RunTime:0.0001s ]
NOTIC: [8192] Function mcrypt_cbc() is deprecated /guzai/TTYC/ThinkPHP/Library/DES_PHP/DESPHP.class.php 第 47 行.
SQL: SHOW COLUMNS FROM `tuo_auth_group_access` [ RunTime:0.0003s ]
SQL: SELECT `uid`,`group_id`,`title`,`rules` FROM tuo_auth_group_access a INNER JOIN tuo_auth_group g on a.group_id=g.id  WHERE ( a.uid='1' and g.status='1' )  [ RunTime:0.0001s ]
SQL: SELECT * FROM `tuo_auth_rule` WHERE (  (level = "1")  ) AND `pid` = 0 AND `status` = '1' LIMIT 1   [ RunTime:0.0001s ]
NOTIC: [8192] Function mcrypt_cbc() is deprecated /guzai/TTYC/ThinkPHP/Library/DES_PHP/DESPHP.class.php 第 47 行.
SQL: SELECT * FROM `tuo_auth_rule` WHERE (  (level = "1" AND status="1")  ) AND `pid` = 0 ORDER BY id  [ RunTime:0.0001s ]
SQL: SELECT * FROM `tuo_area` WHERE `area_pid` = '2738'  [ RunTime:0.0001s ]

[ 2018-03-11T12:07:39+08:00 ] 223.72.87.46 /Back/Product/area_act
INFO: [ app_init ] --START--
INFO: Run Behavior\BuildLiteBehavior [ RunTime:0.000014s ]
INFO: [ app_init ] --END-- [ RunTime:0.000262s ]
INFO: [ app_begin ] --START--
INFO: Run Behavior\ReadHtmlCacheBehavior [ RunTime:0.000292s ]
INFO: [ app_begin ] --END-- [ RunTime:0.000340s ]
NOTIC: [8192] Function mcrypt_cbc() is deprecated /guzai/TTYC/ThinkPHP/Library/DES_PHP/DESPHP.class.php 第 47 行.
NOTIC: [8192] Function mcrypt_cbc() is deprecated /guzai/TTYC/ThinkPHP/Library/DES_PHP/DESPHP.class.php 第 47 行.
SQL: SHOW COLUMNS FROM `tuo_auth_rule` [ RunTime:0.0005s ]
SQL: SELECT * FROM `tuo_auth_rule`  [ RunTime:0.0003s ]
SQL: SELECT * FROM `tuo_auth_rule` WHERE `id` = 18 LIMIT 1   [ RunTime:0.0001s ]
NOTIC: [8192] Function mcrypt_cbc() is deprecated /guzai/TTYC/ThinkPHP/Library/DES_PHP/DESPHP.class.php 第 47 行.
SQL: SHOW COLUMNS FROM `tuo_auth_group_access` [ RunTime:0.0003s ]
SQL: SELECT `uid`,`group_id`,`title`,`rules` FROM tuo_auth_group_access a INNER JOIN tuo_auth_group g on a.group_id=g.id  WHERE ( a.uid='1' and g.status='1' )  [ RunTime:0.0001s ]
SQL: SELECT * FROM `tuo_auth_rule` WHERE (  (level = "1")  ) AND `pid` = 0 AND `status` = '1' LIMIT 1   [ RunTime:0.0001s ]
NOTIC: [8192] Function mcrypt_cbc() is deprecated /guzai/TTYC/ThinkPHP/Library/DES_PHP/DESPHP.class.php 第 47 行.
SQL: SELECT * FROM `tuo_auth_rule` WHERE (  (level = "1" AND status="1")  ) AND `pid` = 0 ORDER BY id  [ RunTime:0.0001s ]
SQL: SELECT * FROM `tuo_area` WHERE `area_pid` = '2738'  [ RunTime:0.0001s ]

[ 2018-03-11T12:07:40+08:00 ] 223.72.87.46 /Back/Product/area_act
INFO: [ app_init ] --START--
INFO: Run Behavior\BuildLiteBehavior [ RunTime:0.000014s ]
INFO: [ app_init ] --END-- [ RunTime:0.000240s ]
INFO: [ app_begin ] --START--
INFO: Run Behavior\ReadHtmlCacheBehavior [ RunTime:0.000283s ]
INFO: [ app_begin ] --END-- [ RunTime:0.000328s ]
NOTIC: [8192] Function mcrypt_cbc() is deprecated /guzai/TTYC/ThinkPHP/Library/DES_PHP/DESPHP.class.php 第 47 行.
NOTIC: [8192] Function mcrypt_cbc() is deprecated /guzai/TTYC/ThinkPHP/Library/DES_PHP/DESPHP.class.php 第 47 行.
SQL: SHOW COLUMNS FROM `tuo_auth_rule` [ RunTime:0.0005s ]
SQL: SELECT * FROM `tuo_auth_rule`  [ RunTime:0.0002s ]
SQL: SELECT * FROM `tuo_auth_rule` WHERE `id` = 18 LIMIT 1   [ RunTime:0.0001s ]
NOTIC: [8192] Function mcrypt_cbc() is deprecated /guzai/TTYC/ThinkPHP/Library/DES_PHP/DESPHP.class.php 第 47 行.
SQL: SHOW COLUMNS FROM `tuo_auth_group_access` [ RunTime:0.0003s ]
SQL: SELECT `uid`,`group_id`,`title`,`rules` FROM tuo_auth_group_access a INNER JOIN tuo_auth_group g on a.group_id=g.id  WHERE ( a.uid='1' and g.status='1' )  [ RunTime:0.0001s ]
SQL: SELECT * FROM `tuo_auth_rule` WHERE (  (level = "1")  ) AND `pid` = 0 AND `status` = '1' LIMIT 1   [ RunTime:0.0001s ]
NOTIC: [8192] Function mcrypt_cbc() is deprecated /guzai/TTYC/ThinkPHP/Library/DES_PHP/DESPHP.class.php 第 47 行.
SQL: SELECT * FROM `tuo_auth_rule` WHERE (  (level = "1" AND status="1")  ) AND `pid` = 0 ORDER BY id  [ RunTime:0.0001s ]
SQL: SELECT * FROM `tuo_area` WHERE `area_pid` = '2705'  [ RunTime:0.0001s ]

[ 2018-03-11T12:07:41+08:00 ] 223.72.87.46 /Back/Product/area_act
INFO: [ app_init ] --START--
INFO: Run Behavior\BuildLiteBehavior [ RunTime:0.000014s ]
INFO: [ app_init ] --END-- [ RunTime:0.000245s ]
INFO: [ app_begin ] --START--
INFO: Run Behavior\ReadHtmlCacheBehavior [ RunTime:0.000299s ]
INFO: [ app_begin ] --END-- [ RunTime:0.000344s ]
NOTIC: [8192] Function mcrypt_cbc() is deprecated /guzai/TTYC/ThinkPHP/Library/DES_PHP/DESPHP.class.php 第 47 行.
NOTIC: [8192] Function mcrypt_cbc() is deprecated /guzai/TTYC/ThinkPHP/Library/DES_PHP/DESPHP.class.php 第 47 行.
SQL: SHOW COLUMNS FROM `tuo_auth_rule` [ RunTime:0.0005s ]
SQL: SELECT * FROM `tuo_auth_rule`  [ RunTime:0.0002s ]
SQL: SELECT * FROM `tuo_auth_rule` WHERE `id` = 18 LIMIT 1   [ RunTime:0.0001s ]
NOTIC: [8192] Function mcrypt_cbc() is deprecated /guzai/TTYC/ThinkPHP/Library/DES_PHP/DESPHP.class.php 第 47 行.
SQL: SHOW COLUMNS FROM `tuo_auth_group_access` [ RunTime:0.0003s ]
SQL: SELECT `uid`,`group_id`,`title`,`rules` FROM tuo_auth_group_access a INNER JOIN tuo_auth_group g on a.group_id=g.id  WHERE ( a.uid='1' and g.status='1' )  [ RunTime:0.0001s ]
SQL: SELECT * FROM `tuo_auth_rule` WHERE (  (level = "1")  ) AND `pid` = 0 AND `status` = '1' LIMIT 1   [ RunTime:0.0001s ]
NOTIC: [8192] Function mcrypt_cbc() is deprecated /guzai/TTYC/ThinkPHP/Library/DES_PHP/DESPHP.class.php 第 47 行.
SQL: SELECT * FROM `tuo_auth_rule` WHERE (  (level = "1" AND status="1")  ) AND `pid` = 0 ORDER BY id  [ RunTime:0.0001s ]
SQL: SELECT * FROM `tuo_area` WHERE `area_pid` = '2738'  [ RunTime:0.0001s ]

[ 2018-03-11T12:07:44+08:00 ] 223.72.87.46 /Back/Product/area_act
INFO: [ app_init ] --START--
INFO: Run Behavior\BuildLiteBehavior [ RunTime:0.000013s ]
INFO: [ app_init ] --END-- [ RunTime:0.000238s ]
INFO: [ app_begin ] --START--
INFO: Run Behavior\ReadHtmlCacheBehavior [ RunTime:0.000286s ]
INFO: [ app_begin ] --END-- [ RunTime:0.000330s ]
NOTIC: [8192] Function mcrypt_cbc() is deprecated /guzai/TTYC/ThinkPHP/Library/DES_PHP/DESPHP.class.php 第 47 行.
NOTIC: [8192] Function mcrypt_cbc() is deprecated /guzai/TTYC/ThinkPHP/Library/DES_PHP/DESPHP.class.php 第 47 行.
SQL: SHOW COLUMNS FROM `tuo_auth_rule` [ RunTime:0.0005s ]
SQL: SELECT * FROM `tuo_auth_rule`  [ RunTime:0.0002s ]
SQL: SELECT * FROM `tuo_auth_rule` WHERE `id` = 18 LIMIT 1   [ RunTime:0.0001s ]
NOTIC: [8192] Function mcrypt_cbc() is deprecated /guzai/TTYC/ThinkPHP/Library/DES_PHP/DESPHP.class.php 第 47 行.
SQL: SHOW COLUMNS FROM `tuo_auth_group_access` [ RunTime:0.0003s ]
SQL: SELECT `uid`,`group_id`,`title`,`rules` FROM tuo_auth_group_access a INNER JOIN tuo_auth_group g on a.group_id=g.id  WHERE ( a.uid='1' and g.status='1' )  [ RunTime:0.0001s ]
SQL: SELECT * FROM `tuo_auth_rule` WHERE (  (level = "1")  ) AND `pid` = 0 AND `status` = '1' LIMIT 1   [ RunTime:0.0001s ]
NOTIC: [8192] Function mcrypt_cbc() is deprecated /guzai/TTYC/ThinkPHP/Library/DES_PHP/DESPHP.class.php 第 47 行.
SQL: SELECT * FROM `tuo_auth_rule` WHERE (  (level = "1" AND status="1")  ) AND `pid` = 0 ORDER BY id  [ RunTime:0.0001s ]
SQL: SELECT * FROM `tuo_area` WHERE `area_pid` = '2705'  [ RunTime:0.0001s ]

[ 2018-03-11T12:07:57+08:00 ] 223.72.87.46 /Back/Product/area_act
INFO: [ app_init ] --START--
INFO: Run Behavior\BuildLiteBehavior [ RunTime:0.000013s ]
INFO: [ app_init ] --END-- [ RunTime:0.000261s ]
INFO: [ app_begin ] --START--
INFO: Run Behavior\ReadHtmlCacheBehavior [ RunTime:0.000281s ]
INFO: [ app_begin ] --END-- [ RunTime:0.000327s ]
NOTIC: [8192] Function mcrypt_cbc() is deprecated /guzai/TTYC/ThinkPHP/Library/DES_PHP/DESPHP.class.php 第 47 行.
NOTIC: [8192] Function mcrypt_cbc() is deprecated /guzai/TTYC/ThinkPHP/Library/DES_PHP/DESPHP.class.php 第 47 行.
SQL: SHOW COLUMNS FROM `tuo_auth_rule` [ RunTime:0.0005s ]
SQL: SELECT * FROM `tuo_auth_rule`  [ RunTime:0.0003s ]
SQL: SELECT * FROM `tuo_auth_rule` WHERE `id` = 18 LIMIT 1   [ RunTime:0.0001s ]
NOTIC: [8192] Function mcrypt_cbc() is deprecated /guzai/TTYC/ThinkPHP/Library/DES_PHP/DESPHP.class.php 第 47 行.
SQL: SHOW COLUMNS FROM `tuo_auth_group_access` [ RunTime:0.0003s ]
SQL: SELECT `uid`,`group_id`,`title`,`rules` FROM tuo_auth_group_access a INNER JOIN tuo_auth_group g on a.group_id=g.id  WHERE ( a.uid='1' and g.status='1' )  [ RunTime:0.0001s ]
SQL: SELECT * FROM `tuo_auth_rule` WHERE (  (level = "1")  ) AND `pid` = 0 AND `status` = '1' LIMIT 1   [ RunTime:0.0001s ]
NOTIC: [8192] Function mcrypt_cbc() is deprecated /guzai/TTYC/ThinkPHP/Library/DES_PHP/DESPHP.class.php 第 47 行.
SQL: SELECT * FROM `tuo_auth_rule` WHERE (  (level = "1" AND status="1")  ) AND `pid` = 0 ORDER BY id  [ RunTime:0.0001s ]
SQL: SELECT * FROM `tuo_area` WHERE `area_pid` = '1103'  [ RunTime:0.0001s ]

[ 2018-03-11T12:08:00+08:00 ] 223.72.87.46 /Back/Product/area_act
INFO: [ app_init ] --START--
INFO: Run Behavior\BuildLiteBehavior [ RunTime:0.000015s ]
INFO: [ app_init ] --END-- [ RunTime:0.000282s ]
INFO: [ app_begin ] --START--
INFO: Run Behavior\ReadHtmlCacheBehavior [ RunTime:0.000297s ]
INFO: [ app_begin ] --END-- [ RunTime:0.000359s ]
NOTIC: [8192] Function mcrypt_cbc() is deprecated /guzai/TTYC/ThinkPHP/Library/DES_PHP/DESPHP.class.php 第 47 行.
NOTIC: [8192] Function mcrypt_cbc() is deprecated /guzai/TTYC/ThinkPHP/Library/DES_PHP/DESPHP.class.php 第 47 行.
SQL: SHOW COLUMNS FROM `tuo_auth_rule` [ RunTime:0.0005s ]
SQL: SELECT * FROM `tuo_auth_rule`  [ RunTime:0.0002s ]
SQL: SELECT * FROM `tuo_auth_rule` WHERE `id` = 18 LIMIT 1   [ RunTime:0.0001s ]
NOTIC: [8192] Function mcrypt_cbc() is deprecated /guzai/TTYC/ThinkPHP/Library/DES_PHP/DESPHP.class.php 第 47 行.
SQL: SHOW COLUMNS FROM `tuo_auth_group_access` [ RunTime:0.0003s ]
SQL: SELECT `uid`,`group_id`,`title`,`rules` FROM tuo_auth_group_access a INNER JOIN tuo_auth_group g on a.group_id=g.id  WHERE ( a.uid='1' and g.status='1' )  [ RunTime:0.0001s ]
SQL: SELECT * FROM `tuo_auth_rule` WHERE (  (level = "1")  ) AND `pid` = 0 AND `status` = '1' LIMIT 1   [ RunTime:0.0001s ]
NOTIC: [8192] Function mcrypt_cbc() is deprecated /guzai/TTYC/ThinkPHP/Library/DES_PHP/DESPHP.class.php 第 47 行.
SQL: SELECT * FROM `tuo_auth_rule` WHERE (  (level = "1" AND status="1")  ) AND `pid` = 0 ORDER BY id  [ RunTime:0.0001s ]
SQL: SELECT * FROM `tuo_area` WHERE `area_pid` = '1103'  [ RunTime:0.0001s ]

[ 2018-03-11T12:08:03+08:00 ] 223.72.87.46 /Back/Product/area_act
INFO: [ app_init ] --START--
INFO: Run Behavior\BuildLiteBehavior [ RunTime:0.000013s ]
INFO: [ app_init ] --END-- [ RunTime:0.000252s ]
INFO: [ app_begin ] --START--
INFO: Run Behavior\ReadHtmlCacheBehavior [ RunTime:0.000294s ]
INFO: [ app_begin ] --END-- [ RunTime:0.000339s ]
NOTIC: [8192] Function mcrypt_cbc() is deprecated /guzai/TTYC/ThinkPHP/Library/DES_PHP/DESPHP.class.php 第 47 行.
NOTIC: [8192] Function mcrypt_cbc() is deprecated /guzai/TTYC/ThinkPHP/Library/DES_PHP/DESPHP.class.php 第 47 行.
SQL: SHOW COLUMNS FROM `tuo_auth_rule` [ RunTime:0.0004s ]
SQL: SELECT * FROM `tuo_auth_rule`  [ RunTime:0.0002s ]
SQL: SELECT * FROM `tuo_auth_rule` WHERE `id` = 18 LIMIT 1   [ RunTime:0.0001s ]
NOTIC: [8192] Function mcrypt_cbc() is deprecated /guzai/TTYC/ThinkPHP/Library/DES_PHP/DESPHP.class.php 第 47 行.
SQL: SHOW COLUMNS FROM `tuo_auth_group_access` [ RunTime:0.0003s ]
SQL: SELECT `uid`,`group_id`,`title`,`rules` FROM tuo_auth_group_access a INNER JOIN tuo_auth_group g on a.group_id=g.id  WHERE ( a.uid='1' and g.status='1' )  [ RunTime:0.0001s ]
SQL: SELECT * FROM `tuo_auth_rule` WHERE (  (level = "1")  ) AND `pid` = 0 AND `status` = '1' LIMIT 1   [ RunTime:0.0001s ]
NOTIC: [8192] Function mcrypt_cbc() is deprecated /guzai/TTYC/ThinkPHP/Library/DES_PHP/DESPHP.class.php 第 47 行.
SQL: SELECT * FROM `tuo_auth_rule` WHERE (  (level = "1" AND status="1")  ) AND `pid` = 0 ORDER BY id  [ RunTime:0.0001s ]
SQL: SELECT * FROM `tuo_area` WHERE `area_pid` = '1103'  [ RunTime:0.0001s ]

[ 2018-03-11T12:08:05+08:00 ] 223.72.87.46 /Back/Product/area_act
INFO: [ app_init ] --START--
INFO: Run Behavior\BuildLiteBehavior [ RunTime:0.000014s ]
INFO: [ app_init ] --END-- [ RunTime:0.000243s ]
INFO: [ app_begin ] --START--
INFO: Run Behavior\ReadHtmlCacheBehavior [ RunTime:0.000307s ]
INFO: [ app_begin ] --END-- [ RunTime:0.000351s ]
NOTIC: [8192] Function mcrypt_cbc() is deprecated /guzai/TTYC/ThinkPHP/Library/DES_PHP/DESPHP.class.php 第 47 行.
NOTIC: [8192] Function mcrypt_cbc() is deprecated /guzai/TTYC/ThinkPHP/Library/DES_PHP/DESPHP.class.php 第 47 行.
SQL: SHOW COLUMNS FROM `tuo_auth_rule` [ RunTime:0.0004s ]
SQL: SELECT * FROM `tuo_auth_rule`  [ RunTime:0.0002s ]
SQL: SELECT * FROM `tuo_auth_rule` WHERE `id` = 18 LIMIT 1   [ RunTime:0.0001s ]
NOTIC: [8192] Function mcrypt_cbc() is deprecated /guzai/TTYC/ThinkPHP/Library/DES_PHP/DESPHP.class.php 第 47 行.
SQL: SHOW COLUMNS FROM `tuo_auth_group_access` [ RunTime:0.0003s ]
SQL: SELECT `uid`,`group_id`,`title`,`rules` FROM tuo_auth_group_access a INNER JOIN tuo_auth_group g on a.group_id=g.id  WHERE ( a.uid='1' and g.status='1' )  [ RunTime:0.0001s ]
SQL: SELECT * FROM `tuo_auth_rule` WHERE (  (level = "1")  ) AND `pid` = 0 AND `status` = '1' LIMIT 1   [ RunTime:0.0001s ]
NOTIC: [8192] Function mcrypt_cbc() is deprecated /guzai/TTYC/ThinkPHP/Library/DES_PHP/DESPHP.class.php 第 47 行.
SQL: SELECT * FROM `tuo_auth_rule` WHERE (  (level = "1" AND status="1")  ) AND `pid` = 0 ORDER BY id  [ RunTime:0.0001s ]
SQL: SELECT * FROM `tuo_area` WHERE `area_pid` = '1103'  [ RunTime:0.0001s ]

[ 2018-03-11T12:08:07+08:00 ] 223.72.87.46 /Back/Product/area_act
INFO: [ app_init ] --START--
INFO: Run Behavior\BuildLiteBehavior [ RunTime:0.000013s ]
INFO: [ app_init ] --END-- [ RunTime:0.000241s ]
INFO: [ app_begin ] --START--
INFO: Run Behavior\ReadHtmlCacheBehavior [ RunTime:0.000299s ]
INFO: [ app_begin ] --END-- [ RunTime:0.000345s ]
NOTIC: [8192] Function mcrypt_cbc() is deprecated /guzai/TTYC/ThinkPHP/Library/DES_PHP/DESPHP.class.php 第 47 行.
NOTIC: [8192] Function mcrypt_cbc() is deprecated /guzai/TTYC/ThinkPHP/Library/DES_PHP/DESPHP.class.php 第 47 行.
SQL: SHOW COLUMNS FROM `tuo_auth_rule` [ RunTime:0.0005s ]
SQL: SELECT * FROM `tuo_auth_rule`  [ RunTime:0.0003s ]
SQL: SELECT * FROM `tuo_auth_rule` WHERE `id` = 18 LIMIT 1   [ RunTime:0.0001s ]
NOTIC: [8192] Function mcrypt_cbc() is deprecated /guzai/TTYC/ThinkPHP/Library/DES_PHP/DESPHP.class.php 第 47 行.
SQL: SHOW COLUMNS FROM `tuo_auth_group_access` [ RunTime:0.0002s ]
SQL: SELECT `uid`,`group_id`,`title`,`rules` FROM tuo_auth_group_access a INNER JOIN tuo_auth_group g on a.group_id=g.id  WHERE ( a.uid='1' and g.status='1' )  [ RunTime:0.0001s ]
SQL: SELECT * FROM `tuo_auth_rule` WHERE (  (level = "1")  ) AND `pid` = 0 AND `status` = '1' LIMIT 1   [ RunTime:0.0001s ]
NOTIC: [8192] Function mcrypt_cbc() is deprecated /guzai/TTYC/ThinkPHP/Library/DES_PHP/DESPHP.class.php 第 47 行.
SQL: SELECT * FROM `tuo_auth_rule` WHERE (  (level = "1" AND status="1")  ) AND `pid` = 0 ORDER BY id  [ RunTime:0.0001s ]
SQL: SELECT * FROM `tuo_area` WHERE `area_pid` = '1103'  [ RunTime:0.0001s ]

[ 2018-03-11T12:08:10+08:00 ] 223.72.87.46 /Back/Product/area_act
INFO: [ app_init ] --START--
INFO: Run Behavior\BuildLiteBehavior [ RunTime:0.000013s ]
INFO: [ app_init ] --END-- [ RunTime:0.000242s ]
INFO: [ app_begin ] --START--
INFO: Run Behavior\ReadHtmlCacheBehavior [ RunTime:0.000302s ]
INFO: [ app_begin ] --END-- [ RunTime:0.000347s ]
NOTIC: [8192] Function mcrypt_cbc() is deprecated /guzai/TTYC/ThinkPHP/Library/DES_PHP/DESPHP.class.php 第 47 行.
NOTIC: [8192] Function mcrypt_cbc() is deprecated /guzai/TTYC/ThinkPHP/Library/DES_PHP/DESPHP.class.php 第 47 行.
SQL: SHOW COLUMNS FROM `tuo_auth_rule` [ RunTime:0.0004s ]
SQL: SELECT * FROM `tuo_auth_rule`  [ RunTime:0.0002s ]
SQL: SELECT * FROM `tuo_auth_rule` WHERE `id` = 18 LIMIT 1   [ RunTime:0.0001s ]
NOTIC: [8192] Function mcrypt_cbc() is deprecated /guzai/TTYC/ThinkPHP/Library/DES_PHP/DESPHP.class.php 第 47 行.
SQL: SHOW COLUMNS FROM `tuo_auth_group_access` [ RunTime:0.0003s ]
SQL: SELECT `uid`,`group_id`,`title`,`rules` FROM tuo_auth_group_access a INNER JOIN tuo_auth_group g on a.group_id=g.id  WHERE ( a.uid='1' and g.status='1' )  [ RunTime:0.0001s ]
SQL: SELECT * FROM `tuo_auth_rule` WHERE (  (level = "1")  ) AND `pid` = 0 AND `status` = '1' LIMIT 1   [ RunTime:0.0001s ]
NOTIC: [8192] Function mcrypt_cbc() is deprecated /guzai/TTYC/ThinkPHP/Library/DES_PHP/DESPHP.class.php 第 47 行.
SQL: SELECT * FROM `tuo_auth_rule` WHERE (  (level = "1" AND status="1")  ) AND `pid` = 0 ORDER BY id  [ RunTime:0.0001s ]
SQL: SELECT * FROM `tuo_area` WHERE `area_pid` = '1100'  [ RunTime:0.0001s ]

[ 2018-03-11T12:08:13+08:00 ] 223.72.87.46 /Back/Product/area_act
INFO: [ app_init ] --START--
INFO: Run Behavior\BuildLiteBehavior [ RunTime:0.000014s ]
INFO: [ app_init ] --END-- [ RunTime:0.000243s ]
INFO: [ app_begin ] --START--
INFO: Run Behavior\ReadHtmlCacheBehavior [ RunTime:0.000284s ]
INFO: [ app_begin ] --END-- [ RunTime:0.000329s ]
NOTIC: [8192] Function mcrypt_cbc() is deprecated /guzai/TTYC/ThinkPHP/Library/DES_PHP/DESPHP.class.php 第 47 行.
NOTIC: [8192] Function mcrypt_cbc() is deprecated /guzai/TTYC/ThinkPHP/Library/DES_PHP/DESPHP.class.php 第 47 行.
SQL: SHOW COLUMNS FROM `tuo_auth_rule` [ RunTime:0.0005s ]
SQL: SELECT * FROM `tuo_auth_rule`  [ RunTime:0.0002s ]
SQL: SELECT * FROM `tuo_auth_rule` WHERE `id` = 18 LIMIT 1   [ RunTime:0.0001s ]
NOTIC: [8192] Function mcrypt_cbc() is deprecated /guzai/TTYC/ThinkPHP/Library/DES_PHP/DESPHP.class.php 第 47 行.
SQL: SHOW COLUMNS FROM `tuo_auth_group_access` [ RunTime:0.0003s ]
SQL: SELECT `uid`,`group_id`,`title`,`rules` FROM tuo_auth_group_access a INNER JOIN tuo_auth_group g on a.group_id=g.id  WHERE ( a.uid='1' and g.status='1' )  [ RunTime:0.0001s ]
SQL: SELECT * FROM `tuo_auth_rule` WHERE (  (level = "1")  ) AND `pid` = 0 AND `status` = '1' LIMIT 1   [ RunTime:0.0001s ]
NOTIC: [8192] Function mcrypt_cbc() is deprecated /guzai/TTYC/ThinkPHP/Library/DES_PHP/DESPHP.class.php 第 47 行.
SQL: SELECT * FROM `tuo_auth_rule` WHERE (  (level = "1" AND status="1")  ) AND `pid` = 0 ORDER BY id  [ RunTime:0.0001s ]
SQL: SELECT * FROM `tuo_area` WHERE `area_pid` = '1101'  [ RunTime:0.0001s ]

[ 2018-03-11T12:08:13+08:00 ] 223.72.87.46 /Back/Product/area_act
INFO: [ app_init ] --START--
INFO: Run Behavior\BuildLiteBehavior [ RunTime:0.000012s ]
INFO: [ app_init ] --END-- [ RunTime:0.000257s ]
INFO: [ app_begin ] --START--
INFO: Run Behavior\ReadHtmlCacheBehavior [ RunTime:0.000280s ]
INFO: [ app_begin ] --END-- [ RunTime:0.000325s ]
NOTIC: [8192] Function mcrypt_cbc() is deprecated /guzai/TTYC/ThinkPHP/Library/DES_PHP/DESPHP.class.php 第 47 行.
NOTIC: [8192] Function mcrypt_cbc() is deprecated /guzai/TTYC/ThinkPHP/Library/DES_PHP/DESPHP.class.php 第 47 行.
SQL: SHOW COLUMNS FROM `tuo_auth_rule` [ RunTime:0.0004s ]
SQL: SELECT * FROM `tuo_auth_rule`  [ RunTime:0.0002s ]
SQL: SELECT * FROM `tuo_auth_rule` WHERE `id` = 18 LIMIT 1   [ RunTime:0.0001s ]
NOTIC: [8192] Function mcrypt_cbc() is deprecated /guzai/TTYC/ThinkPHP/Library/DES_PHP/DESPHP.class.php 第 47 行.
SQL: SHOW COLUMNS FROM `tuo_auth_group_access` [ RunTime:0.0002s ]
SQL: SELECT `uid`,`group_id`,`title`,`rules` FROM tuo_auth_group_access a INNER JOIN tuo_auth_group g on a.group_id=g.id  WHERE ( a.uid='1' and g.status='1' )  [ RunTime:0.0001s ]
SQL: SELECT * FROM `tuo_auth_rule` WHERE (  (level = "1")  ) AND `pid` = 0 AND `status` = '1' LIMIT 1   [ RunTime:0.0001s ]
NOTIC: [8192] Function mcrypt_cbc() is deprecated /guzai/TTYC/ThinkPHP/Library/DES_PHP/DESPHP.class.php 第 47 行.
SQL: SELECT * FROM `tuo_auth_rule` WHERE (  (level = "1" AND status="1")  ) AND `pid` = 0 ORDER BY id  [ RunTime:0.0001s ]
SQL: SELECT * FROM `tuo_area` WHERE `area_pid` = '1101'  [ RunTime:0.0001s ]

[ 2018-03-11T12:08:17+08:00 ] 223.72.87.46 /Back/Product/car_act
INFO: [ app_init ] --START--
INFO: Run Behavior\BuildLiteBehavior [ RunTime:0.000020s ]
INFO: [ app_init ] --END-- [ RunTime:0.000362s ]
INFO: [ app_begin ] --START--
INFO: Run Behavior\ReadHtmlCacheBehavior [ RunTime:0.000301s ]
INFO: [ app_begin ] --END-- [ RunTime:0.000352s ]
NOTIC: [8192] Function mcrypt_cbc() is deprecated /guzai/TTYC/ThinkPHP/Library/DES_PHP/DESPHP.class.php 第 47 行.
NOTIC: [8192] Function mcrypt_cbc() is deprecated /guzai/TTYC/ThinkPHP/Library/DES_PHP/DESPHP.class.php 第 47 行.
SQL: SHOW COLUMNS FROM `tuo_auth_rule` [ RunTime:0.0005s ]
SQL: SELECT * FROM `tuo_auth_rule`  [ RunTime:0.0003s ]
SQL: SELECT * FROM `tuo_auth_rule` WHERE `id` = 18 LIMIT 1   [ RunTime:0.0001s ]
NOTIC: [8192] Function mcrypt_cbc() is deprecated /guzai/TTYC/ThinkPHP/Library/DES_PHP/DESPHP.class.php 第 47 行.
SQL: SHOW COLUMNS FROM `tuo_auth_group_access` [ RunTime:0.0003s ]
SQL: SELECT `uid`,`group_id`,`title`,`rules` FROM tuo_auth_group_access a INNER JOIN tuo_auth_group g on a.group_id=g.id  WHERE ( a.uid='1' and g.status='1' )  [ RunTime:0.0001s ]
SQL: SELECT * FROM `tuo_auth_rule` WHERE (  (level = "1")  ) AND `pid` = 0 AND `status` = '1' LIMIT 1   [ RunTime:0.0001s ]
NOTIC: [8192] Function mcrypt_cbc() is deprecated /guzai/TTYC/ThinkPHP/Library/DES_PHP/DESPHP.class.php 第 47 行.
SQL: SELECT * FROM `tuo_auth_rule` WHERE (  (level = "1" AND status="1")  ) AND `pid` = 0 ORDER BY id  [ RunTime:0.0001s ]
SQL: SELECT * FROM `tuo_carxing` WHERE `cxjj_pid` = '5'  [ RunTime:0.0001s ]

[ 2018-03-11T12:08:22+08:00 ] 223.72.87.46 /Back/Product/car_act
INFO: [ app_init ] --START--
INFO: Run Behavior\BuildLiteBehavior [ RunTime:0.000019s ]
INFO: [ app_init ] --END-- [ RunTime:0.000287s ]
INFO: [ app_begin ] --START--
INFO: Run Behavior\ReadHtmlCacheBehavior [ RunTime:0.000290s ]
INFO: [ app_begin ] --END-- [ RunTime:0.000336s ]
NOTIC: [8192] Function mcrypt_cbc() is deprecated /guzai/TTYC/ThinkPHP/Library/DES_PHP/DESPHP.class.php 第 47 行.
NOTIC: [8192] Function mcrypt_cbc() is deprecated /guzai/TTYC/ThinkPHP/Library/DES_PHP/DESPHP.class.php 第 47 行.
SQL: SHOW COLUMNS FROM `tuo_auth_rule` [ RunTime:0.0005s ]
SQL: SELECT * FROM `tuo_auth_rule`  [ RunTime:0.0002s ]
SQL: SELECT * FROM `tuo_auth_rule` WHERE `id` = 18 LIMIT 1   [ RunTime:0.0001s ]
NOTIC: [8192] Function mcrypt_cbc() is deprecated /guzai/TTYC/ThinkPHP/Library/DES_PHP/DESPHP.class.php 第 47 行.
SQL: SHOW COLUMNS FROM `tuo_auth_group_access` [ RunTime:0.0003s ]
SQL: SELECT `uid`,`group_id`,`title`,`rules` FROM tuo_auth_group_access a INNER JOIN tuo_auth_group g on a.group_id=g.id  WHERE ( a.uid='1' and g.status='1' )  [ RunTime:0.0001s ]
SQL: SELECT * FROM `tuo_auth_rule` WHERE (  (level = "1")  ) AND `pid` = 0 AND `status` = '1' LIMIT 1   [ RunTime:0.0001s ]
NOTIC: [8192] Function mcrypt_cbc() is deprecated /guzai/TTYC/ThinkPHP/Library/DES_PHP/DESPHP.class.php 第 47 行.
SQL: SELECT * FROM `tuo_auth_rule` WHERE (  (level = "1" AND status="1")  ) AND `pid` = 0 ORDER BY id  [ RunTime:0.0001s ]
SQL: SELECT * FROM `tuo_carxing` WHERE `cxjj_pid` = '5'  [ RunTime:0.0001s ]

[ 2018-03-11T12:08:24+08:00 ] 223.72.87.46 /Back/Product/car_act
INFO: [ app_init ] --START--
INFO: Run Behavior\BuildLiteBehavior [ RunTime:0.000015s ]
INFO: [ app_init ] --END-- [ RunTime:0.000261s ]
INFO: [ app_begin ] --START--
INFO: Run Behavior\ReadHtmlCacheBehavior [ RunTime:0.000305s ]
INFO: [ app_begin ] --END-- [ RunTime:0.000354s ]
NOTIC: [8192] Function mcrypt_cbc() is deprecated /guzai/TTYC/ThinkPHP/Library/DES_PHP/DESPHP.class.php 第 47 行.
NOTIC: [8192] Function mcrypt_cbc() is deprecated /guzai/TTYC/ThinkPHP/Library/DES_PHP/DESPHP.class.php 第 47 行.
SQL: SHOW COLUMNS FROM `tuo_auth_rule` [ RunTime:0.0005s ]
SQL: SELECT * FROM `tuo_auth_rule`  [ RunTime:0.0002s ]
SQL: SELECT * FROM `tuo_auth_rule` WHERE `id` = 18 LIMIT 1   [ RunTime:0.0001s ]
NOTIC: [8192] Function mcrypt_cbc() is deprecated /guzai/TTYC/ThinkPHP/Library/DES_PHP/DESPHP.class.php 第 47 行.
SQL: SHOW COLUMNS FROM `tuo_auth_group_access` [ RunTime:0.0003s ]
SQL: SELECT `uid`,`group_id`,`title`,`rules` FROM tuo_auth_group_access a INNER JOIN tuo_auth_group g on a.group_id=g.id  WHERE ( a.uid='1' and g.status='1' )  [ RunTime:0.0001s ]
SQL: SELECT * FROM `tuo_auth_rule` WHERE (  (level = "1")  ) AND `pid` = 0 AND `status` = '1' LIMIT 1   [ RunTime:0.0001s ]
NOTIC: [8192] Function mcrypt_cbc() is deprecated /guzai/TTYC/ThinkPHP/Library/DES_PHP/DESPHP.class.php 第 47 行.
SQL: SELECT * FROM `tuo_auth_rule` WHERE (  (level = "1" AND status="1")  ) AND `pid` = 0 ORDER BY id  [ RunTime:0.0001s ]
SQL: SELECT * FROM `tuo_carxing` WHERE `cxjj_pid` = '4'  [ RunTime:0.0001s ]

[ 2018-03-11T12:08:26+08:00 ] 223.72.87.46 /Back/Product/car_act
INFO: [ app_init ] --START--
INFO: Run Behavior\BuildLiteBehavior [ RunTime:0.000014s ]
INFO: [ app_init ] --END-- [ RunTime:0.000245s ]
INFO: [ app_begin ] --START--
INFO: Run Behavior\ReadHtmlCacheBehavior [ RunTime:0.000299s ]
INFO: [ app_begin ] --END-- [ RunTime:0.000345s ]
NOTIC: [8192] Function mcrypt_cbc() is deprecated /guzai/TTYC/ThinkPHP/Library/DES_PHP/DESPHP.class.php 第 47 行.
NOTIC: [8192] Function mcrypt_cbc() is deprecated /guzai/TTYC/ThinkPHP/Library/DES_PHP/DESPHP.class.php 第 47 行.
SQL: SHOW COLUMNS FROM `tuo_auth_rule` [ RunTime:0.0004s ]
SQL: SELECT * FROM `tuo_auth_rule`  [ RunTime:0.0002s ]
SQL: SELECT * FROM `tuo_auth_rule` WHERE `id` = 18 LIMIT 1   [ RunTime:0.0001s ]
NOTIC: [8192] Function mcrypt_cbc() is deprecated /guzai/TTYC/ThinkPHP/Library/DES_PHP/DESPHP.class.php 第 47 行.
SQL: SHOW COLUMNS FROM `tuo_auth_group_access` [ RunTime:0.0003s ]
SQL: SELECT `uid`,`group_id`,`title`,`rules` FROM tuo_auth_group_access a INNER JOIN tuo_auth_group g on a.group_id=g.id  WHERE ( a.uid='1' and g.status='1' )  [ RunTime:0.0001s ]
SQL: SELECT * FROM `tuo_auth_rule` WHERE (  (level = "1")  ) AND `pid` = 0 AND `status` = '1' LIMIT 1   [ RunTime:0.0001s ]
NOTIC: [8192] Function mcrypt_cbc() is deprecated /guzai/TTYC/ThinkPHP/Library/DES_PHP/DESPHP.class.php 第 47 行.
SQL: SELECT * FROM `tuo_auth_rule` WHERE (  (level = "1" AND status="1")  ) AND `pid` = 0 ORDER BY id  [ RunTime:0.0001s ]
SQL: SELECT * FROM `tuo_carxing` WHERE `cxjj_pid` = '209'  [ RunTime:0.0001s ]

[ 2018-03-11T12:08:27+08:00 ] 223.72.87.46 /Back/Worktwo/getPrice
INFO: [ app_init ] --START--
INFO: Run Behavior\BuildLiteBehavior [ RunTime:0.000014s ]
INFO: [ app_init ] --END-- [ RunTime:0.000244s ]
INFO: [ app_begin ] --START--
INFO: Run Behavior\ReadHtmlCacheBehavior [ RunTime:0.000291s ]
INFO: [ app_begin ] --END-- [ RunTime:0.000346s ]
NOTIC: [8192] Function mcrypt_cbc() is deprecated /guzai/TTYC/ThinkPHP/Library/DES_PHP/DESPHP.class.php 第 47 行.
NOTIC: [8192] Function mcrypt_cbc() is deprecated /guzai/TTYC/ThinkPHP/Library/DES_PHP/DESPHP.class.php 第 47 行.
SQL: SHOW COLUMNS FROM `tuo_auth_rule` [ RunTime:0.0005s ]
SQL: SELECT * FROM `tuo_auth_rule`  [ RunTime:0.0002s ]
SQL: SELECT * FROM `tuo_auth_rule` WHERE `id` = 11 LIMIT 1   [ RunTime:0.0001s ]
NOTIC: [8192] Function mcrypt_cbc() is deprecated /guzai/TTYC/ThinkPHP/Library/DES_PHP/DESPHP.class.php 第 47 行.
SQL: SHOW COLUMNS FROM `tuo_auth_group_access` [ RunTime:0.0003s ]
SQL: SELECT `uid`,`group_id`,`title`,`rules` FROM tuo_auth_group_access a INNER JOIN tuo_auth_group g on a.group_id=g.id  WHERE ( a.uid='1' and g.status='1' )  [ RunTime:0.0001s ]
SQL: SELECT * FROM `tuo_auth_rule` WHERE (  (level = "1")  ) AND `pid` = 0 AND `status` = '1' LIMIT 1   [ RunTime:0.0001s ]
NOTIC: [8192] Function mcrypt_cbc() is deprecated /guzai/TTYC/ThinkPHP/Library/DES_PHP/DESPHP.class.php 第 47 行.
SQL: SELECT * FROM `tuo_auth_rule` WHERE (  (level = "1" AND status="1")  ) AND `pid` = 0 ORDER BY id  [ RunTime:0.0001s ]
SQL: SHOW COLUMNS FROM `tuo_area` [ RunTime:0.0003s ]
SQL: SELECT `area_get` FROM `tuo_area` WHERE `area_id` = '2707' LIMIT 1   [ RunTime:0.0001s ]
SQL: SELECT `area_get` FROM `tuo_area` WHERE `area_id` = '1101' LIMIT 1   [ RunTime:0.0001s ]
SQL: SHOW COLUMNS FROM `tuo_ti` [ RunTime:0.0003s ]
SQL: SELECT * FROM `tuo_ti` WHERE `ti_star` = '2703,2705,2707' LIMIT 1   [ RunTime:0.0001s ]
SQL: SHOW COLUMNS FROM `tuo_line` [ RunTime:0.0003s ]
SQL: SELECT * FROM `tuo_line` WHERE `line_star` = '2703,2705' AND `line_end` = '1100,1101' LIMIT 1   [ RunTime:0.0003s ]
SQL: SHOW COLUMNS FROM `tuo_song` [ RunTime:0.0003s ]
SQL: SELECT * FROM `tuo_song` WHERE `song_end` = '1100,1101' LIMIT 1   [ RunTime:0.0001s ]
SQL: SHOW COLUMNS FROM `tuo_line_san` [ RunTime:0.0004s ]
SQL: SELECT * FROM `tuo_line_san` WHERE `san_star` = '2703,2705' AND `san_end` = '1100,1101' LIMIT 1   [ RunTime:0.0001s ]
SQL: SELECT * FROM `tuo_ti` WHERE `ti_star` = '2703,2705,2707' LIMIT 1   [ RunTime:0.0001s ]
SQL: SHOW COLUMNS FROM `tuo_maoli` [ RunTime:0.0003s ]
SQL: SHOW COLUMNS FROM `tuo_carxing` [ RunTime:0.0003s ]
SQL: SELECT * FROM `tuo_carxing` WHERE `cxjj_id` = '209' LIMIT 1   [ RunTime:0.0001s ]
SQL: SELECT * FROM `tuo_maoli` WHERE `ml_star` = '2703' AND `ml_end` = '1100' LIMIT 1   [ RunTime:0.0001s ]
SQL: SELECT * FROM `tuo_area` WHERE `area_id` = '2703' LIMIT 1   [ RunTime:0.0001s ]
SQL: SELECT * FROM `tuo_area` WHERE `area_id` = '2705' LIMIT 1   [ RunTime:0.0001s ]
SQL: SELECT * FROM `tuo_area` WHERE `area_id` = '2707' LIMIT 1   [ RunTime:0.0001s ]
SQL: SELECT * FROM `tuo_area` WHERE `area_id` = '1100' LIMIT 1   [ RunTime:0.0001s ]
SQL: SELECT * FROM `tuo_area` WHERE `area_id` = '1101' LIMIT 1   [ RunTime:0.0001s ]
SQL: SELECT * FROM `tuo_line` WHERE `line_star` = '2703,2705' AND `line_end` = '1100,1101' LIMIT 1   [ RunTime:0.0001s ]

