[ 2017-10-22T00:02:28+08:00 ] 123.125.67.226 /robots.txt
INFO: [ app_init ] --START--
INFO: Run Behavior\BuildLiteBehavior [ RunTime:0.000013s ]
INFO: [ app_init ] --END-- [ RunTime:0.000252s ]
ERR: 无法加载模块:Robots

[ 2017-10-22T00:05:49+08:00 ] 114.240.198.247 /favicon.ico
INFO: [ app_init ] --START--
INFO: Run Behavior\BuildLiteBehavior [ RunTime:0.000013s ]
INFO: [ app_init ] --END-- [ RunTime:0.000251s ]
ERR: 无法加载模块:Favicon

[ 2017-10-22T00:05:49+08:00 ] 114.240.198.247 /favicon.ico
INFO: [ app_init ] --START--
INFO: Run Behavior\BuildLiteBehavior [ RunTime:0.000014s ]
INFO: [ app_init ] --END-- [ RunTime:0.000278s ]
ERR: 无法加载模块:Favicon

[ 2017-10-22T00:27:30+08:00 ] 114.240.198.247 /favicon.ico
INFO: [ app_init ] --START--
INFO: Run Behavior\BuildLiteBehavior [ RunTime:0.000015s ]
INFO: [ app_init ] --END-- [ RunTime:0.000284s ]
ERR: 无法加载模块:Favicon

[ 2017-10-22T00:27:30+08:00 ] 114.240.198.247 /favicon.ico
INFO: [ app_init ] --START--
INFO: Run Behavior\BuildLiteBehavior [ RunTime:0.000014s ]
INFO: [ app_init ] --END-- [ RunTime:0.000250s ]
ERR: 无法加载模块:Favicon

[ 2017-10-22T01:23:41+08:00 ] 123.125.67.164 /robots.txt
INFO: [ app_init ] --START--
INFO: Run Behavior\BuildLiteBehavior [ RunTime:0.000024s ]
INFO: [ app_init ] --END-- [ RunTime:0.000279s ]
ERR: 无法加载模块:Robots

[ 2017-10-22T02:15:25+08:00 ] 182.138.215.20 /favicon.ico
INFO: [ app_init ] --START--
INFO: Run Behavior\BuildLiteBehavior [ RunTime:0.000015s ]
INFO: [ app_init ] --END-- [ RunTime:0.000282s ]
ERR: 无法加载模块:Favicon

[ 2017-10-22T02:15:28+08:00 ] 106.45.0.127 /favicon.ico
INFO: [ app_init ] --START--
INFO: Run Behavior\BuildLiteBehavior [ RunTime:0.000013s ]
INFO: [ app_init ] --END-- [ RunTime:0.000270s ]
ERR: 无法加载模块:Favicon

[ 2017-10-22T02:15:28+08:00 ] 150.255.11.130 /stats
INFO: [ app_init ] --START--
INFO: Run Behavior\BuildLiteBehavior [ RunTime:0.000014s ]
INFO: [ app_init ] --END-- [ RunTime:0.000244s ]
ERR: 无法加载模块:Stats

[ 2017-10-22T02:46:58+08:00 ] 40.77.167.79 /robots.txt
INFO: [ app_init ] --START--
INFO: Run Behavior\BuildLiteBehavior [ RunTime:0.000014s ]
INFO: [ app_init ] --END-- [ RunTime:0.000288s ]
ERR: 无法加载模块:Robots

[ 2017-10-22T02:46:59+08:00 ] 40.77.167.79 /robots.txt
INFO: [ app_init ] --START--
INFO: Run Behavior\BuildLiteBehavior [ RunTime:0.000015s ]
INFO: [ app_init ] --END-- [ RunTime:0.000293s ]
ERR: 无法加载模块:Robots

[ 2017-10-22T02:46:59+08:00 ] 40.77.167.79 /robots.txt
INFO: [ app_init ] --START--
INFO: Run Behavior\BuildLiteBehavior [ RunTime:0.000014s ]
INFO: [ app_init ] --END-- [ RunTime:0.000259s ]
ERR: 无法加载模块:Robots

[ 2017-10-22T02:46:59+08:00 ] 40.77.167.79 /robots.txt
INFO: [ app_init ] --START--
INFO: Run Behavior\BuildLiteBehavior [ RunTime:0.000014s ]
INFO: [ app_init ] --END-- [ RunTime:0.000272s ]
ERR: 无法加载模块:Robots

[ 2017-10-22T02:47:00+08:00 ] 40.77.167.79 /robots.txt
INFO: [ app_init ] --START--
INFO: Run Behavior\BuildLiteBehavior [ RunTime:0.000014s ]
INFO: [ app_init ] --END-- [ RunTime:0.000288s ]
ERR: 无法加载模块:Robots

[ 2017-10-22T02:47:00+08:00 ] 40.77.167.79 /robots.txt
INFO: [ app_init ] --START--
INFO: Run Behavior\BuildLiteBehavior [ RunTime:0.000016s ]
INFO: [ app_init ] --END-- [ RunTime:0.000293s ]
ERR: 无法加载模块:Robots

[ 2017-10-22T04:35:24+08:00 ] 205.209.159.91 /www/start.html
INFO: [ app_init ] --START--
INFO: Run Behavior\BuildLiteBehavior [ RunTime:0.000014s ]
INFO: [ app_init ] --END-- [ RunTime:0.000253s ]
ERR: 无法加载模块:Www

[ 2017-10-22T04:35:27+08:00 ] 205.209.159.91 /RemoteControl.html
INFO: [ app_init ] --START--
INFO: Run Behavior\BuildLiteBehavior [ RunTime:0.000014s ]
INFO: [ app_init ] --END-- [ RunTime:0.000248s ]
ERR: 无法加载模块:RemoteControl

[ 2017-10-22T05:20:00+08:00 ] 80.211.138.17 /muieblackcat
INFO: [ app_init ] --START--
INFO: Run Behavior\BuildLiteBehavior [ RunTime:0.000015s ]
INFO: [ app_init ] --END-- [ RunTime:0.000270s ]
ERR: 无法加载模块:Muieblackcat

[ 2017-10-22T06:08:03+08:00 ] 140.205.225.188 /index.php?m=member&c=index&a=register&siteid=1
INFO: [ app_init ] --START--
INFO: Run Behavior\BuildLiteBehavior [ RunTime:0.000013s ]
INFO: [ app_init ] --END-- [ RunTime:0.000258s ]
ERR: 无法加载模块:Member

[ 2017-10-22T06:08:04+08:00 ] 140.205.225.188 /index.php?m=wap&a=index&siteid=1
INFO: [ app_init ] --START--
INFO: Run Behavior\BuildLiteBehavior [ RunTime:0.000013s ]
INFO: [ app_init ] --END-- [ RunTime:0.000258s ]
ERR: 无法加载模块:Wap

[ 2017-10-22T06:34:48+08:00 ] 117.25.245.141 /favicon.ico
INFO: [ app_init ] --START--
INFO: Run Behavior\BuildLiteBehavior [ RunTime:0.000015s ]
INFO: [ app_init ] --END-- [ RunTime:0.000281s ]
ERR: 无法加载模块:Favicon

[ 2017-10-22T06:47:14+08:00 ] 46.229.164.99 /robots.txt
INFO: [ app_init ] --START--
INFO: Run Behavior\BuildLiteBehavior [ RunTime:0.000013s ]
INFO: [ app_init ] --END-- [ RunTime:0.000244s ]
ERR: 无法加载模块:Robots

[ 2017-10-22T06:51:36+08:00 ] 117.25.245.141 /favicon.ico
INFO: [ app_init ] --START--
INFO: Run Behavior\BuildLiteBehavior [ RunTime:0.000019s ]
INFO: [ app_init ] --END-- [ RunTime:0.000265s ]
ERR: 无法加载模块:Favicon

[ 2017-10-22T07:20:55+08:00 ] 117.25.245.141 /favicon.ico
INFO: [ app_init ] --START--
INFO: Run Behavior\BuildLiteBehavior [ RunTime:0.000015s ]
INFO: [ app_init ] --END-- [ RunTime:0.000272s ]
ERR: 无法加载模块:Favicon

[ 2017-10-22T07:37:38+08:00 ] 218.30.103.81 /robots.txt
INFO: [ app_init ] --START--
INFO: Run Behavior\BuildLiteBehavior [ RunTime:0.000013s ]
INFO: [ app_init ] --END-- [ RunTime:0.000244s ]
ERR: 无法加载模块:Robots

[ 2017-10-22T07:38:50+08:00 ] 219.72.200.159 /favicon.ico
INFO: [ app_init ] --START--
INFO: Run Behavior\BuildLiteBehavior [ RunTime:0.000014s ]
INFO: [ app_init ] --END-- [ RunTime:0.000286s ]
ERR: 无法加载模块:Favicon

[ 2017-10-22T08:24:36+08:00 ] 117.136.79.62 /favicon.ico
INFO: [ app_init ] --START--
INFO: Run Behavior\BuildLiteBehavior [ RunTime:0.000013s ]
INFO: [ app_init ] --END-- [ RunTime:0.000248s ]
ERR: 无法加载模块:Favicon

[ 2017-10-22T08:43:56+08:00 ] 116.8.64.96 /favicon.ico
INFO: [ app_init ] --START--
INFO: Run Behavior\BuildLiteBehavior [ RunTime:0.000013s ]
INFO: [ app_init ] --END-- [ RunTime:0.000246s ]
ERR: 无法加载模块:Favicon

[ 2017-10-22T09:08:23+08:00 ] 140.205.225.193 /index.php?m=member&c=index&a=register&siteid=1
INFO: [ app_init ] --START--
INFO: Run Behavior\BuildLiteBehavior [ RunTime:0.000013s ]
INFO: [ app_init ] --END-- [ RunTime:0.000256s ]
ERR: 无法加载模块:Member

[ 2017-10-22T09:08:25+08:00 ] 140.205.225.193 /index.php?m=wap&a=index&siteid=1
INFO: [ app_init ] --START--
INFO: Run Behavior\BuildLiteBehavior [ RunTime:0.000012s ]
INFO: [ app_init ] --END-- [ RunTime:0.000239s ]
ERR: 无法加载模块:Wap

[ 2017-10-22T09:12:58+08:00 ] 180.97.30.196 /login_admin9/manage_admin.asp
INFO: [ app_init ] --START--
INFO: Run Behavior\BuildLiteBehavior [ RunTime:0.000013s ]
INFO: [ app_init ] --END-- [ RunTime:0.000243s ]
ERR: 无法加载模块:Login_admin9

[ 2017-10-22T09:12:58+08:00 ] 180.97.30.196 /login_admin/logo.asp
INFO: [ app_init ] --START--
INFO: Run Behavior\BuildLiteBehavior [ RunTime:0.000015s ]
INFO: [ app_init ] --END-- [ RunTime:0.000267s ]
ERR: 无法加载模块:Login_admin

[ 2017-10-22T09:12:58+08:00 ] 180.97.30.196 /login_admin/login.asp
INFO: [ app_init ] --START--
INFO: Run Behavior\BuildLiteBehavior [ RunTime:0.000025s ]
INFO: [ app_init ] --END-- [ RunTime:0.000268s ]
ERR: 无法加载模块:Login_admin

[ 2017-10-22T09:29:17+08:00 ] 115.35.9.47 /favicon.ico
INFO: [ app_init ] --START--
INFO: Run Behavior\BuildLiteBehavior [ RunTime:0.000015s ]
INFO: [ app_init ] --END-- [ RunTime:0.000298s ]
ERR: 无法加载模块:Favicon

[ 2017-10-22T09:33:41+08:00 ] 117.25.245.141 /favicon.ico
INFO: [ app_init ] --START--
INFO: Run Behavior\BuildLiteBehavior [ RunTime:0.000013s ]
INFO: [ app_init ] --END-- [ RunTime:0.000240s ]
ERR: 无法加载模块:Favicon

[ 2017-10-22T09:35:27+08:00 ] 114.221.184.121 /favicon.ico
INFO: [ app_init ] --START--
INFO: Run Behavior\BuildLiteBehavior [ RunTime:0.000014s ]
INFO: [ app_init ] --END-- [ RunTime:0.000246s ]
ERR: 无法加载模块:Favicon

[ 2017-10-22T09:35:36+08:00 ] 115.35.9.47 /favicon.ico
INFO: [ app_init ] --START--
INFO: Run Behavior\BuildLiteBehavior [ RunTime:0.000013s ]
INFO: [ app_init ] --END-- [ RunTime:0.000258s ]
ERR: 无法加载模块:Favicon

[ 2017-10-22T09:36:36+08:00 ] 115.35.9.47 /favicon.ico
INFO: [ app_init ] --START--
INFO: Run Behavior\BuildLiteBehavior [ RunTime:0.000016s ]
INFO: [ app_init ] --END-- [ RunTime:0.000358s ]
ERR: 无法加载模块:Favicon

[ 2017-10-22T09:43:28+08:00 ] 115.35.9.47 /favicon.ico
INFO: [ app_init ] --START--
INFO: Run Behavior\BuildLiteBehavior [ RunTime:0.000014s ]
INFO: [ app_init ] --END-- [ RunTime:0.000260s ]
ERR: 无法加载模块:Favicon

[ 2017-10-22T09:44:27+08:00 ] 115.35.9.47 /favicon.ico
INFO: [ app_init ] --START--
INFO: Run Behavior\BuildLiteBehavior [ RunTime:0.000016s ]
INFO: [ app_init ] --END-- [ RunTime:0.000289s ]
ERR: 无法加载模块:Favicon

[ 2017-10-22T09:49:41+08:00 ] 221.217.8.133 /favicon.ico
INFO: [ app_init ] --START--
INFO: Run Behavior\BuildLiteBehavior [ RunTime:0.000015s ]
INFO: [ app_init ] --END-- [ RunTime:0.000274s ]
ERR: 无法加载模块:Favicon

[ 2017-10-22T10:11:37+08:00 ] 117.25.245.141 /favicon.ico
INFO: [ app_init ] --START--
INFO: Run Behavior\BuildLiteBehavior [ RunTime:0.000013s ]
INFO: [ app_init ] --END-- [ RunTime:0.000253s ]
ERR: 无法加载模块:Favicon

[ 2017-10-22T10:26:25+08:00 ] 140.243.52.33 /favicon.ico
INFO: [ app_init ] --START--
INFO: Run Behavior\BuildLiteBehavior [ RunTime:0.000013s ]
INFO: [ app_init ] --END-- [ RunTime:0.000247s ]
ERR: 无法加载模块:Favicon

[ 2017-10-22T10:37:46+08:00 ] 117.136.38.135 /favicon.ico
INFO: [ app_init ] --START--
INFO: Run Behavior\BuildLiteBehavior [ RunTime:0.000020s ]
INFO: [ app_init ] --END-- [ RunTime:0.000265s ]
ERR: 无法加载模块:Favicon

[ 2017-10-22T10:37:46+08:00 ] 117.136.38.135 /favicon.ico
INFO: [ app_init ] --START--
INFO: Run Behavior\BuildLiteBehavior [ RunTime:0.000013s ]
INFO: [ app_init ] --END-- [ RunTime:0.000273s ]
ERR: 无法加载模块:Favicon

[ 2017-10-22T11:38:03+08:00 ] 112.11.197.76 /favicon.ico
INFO: [ app_init ] --START--
INFO: Run Behavior\BuildLiteBehavior [ RunTime:0.000014s ]
INFO: [ app_init ] --END-- [ RunTime:0.000255s ]
ERR: 无法加载模块:Favicon

[ 2017-10-22T11:40:00+08:00 ] 117.136.38.7 /favicon.ico
INFO: [ app_init ] --START--
INFO: Run Behavior\BuildLiteBehavior [ RunTime:0.000024s ]
INFO: [ app_init ] --END-- [ RunTime:0.000297s ]
ERR: 无法加载模块:Favicon

[ 2017-10-22T11:40:01+08:00 ] 117.136.38.7 /favicon.ico
INFO: [ app_init ] --START--
INFO: Run Behavior\BuildLiteBehavior [ RunTime:0.000014s ]
INFO: [ app_init ] --END-- [ RunTime:0.000256s ]
ERR: 无法加载模块:Favicon

[ 2017-10-22T12:58:50+08:00 ] 66.249.64.156 /robots.txt
INFO: [ app_init ] --START--
INFO: Run Behavior\BuildLiteBehavior [ RunTime:0.000014s ]
INFO: [ app_init ] --END-- [ RunTime:0.000247s ]
ERR: 无法加载模块:Robots

[ 2017-10-22T13:11:56+08:00 ] 117.136.38.7 /favicon.ico
INFO: [ app_init ] --START--
INFO: Run Behavior\BuildLiteBehavior [ RunTime:0.000015s ]
INFO: [ app_init ] --END-- [ RunTime:0.000278s ]
ERR: 无法加载模块:Favicon

[ 2017-10-22T13:11:57+08:00 ] 117.136.38.7 /favicon.ico
INFO: [ app_init ] --START--
INFO: Run Behavior\BuildLiteBehavior [ RunTime:0.000013s ]
INFO: [ app_init ] --END-- [ RunTime:0.000249s ]
ERR: 无法加载模块:Favicon

[ 2017-10-22T13:17:09+08:00 ] 157.55.39.68 /robots.txt
INFO: [ app_init ] --START--
INFO: Run Behavior\BuildLiteBehavior [ RunTime:0.000014s ]
INFO: [ app_init ] --END-- [ RunTime:0.000248s ]
ERR: 无法加载模块:Robots

[ 2017-10-22T13:24:10+08:00 ] 220.115.236.84 /favicon.ico
INFO: [ app_init ] --START--
INFO: Run Behavior\BuildLiteBehavior [ RunTime:0.000014s ]
INFO: [ app_init ] --END-- [ RunTime:0.000249s ]
ERR: 无法加载模块:Favicon

[ 2017-10-22T13:24:46+08:00 ] 220.115.236.84 /favicon.ico
INFO: [ app_init ] --START--
INFO: Run Behavior\BuildLiteBehavior [ RunTime:0.000014s ]
INFO: [ app_init ] --END-- [ RunTime:0.000272s ]
ERR: 无法加载模块:Favicon

[ 2017-10-22T13:32:54+08:00 ] 140.205.201.35 /index.php?m=member&c=index&a=register&siteid=1
INFO: [ app_init ] --START--
INFO: Run Behavior\BuildLiteBehavior [ RunTime:0.000014s ]
INFO: [ app_init ] --END-- [ RunTime:0.000256s ]
ERR: 无法加载模块:Member

[ 2017-10-22T13:32:54+08:00 ] 140.205.201.35 /index.php?m=wap&a=index&siteid=1
INFO: [ app_init ] --START--
INFO: Run Behavior\BuildLiteBehavior [ RunTime:0.000013s ]
INFO: [ app_init ] --END-- [ RunTime:0.000253s ]
ERR: 无法加载模块:Wap

[ 2017-10-22T13:47:53+08:00 ] 1.30.7.169 /favicon.ico
INFO: [ app_init ] --START--
INFO: Run Behavior\BuildLiteBehavior [ RunTime:0.000014s ]
INFO: [ app_init ] --END-- [ RunTime:0.000245s ]
ERR: 无法加载模块:Favicon

[ 2017-10-22T13:47:53+08:00 ] 1.30.7.169 /favicon.ico
INFO: [ app_init ] --START--
INFO: Run Behavior\BuildLiteBehavior [ RunTime:0.000016s ]
INFO: [ app_init ] --END-- [ RunTime:0.000281s ]
ERR: 无法加载模块:Favicon

[ 2017-10-22T13:56:57+08:00 ] 111.194.7.71 /favicon.ico
INFO: [ app_init ] --START--
INFO: Run Behavior\BuildLiteBehavior [ RunTime:0.000013s ]
INFO: [ app_init ] --END-- [ RunTime:0.000243s ]
ERR: 无法加载模块:Favicon

[ 2017-10-22T14:04:35+08:00 ] 220.115.236.84 /favicon.ico
INFO: [ app_init ] --START--
INFO: Run Behavior\BuildLiteBehavior [ RunTime:0.000014s ]
INFO: [ app_init ] --END-- [ RunTime:0.000271s ]
ERR: 无法加载模块:Favicon

[ 2017-10-22T14:05:13+08:00 ] 111.194.7.71 /favicon.ico
INFO: [ app_init ] --START--
INFO: Run Behavior\BuildLiteBehavior [ RunTime:0.000015s ]
INFO: [ app_init ] --END-- [ RunTime:0.000274s ]
ERR: 无法加载模块:Favicon

[ 2017-10-22T14:05:47+08:00 ] 222.186.57.24 /ogaudede/inc/grouplist.txt
INFO: [ app_init ] --START--
INFO: Run Behavior\BuildLiteBehavior [ RunTime:0.000013s ]
INFO: [ app_init ] --END-- [ RunTime:0.000238s ]
ERR: 无法加载模块:Ogaudede

[ 2017-10-22T14:05:47+08:00 ] 222.186.57.24 /dede/inc/grouplist.txt
INFO: [ app_init ] --START--
INFO: Run Behavior\BuildLiteBehavior [ RunTime:0.000012s ]
INFO: [ app_init ] --END-- [ RunTime:0.000232s ]
ERR: 无法加载模块:Dede

[ 2017-10-22T14:05:47+08:00 ] 222.186.57.24 /dede/inc/grouplist.txt
INFO: [ app_init ] --START--
INFO: Run Behavior\BuildLiteBehavior [ RunTime:0.000012s ]
INFO: [ app_init ] --END-- [ RunTime:0.000236s ]
ERR: 无法加载模块:Dede

[ 2017-10-22T14:37:29+08:00 ] 106.120.188.161 /robots.txt
INFO: [ app_init ] --START--
INFO: Run Behavior\BuildLiteBehavior [ RunTime:0.000015s ]
INFO: [ app_init ] --END-- [ RunTime:0.000278s ]
ERR: 无法加载模块:Robots

[ 2017-10-22T14:43:09+08:00 ] 219.236.166.186 /favicon.ico
INFO: [ app_init ] --START--
INFO: Run Behavior\BuildLiteBehavior [ RunTime:0.000013s ]
INFO: [ app_init ] --END-- [ RunTime:0.000267s ]
ERR: 无法加载模块:Favicon

[ 2017-10-22T14:43:09+08:00 ] 219.236.166.186 /favicon.ico
INFO: [ app_init ] --START--
INFO: Run Behavior\BuildLiteBehavior [ RunTime:0.000013s ]
INFO: [ app_init ] --END-- [ RunTime:0.000264s ]
ERR: 无法加载模块:Favicon

[ 2017-10-22T15:04:09+08:00 ] 119.86.38.170 /favicon.ico
INFO: [ app_init ] --START--
INFO: Run Behavior\BuildLiteBehavior [ RunTime:0.000013s ]
INFO: [ app_init ] --END-- [ RunTime:0.000254s ]
ERR: 无法加载模块:Favicon

[ 2017-10-22T15:04:10+08:00 ] 119.86.38.170 /favicon.ico
INFO: [ app_init ] --START--
INFO: Run Behavior\BuildLiteBehavior [ RunTime:0.000023s ]
INFO: [ app_init ] --END-- [ RunTime:0.000280s ]
ERR: 无法加载模块:Favicon

[ 2017-10-22T15:53:37+08:00 ] 5.196.87.21 /robots.txt
INFO: [ app_init ] --START--
INFO: Run Behavior\BuildLiteBehavior [ RunTime:0.000014s ]
INFO: [ app_init ] --END-- [ RunTime:0.000282s ]
ERR: 无法加载模块:Robots

[ 2017-10-22T16:23:49+08:00 ] 140.205.201.47 /master-status
INFO: [ app_init ] --START--
INFO: Run Behavior\BuildLiteBehavior [ RunTime:0.000015s ]
INFO: [ app_init ] --END-- [ RunTime:0.000272s ]
ERR: 无法加载模块:Master-status

[ 2017-10-22T16:23:49+08:00 ] 140.205.201.47 /showcase/integration/saveGangster.action
INFO: [ app_init ] --START--
INFO: Run Behavior\BuildLiteBehavior [ RunTime:0.000013s ]
INFO: [ app_init ] --END-- [ RunTime:0.000242s ]
ERR: 无法加载模块:Showcase

[ 2017-10-22T16:23:49+08:00 ] 140.205.201.47 /struts2-showcase/integration/saveGangster.action
INFO: [ app_init ] --START--
INFO: Run Behavior\BuildLiteBehavior [ RunTime:0.000014s ]
INFO: [ app_init ] --END-- [ RunTime:0.000282s ]
ERR: 无法加载模块:Struts2-showcase

[ 2017-10-22T16:23:49+08:00 ] 140.205.201.47 /integration/saveGangster.action
INFO: [ app_init ] --START--
INFO: Run Behavior\BuildLiteBehavior [ RunTime:0.000014s ]
INFO: [ app_init ] --END-- [ RunTime:0.000281s ]
ERR: 无法加载模块:Integration

[ 2017-10-22T16:25:14+08:00 ] 140.205.201.47 /wp-json/wp/v2/posts
INFO: [ app_init ] --START--
INFO: Run Behavior\BuildLiteBehavior [ RunTime:0.000012s ]
INFO: [ app_init ] --END-- [ RunTime:0.000245s ]
ERR: 无法加载模块:Wp-json

[ 2017-10-22T16:32:22+08:00 ] 140.205.201.47 /rs-status
INFO: [ app_init ] --START--
INFO: Run Behavior\BuildLiteBehavior [ RunTime:0.000014s ]
INFO: [ app_init ] --END-- [ RunTime:0.000251s ]
ERR: 无法加载模块:Rs-status

[ 2017-10-22T16:33:29+08:00 ] 140.205.225.199 /index.php?m=member&c=index&a=register&siteid=1
INFO: [ app_init ] --START--
INFO: Run Behavior\BuildLiteBehavior [ RunTime:0.000015s ]
INFO: [ app_init ] --END-- [ RunTime:0.000271s ]
ERR: 无法加载模块:Member

[ 2017-10-22T16:34:45+08:00 ] 140.205.225.199 /index.php?m=wap&a=index&siteid=1
INFO: [ app_init ] --START--
INFO: Run Behavior\BuildLiteBehavior [ RunTime:0.000015s ]
INFO: [ app_init ] --END-- [ RunTime:0.000273s ]
ERR: 无法加载模块:Wap

[ 2017-10-22T16:39:40+08:00 ] 140.205.201.47 /jobs/
INFO: [ app_init ] --START--
INFO: Run Behavior\BuildLiteBehavior [ RunTime:0.000016s ]
INFO: [ app_init ] --END-- [ RunTime:0.000289s ]
ERR: 无法加载模块:Jobs

[ 2017-10-22T16:41:48+08:00 ] 140.205.201.47 /qrwxkltcbiyp
INFO: [ app_init ] --START--
INFO: Run Behavior\BuildLiteBehavior [ RunTime:0.000015s ]
INFO: [ app_init ] --END-- [ RunTime:0.000272s ]
ERR: 无法加载模块:Qrwxkltcbiyp

[ 2017-10-22T16:41:48+08:00 ] 140.205.201.47 /qrwxkltcbiyp
INFO: [ app_init ] --START--
INFO: Run Behavior\BuildLiteBehavior [ RunTime:0.000014s ]
INFO: [ app_init ] --END-- [ RunTime:0.000272s ]
ERR: 无法加载模块:Qrwxkltcbiyp

[ 2017-10-22T16:41:48+08:00 ] 140.205.201.47 /qrwxkltcbiyp
INFO: [ app_init ] --START--
INFO: Run Behavior\BuildLiteBehavior [ RunTime:0.000015s ]
INFO: [ app_init ] --END-- [ RunTime:0.000276s ]
ERR: 无法加载模块:Qrwxkltcbiyp

[ 2017-10-22T16:43:16+08:00 ] 110.229.125.198 /favicon.ico
INFO: [ app_init ] --START--
INFO: Run Behavior\BuildLiteBehavior [ RunTime:0.000016s ]
INFO: [ app_init ] --END-- [ RunTime:0.000289s ]
ERR: 无法加载模块:Favicon

[ 2017-10-22T16:49:47+08:00 ] 223.104.108.93 /favicon.ico
INFO: [ app_init ] --START--
INFO: Run Behavior\BuildLiteBehavior [ RunTime:0.000015s ]
INFO: [ app_init ] --END-- [ RunTime:0.000262s ]
ERR: 无法加载模块:Favicon

[ 2017-10-22T16:49:49+08:00 ] 223.104.108.93 /favicon.ico
INFO: [ app_init ] --START--
INFO: Run Behavior\BuildLiteBehavior [ RunTime:0.000014s ]
INFO: [ app_init ] --END-- [ RunTime:0.000255s ]
ERR: 无法加载模块:Favicon

[ 2017-10-22T16:49:55+08:00 ] 223.104.108.93 /favicon.ico
INFO: [ app_init ] --START--
INFO: Run Behavior\BuildLiteBehavior [ RunTime:0.000014s ]
INFO: [ app_init ] --END-- [ RunTime:0.000242s ]
ERR: 无法加载模块:Favicon

[ 2017-10-22T16:50:30+08:00 ] 223.104.108.93 /favicon.ico
INFO: [ app_init ] --START--
INFO: Run Behavior\BuildLiteBehavior [ RunTime:0.000014s ]
INFO: [ app_init ] --END-- [ RunTime:0.000263s ]
ERR: 无法加载模块:Favicon

[ 2017-10-22T16:54:51+08:00 ] 140.205.201.47 /hwi/
INFO: [ app_init ] --START--
INFO: Run Behavior\BuildLiteBehavior [ RunTime:0.000015s ]
INFO: [ app_init ] --END-- [ RunTime:0.000307s ]
ERR: 无法加载模块:Hwi

[ 2017-10-22T17:06:32+08:00 ] 140.205.201.47 /dfshealth.html
INFO: [ app_init ] --START--
INFO: Run Behavior\BuildLiteBehavior [ RunTime:0.000015s ]
INFO: [ app_init ] --END-- [ RunTime:0.000282s ]
ERR: 无法加载模块:Dfshealth

[ 2017-10-22T17:07:59+08:00 ] 123.126.113.100 /robots.txt
INFO: [ app_init ] --START--
INFO: Run Behavior\BuildLiteBehavior [ RunTime:0.000014s ]
INFO: [ app_init ] --END-- [ RunTime:0.000279s ]
ERR: 无法加载模块:Robots

[ 2017-10-22T17:10:15+08:00 ] 140.205.201.47 /struts2-showcase/integration/saveGangster.action
INFO: [ app_init ] --START--
INFO: Run Behavior\BuildLiteBehavior [ RunTime:0.000015s ]
INFO: [ app_init ] --END-- [ RunTime:0.000289s ]
ERR: 无法加载模块:Struts2-showcase

[ 2017-10-22T17:10:22+08:00 ] 140.205.201.47 /clusters.jsf
INFO: [ app_init ] --START--
INFO: Run Behavior\BuildLiteBehavior [ RunTime:0.000013s ]
INFO: [ app_init ] --END-- [ RunTime:0.000259s ]
ERR: 无法加载模块:Clusters

[ 2017-10-22T17:10:25+08:00 ] 140.205.201.47 /info
INFO: [ app_init ] --START--
INFO: Run Behavior\BuildLiteBehavior [ RunTime:0.000014s ]
INFO: [ app_init ] --END-- [ RunTime:0.000281s ]
ERR: 无法加载模块:Info

[ 2017-10-22T17:10:44+08:00 ] 140.205.201.47 /jenkins/
INFO: [ app_init ] --START--
INFO: Run Behavior\BuildLiteBehavior [ RunTime:0.000013s ]
INFO: [ app_init ] --END-- [ RunTime:0.000249s ]
ERR: 无法加载模块:Jenkins

[ 2017-10-22T17:10:51+08:00 ] 140.205.201.47 /zabbix/
INFO: [ app_init ] --START--
INFO: Run Behavior\BuildLiteBehavior [ RunTime:0.000025s ]
INFO: [ app_init ] --END-- [ RunTime:0.000254s ]
ERR: 无法加载模块:Zabbix

[ 2017-10-22T17:10:56+08:00 ] 140.205.201.47 /solr/
INFO: [ app_init ] --START--
INFO: Run Behavior\BuildLiteBehavior [ RunTime:0.000013s ]
INFO: [ app_init ] --END-- [ RunTime:0.000246s ]
ERR: 无法加载模块:Solr

[ 2017-10-22T17:11:06+08:00 ] 140.205.201.47 /about/
INFO: [ app_init ] --START--
INFO: Run Behavior\BuildLiteBehavior [ RunTime:0.000014s ]
INFO: [ app_init ] --END-- [ RunTime:0.000280s ]
ERR: 无法加载模块:About

[ 2017-10-22T17:11:11+08:00 ] 140.205.201.47 /warning
INFO: [ app_init ] --START--
INFO: Run Behavior\BuildLiteBehavior [ RunTime:0.000015s ]
INFO: [ app_init ] --END-- [ RunTime:0.000282s ]
ERR: 无法加载模块:Warning

[ 2017-10-22T17:14:55+08:00 ] 140.205.201.47 /pleasereadthis
INFO: [ app_init ] --START--
INFO: Run Behavior\BuildLiteBehavior [ RunTime:0.000014s ]
INFO: [ app_init ] --END-- [ RunTime:0.000252s ]
ERR: 无法加载模块:Pleasereadthis

[ 2017-10-22T17:17:49+08:00 ] 140.205.201.47 /please_read/_search
INFO: [ app_init ] --START--
INFO: Run Behavior\BuildLiteBehavior [ RunTime:0.000016s ]
INFO: [ app_init ] --END-- [ RunTime:0.000297s ]
ERR: 无法加载模块:Please_read

[ 2017-10-22T17:18:56+08:00 ] 140.205.201.47 /dfshealth.jsp
INFO: [ app_init ] --START--
INFO: Run Behavior\BuildLiteBehavior [ RunTime:0.000012s ]
INFO: [ app_init ] --END-- [ RunTime:0.000250s ]
ERR: 无法加载模块:Dfshealth

[ 2017-10-22T17:19:31+08:00 ] 140.205.201.47 /hadoop/dfshealth.jsp
INFO: [ app_init ] --START--
INFO: Run Behavior\BuildLiteBehavior [ RunTime:0.000014s ]
INFO: [ app_init ] --END-- [ RunTime:0.000286s ]
ERR: 无法加载模块:Hadoop

[ 2017-10-22T17:55:21+08:00 ] 219.236.166.186 /favicon.ico
INFO: [ app_init ] --START--
INFO: Run Behavior\BuildLiteBehavior [ RunTime:0.000013s ]
INFO: [ app_init ] --END-- [ RunTime:0.000248s ]
ERR: 无法加载模块:Favicon

[ 2017-10-22T17:55:21+08:00 ] 219.236.166.186 /favicon.ico
INFO: [ app_init ] --START--
INFO: Run Behavior\BuildLiteBehavior [ RunTime:0.000014s ]
INFO: [ app_init ] --END-- [ RunTime:0.000247s ]
ERR: 无法加载模块:Favicon

[ 2017-10-22T18:25:26+08:00 ] 111.201.245.34 /favicon.ico
INFO: [ app_init ] --START--
INFO: Run Behavior\BuildLiteBehavior [ RunTime:0.000013s ]
INFO: [ app_init ] --END-- [ RunTime:0.000240s ]
ERR: 无法加载模块:Favicon

[ 2017-10-22T18:41:49+08:00 ] 49.80.123.42 /favicon.ico
INFO: [ app_init ] --START--
INFO: Run Behavior\BuildLiteBehavior [ RunTime:0.000013s ]
INFO: [ app_init ] --END-- [ RunTime:0.000258s ]
ERR: 无法加载模块:Favicon

[ 2017-10-22T19:01:03+08:00 ] 36.110.147.78 /robots.txt
INFO: [ app_init ] --START--
INFO: Run Behavior\BuildLiteBehavior [ RunTime:0.000013s ]
INFO: [ app_init ] --END-- [ RunTime:0.000243s ]
ERR: 无法加载模块:Robots

[ 2017-10-22T19:01:26+08:00 ] 36.110.147.93 /robots.txt
INFO: [ app_init ] --START--
INFO: Run Behavior\BuildLiteBehavior [ RunTime:0.000013s ]
INFO: [ app_init ] --END-- [ RunTime:0.000264s ]
ERR: 无法加载模块:Robots

[ 2017-10-22T19:06:53+08:00 ] 111.199.188.116 /favicon.ico
INFO: [ app_init ] --START--
INFO: Run Behavior\BuildLiteBehavior [ RunTime:0.000014s ]
INFO: [ app_init ] --END-- [ RunTime:0.000256s ]
ERR: 无法加载模块:Favicon

[ 2017-10-22T19:10:49+08:00 ] 106.84.143.78 /favicon.ico
INFO: [ app_init ] --START--
INFO: Run Behavior\BuildLiteBehavior [ RunTime:0.000014s ]
INFO: [ app_init ] --END-- [ RunTime:0.000259s ]
ERR: 无法加载模块:Favicon

[ 2017-10-22T19:17:56+08:00 ] 140.205.225.206 /index.php?m=wap&a=index&siteid=1
INFO: [ app_init ] --START--
INFO: Run Behavior\BuildLiteBehavior [ RunTime:0.000012s ]
INFO: [ app_init ] --END-- [ RunTime:0.000247s ]
ERR: 无法加载模块:Wap

[ 2017-10-22T19:17:57+08:00 ] 140.205.225.206 /index.php?m=member&c=index&a=register&siteid=1
INFO: [ app_init ] --START--
INFO: Run Behavior\BuildLiteBehavior [ RunTime:0.000017s ]
INFO: [ app_init ] --END-- [ RunTime:0.000263s ]
ERR: 无法加载模块:Member

[ 2017-10-22T19:18:08+08:00 ] 140.205.225.206 /clusters.jsf
INFO: [ app_init ] --START--
INFO: Run Behavior\BuildLiteBehavior [ RunTime:0.000014s ]
INFO: [ app_init ] --END-- [ RunTime:0.000256s ]
ERR: 无法加载模块:Clusters

[ 2017-10-22T19:18:16+08:00 ] 140.205.225.206 /hwi/
INFO: [ app_init ] --START--
INFO: Run Behavior\BuildLiteBehavior [ RunTime:0.000014s ]
INFO: [ app_init ] --END-- [ RunTime:0.000321s ]
ERR: 无法加载模块:Hwi

[ 2017-10-22T19:18:20+08:00 ] 140.205.225.206 /jpryuabioctg
INFO: [ app_init ] --START--
INFO: Run Behavior\BuildLiteBehavior [ RunTime:0.000013s ]
INFO: [ app_init ] --END-- [ RunTime:0.000245s ]
ERR: 无法加载模块:Jpryuabioctg

[ 2017-10-22T19:18:20+08:00 ] 140.205.225.206 /jpryuabioctg
INFO: [ app_init ] --START--
INFO: Run Behavior\BuildLiteBehavior [ RunTime:0.000013s ]
INFO: [ app_init ] --END-- [ RunTime:0.000248s ]
ERR: 无法加载模块:Jpryuabioctg

[ 2017-10-22T19:18:20+08:00 ] 140.205.225.206 /jpryuabioctg
INFO: [ app_init ] --START--
INFO: Run Behavior\BuildLiteBehavior [ RunTime:0.000013s ]
INFO: [ app_init ] --END-- [ RunTime:0.000243s ]
ERR: 无法加载模块:Jpryuabioctg

[ 2017-10-22T19:22:00+08:00 ] 140.205.225.206 /'%22+onmouseover=alert()+d='%22
INFO: [ app_init ] --START--
INFO: Run Behavior\BuildLiteBehavior [ RunTime:0.000014s ]
INFO: [ app_init ] --END-- [ RunTime:0.000242s ]
ERR: 无法加载模块:'"+onmouseover=alert()+d='"

[ 2017-10-22T19:22:03+08:00 ] 140.205.225.206 /uddiexplorer/SearchPublicRegistries.jsp?operator=http://www.alibaba.com/&rdoSearch=name&txtSearchname=sdf&txtSearchkey=&txtSearchfor=&selfor=Business+location&btnSubmit=Search
INFO: [ app_init ] --START--
INFO: Run Behavior\BuildLiteBehavior [ RunTime:0.000013s ]
INFO: [ app_init ] --END-- [ RunTime:0.000252s ]
ERR: 无法加载模块:Uddiexplorer

[ 2017-10-22T19:22:12+08:00 ] 140.205.225.206 /%27%22%20onmouseover%3Dalert%28%29%20d%3D%27%22
INFO: [ app_init ] --START--
INFO: Run Behavior\BuildLiteBehavior [ RunTime:0.000026s ]
INFO: [ app_init ] --END-- [ RunTime:0.000308s ]
ERR: 无法加载模块:'" onmouseover=alert() d='"

[ 2017-10-22T19:22:17+08:00 ] 140.205.225.206 /index.php?g=Wap&m=Dining&a=ShowDetail&id=2%20and%20updatexml(1,concat(0x7e,md5(1),0x7e),0)%23
INFO: [ app_init ] --START--
INFO: Run Behavior\BuildLiteBehavior [ RunTime:0.000014s ]
INFO: [ app_init ] --END-- [ RunTime:0.000261s ]
ERR: 无法加载模块:Dining

[ 2017-10-22T19:22:49+08:00 ] 140.205.225.206 /%2527%2522%2520onmouseover%253Dalert%2528%2529%2520d%253D%2527%2522
INFO: [ app_init ] --START--
INFO: Run Behavior\BuildLiteBehavior [ RunTime:0.000014s ]
INFO: [ app_init ] --END-- [ RunTime:0.000276s ]
ERR: 无法加载模块:%27%22%20onmouseover%3Dalert%28%29%20d%3D%27%22

[ 2017-10-22T19:23:11+08:00 ] 140.205.225.206 /'%22/%3E%3C/script%3E%3Cscript%3Ealert()%3C/script%3E
INFO: [ app_init ] --START--
INFO: Run Behavior\BuildLiteBehavior [ RunTime:0.000014s ]
INFO: [ app_init ] --END-- [ RunTime:0.000242s ]
ERR: 无法加载模块:'"

[ 2017-10-22T19:23:18+08:00 ] 140.205.225.206 /jobs/
INFO: [ app_init ] --START--
INFO: Run Behavior\BuildLiteBehavior [ RunTime:0.000013s ]
INFO: [ app_init ] --END-- [ RunTime:0.000249s ]
ERR: 无法加载模块:Jobs

[ 2017-10-22T19:23:41+08:00 ] 140.205.225.206 /%27%22%2f%3E%3C%2fscript%3E%3Cscript%3Ealert%28%29%3C%2fscript%3E
INFO: [ app_init ] --START--
INFO: Run Behavior\BuildLiteBehavior [ RunTime:0.000018s ]
INFO: [ app_init ] --END-- [ RunTime:0.000328s ]
ERR: 无法加载模块:'"

[ 2017-10-22T19:23:52+08:00 ] 140.205.225.206 /%2527%2522%252f%253E%253C%252fscript%253E%253Cscript%253Ealert%2528%2529%253C%252fscript%253E
INFO: [ app_init ] --START--
INFO: Run Behavior\BuildLiteBehavior [ RunTime:0.000014s ]
INFO: [ app_init ] --END-- [ RunTime:0.000268s ]
ERR: 无法加载模块:%27%22%2f%3E%3C%2fscript%3E%3Cscript%3Ealert%28%29%3C%2fscript%3E

[ 2017-10-22T19:24:05+08:00 ] 46.229.164.99 /robots.txt
INFO: [ app_init ] --START--
INFO: Run Behavior\BuildLiteBehavior [ RunTime:0.000013s ]
INFO: [ app_init ] --END-- [ RunTime:0.000256s ]
ERR: 无法加载模块:Robots

[ 2017-10-22T19:24:28+08:00 ] 140.205.225.206 /rs-status
INFO: [ app_init ] --START--
INFO: Run Behavior\BuildLiteBehavior [ RunTime:0.000014s ]
INFO: [ app_init ] --END-- [ RunTime:0.000244s ]
ERR: 无法加载模块:Rs-status

[ 2017-10-22T19:24:58+08:00 ] 140.205.225.206 /master-status
INFO: [ app_init ] --START--
INFO: Run Behavior\BuildLiteBehavior [ RunTime:0.000014s ]
INFO: [ app_init ] --END-- [ RunTime:0.000249s ]
ERR: 无法加载模块:Master-status

[ 2017-10-22T19:25:07+08:00 ] 140.205.225.206 /dfshealth.html
INFO: [ app_init ] --START--
INFO: Run Behavior\BuildLiteBehavior [ RunTime:0.000013s ]
INFO: [ app_init ] --END-- [ RunTime:0.000244s ]
ERR: 无法加载模块:Dfshealth

[ 2017-10-22T19:25:55+08:00 ] 140.205.225.206 /about/
INFO: [ app_init ] --START--
INFO: Run Behavior\BuildLiteBehavior [ RunTime:0.000013s ]
INFO: [ app_init ] --END-- [ RunTime:0.000260s ]
ERR: 无法加载模块:About

[ 2017-10-22T19:26:16+08:00 ] 140.205.225.206 /dfshealth.jsp
INFO: [ app_init ] --START--
INFO: Run Behavior\BuildLiteBehavior [ RunTime:0.000014s ]
INFO: [ app_init ] --END-- [ RunTime:0.000245s ]
ERR: 无法加载模块:Dfshealth

[ 2017-10-22T19:26:34+08:00 ] 140.205.225.206 /hadoop/dfshealth.jsp
INFO: [ app_init ] --START--
INFO: Run Behavior\BuildLiteBehavior [ RunTime:0.000014s ]
INFO: [ app_init ] --END-- [ RunTime:0.000253s ]
ERR: 无法加载模块:Hadoop

[ 2017-10-22T19:28:13+08:00 ] 140.205.225.206 /'%22+onmouseover=alert()+d='%22
INFO: [ app_init ] --START--
INFO: Run Behavior\BuildLiteBehavior [ RunTime:0.000015s ]
INFO: [ app_init ] --END-- [ RunTime:0.000273s ]
ERR: 无法加载模块:'"+onmouseover=alert()+d='"

[ 2017-10-22T19:28:18+08:00 ] 140.205.225.206 /%27%22%20onmouseover%3Dalert%28%29%20d%3D%27%22
INFO: [ app_init ] --START--
INFO: Run Behavior\BuildLiteBehavior [ RunTime:0.000015s ]
INFO: [ app_init ] --END-- [ RunTime:0.000270s ]
ERR: 无法加载模块:'" onmouseover=alert() d='"

[ 2017-10-22T19:28:24+08:00 ] 140.205.225.206 /%2527%2522%2520onmouseover%253Dalert%2528%2529%2520d%253D%2527%2522
INFO: [ app_init ] --START--
INFO: Run Behavior\BuildLiteBehavior [ RunTime:0.000013s ]
INFO: [ app_init ] --END-- [ RunTime:0.000250s ]
ERR: 无法加载模块:%27%22%20onmouseover%3Dalert%28%29%20d%3D%27%22

[ 2017-10-22T19:28:31+08:00 ] 140.205.225.206 /'%22+onmouseover=alert()+d='%22/?.tmp=t
INFO: [ app_init ] --START--
INFO: Run Behavior\BuildLiteBehavior [ RunTime:0.000015s ]
INFO: [ app_init ] --END-- [ RunTime:0.000291s ]
ERR: 无法加载模块:'"+onmouseover=alert()+d='"

[ 2017-10-22T19:28:37+08:00 ] 140.205.225.206 /%27%22%20onmouseover%3Dalert%28%29%20d%3D%27%22/?.tmp=t
INFO: [ app_init ] --START--
INFO: Run Behavior\BuildLiteBehavior [ RunTime:0.000015s ]
INFO: [ app_init ] --END-- [ RunTime:0.000289s ]
ERR: 无法加载模块:'" onmouseover=alert() d='"

[ 2017-10-22T19:28:40+08:00 ] 140.205.225.206 /%2527%2522%2520onmouseover%253Dalert%2528%2529%2520d%253D%2527%2522/?.tmp=t
INFO: [ app_init ] --START--
INFO: Run Behavior\BuildLiteBehavior [ RunTime:0.000015s ]
INFO: [ app_init ] --END-- [ RunTime:0.000287s ]
ERR: 无法加载模块:%27%22%20onmouseover%3Dalert%28%29%20d%3D%27%22

[ 2017-10-22T19:28:45+08:00 ] 140.205.225.206 /'%22/%3E%3C/script%3E%3Cscript%3Ealert()%3C/script%3E
INFO: [ app_init ] --START--
INFO: Run Behavior\BuildLiteBehavior [ RunTime:0.000013s ]
INFO: [ app_init ] --END-- [ RunTime:0.000254s ]
ERR: 无法加载模块:'"

[ 2017-10-22T19:28:56+08:00 ] 140.205.225.206 /%27%22%2f%3E%3C%2fscript%3E%3Cscript%3Ealert%28%29%3C%2fscript%3E
INFO: [ app_init ] --START--
INFO: Run Behavior\BuildLiteBehavior [ RunTime:0.000014s ]
INFO: [ app_init ] --END-- [ RunTime:0.000252s ]
ERR: 无法加载模块:'"

[ 2017-10-22T19:29:02+08:00 ] 140.205.225.206 /%2527%2522%252f%253E%253C%252fscript%253E%253Cscript%253Ealert%2528%2529%253C%252fscript%253E
INFO: [ app_init ] --START--
INFO: Run Behavior\BuildLiteBehavior [ RunTime:0.000013s ]
INFO: [ app_init ] --END-- [ RunTime:0.000262s ]
ERR: 无法加载模块:%27%22%2f%3E%3C%2fscript%3E%3Cscript%3Ealert%28%29%3C%2fscript%3E

[ 2017-10-22T19:29:04+08:00 ] 140.205.225.206 /'%22/%3E%3C/script%3E%3Cscript%3Ealert()%3C/script%3E/?.tmp=t
INFO: [ app_init ] --START--
INFO: Run Behavior\BuildLiteBehavior [ RunTime:0.000013s ]
INFO: [ app_init ] --END-- [ RunTime:0.000253s ]
ERR: 无法加载模块:'"

[ 2017-10-22T19:29:07+08:00 ] 140.205.225.206 /%27%22%2f%3E%3C%2fscript%3E%3Cscript%3Ealert%28%29%3C%2fscript%3E/?.tmp=t
INFO: [ app_init ] --START--
INFO: Run Behavior\BuildLiteBehavior [ RunTime:0.000016s ]
INFO: [ app_init ] --END-- [ RunTime:0.000281s ]
ERR: 无法加载模块:'"

[ 2017-10-22T19:29:09+08:00 ] 140.205.225.206 /%2527%2522%252f%253E%253C%252fscript%253E%253Cscript%253Ealert%2528%2529%253C%252fscript%253E/?.tmp=t
INFO: [ app_init ] --START--
INFO: Run Behavior\BuildLiteBehavior [ RunTime:0.000019s ]
INFO: [ app_init ] --END-- [ RunTime:0.000374s ]
ERR: 无法加载模块:%27%22%2f%3E%3C%2fscript%3E%3Cscript%3Ealert%28%29%3C%2fscript%3E

[ 2017-10-22T19:37:08+08:00 ] 36.101.180.232 /favicon.ico
INFO: [ app_init ] --START--
INFO: Run Behavior\BuildLiteBehavior [ RunTime:0.000015s ]
INFO: [ app_init ] --END-- [ RunTime:0.000288s ]
ERR: 无法加载模块:Favicon

[ 2017-10-22T19:37:08+08:00 ] 36.101.180.232 /favicon.ico
INFO: [ app_init ] --START--
INFO: Run Behavior\BuildLiteBehavior [ RunTime:0.000014s ]
INFO: [ app_init ] --END-- [ RunTime:0.000281s ]
ERR: 无法加载模块:Favicon

[ 2017-10-22T19:40:57+08:00 ] 180.97.30.196 /data/data.mdb
INFO: [ app_init ] --START--
INFO: Run Behavior\BuildLiteBehavior [ RunTime:0.000013s ]
INFO: [ app_init ] --END-- [ RunTime:0.000255s ]
ERR: 无法加载模块:Data

[ 2017-10-22T19:40:57+08:00 ] 180.97.30.196 /datas/data.mdb
INFO: [ app_init ] --START--
INFO: Run Behavior\BuildLiteBehavior [ RunTime:0.000012s ]
INFO: [ app_init ] --END-- [ RunTime:0.000262s ]
ERR: 无法加载模块:Datas

[ 2017-10-22T19:40:57+08:00 ] 180.97.30.196 /adminyl/data.mdb
INFO: [ app_init ] --START--
INFO: Run Behavior\BuildLiteBehavior [ RunTime:0.000013s ]
INFO: [ app_init ] --END-- [ RunTime:0.000240s ]
ERR: 无法加载模块:Adminyl

[ 2017-10-22T19:40:57+08:00 ] 180.97.30.196 /admindata/data.mdb
INFO: [ app_init ] --START--
INFO: Run Behavior\BuildLiteBehavior [ RunTime:0.000012s ]
INFO: [ app_init ] --END-- [ RunTime:0.000234s ]
ERR: 无法加载模块:Admindata

[ 2017-10-22T19:40:57+08:00 ] 180.97.30.196 /include/ghfhfERTG45FGHF2134/dsHJKH976hjh565TUYT.mdb
INFO: [ app_init ] --START--
INFO: Run Behavior\BuildLiteBehavior [ RunTime:0.000013s ]
INFO: [ app_init ] --END-- [ RunTime:0.000259s ]
ERR: 无法加载模块:Include

[ 2017-10-22T19:40:57+08:00 ] 180.97.30.196 /includes/mydata/db.db
INFO: [ app_init ] --START--
INFO: Run Behavior\BuildLiteBehavior [ RunTime:0.000012s ]
INFO: [ app_init ] --END-- [ RunTime:0.000247s ]
ERR: 无法加载模块:Includes

[ 2017-10-22T19:40:57+08:00 ] 180.97.30.196 /g78lIIpVMI/fvreg45y45y54y/nnyylczccydata/%23$ssjjb%23%2317%2365454355464%23%2332424234546$3$3.asa.rar
INFO: [ app_init ] --START--
INFO: Run Behavior\BuildLiteBehavior [ RunTime:0.000013s ]
INFO: [ app_init ] --END-- [ RunTime:0.000261s ]
ERR: 无法加载模块:G78lIIpVMI

[ 2017-10-22T19:40:57+08:00 ] 180.97.30.196 /g78lIIpVMI/fvreg45y45y54y/nnyylczccydata/%23$ssjjb%23%2317%2365454355464%23%2332424234546$3$3.asa
INFO: [ app_init ] --START--
INFO: Run Behavior\BuildLiteBehavior [ RunTime:0.000013s ]
INFO: [ app_init ] --END-- [ RunTime:0.000238s ]
ERR: 无法加载模块:G78lIIpVMI

[ 2017-10-22T19:40:57+08:00 ] 180.97.30.196 /g78lIIpVMI/fvreg45y45y54y/nnyylczccydata/2.rar
INFO: [ app_init ] --START--
INFO: Run Behavior\BuildLiteBehavior [ RunTime:0.000012s ]
INFO: [ app_init ] --END-- [ RunTime:0.000259s ]
ERR: 无法加载模块:G78lIIpVMI

[ 2017-10-22T19:40:57+08:00 ] 180.97.30.196 /g78lIIpVMI/fvreg45y45y54y/nnyylczccydata/%23$ssjjb%23%2317%2365454355464%23%2332424234546$3$3.asa.zip
INFO: [ app_init ] --START--
INFO: Run Behavior\BuildLiteBehavior [ RunTime:0.000026s ]
INFO: [ app_init ] --END-- [ RunTime:0.000252s ]
ERR: 无法加载模块:G78lIIpVMI

[ 2017-10-22T19:40:57+08:00 ] 180.97.30.196 /xiaomikeji8899/nnyylczccydata/%23$ss%23f15sd4g45ghhjfdr!!@%23$545hretyreg3$3$3.mdb.rar
INFO: [ app_init ] --START--
INFO: Run Behavior\BuildLiteBehavior [ RunTime:0.000012s ]
INFO: [ app_init ] --END-- [ RunTime:0.000233s ]
ERR: 无法加载模块:Xiaomikeji8899

[ 2017-10-22T19:40:57+08:00 ] 180.97.30.196 /xiaomikeji8899/nnyylczccydata/%23$ss%23f15sd4g45ghhjfdr!!@%23$545hretyreg3$3$3.mdb.zip
INFO: [ app_init ] --START--
INFO: Run Behavior\BuildLiteBehavior [ RunTime:0.000012s ]
INFO: [ app_init ] --END-- [ RunTime:0.000231s ]
ERR: 无法加载模块:Xiaomikeji8899

[ 2017-10-22T19:40:57+08:00 ] 180.97.30.196 /xiaomikeji8899/nnyylczccydata/1.zip
INFO: [ app_init ] --START--
INFO: Run Behavior\BuildLiteBehavior [ RunTime:0.000012s ]
INFO: [ app_init ] --END-- [ RunTime:0.000240s ]
ERR: 无法加载模块:Xiaomikeji8899

[ 2017-10-22T19:40:57+08:00 ] 180.97.30.196 /g78lIIpVMI/fvreg45y45y54y/nnyylczccydata/1.rar
INFO: [ app_init ] --START--
INFO: Run Behavior\BuildLiteBehavior [ RunTime:0.000013s ]
INFO: [ app_init ] --END-- [ RunTime:0.000246s ]
ERR: 无法加载模块:G78lIIpVMI

[ 2017-10-22T19:40:57+08:00 ] 180.97.30.196 /g78lIIpVMI/fvreg45y45y54y/nnyylczccydata/1.zip
INFO: [ app_init ] --START--
INFO: Run Behavior\BuildLiteBehavior [ RunTime:0.000013s ]
INFO: [ app_init ] --END-- [ RunTime:0.000256s ]
ERR: 无法加载模块:G78lIIpVMI

[ 2017-10-22T19:40:57+08:00 ] 180.97.30.196 /xiaomikeji8899/nnyylczccydata/2.zip
INFO: [ app_init ] --START--
INFO: Run Behavior\BuildLiteBehavior [ RunTime:0.000011s ]
INFO: [ app_init ] --END-- [ RunTime:0.000243s ]
ERR: 无法加载模块:Xiaomikeji8899

[ 2017-10-22T19:40:57+08:00 ] 180.97.30.196 /g78lIIpVMI/fvreg45y45y54y/nnyylczccydata/2.zip
INFO: [ app_init ] --START--
INFO: Run Behavior\BuildLiteBehavior [ RunTime:0.000013s ]
INFO: [ app_init ] --END-- [ RunTime:0.000233s ]
ERR: 无法加载模块:G78lIIpVMI

[ 2017-10-22T19:40:57+08:00 ] 180.97.30.196 /xiaomikeji8899/nnyylczccydata/1.rar
INFO: [ app_init ] --START--
INFO: Run Behavior\BuildLiteBehavior [ RunTime:0.000012s ]
INFO: [ app_init ] --END-- [ RunTime:0.000259s ]
ERR: 无法加载模块:Xiaomikeji8899

[ 2017-10-22T19:40:57+08:00 ] 180.97.30.196 /xiaomikeji8899/nnyylczccydata/%23$ss%23f15sd4g45ghhjfdr!!@%23$545hretyreg3$3$3.mdb
INFO: [ app_init ] --START--
INFO: Run Behavior\BuildLiteBehavior [ RunTime:0.000013s ]
INFO: [ app_init ] --END-- [ RunTime:0.000266s ]
ERR: 无法加载模块:Xiaomikeji8899

[ 2017-10-22T19:40:57+08:00 ] 180.97.30.196 /rWGID6NySxav69L5IiKwHHcOb8fkg5pe/fvreg45y45y54y/nnyylczccydata/%23$ssjjb%23%2317%2365454355464%23%2332424234546$3$3.asa
INFO: [ app_init ] --START--
INFO: Run Behavior\BuildLiteBehavior [ RunTime:0.000012s ]
INFO: [ app_init ] --END-- [ RunTime:0.000239s ]
ERR: 无法加载模块:RWGID6NySxav69L5IiKwHHcOb8fkg5pe

[ 2017-10-22T19:40:57+08:00 ] 180.97.30.196 /rWGID6NySxav69L5IiKwHHcOb8fkg5pe/fvreg45y45y54y/nnyylczccydata/%23$ssjjb%23%2317%2365454355464%23%2332424234546$3$3.asa.zip
INFO: [ app_init ] --START--
INFO: Run Behavior\BuildLiteBehavior [ RunTime:0.000013s ]
INFO: [ app_init ] --END-- [ RunTime:0.000253s ]
ERR: 无法加载模块:RWGID6NySxav69L5IiKwHHcOb8fkg5pe

[ 2017-10-22T19:40:57+08:00 ] 180.97.30.196 /rWGID6NySxav69L5IiKwHHcOb8fkg5pe/fvreg45y45y54y/nnyylczccydata/1.zip
INFO: [ app_init ] --START--
INFO: Run Behavior\BuildLiteBehavior [ RunTime:0.000012s ]
INFO: [ app_init ] --END-- [ RunTime:0.000248s ]
ERR: 无法加载模块:RWGID6NySxav69L5IiKwHHcOb8fkg5pe

[ 2017-10-22T19:40:57+08:00 ] 180.97.30.196 /rWGID6NySxav69L5IiKwHHcOb8fkg5pe/fvreg45y45y54y/nnyylczccydata/1.rar
INFO: [ app_init ] --START--
INFO: Run Behavior\BuildLiteBehavior [ RunTime:0.000012s ]
INFO: [ app_init ] --END-- [ RunTime:0.000241s ]
ERR: 无法加载模块:RWGID6NySxav69L5IiKwHHcOb8fkg5pe

[ 2017-10-22T19:40:57+08:00 ] 180.97.30.196 /rWGID6NySxav69L5IiKwHHcOb8fkg5pe/fvreg45y45y54y/nnyylczccydata/2.zip
INFO: [ app_init ] --START--
INFO: Run Behavior\BuildLiteBehavior [ RunTime:0.000013s ]
INFO: [ app_init ] --END-- [ RunTime:0.000244s ]
ERR: 无法加载模块:RWGID6NySxav69L5IiKwHHcOb8fkg5pe

[ 2017-10-22T19:40:57+08:00 ] 180.97.30.196 /rWGID6NySxav69L5IiKwHHcOb8fkg5pe/fvreg45y45y54y/nnyylczccydata/2.rar
INFO: [ app_init ] --START--
INFO: Run Behavior\BuildLiteBehavior [ RunTime:0.000020s ]
INFO: [ app_init ] --END-- [ RunTime:0.000268s ]
ERR: 无法加载模块:RWGID6NySxav69L5IiKwHHcOb8fkg5pe

[ 2017-10-22T19:40:57+08:00 ] 180.97.30.196 /9iGdBX2udyMHvXBlAaaK0n4BvpSet0wF/fvreg45y45y54y/nnyylczccydata/%23$ssjjb%23%2317%2365454355464%23%2332424234546$3$3.asa
INFO: [ app_init ] --START--
INFO: Run Behavior\BuildLiteBehavior [ RunTime:0.000013s ]
INFO: [ app_init ] --END-- [ RunTime:0.000237s ]
ERR: 无法加载模块:9iGdBX2udyMHvXBlAaaK0n4BvpSet0wF

[ 2017-10-22T19:40:57+08:00 ] 180.97.30.196 /9iGdBX2udyMHvXBlAaaK0n4BvpSet0wF/fvreg45y45y54y/nnyylczccydata/%23$ssjjb%23%2317%2365454355464%23%2332424234546$3$3.asa.zip
INFO: [ app_init ] --START--
INFO: Run Behavior\BuildLiteBehavior [ RunTime:0.000012s ]
INFO: [ app_init ] --END-- [ RunTime:0.000242s ]
ERR: 无法加载模块:9iGdBX2udyMHvXBlAaaK0n4BvpSet0wF

[ 2017-10-22T19:40:57+08:00 ] 180.97.30.196 /9iGdBX2udyMHvXBlAaaK0n4BvpSet0wF/fvreg45y45y54y/nnyylczccydata/%23$ssjjb%23%2317%2365454355464%23%2332424234546$3$3.asa.rar
INFO: [ app_init ] --START--
INFO: Run Behavior\BuildLiteBehavior [ RunTime:0.000025s ]
INFO: [ app_init ] --END-- [ RunTime:0.000248s ]
ERR: 无法加载模块:9iGdBX2udyMHvXBlAaaK0n4BvpSet0wF

[ 2017-10-22T19:40:57+08:00 ] 180.97.30.196 /9iGdBX2udyMHvXBlAaaK0n4BvpSet0wF/fvreg45y45y54y/nnyylczccydata/1.zip
INFO: [ app_init ] --START--
INFO: Run Behavior\BuildLiteBehavior [ RunTime:0.000012s ]
INFO: [ app_init ] --END-- [ RunTime:0.000250s ]
ERR: 无法加载模块:9iGdBX2udyMHvXBlAaaK0n4BvpSet0wF

[ 2017-10-22T19:40:57+08:00 ] 180.97.30.196 /xiaomikeji8899/nnyylczccydata/2.rar
INFO: [ app_init ] --START--
INFO: Run Behavior\BuildLiteBehavior [ RunTime:0.000012s ]
INFO: [ app_init ] --END-- [ RunTime:0.000235s ]
ERR: 无法加载模块:Xiaomikeji8899

[ 2017-10-22T19:40:57+08:00 ] 180.97.30.196 /rWGID6NySxav69L5IiKwHHcOb8fkg5pe/fvreg45y45y54y/nnyylczccydata/%23$ssjjb%23%2317%2365454355464%23%2332424234546$3$3.asa.rar
INFO: [ app_init ] --START--
INFO: Run Behavior\BuildLiteBehavior [ RunTime:0.000011s ]
INFO: [ app_init ] --END-- [ RunTime:0.000235s ]
ERR: 无法加载模块:RWGID6NySxav69L5IiKwHHcOb8fkg5pe

[ 2017-10-22T19:40:57+08:00 ] 180.97.30.196 /9iGdBX2udyMHvXBlAaaK0n4BvpSet0wF/fvreg45y45y54y/nnyylczccydata/2.rar
INFO: [ app_init ] --START--
INFO: Run Behavior\BuildLiteBehavior [ RunTime:0.000013s ]
INFO: [ app_init ] --END-- [ RunTime:0.000256s ]
ERR: 无法加载模块:9iGdBX2udyMHvXBlAaaK0n4BvpSet0wF

[ 2017-10-22T19:40:57+08:00 ] 180.97.30.196 /9iGdBX2udyMHvXBlAaaK0n4BvpSet0wF/fvreg45y45y54y/nnyylczccydata/2.zip
INFO: [ app_init ] --START--
INFO: Run Behavior\BuildLiteBehavior [ RunTime:0.000012s ]
INFO: [ app_init ] --END-- [ RunTime:0.000241s ]
ERR: 无法加载模块:9iGdBX2udyMHvXBlAaaK0n4BvpSet0wF

[ 2017-10-22T19:40:57+08:00 ] 180.97.30.196 /OxTNiiS9PjlWIDD1KEgU71ZjZQHNxh/fvreg45y45y54y/nnyylczccydata/%23$ssjjb%23%2317%2365454355464%23%2332424234546$3$3.asa
INFO: [ app_init ] --START--
INFO: Run Behavior\BuildLiteBehavior [ RunTime:0.000012s ]
INFO: [ app_init ] --END-- [ RunTime:0.000237s ]
ERR: 无法加载模块:OxTNiiS9PjlWIDD1KEgU71ZjZQHNxh

[ 2017-10-22T19:40:57+08:00 ] 180.97.30.196 /OxTNiiS9PjlWIDD1KEgU71ZjZQHNxh/fvreg45y45y54y/nnyylczccydata/%23$ssjjb%23%2317%2365454355464%23%2332424234546$3$3.asa.zip
INFO: [ app_init ] --START--
INFO: Run Behavior\BuildLiteBehavior [ RunTime:0.000012s ]
INFO: [ app_init ] --END-- [ RunTime:0.000231s ]
ERR: 无法加载模块:OxTNiiS9PjlWIDD1KEgU71ZjZQHNxh

[ 2017-10-22T19:40:57+08:00 ] 180.97.30.196 /OxTNiiS9PjlWIDD1KEgU71ZjZQHNxh/fvreg45y45y54y/nnyylczccydata/%23$ssjjb%23%2317%2365454355464%23%2332424234546$3$3.mdb
INFO: [ app_init ] --START--
INFO: Run Behavior\BuildLiteBehavior [ RunTime:0.000012s ]
INFO: [ app_init ] --END-- [ RunTime:0.000252s ]
ERR: 无法加载模块:OxTNiiS9PjlWIDD1KEgU71ZjZQHNxh

[ 2017-10-22T19:40:57+08:00 ] 180.97.30.196 /9iGdBX2udyMHvXBlAaaK0n4BvpSet0wF/fvreg45y45y54y/nnyylczccydata/1.rar
INFO: [ app_init ] --START--
INFO: Run Behavior\BuildLiteBehavior [ RunTime:0.000012s ]
INFO: [ app_init ] --END-- [ RunTime:0.000233s ]
ERR: 无法加载模块:9iGdBX2udyMHvXBlAaaK0n4BvpSet0wF

[ 2017-10-22T19:40:57+08:00 ] 180.97.30.196 /OxTNiiS9PjlWIDD1KEgU71ZjZQHNxh/fvreg45y45y54y/nnyylczccydata/%23$ssjjb%23%2317%2365454355464%23%2332424234546$3$3.mdb.zip
INFO: [ app_init ] --START--
INFO: Run Behavior\BuildLiteBehavior [ RunTime:0.000012s ]
INFO: [ app_init ] --END-- [ RunTime:0.000238s ]
ERR: 无法加载模块:OxTNiiS9PjlWIDD1KEgU71ZjZQHNxh

[ 2017-10-22T19:40:57+08:00 ] 180.97.30.196 /OxTNiiS9PjlWIDD1KEgU71ZjZQHNxh/fvreg45y45y54y/nnyylczccydata/%23$ssjjb%23%2317%2365454355464%23%2332424234546$3$3.asa.rar
INFO: [ app_init ] --START--
INFO: Run Behavior\BuildLiteBehavior [ RunTime:0.000012s ]
INFO: [ app_init ] --END-- [ RunTime:0.000259s ]
ERR: 无法加载模块:OxTNiiS9PjlWIDD1KEgU71ZjZQHNxh

[ 2017-10-22T19:40:57+08:00 ] 180.97.30.196 /OxTNiiS9PjlWIDD1KEgU71ZjZQHNxh/fvreg45y45y54y/nnyylczccydata/%23$ssjjb%23%2317%2365454355464%23%2332424234546$3$3.mdb.rar
INFO: [ app_init ] --START--
INFO: Run Behavior\BuildLiteBehavior [ RunTime:0.000012s ]
INFO: [ app_init ] --END-- [ RunTime:0.000263s ]
ERR: 无法加载模块:OxTNiiS9PjlWIDD1KEgU71ZjZQHNxh

[ 2017-10-22T19:40:57+08:00 ] 180.97.30.196 /fvreg45y45y54y/nnyylczccydata/2.zip
INFO: [ app_init ] --START--
INFO: Run Behavior\BuildLiteBehavior [ RunTime:0.000012s ]
INFO: [ app_init ] --END-- [ RunTime:0.000231s ]
ERR: 无法加载模块:Fvreg45y45y54y

[ 2017-10-22T19:40:57+08:00 ] 180.97.30.196 /fvreg45y45y54y/nnyylczccydata/1.zip
INFO: [ app_init ] --START--
INFO: Run Behavior\BuildLiteBehavior [ RunTime:0.000012s ]
INFO: [ app_init ] --END-- [ RunTime:0.000231s ]
ERR: 无法加载模块:Fvreg45y45y54y

[ 2017-10-22T19:40:57+08:00 ] 180.97.30.196 /fvreg45y45y54y/nnyylczccydata/2.rar
INFO: [ app_init ] --START--
INFO: Run Behavior\BuildLiteBehavior [ RunTime:0.000012s ]
INFO: [ app_init ] --END-- [ RunTime:0.000249s ]
ERR: 无法加载模块:Fvreg45y45y54y

[ 2017-10-22T19:40:57+08:00 ] 180.97.30.196 /fvreg45y45y54y/nnyylczccydata/1.rar
INFO: [ app_init ] --START--
INFO: Run Behavior\BuildLiteBehavior [ RunTime:0.000013s ]
INFO: [ app_init ] --END-- [ RunTime:0.000231s ]
ERR: 无法加载模块:Fvreg45y45y54y

[ 2017-10-22T19:40:57+08:00 ] 180.97.30.196 /fvreg45y45y54y/nnyylczccydata/%23$ssjjb%23%2317%2365454355464%23%2332424234546$3$3.asa.zip
INFO: [ app_init ] --START--
INFO: Run Behavior\BuildLiteBehavior [ RunTime:0.000011s ]
INFO: [ app_init ] --END-- [ RunTime:0.000242s ]
ERR: 无法加载模块:Fvreg45y45y54y

[ 2017-10-22T19:40:57+08:00 ] 180.97.30.196 /fvreg45y45y54y/nnyylczccydata/%23$ssjjb%23%2317%2365454355464%23%2332424234546$3$3.asa
INFO: [ app_init ] --START--
INFO: Run Behavior\BuildLiteBehavior [ RunTime:0.000012s ]
INFO: [ app_init ] --END-- [ RunTime:0.000254s ]
ERR: 无法加载模块:Fvreg45y45y54y

[ 2017-10-22T19:40:57+08:00 ] 180.97.30.196 /fvreg45y45y54y/nnyylczccydata/%23$ssjjb%23%2317%2365454355464%23%2332424234546$3$3.asa.rar
INFO: [ app_init ] --START--
INFO: Run Behavior\BuildLiteBehavior [ RunTime:0.000012s ]
INFO: [ app_init ] --END-- [ RunTime:0.000243s ]
ERR: 无法加载模块:Fvreg45y45y54y

[ 2017-10-22T19:40:57+08:00 ] 180.97.30.196 /fvreg45y45y54y/nnyylczccydata/%23$ssjjb%23%2317%2365454355464%23%2332424234546$3$3.mdb
INFO: [ app_init ] --START--
INFO: Run Behavior\BuildLiteBehavior [ RunTime:0.000012s ]
INFO: [ app_init ] --END-- [ RunTime:0.000231s ]
ERR: 无法加载模块:Fvreg45y45y54y

[ 2017-10-22T19:40:57+08:00 ] 180.97.30.196 /fvreg45y45y54y/nnyylczccydata/%23$ssjjb%23%2317%2365454355464%23%2332424234546$3$3.rar
INFO: [ app_init ] --START--
INFO: Run Behavior\BuildLiteBehavior [ RunTime:0.000012s ]
INFO: [ app_init ] --END-- [ RunTime:0.000247s ]
ERR: 无法加载模块:Fvreg45y45y54y

[ 2017-10-22T19:40:57+08:00 ] 180.97.30.196 /fvreg45y45y54y/nnyylczccydata/%23$ssjjb%23%2317%2365454355464%23%2332424234546$3$3%20-%20%E5%89%AF%E6%9C%AC.mdb
INFO: [ app_init ] --START--
INFO: Run Behavior\BuildLiteBehavior [ RunTime:0.000012s ]
INFO: [ app_init ] --END-- [ RunTime:0.000253s ]
ERR: 无法加载模块:Fvreg45y45y54y

[ 2017-10-22T19:40:57+08:00 ] 180.97.30.196 /fvreg45y45y54y/nnyylczccydata/%23$ssjjb%23%2317%2365454355464%23%2332424234546$3$3%20-%20%E5%89%AF%E6%9C%AC%20(2).mdb
INFO: [ app_init ] --START--
INFO: Run Behavior\BuildLiteBehavior [ RunTime:0.000012s ]
INFO: [ app_init ] --END-- [ RunTime:0.000244s ]
ERR: 无法加载模块:Fvreg45y45y54y

[ 2017-10-22T19:40:57+08:00 ] 180.97.30.196 /fvreg45y45y54y/nnyylczccydata/%23$ssjjb%23%2317%2365454355464%23%2332424234546$3$3%20-%20%E5%89%AF%E6%9C%AC%20(3).mdb
INFO: [ app_init ] --START--
INFO: Run Behavior\BuildLiteBehavior [ RunTime:0.000012s ]
INFO: [ app_init ] --END-- [ RunTime:0.000230s ]
ERR: 无法加载模块:Fvreg45y45y54y

[ 2017-10-22T19:40:57+08:00 ] 180.97.30.196 /fvreg45y45y54y/nnyylczccydata/%23$ssjjb%23%2317%2365454355464%23%2332424234546$3$3-----.mdb
INFO: [ app_init ] --START--
INFO: Run Behavior\BuildLiteBehavior [ RunTime:0.000013s ]
INFO: [ app_init ] --END-- [ RunTime:0.000245s ]
ERR: 无法加载模块:Fvreg45y45y54y

[ 2017-10-22T19:40:57+08:00 ] 180.97.30.196 /fvreg45y45y54y/nnyylczccydata/%23$ssjjb%23%2317%2365454355464%23%2332424234546$3$3(2).mdb
INFO: [ app_init ] --START--
INFO: Run Behavior\BuildLiteBehavior [ RunTime:0.000012s ]
INFO: [ app_init ] --END-- [ RunTime:0.000215s ]
ERR: 无法加载模块:Fvreg45y45y54y

[ 2017-10-22T19:40:57+08:00 ] 180.97.30.196 /fvreg45y45y54y/nnyylczccydata/%23$ssjjb%23%2317%2365454355464%23%2332424234546$3$3(1).mdb11
INFO: [ app_init ] --START--
INFO: Run Behavior\BuildLiteBehavior [ RunTime:0.000012s ]
INFO: [ app_init ] --END-- [ RunTime:0.000476s ]
ERR: 无法加载模块:Fvreg45y45y54y

[ 2017-10-22T19:40:57+08:00 ] 180.97.30.196 /fvreg45y45y54y/nnyylczccydata/%23$ssjjb%23%2317%2365454355464%23%2332424234546$3$3(2).mdb
INFO: [ app_init ] --START--
INFO: Run Behavior\BuildLiteBehavior [ RunTime:0.000012s ]
INFO: [ app_init ] --END-- [ RunTime:0.000230s ]
ERR: 无法加载模块:Fvreg45y45y54y

[ 2017-10-22T19:40:57+08:00 ] 180.97.30.196 /fvreg45y45y54y/nnyylczccydata/%23$ssjjb%23%2317%2365454355464%23%2332424234546$3$3(2).mdb11
INFO: [ app_init ] --START--
INFO: Run Behavior\BuildLiteBehavior [ RunTime:0.000012s ]
INFO: [ app_init ] --END-- [ RunTime:0.000235s ]
ERR: 无法加载模块:Fvreg45y45y54y

[ 2017-10-22T19:40:57+08:00 ] 180.97.30.196 /fvreg45y45y54y/nnyylczccydata/-----------%23$ssjjb%23%2317%2365454355464%23%2332424234546$3$3.rar
INFO: [ app_init ] --START--
INFO: Run Behavior\BuildLiteBehavior [ RunTime:0.000012s ]
INFO: [ app_init ] --END-- [ RunTime:0.000230s ]
ERR: 无法加载模块:Fvreg45y45y54y

[ 2017-10-22T19:40:57+08:00 ] 180.97.30.196 /FacaiSjkdfwqxv/FaAaiDSjkdfwaxv/%23$sbjbb%23%2312%2362451315464%23%2322421534446$2$3.asa
INFO: [ app_init ] --START--
INFO: Run Behavior\BuildLiteBehavior [ RunTime:0.000013s ]
INFO: [ app_init ] --END-- [ RunTime:0.000302s ]
ERR: 无法加载模块:FacaiSjkdfwqxv

[ 2017-10-22T19:40:57+08:00 ] 180.97.30.196 /FacaiSjkdfwqxv/FaAaiDSjkdfwaxv/1.rar
INFO: [ app_init ] --START--
INFO: Run Behavior\BuildLiteBehavior [ RunTime:0.000012s ]
INFO: [ app_init ] --END-- [ RunTime:0.000237s ]
ERR: 无法加载模块:FacaiSjkdfwqxv

[ 2017-10-22T19:40:57+08:00 ] 180.97.30.196 /FacaiSjkdfwqxv/FaAaiDSjkdfwaxv/%23$sbjbb%23%2312%2362451315464%23%2322421534446$2$3.mdb.rar
INFO: [ app_init ] --START--
INFO: Run Behavior\BuildLiteBehavior [ RunTime:0.000012s ]
INFO: [ app_init ] --END-- [ RunTime:0.000254s ]
ERR: 无法加载模块:FacaiSjkdfwqxv

[ 2017-10-22T19:40:57+08:00 ] 180.97.30.196 /FacaiSjkdfwqxv/FaAaiDSjkdfwaxv/%23$sbjbb%23%2312%2362451315464%23%2322421534446$2$3.mdb.zip
INFO: [ app_init ] --START--
INFO: Run Behavior\BuildLiteBehavior [ RunTime:0.000012s ]
INFO: [ app_init ] --END-- [ RunTime:0.000229s ]
ERR: 无法加载模块:FacaiSjkdfwqxv

[ 2017-10-22T19:40:57+08:00 ] 180.97.30.196 /shujukuDSDFE489%23$%23%23%23789sdf/DS%23@FCsad54534234433%23%23%23/1.zip
INFO: [ app_init ] --START--
INFO: Run Behavior\BuildLiteBehavior [ RunTime:0.000013s ]
INFO: [ app_init ] --END-- [ RunTime:0.000253s ]
ERR: 无法加载模块:ShujukuDSDFE489#$###789sdf

[ 2017-10-22T19:40:57+08:00 ] 180.97.30.196 /shujukuDSDFE489%23$%23%23%23789sdf/DS%23@FCsad54534234433%23%23%23/2.zip
INFO: [ app_init ] --START--
INFO: Run Behavior\BuildLiteBehavior [ RunTime:0.000012s ]
INFO: [ app_init ] --END-- [ RunTime:0.000226s ]
ERR: 无法加载模块:ShujukuDSDFE489#$###789sdf

[ 2017-10-22T19:40:57+08:00 ] 180.97.30.196 /shujukuDSDFE489%23$%23%23%23789sdf/DS%23@FCsad54534234433%23%23%23/1.rar
INFO: [ app_init ] --START--
INFO: Run Behavior\BuildLiteBehavior [ RunTime:0.000011s ]
INFO: [ app_init ] --END-- [ RunTime:0.000217s ]
ERR: 无法加载模块:ShujukuDSDFE489#$###789sdf

[ 2017-10-22T19:40:57+08:00 ] 180.97.30.196 /shujukuDSDFE489%23$%23%23%23789sdf/DS%23@FCsad54534234433%23%23%23/%23$ssjjb%23%2317%2365454%23%23%2323233534546$3$3.mdb
INFO: [ app_init ] --START--
INFO: Run Behavior\BuildLiteBehavior [ RunTime:0.000012s ]
INFO: [ app_init ] --END-- [ RunTime:0.000229s ]
ERR: 无法加载模块:ShujukuDSDFE489#$###789sdf

[ 2017-10-22T19:40:57+08:00 ] 180.97.30.196 /1TWhGdsVPWpCdlJ3b3iOVpOoTwlpdAMp/fvreg45y45y54y/nnyylczccydata/1.rar
INFO: [ app_init ] --START--
INFO: Run Behavior\BuildLiteBehavior [ RunTime:0.000012s ]
INFO: [ app_init ] --END-- [ RunTime:0.000239s ]
ERR: 无法加载模块:1TWhGdsVPWpCdlJ3b3iOVpOoTwlpdAMp

[ 2017-10-22T19:40:57+08:00 ] 180.97.30.196 /FacaiSjkdfwqxv/FaAaiDSjkdfwaxv/1.zip
INFO: [ app_init ] --START--
INFO: Run Behavior\BuildLiteBehavior [ RunTime:0.000013s ]
INFO: [ app_init ] --END-- [ RunTime:0.000253s ]
ERR: 无法加载模块:FacaiSjkdfwqxv

[ 2017-10-22T19:40:57+08:00 ] 180.97.30.196 /FacaiSjkdfwqxv/FaAaiDSjkdfwaxv/%23$sbjbb%23%2312%2362451315464%23%2322421534446$2$3.mdb
INFO: [ app_init ] --START--
INFO: Run Behavior\BuildLiteBehavior [ RunTime:0.000013s ]
INFO: [ app_init ] --END-- [ RunTime:0.000254s ]
ERR: 无法加载模块:FacaiSjkdfwqxv

[ 2017-10-22T19:40:57+08:00 ] 180.97.30.196 /shujukuDSDFE489%23$%23%23%23789sdf/DS%23@FCsad54534234433%23%23%23/%23$ssjjb%23%2317%2365454%23%23%2323233534546$3$3.zip
INFO: [ app_init ] --START--
INFO: Run Behavior\BuildLiteBehavior [ RunTime:0.000015s ]
INFO: [ app_init ] --END-- [ RunTime:0.016290s ]
ERR: 无法加载模块:ShujukuDSDFE489#$###789sdf

[ 2017-10-22T19:40:57+08:00 ] 180.97.30.196 /C1ym5o0WHwKHJngrKQ4izVmadXNWKXx8/fvreg45y45y54y/nnyylczccydata/2.rar
INFO: [ app_init ] --START--
INFO: Run Behavior\BuildLiteBehavior [ RunTime:0.000012s ]
INFO: [ app_init ] --END-- [ RunTime:0.000228s ]
ERR: 无法加载模块:C1ym5o0WHwKHJngrKQ4izVmadXNWKXx8

[ 2017-10-22T19:40:57+08:00 ] 180.97.30.196 /C1ym5o0WHwKHJngrKQ4izVmadXNWKXx8/fvreg45y45y54y/nnyylczccydata/1.rar
INFO: [ app_init ] --START--
INFO: Run Behavior\BuildLiteBehavior [ RunTime:0.000013s ]
INFO: [ app_init ] --END-- [ RunTime:0.000244s ]
ERR: 无法加载模块:C1ym5o0WHwKHJngrKQ4izVmadXNWKXx8

[ 2017-10-22T19:40:57+08:00 ] 180.97.30.196 /1TWhGdsVPWpCdlJ3b3iOVpOoTwlpdAMp/fvreg45y45y54y/nnyylczccydata/2.rar
INFO: [ app_init ] --START--
INFO: Run Behavior\BuildLiteBehavior [ RunTime:0.000012s ]
INFO: [ app_init ] --END-- [ RunTime:0.000243s ]
ERR: 无法加载模块:1TWhGdsVPWpCdlJ3b3iOVpOoTwlpdAMp

[ 2017-10-22T19:40:57+08:00 ] 180.97.30.196 /shujukuDSDFE489%23$%23%23%23789sdf/DS%23@FCsad54534234433%23%23%23/%23$ssjjb%23%2317%2365454%23%23%2323233534546$3$3.asa
INFO: [ app_init ] --START--
INFO: Run Behavior\BuildLiteBehavior [ RunTime:0.000012s ]
INFO: [ app_init ] --END-- [ RunTime:0.000231s ]
ERR: 无法加载模块:ShujukuDSDFE489#$###789sdf

[ 2017-10-22T19:40:57+08:00 ] 180.97.30.196 /1TWhGdsVPWpCdlJ3b3iOVpOoTwlpdAMp/fvreg45y45y54y/nnyylczccydata/%23$ssjjb%23%2317%2365454355464%23%2332424234546$3$3.asa.rar
INFO: [ app_init ] --START--
INFO: Run Behavior\BuildLiteBehavior [ RunTime:0.000012s ]
INFO: [ app_init ] --END-- [ RunTime:0.000238s ]
ERR: 无法加载模块:1TWhGdsVPWpCdlJ3b3iOVpOoTwlpdAMp

[ 2017-10-22T19:40:57+08:00 ] 180.97.30.196 /1TWhGdsVPWpCdlJ3b3iOVpOoTwlpdAMp/fvreg45y45y54y/nnyylczccydata/1.zip
INFO: [ app_init ] --START--
INFO: Run Behavior\BuildLiteBehavior [ RunTime:0.000012s ]
INFO: [ app_init ] --END-- [ RunTime:0.011890s ]
ERR: 无法加载模块:1TWhGdsVPWpCdlJ3b3iOVpOoTwlpdAMp

[ 2017-10-22T19:40:57+08:00 ] 180.97.30.196 /C1ym5o0WHwKHJngrKQ4izVmadXNWKXx8/fvreg45y45y54y/nnyylczccydata/%23$ssjjb%23%2317%2365454355464%23%2332424234546$3$3.asa
INFO: [ app_init ] --START--
INFO: Run Behavior\BuildLiteBehavior [ RunTime:0.000012s ]
INFO: [ app_init ] --END-- [ RunTime:0.000243s ]
ERR: 无法加载模块:C1ym5o0WHwKHJngrKQ4izVmadXNWKXx8

[ 2017-10-22T19:40:57+08:00 ] 180.97.30.196 /1TWhGdsVPWpCdlJ3b3iOVpOoTwlpdAMp/fvreg45y45y54y/nnyylczccydata/%23$ssjjb%23%2317%2365454355464%23%2332424234546$3$3.mdb.zip
INFO: [ app_init ] --START--
INFO: Run Behavior\BuildLiteBehavior [ RunTime:0.000012s ]
INFO: [ app_init ] --END-- [ RunTime:0.000231s ]
ERR: 无法加载模块:1TWhGdsVPWpCdlJ3b3iOVpOoTwlpdAMp

[ 2017-10-22T19:40:57+08:00 ] 180.97.30.196 /C1ym5o0WHwKHJngrKQ4izVmadXNWKXx8/fvreg45y45y54y/nnyylczccydata/1.zip
INFO: [ app_init ] --START--
INFO: Run Behavior\BuildLiteBehavior [ RunTime:0.000013s ]
INFO: [ app_init ] --END-- [ RunTime:0.000231s ]
ERR: 无法加载模块:C1ym5o0WHwKHJngrKQ4izVmadXNWKXx8

[ 2017-10-22T19:40:57+08:00 ] 180.97.30.196 /1TWhGdsVPWpCdlJ3b3iOVpOoTwlpdAMp/fvreg45y45y54y/nnyylczccydata/2.zip
INFO: [ app_init ] --START--
INFO: Run Behavior\BuildLiteBehavior [ RunTime:0.000011s ]
INFO: [ app_init ] --END-- [ RunTime:0.000228s ]
ERR: 无法加载模块:1TWhGdsVPWpCdlJ3b3iOVpOoTwlpdAMp

[ 2017-10-22T19:40:57+08:00 ] 180.97.30.196 /FacaiSjkdfwqxv/FaAaiDSjkdfwaxv/2.zip
INFO: [ app_init ] --START--
INFO: Run Behavior\BuildLiteBehavior [ RunTime:0.000012s ]
INFO: [ app_init ] --END-- [ RunTime:0.000232s ]
ERR: 无法加载模块:FacaiSjkdfwqxv

[ 2017-10-22T19:40:57+08:00 ] 180.97.30.196 /FacaiSjkdfwqxv/FaAaiDSjkdfwaxv/2.rar
INFO: [ app_init ] --START--
INFO: Run Behavior\BuildLiteBehavior [ RunTime:0.000014s ]
INFO: [ app_init ] --END-- [ RunTime:0.000272s ]
ERR: 无法加载模块:FacaiSjkdfwqxv

[ 2017-10-22T19:40:57+08:00 ] 180.97.30.196 /1TWhGdsVPWpCdlJ3b3iOVpOoTwlpdAMp/fvreg45y45y54y/nnyylczccydata/%23$ssjjb%23%2317%2365454355464%23%2332424234546$3$3.asa
INFO: [ app_init ] --START--
INFO: Run Behavior\BuildLiteBehavior [ RunTime:0.000014s ]
INFO: [ app_init ] --END-- [ RunTime:0.000248s ]
ERR: 无法加载模块:1TWhGdsVPWpCdlJ3b3iOVpOoTwlpdAMp

[ 2017-10-22T19:40:57+08:00 ] 180.97.30.196 /1TWhGdsVPWpCdlJ3b3iOVpOoTwlpdAMp/fvreg45y45y54y/nnyylczccydata/%23$ssjjb%23%2317%2365454355464%23%2332424234546$3$3.mdb
INFO: [ app_init ] --START--
INFO: Run Behavior\BuildLiteBehavior [ RunTime:0.000012s ]
INFO: [ app_init ] --END-- [ RunTime:0.000251s ]
ERR: 无法加载模块:1TWhGdsVPWpCdlJ3b3iOVpOoTwlpdAMp

[ 2017-10-22T19:40:57+08:00 ] 180.97.30.196 /shujukuDSDFE489%23$%23%23%23789sdf/DS%23@FCsad54534234433%23%23%23/%23$ssjjb%23%2317%2365454%23%23%2323233534546$3$3.rar
INFO: [ app_init ] --START--
INFO: Run Behavior\BuildLiteBehavior [ RunTime:0.000019s ]
INFO: [ app_init ] --END-- [ RunTime:0.045902s ]
ERR: 无法加载模块:ShujukuDSDFE489#$###789sdf

[ 2017-10-22T19:40:57+08:00 ] 180.97.30.196 /C1ym5o0WHwKHJngrKQ4izVmadXNWKXx8/fvreg45y45y54y/nnyylczccydata/2.zip
INFO: [ app_init ] --START--
INFO: Run Behavior\BuildLiteBehavior [ RunTime:0.000018s ]
INFO: [ app_init ] --END-- [ RunTime:0.015791s ]
ERR: 无法加载模块:C1ym5o0WHwKHJngrKQ4izVmadXNWKXx8

[ 2017-10-22T19:40:57+08:00 ] 180.97.30.196 /1TWhGdsVPWpCdlJ3b3iOVpOoTwlpdAMp/fvreg45y45y54y/nnyylczccydata/%23$ssjjb%23%2317%2365454355464%23%2332424234546$3$3.asa.zip
INFO: [ app_init ] --START--
INFO: Run Behavior\BuildLiteBehavior [ RunTime:0.000014s ]
INFO: [ app_init ] --END-- [ RunTime:0.000254s ]
ERR: 无法加载模块:1TWhGdsVPWpCdlJ3b3iOVpOoTwlpdAMp

[ 2017-10-22T19:40:57+08:00 ] 180.97.30.196 /1TWhGdsVPWpCdlJ3b3iOVpOoTwlpdAMp/fvreg45y45y54y/nnyylczccydata/%23$ssjjb%23%2317%2365454355464%23%2332424234546$3$3.mdb.rar
INFO: [ app_init ] --START--
INFO: Run Behavior\BuildLiteBehavior [ RunTime:0.000014s ]
INFO: [ app_init ] --END-- [ RunTime:0.000251s ]
ERR: 无法加载模块:1TWhGdsVPWpCdlJ3b3iOVpOoTwlpdAMp

[ 2017-10-22T19:40:57+08:00 ] 180.97.30.196 /shujukuDSDFE489%23$%23%23%23789sdf/DS%23@FCsad54534234433%23%23%23/2.rar
INFO: [ app_init ] --START--
INFO: Run Behavior\BuildLiteBehavior [ RunTime:0.000015s ]
INFO: [ app_init ] --END-- [ RunTime:0.000274s ]
ERR: 无法加载模块:ShujukuDSDFE489#$###789sdf

[ 2017-10-22T19:40:57+08:00 ] 180.97.30.196 /C1ym5o0WHwKHJngrKQ4izVmadXNWKXx8/fvreg45y45y54y/nnyylczccydata/%23$ssjjb%23%2317%2365454355464%23%2332424234546$3$3.asa.rar
INFO: [ app_init ] --START--
INFO: Run Behavior\BuildLiteBehavior [ RunTime:0.000012s ]
INFO: [ app_init ] --END-- [ RunTime:0.000236s ]
ERR: 无法加载模块:C1ym5o0WHwKHJngrKQ4izVmadXNWKXx8

[ 2017-10-22T19:40:57+08:00 ] 180.97.30.196 /C1ym5o0WHwKHJngrKQ4izVmadXNWKXx8/fvreg45y45y54y/nnyylczccydata/%23$ssjjb%23%2317%2365454355464%23%2332424234546$3$3.mdb
INFO: [ app_init ] --START--
INFO: Run Behavior\BuildLiteBehavior [ RunTime:0.000012s ]
INFO: [ app_init ] --END-- [ RunTime:0.000257s ]
ERR: 无法加载模块:C1ym5o0WHwKHJngrKQ4izVmadXNWKXx8

[ 2017-10-22T19:40:57+08:00 ] 180.97.30.196 /C1ym5o0WHwKHJngrKQ4izVmadXNWKXx8/fvreg45y45y54y/nnyylczccydata/%23$ssjjb%23%2317%2365454355464%23%2332424234546$3$3.mdb.zip
INFO: [ app_init ] --START--
INFO: Run Behavior\BuildLiteBehavior [ RunTime:0.000012s ]
INFO: [ app_init ] --END-- [ RunTime:0.000233s ]
ERR: 无法加载模块:C1ym5o0WHwKHJngrKQ4izVmadXNWKXx8

[ 2017-10-22T19:40:57+08:00 ] 180.97.30.196 /C1ym5o0WHwKHJngrKQ4izVmadXNWKXx8/fvreg45y45y54y/nnyylczccydata/%23$ssjjb%23%2317%2365454355464%23%2332424234546$3$3.mdb.rar
INFO: [ app_init ] --START--
INFO: Run Behavior\BuildLiteBehavior [ RunTime:0.000012s ]
INFO: [ app_init ] --END-- [ RunTime:0.000245s ]
ERR: 无法加载模块:C1ym5o0WHwKHJngrKQ4izVmadXNWKXx8

[ 2017-10-22T19:40:57+08:00 ] 180.97.30.196 /C1ym5o0WHwKHJngrKQ4izVmadXNWKXx8/fvreg45y45y54y/nnyylczccydata/%23$ssjjb%23%2317%2365454355464%23%2332424234546$3$3.asa.zip
INFO: [ app_init ] --START--
INFO: Run Behavior\BuildLiteBehavior [ RunTime:0.000012s ]
INFO: [ app_init ] --END-- [ RunTime:0.000250s ]
ERR: 无法加载模块:C1ym5o0WHwKHJngrKQ4izVmadXNWKXx8

[ 2017-10-22T19:40:57+08:00 ] 180.97.30.196 /mPOvqlY5eizqas3kJXvmu7c62mBOxZR4/fvreg45y45y54y/nnyylczccydata/1.zip
INFO: [ app_init ] --START--
INFO: Run Behavior\BuildLiteBehavior [ RunTime:0.000012s ]
INFO: [ app_init ] --END-- [ RunTime:0.000233s ]
ERR: 无法加载模块:MPOvqlY5eizqas3kJXvmu7c62mBOxZR4

[ 2017-10-22T19:40:57+08:00 ] 180.97.30.196 /mPOvqlY5eizqas3kJXvmu7c62mBOxZR4/fvreg45y45y54y/nnyylczccydata/1.rar
INFO: [ app_init ] --START--
INFO: Run Behavior\BuildLiteBehavior [ RunTime:0.000012s ]
INFO: [ app_init ] --END-- [ RunTime:0.000241s ]
ERR: 无法加载模块:MPOvqlY5eizqas3kJXvmu7c62mBOxZR4

[ 2017-10-22T19:40:57+08:00 ] 180.97.30.196 /mPOvqlY5eizqas3kJXvmu7c62mBOxZR4/fvreg45y45y54y/nnyylczccydata/%23$ssjjb%23%2317%2365454355464%23%2332424234546$3$3.mdb
INFO: [ app_init ] --START--
INFO: Run Behavior\BuildLiteBehavior [ RunTime:0.000012s ]
INFO: [ app_init ] --END-- [ RunTime:0.000251s ]
ERR: 无法加载模块:MPOvqlY5eizqas3kJXvmu7c62mBOxZR4

[ 2017-10-22T19:40:57+08:00 ] 180.97.30.196 /mPOvqlY5eizqas3kJXvmu7c62mBOxZR4/fvreg45y45y54y/nnyylczccydata/2.rar
INFO: [ app_init ] --START--
INFO: Run Behavior\BuildLiteBehavior [ RunTime:0.000012s ]
INFO: [ app_init ] --END-- [ RunTime:0.000228s ]
ERR: 无法加载模块:MPOvqlY5eizqas3kJXvmu7c62mBOxZR4

[ 2017-10-22T19:40:57+08:00 ] 180.97.30.196 /mPOvqlY5eizqas3kJXvmu7c62mBOxZR4/fvreg45y45y54y/nnyylczccydata/2.zip
INFO: [ app_init ] --START--
INFO: Run Behavior\BuildLiteBehavior [ RunTime:0.000012s ]
INFO: [ app_init ] --END-- [ RunTime:0.000235s ]
ERR: 无法加载模块:MPOvqlY5eizqas3kJXvmu7c62mBOxZR4

[ 2017-10-22T19:40:57+08:00 ] 180.97.30.196 /mPOvqlY5eizqas3kJXvmu7c62mBOxZR4/fvreg45y45y54y/nnyylczccydata/%23$ssjjb%23%2317%2365454355464%23%2332424234546$3$3.asa.rar
INFO: [ app_init ] --START--
INFO: Run Behavior\BuildLiteBehavior [ RunTime:0.000012s ]
INFO: [ app_init ] --END-- [ RunTime:0.000254s ]
ERR: 无法加载模块:MPOvqlY5eizqas3kJXvmu7c62mBOxZR4

[ 2017-10-22T19:40:57+08:00 ] 180.97.30.196 /HShVYcUv9oXhkJtuvwfN1UBeX5GZs6HU/fvreg45y45y54y/nnyylczccydata/%23$ssjjb%23%2317%2365454355464%23%2332424234546$3$3.mdb
INFO: [ app_init ] --START--
INFO: Run Behavior\BuildLiteBehavior [ RunTime:0.000011s ]
INFO: [ app_init ] --END-- [ RunTime:0.000232s ]
ERR: 无法加载模块:HShVYcUv9oXhkJtuvwfN1UBeX5GZs6HU

[ 2017-10-22T19:40:57+08:00 ] 180.97.30.196 /HShVYcUv9oXhkJtuvwfN1UBeX5GZs6HU/fvreg45y45y54y/nnyylczccydata/1.rar
INFO: [ app_init ] --START--
INFO: Run Behavior\BuildLiteBehavior [ RunTime:0.000012s ]
INFO: [ app_init ] --END-- [ RunTime:0.000241s ]
ERR: 无法加载模块:HShVYcUv9oXhkJtuvwfN1UBeX5GZs6HU

[ 2017-10-22T19:40:57+08:00 ] 180.97.30.196 /HShVYcUv9oXhkJtuvwfN1UBeX5GZs6HU/fvreg45y45y54y/nnyylczccydata/%23$ssjjb%23%2317%2365454355464%23%2332424234546$3$3.mdb.rar
INFO: [ app_init ] --START--
INFO: Run Behavior\BuildLiteBehavior [ RunTime:0.000013s ]
INFO: [ app_init ] --END-- [ RunTime:0.000248s ]
ERR: 无法加载模块:HShVYcUv9oXhkJtuvwfN1UBeX5GZs6HU

[ 2017-10-22T19:40:57+08:00 ] 180.97.30.196 /HShVYcUv9oXhkJtuvwfN1UBeX5GZs6HU/fvreg45y45y54y/nnyylczccydata/3.zip
INFO: [ app_init ] --START--
INFO: Run Behavior\BuildLiteBehavior [ RunTime:0.000012s ]
INFO: [ app_init ] --END-- [ RunTime:0.000228s ]
ERR: 无法加载模块:HShVYcUv9oXhkJtuvwfN1UBeX5GZs6HU

[ 2017-10-22T19:40:57+08:00 ] 180.97.30.196 /cp_data/cp_dsds%25%23%5E&@!daaa_cc/%23$ssjjb%23%2317%2365&&%5E_%5E%25@&@34546$3$3.rar
INFO: [ app_init ] --START--
INFO: Run Behavior\BuildLiteBehavior [ RunTime:0.000012s ]
INFO: [ app_init ] --END-- [ RunTime:0.000251s ]
ERR: 无法加载模块:Cp_data

[ 2017-10-22T19:40:57+08:00 ] 180.97.30.196 /HShVYcUv9oXhkJtuvwfN1UBeX5GZs6HU/fvreg45y45y54y/nnyylczccydata/%23$ssjjb%23%2317%2365454355464%23%2332424234546$3$3.asa.zip
INFO: [ app_init ] --START--
INFO: Run Behavior\BuildLiteBehavior [ RunTime:0.000013s ]
INFO: [ app_init ] --END-- [ RunTime:0.000243s ]
ERR: 无法加载模块:HShVYcUv9oXhkJtuvwfN1UBeX5GZs6HU

[ 2017-10-22T19:40:57+08:00 ] 180.97.30.196 /HShVYcUv9oXhkJtuvwfN1UBeX5GZs6HU/fvreg45y45y54y/nnyylczccydata/%23$ssjjb%23%2317%2365454355464%23%2332424234546$3$3.asa.rar
INFO: [ app_init ] --START--
INFO: Run Behavior\BuildLiteBehavior [ RunTime:0.000012s ]
INFO: [ app_init ] --END-- [ RunTime:0.000230s ]
ERR: 无法加载模块:HShVYcUv9oXhkJtuvwfN1UBeX5GZs6HU

[ 2017-10-22T19:40:57+08:00 ] 180.97.30.196 /HShVYcUv9oXhkJtuvwfN1UBeX5GZs6HU/fvreg45y45y54y/nnyylczccydata/2.zip
INFO: [ app_init ] --START--
INFO: Run Behavior\BuildLiteBehavior [ RunTime:0.000013s ]
INFO: [ app_init ] --END-- [ RunTime:0.000244s ]
ERR: 无法加载模块:HShVYcUv9oXhkJtuvwfN1UBeX5GZs6HU

[ 2017-10-22T19:40:57+08:00 ] 180.97.30.196 /cp_data/cp_dsds%25%23%5E&@!daaa_cc/2.rar
INFO: [ app_init ] --START--
INFO: Run Behavior\BuildLiteBehavior [ RunTime:0.000021s ]
INFO: [ app_init ] --END-- [ RunTime:0.000252s ]
ERR: 无法加载模块:Cp_data

[ 2017-10-22T19:40:57+08:00 ] 180.97.30.196 /cp_data/cp_dsds%25%23%5E&@!daaa_cc/2.zip
INFO: [ app_init ] --START--
INFO: Run Behavior\BuildLiteBehavior [ RunTime:0.000013s ]
INFO: [ app_init ] --END-- [ RunTime:0.000259s ]
ERR: 无法加载模块:Cp_data

[ 2017-10-22T19:40:57+08:00 ] 180.97.30.196 /HShVYcUv9oXhkJtuvwfN1UBeX5GZs6HU/fvreg45y45y54y/nnyylczccydata/2.rar
INFO: [ app_init ] --START--
INFO: Run Behavior\BuildLiteBehavior [ RunTime:0.000013s ]
INFO: [ app_init ] --END-- [ RunTime:0.000246s ]
ERR: 无法加载模块:HShVYcUv9oXhkJtuvwfN1UBeX5GZs6HU

[ 2017-10-22T19:40:57+08:00 ] 180.97.30.196 /webadmin/cydata/%23$cyjdh$3217%236.mdb
INFO: [ app_init ] --START--
INFO: Run Behavior\BuildLiteBehavior [ RunTime:0.000014s ]
INFO: [ app_init ] --END-- [ RunTime:0.000251s ]
ERR: 无法加载模块:Webadmin

[ 2017-10-22T19:40:57+08:00 ] 180.97.30.196 /cp_data/cp_dsds%25%23%5E&@!daaa_cc/%23$ssjjb%23%2317%2365&&%5E_%5E%25@&@34546$3$3.mdb
INFO: [ app_init ] --START--
INFO: Run Behavior\BuildLiteBehavior [ RunTime:0.000012s ]
INFO: [ app_init ] --END-- [ RunTime:0.000239s ]
ERR: 无法加载模块:Cp_data

[ 2017-10-22T19:40:57+08:00 ] 180.97.30.196 /cp_data/cp_dsds%25%23%5E&@!daaa_cc/%23$ssjjb%23%2317%2365&&%5E_%5E%25@&@34546$3$3.zip
INFO: [ app_init ] --START--
INFO: Run Behavior\BuildLiteBehavior [ RunTime:0.000012s ]
INFO: [ app_init ] --END-- [ RunTime:0.000233s ]
ERR: 无法加载模块:Cp_data

[ 2017-10-22T19:40:57+08:00 ] 180.97.30.196 /webadmin/cydata/%23$cyjdh$3217%236.mdb.rar
INFO: [ app_init ] --START--
INFO: Run Behavior\BuildLiteBehavior [ RunTime:0.000012s ]
INFO: [ app_init ] --END-- [ RunTime:0.000225s ]
ERR: 无法加载模块:Webadmin

[ 2017-10-22T19:40:57+08:00 ] 180.97.30.196 /mPOvqlY5eizqas3kJXvmu7c62mBOxZR4/fvreg45y45y54y/nnyylczccydata/%23$ssjjb%23%2317%2365454355464%23%2332424234546$3$3.asa.zip
INFO: [ app_init ] --START--
INFO: Run Behavior\BuildLiteBehavior [ RunTime:0.000012s ]
INFO: [ app_init ] --END-- [ RunTime:0.000256s ]
ERR: 无法加载模块:MPOvqlY5eizqas3kJXvmu7c62mBOxZR4

[ 2017-10-22T19:40:57+08:00 ] 180.97.30.196 /cp_data/cp_dsds%25%23%5E&@!daaa_cc/%23$ssjjb%23%2317%2365&&%5E_%5E%25@&@34546$3$3.mdb.rar
INFO: [ app_init ] --START--
INFO: Run Behavior\BuildLiteBehavior [ RunTime:0.000012s ]
INFO: [ app_init ] --END-- [ RunTime:0.000231s ]
ERR: 无法加载模块:Cp_data

[ 2017-10-22T19:40:57+08:00 ] 180.97.30.196 /cp_data/cp_dsds%25%23%5E&@!daaa_cc/1.rar
INFO: [ app_init ] --START--
INFO: Run Behavior\BuildLiteBehavior [ RunTime:0.000013s ]
INFO: [ app_init ] --END-- [ RunTime:0.000242s ]
ERR: 无法加载模块:Cp_data

[ 2017-10-22T19:40:57+08:00 ] 180.97.30.196 /cp_data/cp_dsds%25%23%5E&@!daaa_cc/%23$ssjjb%23%2317%2365&&%5E_%5E%25@&@34546$3$3.mdb.zip
INFO: [ app_init ] --START--
INFO: Run Behavior\BuildLiteBehavior [ RunTime:0.000012s ]
INFO: [ app_init ] --END-- [ RunTime:0.000233s ]
ERR: 无法加载模块:Cp_data

[ 2017-10-22T19:40:57+08:00 ] 180.97.30.196 /HShVYcUv9oXhkJtuvwfN1UBeX5GZs6HU/fvreg45y45y54y/nnyylczccydata/1.zip
INFO: [ app_init ] --START--
INFO: Run Behavior\BuildLiteBehavior [ RunTime:0.000014s ]
INFO: [ app_init ] --END-- [ RunTime:0.000241s ]
ERR: 无法加载模块:HShVYcUv9oXhkJtuvwfN1UBeX5GZs6HU

[ 2017-10-22T19:40:57+08:00 ] 180.97.30.196 /HShVYcUv9oXhkJtuvwfN1UBeX5GZs6HU/fvreg45y45y54y/nnyylczccydata/%23$ssjjb%23%2317%2365454355464%23%2332424234546$3$3.mdb.zip
INFO: [ app_init ] --START--
INFO: Run Behavior\BuildLiteBehavior [ RunTime:0.000012s ]
INFO: [ app_init ] --END-- [ RunTime:0.000247s ]
ERR: 无法加载模块:HShVYcUv9oXhkJtuvwfN1UBeX5GZs6HU

[ 2017-10-22T19:40:57+08:00 ] 180.97.30.196 /HShVYcUv9oXhkJtuvwfN1UBeX5GZs6HU/fvreg45y45y54y/nnyylczccydata/3.rar
INFO: [ app_init ] --START--
INFO: Run Behavior\BuildLiteBehavior [ RunTime:0.000012s ]
INFO: [ app_init ] --END-- [ RunTime:0.000235s ]
ERR: 无法加载模块:HShVYcUv9oXhkJtuvwfN1UBeX5GZs6HU

[ 2017-10-22T19:40:57+08:00 ] 180.97.30.196 /webadmin/cydata/%23$cyjdh$3217%236.mdb.zip
INFO: [ app_init ] --START--
INFO: Run Behavior\BuildLiteBehavior [ RunTime:0.000021s ]
INFO: [ app_init ] --END-- [ RunTime:0.000249s ]
ERR: 无法加载模块:Webadmin

[ 2017-10-22T19:40:57+08:00 ] 180.97.30.196 /cp_data/cp_dsds%25%23%5E&@!daaa_cc/1.zip
INFO: [ app_init ] --START--
INFO: Run Behavior\BuildLiteBehavior [ RunTime:0.000013s ]
INFO: [ app_init ] --END-- [ RunTime:0.000273s ]
ERR: 无法加载模块:Cp_data

[ 2017-10-22T19:40:57+08:00 ] 180.97.30.196 /mPOvqlY5eizqas3kJXvmu7c62mBOxZR4/fvreg45y45y54y/nnyylczccydata/%23$ssjjb%23%2317%2365454355464%23%2332424234546$3$3.asa
INFO: [ app_init ] --START--
INFO: Run Behavior\BuildLiteBehavior [ RunTime:0.000014s ]
INFO: [ app_init ] --END-- [ RunTime:0.000247s ]
ERR: 无法加载模块:MPOvqlY5eizqas3kJXvmu7c62mBOxZR4

[ 2017-10-22T19:40:57+08:00 ] 180.97.30.196 /webadmin/cydata/%23$cyjdh$3217%236.zip
INFO: [ app_init ] --START--
INFO: Run Behavior\BuildLiteBehavior [ RunTime:0.000012s ]
INFO: [ app_init ] --END-- [ RunTime:0.000228s ]
ERR: 无法加载模块:Webadmin

[ 2017-10-22T19:40:57+08:00 ] 180.97.30.196 /webadmin/cydata/%23$cyjdh$3217%236.rar
INFO: [ app_init ] --START--
INFO: Run Behavior\BuildLiteBehavior [ RunTime:0.000012s ]
INFO: [ app_init ] --END-- [ RunTime:0.000230s ]
ERR: 无法加载模块:Webadmin

[ 2017-10-22T19:40:57+08:00 ] 180.97.30.196 /uploadfile/image/201707/20170703202794819481.asp
INFO: [ app_init ] --START--
INFO: Run Behavior\BuildLiteBehavior [ RunTime:0.000013s ]
INFO: [ app_init ] --END-- [ RunTime:0.000249s ]
ERR: 无法加载模块:Uploadfile

[ 2017-10-22T19:40:57+08:00 ] 180.97.30.196 /kindeditor_40.10.100/asp/kin.asp
INFO: [ app_init ] --START--
INFO: Run Behavior\BuildLiteBehavior [ RunTime:0.000014s ]
INFO: [ app_init ] --END-- [ RunTime:0.000245s ]
ERR: 无法加载模块:Kindeditor_40.10.100

[ 2017-10-22T19:40:57+08:00 ] 180.97.30.196 /uploadfile/image/201708/20170813032951505150.asp
INFO: [ app_init ] --START--
INFO: Run Behavior\BuildLiteBehavior [ RunTime:0.000012s ]
INFO: [ app_init ] --END-- [ RunTime:0.000234s ]
ERR: 无法加载模块:Uploadfile

[ 2017-10-22T19:40:57+08:00 ] 180.97.30.196 /js/sa.asp
INFO: [ app_init ] --START--
INFO: Run Behavior\BuildLiteBehavior [ RunTime:0.000012s ]
INFO: [ app_init ] --END-- [ RunTime:0.000242s ]
ERR: 无法加载模块:Js

[ 2017-10-22T19:40:57+08:00 ] 180.97.30.196 /js/js/sa.asp
INFO: [ app_init ] --START--
INFO: Run Behavior\BuildLiteBehavior [ RunTime:0.000013s ]
INFO: [ app_init ] --END-- [ RunTime:0.000232s ]
ERR: 无法加载模块:Js

[ 2017-10-22T19:40:57+08:00 ] 180.97.30.196 /inc/sa.asp
INFO: [ app_init ] --START--
INFO: Run Behavior\BuildLiteBehavior [ RunTime:0.000012s ]
INFO: [ app_init ] --END-- [ RunTime:0.000234s ]
ERR: 无法加载模块:Inc

[ 2017-10-22T19:40:57+08:00 ] 180.97.30.196 /download/images/1.asp
INFO: [ app_init ] --START--
INFO: Run Behavior\BuildLiteBehavior [ RunTime:0.000013s ]
INFO: [ app_init ] --END-- [ RunTime:0.000239s ]
ERR: 无法加载模块:Download

[ 2017-10-22T19:40:57+08:00 ] 180.97.30.196 /js/help.asp
INFO: [ app_init ] --START--
INFO: Run Behavior\BuildLiteBehavior [ RunTime:0.000012s ]
INFO: [ app_init ] --END-- [ RunTime:0.000252s ]
ERR: 无法加载模块:Js

[ 2017-10-22T19:40:57+08:00 ] 180.97.30.196 /download/1.asp
INFO: [ app_init ] --START--
INFO: Run Behavior\BuildLiteBehavior [ RunTime:0.000013s ]
INFO: [ app_init ] --END-- [ RunTime:0.000231s ]
ERR: 无法加载模块:Download

[ 2017-10-22T19:40:57+08:00 ] 180.97.30.196 /wap/js/sa.asp
INFO: [ app_init ] --START--
INFO: Run Behavior\BuildLiteBehavior [ RunTime:0.000012s ]
INFO: [ app_init ] --END-- [ RunTime:0.000253s ]
ERR: 无法加载模块:Wap

[ 2017-10-22T19:40:57+08:00 ] 180.97.30.196 /wap/inc/help.asp
INFO: [ app_init ] --START--
INFO: Run Behavior\BuildLiteBehavior [ RunTime:0.000014s ]
INFO: [ app_init ] --END-- [ RunTime:0.007166s ]
ERR: 无法加载模块:Wap

[ 2017-10-22T19:40:57+08:00 ] 180.97.30.196 /mcbpay/newfile.asp
INFO: [ app_init ] --START--
INFO: Run Behavior\BuildLiteBehavior [ RunTime:0.000014s ]
INFO: [ app_init ] --END-- [ RunTime:0.000258s ]
ERR: 无法加载模块:Mcbpay

[ 2017-10-22T19:40:57+08:00 ] 180.97.30.196 /wap/inc/sa.asp
INFO: [ app_init ] --START--
INFO: Run Behavior\BuildLiteBehavior [ RunTime:0.000011s ]
INFO: [ app_init ] --END-- [ RunTime:0.000237s ]
ERR: 无法加载模块:Wap

[ 2017-10-22T19:40:57+08:00 ] 180.97.30.196 /wap/js/help.asp
INFO: [ app_init ] --START--
INFO: Run Behavior\BuildLiteBehavior [ RunTime:0.000013s ]
INFO: [ app_init ] --END-- [ RunTime:0.000237s ]
ERR: 无法加载模块:Wap

[ 2017-10-22T19:40:57+08:00 ] 180.97.30.196 /Ajax/top.asp
INFO: [ app_init ] --START--
INFO: Run Behavior\BuildLiteBehavior [ RunTime:0.000013s ]
INFO: [ app_init ] --END-- [ RunTime:0.000256s ]
ERR: 无法加载模块:Ajax

[ 2017-10-22T19:40:57+08:00 ] 180.97.30.196 /uploadfile/image/201706/20170625232677187718.asp
INFO: [ app_init ] --START--
INFO: Run Behavior\BuildLiteBehavior [ RunTime:0.000012s ]
INFO: [ app_init ] --END-- [ RunTime:0.000227s ]
ERR: 无法加载模块:Uploadfile

[ 2017-10-22T19:40:57+08:00 ] 180.97.30.196 /statics/images/skins/tip.asp
INFO: [ app_init ] --START--
INFO: Run Behavior\BuildLiteBehavior [ RunTime:0.000012s ]
INFO: [ app_init ] --END-- [ RunTime:0.000231s ]
ERR: 无法加载模块:Statics

[ 2017-10-22T20:13:25+08:00 ] 121.239.211.112 /favicon.ico
INFO: [ app_init ] --START--
INFO: Run Behavior\BuildLiteBehavior [ RunTime:0.000013s ]
INFO: [ app_init ] --END-- [ RunTime:0.000241s ]
ERR: 无法加载模块:Favicon

[ 2017-10-22T20:53:28+08:00 ] 175.167.146.242 /favicon.ico
INFO: [ app_init ] --START--
INFO: Run Behavior\BuildLiteBehavior [ RunTime:0.000013s ]
INFO: [ app_init ] --END-- [ RunTime:0.000244s ]
ERR: 无法加载模块:Favicon

[ 2017-10-22T20:53:29+08:00 ] 175.167.146.242 /favicon.ico
INFO: [ app_init ] --START--
INFO: Run Behavior\BuildLiteBehavior [ RunTime:0.000013s ]
INFO: [ app_init ] --END-- [ RunTime:0.000241s ]
ERR: 无法加载模块:Favicon

[ 2017-10-22T21:09:27+08:00 ] 114.240.198.247 /favicon.ico
INFO: [ app_init ] --START--
INFO: Run Behavior\BuildLiteBehavior [ RunTime:0.000014s ]
INFO: [ app_init ] --END-- [ RunTime:0.000292s ]
ERR: 无法加载模块:Favicon

[ 2017-10-22T21:09:27+08:00 ] 114.240.198.247 /favicon.ico
INFO: [ app_init ] --START--
INFO: Run Behavior\BuildLiteBehavior [ RunTime:0.000013s ]
INFO: [ app_init ] --END-- [ RunTime:0.000236s ]
ERR: 无法加载模块:Favicon

[ 2017-10-22T21:59:02+08:00 ] 42.92.154.167 /favicon.ico
INFO: [ app_init ] --START--
INFO: Run Behavior\BuildLiteBehavior [ RunTime:0.000013s ]
INFO: [ app_init ] --END-- [ RunTime:0.000241s ]
ERR: 无法加载模块:Favicon

[ 2017-10-22T21:59:02+08:00 ] 42.92.154.167 /favicon.ico
INFO: [ app_init ] --START--
INFO: Run Behavior\BuildLiteBehavior [ RunTime:0.000015s ]
INFO: [ app_init ] --END-- [ RunTime:0.000267s ]
ERR: 无法加载模块:Favicon

[ 2017-10-22T21:59:03+08:00 ] 42.92.154.167 /favicon.ico
INFO: [ app_init ] --START--
INFO: Run Behavior\BuildLiteBehavior [ RunTime:0.000014s ]
INFO: [ app_init ] --END-- [ RunTime:0.000244s ]
ERR: 无法加载模块:Favicon

[ 2017-10-22T21:59:03+08:00 ] 42.92.154.167 /favicon.ico
INFO: [ app_init ] --START--
INFO: Run Behavior\BuildLiteBehavior [ RunTime:0.000014s ]
INFO: [ app_init ] --END-- [ RunTime:0.000247s ]
ERR: 无法加载模块:Favicon

[ 2017-10-22T22:01:50+08:00 ] 87.250.224.76 /robots.txt
INFO: [ app_init ] --START--
INFO: Run Behavior\BuildLiteBehavior [ RunTime:0.000017s ]
INFO: [ app_init ] --END-- [ RunTime:0.000313s ]
ERR: 无法加载模块:Robots

[ 2017-10-22T22:12:42+08:00 ] 114.240.198.247 /favicon.ico
INFO: [ app_init ] --START--
INFO: Run Behavior\BuildLiteBehavior [ RunTime:0.000013s ]
INFO: [ app_init ] --END-- [ RunTime:0.000265s ]
ERR: 无法加载模块:Favicon

[ 2017-10-22T22:12:43+08:00 ] 114.240.198.247 /favicon.ico
INFO: [ app_init ] --START--
INFO: Run Behavior\BuildLiteBehavior [ RunTime:0.000014s ]
INFO: [ app_init ] --END-- [ RunTime:0.000241s ]
ERR: 无法加载模块:Favicon

[ 2017-10-22T22:12:54+08:00 ] 114.240.198.247 /favicon.ico
INFO: [ app_init ] --START--
INFO: Run Behavior\BuildLiteBehavior [ RunTime:0.000014s ]
INFO: [ app_init ] --END-- [ RunTime:0.000273s ]
ERR: 无法加载模块:Favicon

[ 2017-10-22T22:12:54+08:00 ] 114.240.198.247 /favicon.ico
INFO: [ app_init ] --START--
INFO: Run Behavior\BuildLiteBehavior [ RunTime:0.000014s ]
INFO: [ app_init ] --END-- [ RunTime:0.000249s ]
ERR: 无法加载模块:Favicon

[ 2017-10-22T22:13:09+08:00 ] 114.240.198.247 /favicon.ico
INFO: [ app_init ] --START--
INFO: Run Behavior\BuildLiteBehavior [ RunTime:0.000015s ]
INFO: [ app_init ] --END-- [ RunTime:0.000249s ]
ERR: 无法加载模块:Favicon

[ 2017-10-22T22:13:09+08:00 ] 114.240.198.247 /favicon.ico
INFO: [ app_init ] --START--
INFO: Run Behavior\BuildLiteBehavior [ RunTime:0.000014s ]
INFO: [ app_init ] --END-- [ RunTime:0.000249s ]
ERR: 无法加载模块:Favicon

[ 2017-10-22T22:27:36+08:00 ] 223.85.220.178 /favicon.ico
INFO: [ app_init ] --START--
INFO: Run Behavior\BuildLiteBehavior [ RunTime:0.000012s ]
INFO: [ app_init ] --END-- [ RunTime:0.000230s ]
ERR: 无法加载模块:Favicon

[ 2017-10-22T22:37:03+08:00 ] 114.240.198.247 /favicon.ico
INFO: [ app_init ] --START--
INFO: Run Behavior\BuildLiteBehavior [ RunTime:0.000014s ]
INFO: [ app_init ] --END-- [ RunTime:0.000241s ]
ERR: 无法加载模块:Favicon

[ 2017-10-22T22:37:05+08:00 ] 114.240.198.247 /favicon.ico
INFO: [ app_init ] --START--
INFO: Run Behavior\BuildLiteBehavior [ RunTime:0.000014s ]
INFO: [ app_init ] --END-- [ RunTime:0.000243s ]
ERR: 无法加载模块:Favicon

[ 2017-10-22T22:38:03+08:00 ] 183.67.51.27 /favicon.ico
INFO: [ app_init ] --START--
INFO: Run Behavior\BuildLiteBehavior [ RunTime:0.000014s ]
INFO: [ app_init ] --END-- [ RunTime:0.000259s ]
ERR: 无法加载模块:Favicon

[ 2017-10-22T22:38:03+08:00 ] 183.67.51.27 /favicon.ico
INFO: [ app_init ] --START--
INFO: Run Behavior\BuildLiteBehavior [ RunTime:0.000015s ]
INFO: [ app_init ] --END-- [ RunTime:0.000275s ]
ERR: 无法加载模块:Favicon

[ 2017-10-22T22:48:05+08:00 ] 140.205.201.46 /index.php?m=member&c=index&a=register&siteid=1
INFO: [ app_init ] --START--
INFO: Run Behavior\BuildLiteBehavior [ RunTime:0.000015s ]
INFO: [ app_init ] --END-- [ RunTime:0.000282s ]
ERR: 无法加载模块:Member

[ 2017-10-22T22:48:06+08:00 ] 140.205.201.46 /index.php?m=wap&a=index&siteid=1
INFO: [ app_init ] --START--
INFO: Run Behavior\BuildLiteBehavior [ RunTime:0.000015s ]
INFO: [ app_init ] --END-- [ RunTime:0.000272s ]
ERR: 无法加载模块:Wap

[ 2017-10-22T23:01:04+08:00 ] 36.110.147.98 /robots.txt
INFO: [ app_init ] --START--
INFO: Run Behavior\BuildLiteBehavior [ RunTime:0.000014s ]
INFO: [ app_init ] --END-- [ RunTime:0.000260s ]
ERR: 无法加载模块:Robots

[ 2017-10-22T23:09:05+08:00 ] 223.72.88.113 /favicon.ico
INFO: [ app_init ] --START--
INFO: Run Behavior\BuildLiteBehavior [ RunTime:0.000015s ]
INFO: [ app_init ] --END-- [ RunTime:0.000273s ]
ERR: 无法加载模块:Favicon

[ 2017-10-22T23:09:30+08:00 ] 116.28.50.66 /favicon.ico
INFO: [ app_init ] --START--
INFO: Run Behavior\BuildLiteBehavior [ RunTime:0.000013s ]
INFO: [ app_init ] --END-- [ RunTime:0.000242s ]
ERR: 无法加载模块:Favicon

