[ 2018-03-22T00:06:15+08:00 ] 123.125.67.160 /robots.txt
INFO: [ app_init ] --START--
INFO: Run Behavior\BuildLiteBehavior [ RunTime:0.000013s ]
INFO: [ app_init ] --END-- [ RunTime:0.000242s ]
ERR: 无法加载模块:Robots

[ 2018-03-22T01:42:36+08:00 ] 46.229.164.99 /robots.txt
INFO: [ app_init ] --START--
INFO: Run Behavior\BuildLiteBehavior [ RunTime:0.000014s ]
INFO: [ app_init ] --END-- [ RunTime:0.000241s ]
ERR: 无法加载模块:Robots

[ 2018-03-22T01:58:50+08:00 ] 157.55.39.1 /robots.txt
INFO: [ app_init ] --START--
INFO: Run Behavior\BuildLiteBehavior [ RunTime:0.000025s ]
INFO: [ app_init ] --END-- [ RunTime:0.000280s ]
ERR: 无法加载模块:Robots

[ 2018-03-22T03:22:44+08:00 ] 123.126.113.148 /robots.txt
INFO: [ app_init ] --START--
INFO: Run Behavior\BuildLiteBehavior [ RunTime:0.000013s ]
INFO: [ app_init ] --END-- [ RunTime:0.000250s ]
ERR: 无法加载模块:Robots

[ 2018-03-22T03:26:57+08:00 ] 183.36.114.181 /robots.txt
INFO: [ app_init ] --START--
INFO: Run Behavior\BuildLiteBehavior [ RunTime:0.000015s ]
INFO: [ app_init ] --END-- [ RunTime:0.000270s ]
ERR: 无法加载模块:Robots

[ 2018-03-22T04:15:02+08:00 ] 40.77.167.15 /robots.txt
INFO: [ app_init ] --START--
INFO: Run Behavior\BuildLiteBehavior [ RunTime:0.000014s ]
INFO: [ app_init ] --END-- [ RunTime:0.000254s ]
ERR: 无法加载模块:Robots

[ 2018-03-22T04:15:02+08:00 ] 40.77.167.15 /robots.txt
INFO: [ app_init ] --START--
INFO: Run Behavior\BuildLiteBehavior [ RunTime:0.000015s ]
INFO: [ app_init ] --END-- [ RunTime:0.000278s ]
ERR: 无法加载模块:Robots

[ 2018-03-22T04:15:03+08:00 ] 40.77.167.15 /robots.txt
INFO: [ app_init ] --START--
INFO: Run Behavior\BuildLiteBehavior [ RunTime:0.000013s ]
INFO: [ app_init ] --END-- [ RunTime:0.000242s ]
ERR: 无法加载模块:Robots

[ 2018-03-22T04:15:03+08:00 ] 40.77.167.15 /robots.txt
INFO: [ app_init ] --START--
INFO: Run Behavior\BuildLiteBehavior [ RunTime:0.000015s ]
INFO: [ app_init ] --END-- [ RunTime:0.000291s ]
ERR: 无法加载模块:Robots

[ 2018-03-22T04:15:04+08:00 ] 40.77.167.15 /robots.txt
INFO: [ app_init ] --START--
INFO: Run Behavior\BuildLiteBehavior [ RunTime:0.000020s ]
INFO: [ app_init ] --END-- [ RunTime:0.000379s ]
ERR: 无法加载模块:Robots

[ 2018-03-22T04:15:04+08:00 ] 40.77.167.15 /robots.txt
INFO: [ app_init ] --START--
INFO: Run Behavior\BuildLiteBehavior [ RunTime:0.000014s ]
INFO: [ app_init ] --END-- [ RunTime:0.000247s ]
ERR: 无法加载模块:Robots

[ 2018-03-22T04:15:04+08:00 ] 40.77.167.15 /robots.txt
INFO: [ app_init ] --START--
INFO: Run Behavior\BuildLiteBehavior [ RunTime:0.000015s ]
INFO: [ app_init ] --END-- [ RunTime:0.000307s ]
ERR: 无法加载模块:Robots

[ 2018-03-22T04:15:05+08:00 ] 40.77.167.15 /robots.txt
INFO: [ app_init ] --START--
INFO: Run Behavior\BuildLiteBehavior [ RunTime:0.000014s ]
INFO: [ app_init ] --END-- [ RunTime:0.000243s ]
ERR: 无法加载模块:Robots

[ 2018-03-22T04:15:05+08:00 ] 40.77.167.15 /robots.txt
INFO: [ app_init ] --START--
INFO: Run Behavior\BuildLiteBehavior [ RunTime:0.000014s ]
INFO: [ app_init ] --END-- [ RunTime:0.000244s ]
ERR: 无法加载模块:Robots

[ 2018-03-22T05:20:25+08:00 ] 106.38.241.151 /robots.txt
INFO: [ app_init ] --START--
INFO: Run Behavior\BuildLiteBehavior [ RunTime:0.000015s ]
INFO: [ app_init ] --END-- [ RunTime:0.000303s ]
ERR: 无法加载模块:Robots

[ 2018-03-22T06:43:12+08:00 ] 119.86.46.185 /favicon.ico
INFO: [ app_init ] --START--
INFO: Run Behavior\BuildLiteBehavior [ RunTime:0.000013s ]
INFO: [ app_init ] --END-- [ RunTime:0.000253s ]
ERR: 无法加载模块:Favicon

[ 2018-03-22T06:43:12+08:00 ] 119.86.46.185 /favicon.ico
INFO: [ app_init ] --START--
INFO: Run Behavior\BuildLiteBehavior [ RunTime:0.000015s ]
INFO: [ app_init ] --END-- [ RunTime:0.000307s ]
ERR: 无法加载模块:Favicon

[ 2018-03-22T07:08:54+08:00 ] 58.100.111.198 /favicon.ico
INFO: [ app_init ] --START--
INFO: Run Behavior\BuildLiteBehavior [ RunTime:0.000015s ]
INFO: [ app_init ] --END-- [ RunTime:0.000283s ]
ERR: 无法加载模块:Favicon

[ 2018-03-22T07:13:14+08:00 ] 123.125.125.75 /robots.txt
INFO: [ app_init ] --START--
INFO: Run Behavior\BuildLiteBehavior [ RunTime:0.000014s ]
INFO: [ app_init ] --END-- [ RunTime:0.000243s ]
ERR: 无法加载模块:Robots

[ 2018-03-22T07:40:38+08:00 ] 111.186.114.119 /favicon.ico
INFO: [ app_init ] --START--
INFO: Run Behavior\BuildLiteBehavior [ RunTime:0.000015s ]
INFO: [ app_init ] --END-- [ RunTime:0.000258s ]
ERR: 无法加载模块:Favicon

[ 2018-03-22T07:59:59+08:00 ] 150.255.159.11 /favicon.ico
INFO: [ app_init ] --START--
INFO: Run Behavior\BuildLiteBehavior [ RunTime:0.000013s ]
INFO: [ app_init ] --END-- [ RunTime:0.000259s ]
ERR: 无法加载模块:Favicon

[ 2018-03-22T08:32:09+08:00 ] 111.196.234.5 /favicon.ico
INFO: [ app_init ] --START--
INFO: Run Behavior\BuildLiteBehavior [ RunTime:0.000015s ]
INFO: [ app_init ] --END-- [ RunTime:0.000259s ]
ERR: 无法加载模块:Favicon

[ 2018-03-22T08:41:41+08:00 ] 43.246.230.80 /favicon.ico
INFO: [ app_init ] --START--
INFO: Run Behavior\BuildLiteBehavior [ RunTime:0.000016s ]
INFO: [ app_init ] --END-- [ RunTime:0.000256s ]
ERR: 无法加载模块:Favicon

[ 2018-03-22T08:47:28+08:00 ] 183.160.1.128 /favicon.ico
INFO: [ app_init ] --START--
INFO: Run Behavior\BuildLiteBehavior [ RunTime:0.000015s ]
INFO: [ app_init ] --END-- [ RunTime:0.000270s ]
ERR: 无法加载模块:Favicon

[ 2018-03-22T08:51:56+08:00 ] 114.242.10.142 /favicon.ico
INFO: [ app_init ] --START--
INFO: Run Behavior\BuildLiteBehavior [ RunTime:0.000012s ]
INFO: [ app_init ] --END-- [ RunTime:0.000246s ]
ERR: 无法加载模块:Favicon

[ 2018-03-22T08:51:56+08:00 ] 114.242.10.142 /favicon.ico
INFO: [ app_init ] --START--
INFO: Run Behavior\BuildLiteBehavior [ RunTime:0.000013s ]
INFO: [ app_init ] --END-- [ RunTime:0.000251s ]
ERR: 无法加载模块:Favicon

[ 2018-03-22T08:55:27+08:00 ] 114.242.10.142 /favicon.ico
INFO: [ app_init ] --START--
INFO: Run Behavior\BuildLiteBehavior [ RunTime:0.000015s ]
INFO: [ app_init ] --END-- [ RunTime:0.000252s ]
ERR: 无法加载模块:Favicon

[ 2018-03-22T08:55:27+08:00 ] 114.242.10.142 /favicon.ico
INFO: [ app_init ] --START--
INFO: Run Behavior\BuildLiteBehavior [ RunTime:0.000014s ]
INFO: [ app_init ] --END-- [ RunTime:0.000243s ]
ERR: 无法加载模块:Favicon

[ 2018-03-22T08:55:29+08:00 ] 36.110.147.78 /robots.txt
INFO: [ app_init ] --START--
INFO: Run Behavior\BuildLiteBehavior [ RunTime:0.000026s ]
INFO: [ app_init ] --END-- [ RunTime:0.000257s ]
ERR: 无法加载模块:Robots

[ 2018-03-22T08:55:36+08:00 ] 114.242.10.142 /favicon.ico
INFO: [ app_init ] --START--
INFO: Run Behavior\BuildLiteBehavior [ RunTime:0.000013s ]
INFO: [ app_init ] --END-- [ RunTime:0.000247s ]
ERR: 无法加载模块:Favicon

[ 2018-03-22T08:56:10+08:00 ] 114.242.10.142 /favicon.ico
INFO: [ app_init ] --START--
INFO: Run Behavior\BuildLiteBehavior [ RunTime:0.000015s ]
INFO: [ app_init ] --END-- [ RunTime:0.000271s ]
ERR: 无法加载模块:Favicon

[ 2018-03-22T08:56:22+08:00 ] 114.242.10.142 /favicon.ico
INFO: [ app_init ] --START--
INFO: Run Behavior\BuildLiteBehavior [ RunTime:0.000014s ]
INFO: [ app_init ] --END-- [ RunTime:0.000241s ]
ERR: 无法加载模块:Favicon

[ 2018-03-22T08:56:24+08:00 ] 114.242.10.142 /favicon.ico
INFO: [ app_init ] --START--
INFO: Run Behavior\BuildLiteBehavior [ RunTime:0.000016s ]
INFO: [ app_init ] --END-- [ RunTime:0.000386s ]
ERR: 无法加载模块:Favicon

[ 2018-03-22T08:58:48+08:00 ] 114.242.10.142 /favicon.ico
INFO: [ app_init ] --START--
INFO: Run Behavior\BuildLiteBehavior [ RunTime:0.000012s ]
INFO: [ app_init ] --END-- [ RunTime:0.000240s ]
ERR: 无法加载模块:Favicon

[ 2018-03-22T08:59:32+08:00 ] 114.242.10.142 /favicon.ico
INFO: [ app_init ] --START--
INFO: Run Behavior\BuildLiteBehavior [ RunTime:0.000013s ]
INFO: [ app_init ] --END-- [ RunTime:0.000247s ]
ERR: 无法加载模块:Favicon

[ 2018-03-22T08:59:32+08:00 ] 114.242.10.142 /favicon.ico
INFO: [ app_init ] --START--
INFO: Run Behavior\BuildLiteBehavior [ RunTime:0.000027s ]
INFO: [ app_init ] --END-- [ RunTime:0.000263s ]
ERR: 无法加载模块:Favicon

[ 2018-03-22T08:59:52+08:00 ] 114.242.10.142 /favicon.ico
INFO: [ app_init ] --START--
INFO: Run Behavior\BuildLiteBehavior [ RunTime:0.000021s ]
INFO: [ app_init ] --END-- [ RunTime:0.000253s ]
ERR: 无法加载模块:Favicon

[ 2018-03-22T09:03:55+08:00 ] 180.140.176.75 /favicon.ico
INFO: [ app_init ] --START--
INFO: Run Behavior\BuildLiteBehavior [ RunTime:0.000013s ]
INFO: [ app_init ] --END-- [ RunTime:0.000270s ]
ERR: 无法加载模块:Favicon

[ 2018-03-22T09:06:21+08:00 ] 123.125.143.29 /favicon.ico
INFO: [ app_init ] --START--
INFO: Run Behavior\BuildLiteBehavior [ RunTime:0.000015s ]
INFO: [ app_init ] --END-- [ RunTime:0.000260s ]
ERR: 无法加载模块:Favicon

[ 2018-03-22T09:06:21+08:00 ] 111.18.36.215 /favicon.ico
INFO: [ app_init ] --START--
INFO: Run Behavior\BuildLiteBehavior [ RunTime:0.000014s ]
INFO: [ app_init ] --END-- [ RunTime:0.000250s ]
ERR: 无法加载模块:Favicon

[ 2018-03-22T09:10:42+08:00 ] 61.51.185.194 /favicon.ico
INFO: [ app_init ] --START--
INFO: Run Behavior\BuildLiteBehavior [ RunTime:0.000013s ]
INFO: [ app_init ] --END-- [ RunTime:0.000249s ]
ERR: 无法加载模块:Favicon

[ 2018-03-22T09:12:28+08:00 ] 114.242.10.142 /favicon.ico
INFO: [ app_init ] --START--
INFO: Run Behavior\BuildLiteBehavior [ RunTime:0.000014s ]
INFO: [ app_init ] --END-- [ RunTime:0.000253s ]
ERR: 无法加载模块:Favicon

[ 2018-03-22T09:12:28+08:00 ] 114.242.10.142 /favicon.ico
INFO: [ app_init ] --START--
INFO: Run Behavior\BuildLiteBehavior [ RunTime:0.000014s ]
INFO: [ app_init ] --END-- [ RunTime:0.000242s ]
ERR: 无法加载模块:Favicon

[ 2018-03-22T09:13:55+08:00 ] 114.242.10.142 /favicon.ico
INFO: [ app_init ] --START--
INFO: Run Behavior\BuildLiteBehavior [ RunTime:0.000016s ]
INFO: [ app_init ] --END-- [ RunTime:0.000286s ]
ERR: 无法加载模块:Favicon

[ 2018-03-22T09:13:55+08:00 ] 114.242.10.142 /favicon.ico
INFO: [ app_init ] --START--
INFO: Run Behavior\BuildLiteBehavior [ RunTime:0.000015s ]
INFO: [ app_init ] --END-- [ RunTime:0.000260s ]
ERR: 无法加载模块:Favicon

[ 2018-03-22T09:15:03+08:00 ] 203.208.60.232 /robots.txt
INFO: [ app_init ] --START--
INFO: Run Behavior\BuildLiteBehavior [ RunTime:0.000015s ]
INFO: [ app_init ] --END-- [ RunTime:0.000253s ]
ERR: 无法加载模块:Robots

[ 2018-03-22T09:18:02+08:00 ] 114.242.10.142 /favicon.ico
INFO: [ app_init ] --START--
INFO: Run Behavior\BuildLiteBehavior [ RunTime:0.000014s ]
INFO: [ app_init ] --END-- [ RunTime:0.000241s ]
ERR: 无法加载模块:Favicon

[ 2018-03-22T09:18:21+08:00 ] 114.242.10.142 /favicon.ico
INFO: [ app_init ] --START--
INFO: Run Behavior\BuildLiteBehavior [ RunTime:0.000016s ]
INFO: [ app_init ] --END-- [ RunTime:0.000277s ]
ERR: 无法加载模块:Favicon

[ 2018-03-22T09:24:23+08:00 ] 183.62.131.90 /favicon.ico
INFO: [ app_init ] --START--
INFO: Run Behavior\BuildLiteBehavior [ RunTime:0.000014s ]
INFO: [ app_init ] --END-- [ RunTime:0.000244s ]
ERR: 无法加载模块:Favicon

[ 2018-03-22T09:25:08+08:00 ] 183.62.131.90 /favicon.ico
INFO: [ app_init ] --START--
INFO: Run Behavior\BuildLiteBehavior [ RunTime:0.000014s ]
INFO: [ app_init ] --END-- [ RunTime:0.000254s ]
ERR: 无法加载模块:Favicon

[ 2018-03-22T09:32:05+08:00 ] 114.242.10.142 /favicon.ico
INFO: [ app_init ] --START--
INFO: Run Behavior\BuildLiteBehavior [ RunTime:0.000013s ]
INFO: [ app_init ] --END-- [ RunTime:0.000248s ]
ERR: 无法加载模块:Favicon

[ 2018-03-22T09:32:32+08:00 ] 115.171.171.239 /favicon.ico
INFO: [ app_init ] --START--
INFO: Run Behavior\BuildLiteBehavior [ RunTime:0.000013s ]
INFO: [ app_init ] --END-- [ RunTime:0.000268s ]
ERR: 无法加载模块:Favicon

[ 2018-03-22T09:33:29+08:00 ] 114.242.10.142 /favicon.ico
INFO: [ app_init ] --START--
INFO: Run Behavior\BuildLiteBehavior [ RunTime:0.000014s ]
INFO: [ app_init ] --END-- [ RunTime:0.000247s ]
ERR: 无法加载模块:Favicon

[ 2018-03-22T09:33:31+08:00 ] 114.242.10.142 /favicon.ico
INFO: [ app_init ] --START--
INFO: Run Behavior\BuildLiteBehavior [ RunTime:0.000014s ]
INFO: [ app_init ] --END-- [ RunTime:0.000265s ]
ERR: 无法加载模块:Favicon

[ 2018-03-22T09:35:00+08:00 ] 115.44.32.35 /favicon.ico
INFO: [ app_init ] --START--
INFO: Run Behavior\BuildLiteBehavior [ RunTime:0.000015s ]
INFO: [ app_init ] --END-- [ RunTime:0.000260s ]
ERR: 无法加载模块:Favicon

[ 2018-03-22T09:41:54+08:00 ] 114.242.10.142 /favicon.ico
INFO: [ app_init ] --START--
INFO: Run Behavior\BuildLiteBehavior [ RunTime:0.000014s ]
INFO: [ app_init ] --END-- [ RunTime:0.000255s ]
ERR: 无法加载模块:Favicon

[ 2018-03-22T09:41:59+08:00 ] 114.242.10.142 /favicon.ico
INFO: [ app_init ] --START--
INFO: Run Behavior\BuildLiteBehavior [ RunTime:0.000016s ]
INFO: [ app_init ] --END-- [ RunTime:0.000250s ]
ERR: 无法加载模块:Favicon

[ 2018-03-22T09:42:01+08:00 ] 114.242.10.142 /favicon.ico
INFO: [ app_init ] --START--
INFO: Run Behavior\BuildLiteBehavior [ RunTime:0.000015s ]
INFO: [ app_init ] --END-- [ RunTime:0.000251s ]
ERR: 无法加载模块:Favicon

[ 2018-03-22T09:48:35+08:00 ] 114.242.10.142 /favicon.ico
INFO: [ app_init ] --START--
INFO: Run Behavior\BuildLiteBehavior [ RunTime:0.000014s ]
INFO: [ app_init ] --END-- [ RunTime:0.000251s ]
ERR: 无法加载模块:Favicon

[ 2018-03-22T09:54:59+08:00 ] 118.113.1.219 /favicon.ico
INFO: [ app_init ] --START--
INFO: Run Behavior\BuildLiteBehavior [ RunTime:0.000014s ]
INFO: [ app_init ] --END-- [ RunTime:0.000257s ]
ERR: 无法加载模块:Favicon

[ 2018-03-22T09:56:47+08:00 ] 114.242.10.142 /favicon.ico
INFO: [ app_init ] --START--
INFO: Run Behavior\BuildLiteBehavior [ RunTime:0.000013s ]
INFO: [ app_init ] --END-- [ RunTime:0.000236s ]
ERR: 无法加载模块:Favicon

[ 2018-03-22T09:57:05+08:00 ] 114.242.10.142 /favicon.ico
INFO: [ app_init ] --START--
INFO: Run Behavior\BuildLiteBehavior [ RunTime:0.000014s ]
INFO: [ app_init ] --END-- [ RunTime:0.000305s ]
ERR: 无法加载模块:Favicon

[ 2018-03-22T09:57:21+08:00 ] 114.242.10.142 /favicon.ico
INFO: [ app_init ] --START--
INFO: Run Behavior\BuildLiteBehavior [ RunTime:0.000017s ]
INFO: [ app_init ] --END-- [ RunTime:0.000287s ]
ERR: 无法加载模块:Favicon

[ 2018-03-22T10:02:13+08:00 ] 106.226.92.99 /favicon.ico
INFO: [ app_init ] --START--
INFO: Run Behavior\BuildLiteBehavior [ RunTime:0.000013s ]
INFO: [ app_init ] --END-- [ RunTime:0.000244s ]
ERR: 无法加载模块:Favicon

[ 2018-03-22T10:11:09+08:00 ] 210.12.31.250 /favicon.ico
INFO: [ app_init ] --START--
INFO: Run Behavior\BuildLiteBehavior [ RunTime:0.000013s ]
INFO: [ app_init ] --END-- [ RunTime:0.000241s ]
ERR: 无法加载模块:Favicon

[ 2018-03-22T10:22:37+08:00 ] 116.228.221.162 /favicon.ico
INFO: [ app_init ] --START--
INFO: Run Behavior\BuildLiteBehavior [ RunTime:0.000014s ]
INFO: [ app_init ] --END-- [ RunTime:0.000256s ]
ERR: 无法加载模块:Favicon

[ 2018-03-22T10:34:22+08:00 ] 114.242.10.142 /favicon.ico
INFO: [ app_init ] --START--
INFO: Run Behavior\BuildLiteBehavior [ RunTime:0.000015s ]
INFO: [ app_init ] --END-- [ RunTime:0.000299s ]
ERR: 无法加载模块:Favicon

[ 2018-03-22T10:34:25+08:00 ] 114.242.10.142 /favicon.ico
INFO: [ app_init ] --START--
INFO: Run Behavior\BuildLiteBehavior [ RunTime:0.000014s ]
INFO: [ app_init ] --END-- [ RunTime:0.000252s ]
ERR: 无法加载模块:Favicon

[ 2018-03-22T10:34:31+08:00 ] 114.242.10.142 /favicon.ico
INFO: [ app_init ] --START--
INFO: Run Behavior\BuildLiteBehavior [ RunTime:0.000014s ]
INFO: [ app_init ] --END-- [ RunTime:0.000253s ]
ERR: 无法加载模块:Favicon

[ 2018-03-22T10:34:42+08:00 ] 114.242.10.142 /favicon.ico
INFO: [ app_init ] --START--
INFO: Run Behavior\BuildLiteBehavior [ RunTime:0.000015s ]
INFO: [ app_init ] --END-- [ RunTime:0.000288s ]
ERR: 无法加载模块:Favicon

[ 2018-03-22T10:34:49+08:00 ] 114.242.10.142 /favicon.ico
INFO: [ app_init ] --START--
INFO: Run Behavior\BuildLiteBehavior [ RunTime:0.000013s ]
INFO: [ app_init ] --END-- [ RunTime:0.000252s ]
ERR: 无法加载模块:Favicon

[ 2018-03-22T10:35:03+08:00 ] 114.242.10.142 /favicon.ico
INFO: [ app_init ] --START--
INFO: Run Behavior\BuildLiteBehavior [ RunTime:0.000013s ]
INFO: [ app_init ] --END-- [ RunTime:0.000243s ]
ERR: 无法加载模块:Favicon

[ 2018-03-22T10:35:09+08:00 ] 114.242.10.142 /favicon.ico
INFO: [ app_init ] --START--
INFO: Run Behavior\BuildLiteBehavior [ RunTime:0.000013s ]
INFO: [ app_init ] --END-- [ RunTime:0.000259s ]
ERR: 无法加载模块:Favicon

[ 2018-03-22T10:47:25+08:00 ] 60.177.190.195 /favicon.ico
INFO: [ app_init ] --START--
INFO: Run Behavior\BuildLiteBehavior [ RunTime:0.000016s ]
INFO: [ app_init ] --END-- [ RunTime:0.000274s ]
ERR: 无法加载模块:Favicon

[ 2018-03-22T10:54:00+08:00 ] 140.206.62.250 /favicon.ico
INFO: [ app_init ] --START--
INFO: Run Behavior\BuildLiteBehavior [ RunTime:0.000015s ]
INFO: [ app_init ] --END-- [ RunTime:0.000264s ]
ERR: 无法加载模块:Favicon

[ 2018-03-22T10:55:31+08:00 ] 140.206.62.250 /favicon.ico
INFO: [ app_init ] --START--
INFO: Run Behavior\BuildLiteBehavior [ RunTime:0.000015s ]
INFO: [ app_init ] --END-- [ RunTime:0.000268s ]
ERR: 无法加载模块:Favicon

[ 2018-03-22T10:59:08+08:00 ] 106.120.173.128 /robots.txt
INFO: [ app_init ] --START--
INFO: Run Behavior\BuildLiteBehavior [ RunTime:0.000026s ]
INFO: [ app_init ] --END-- [ RunTime:0.000286s ]
ERR: 无法加载模块:Robots

[ 2018-03-22T11:00:06+08:00 ] 202.103.39.218 /favicon.ico
INFO: [ app_init ] --START--
INFO: Run Behavior\BuildLiteBehavior [ RunTime:0.000014s ]
INFO: [ app_init ] --END-- [ RunTime:0.000256s ]
ERR: 无法加载模块:Favicon

[ 2018-03-22T11:24:49+08:00 ] 210.12.31.250 /favicon.ico
INFO: [ app_init ] --START--
INFO: Run Behavior\BuildLiteBehavior [ RunTime:0.000014s ]
INFO: [ app_init ] --END-- [ RunTime:0.000256s ]
ERR: 无法加载模块:Favicon

[ 2018-03-22T11:28:29+08:00 ] 36.5.108.180 /favicon.ico
INFO: [ app_init ] --START--
INFO: Run Behavior\BuildLiteBehavior [ RunTime:0.000013s ]
INFO: [ app_init ] --END-- [ RunTime:0.000247s ]
ERR: 无法加载模块:Favicon

[ 2018-03-22T11:31:05+08:00 ] 106.120.121.145 /favicon.ico
INFO: [ app_init ] --START--
INFO: Run Behavior\BuildLiteBehavior [ RunTime:0.000013s ]
INFO: [ app_init ] --END-- [ RunTime:0.000258s ]
ERR: 无法加载模块:Favicon

[ 2018-03-22T11:34:45+08:00 ] 113.99.222.197 /favicon.ico
INFO: [ app_init ] --START--
INFO: Run Behavior\BuildLiteBehavior [ RunTime:0.000014s ]
INFO: [ app_init ] --END-- [ RunTime:0.000253s ]
ERR: 无法加载模块:Favicon

[ 2018-03-22T11:35:36+08:00 ] 218.64.175.156 /favicon.ico
INFO: [ app_init ] --START--
INFO: Run Behavior\BuildLiteBehavior [ RunTime:0.000014s ]
INFO: [ app_init ] --END-- [ RunTime:0.000240s ]
ERR: 无法加载模块:Favicon

[ 2018-03-22T11:56:36+08:00 ] 140.240.1.183 /favicon.ico
INFO: [ app_init ] --START--
INFO: Run Behavior\BuildLiteBehavior [ RunTime:0.000014s ]
INFO: [ app_init ] --END-- [ RunTime:0.000252s ]
ERR: 无法加载模块:Favicon

[ 2018-03-22T12:01:53+08:00 ] 203.207.220.134 /favicon.ico
INFO: [ app_init ] --START--
INFO: Run Behavior\BuildLiteBehavior [ RunTime:0.000014s ]
INFO: [ app_init ] --END-- [ RunTime:0.000237s ]
ERR: 无法加载模块:Favicon

[ 2018-03-22T12:06:05+08:00 ] 122.156.219.197 /favicon.ico
INFO: [ app_init ] --START--
INFO: Run Behavior\BuildLiteBehavior [ RunTime:0.000015s ]
INFO: [ app_init ] --END-- [ RunTime:0.000250s ]
ERR: 无法加载模块:Favicon

[ 2018-03-22T12:32:06+08:00 ] 114.242.10.142 /favicon.ico
INFO: [ app_init ] --START--
INFO: Run Behavior\BuildLiteBehavior [ RunTime:0.000013s ]
INFO: [ app_init ] --END-- [ RunTime:0.000244s ]
ERR: 无法加载模块:Favicon

[ 2018-03-22T12:39:17+08:00 ] 114.242.10.142 /favicon.ico
INFO: [ app_init ] --START--
INFO: Run Behavior\BuildLiteBehavior [ RunTime:0.000014s ]
INFO: [ app_init ] --END-- [ RunTime:0.000244s ]
ERR: 无法加载模块:Favicon

[ 2018-03-22T12:40:07+08:00 ] 180.158.99.21 /favicon.ico
INFO: [ app_init ] --START--
INFO: Run Behavior\BuildLiteBehavior [ RunTime:0.000015s ]
INFO: [ app_init ] --END-- [ RunTime:0.000253s ]
ERR: 无法加载模块:Favicon

[ 2018-03-22T12:41:17+08:00 ] 114.242.10.142 /favicon.ico
INFO: [ app_init ] --START--
INFO: Run Behavior\BuildLiteBehavior [ RunTime:0.000015s ]
INFO: [ app_init ] --END-- [ RunTime:0.000262s ]
ERR: 无法加载模块:Favicon

[ 2018-03-22T12:46:33+08:00 ] 218.26.54.179 /favicon.ico
INFO: [ app_init ] --START--
INFO: Run Behavior\BuildLiteBehavior [ RunTime:0.000013s ]
INFO: [ app_init ] --END-- [ RunTime:0.000237s ]
ERR: 无法加载模块:Favicon

[ 2018-03-22T12:47:11+08:00 ] 106.38.241.100 /robots.txt
INFO: [ app_init ] --START--
INFO: Run Behavior\BuildLiteBehavior [ RunTime:0.000014s ]
INFO: [ app_init ] --END-- [ RunTime:0.000253s ]
ERR: 无法加载模块:Robots

[ 2018-03-22T12:52:12+08:00 ] 46.229.164.99 /robots.txt
INFO: [ app_init ] --START--
INFO: Run Behavior\BuildLiteBehavior [ RunTime:0.000015s ]
INFO: [ app_init ] --END-- [ RunTime:0.000260s ]
ERR: 无法加载模块:Robots

[ 2018-03-22T13:03:55+08:00 ] 114.242.10.142 /favicon.ico
INFO: [ app_init ] --START--
INFO: Run Behavior\BuildLiteBehavior [ RunTime:0.000013s ]
INFO: [ app_init ] --END-- [ RunTime:0.000266s ]
ERR: 无法加载模块:Favicon

[ 2018-03-22T13:03:57+08:00 ] 114.242.10.142 /favicon.ico
INFO: [ app_init ] --START--
INFO: Run Behavior\BuildLiteBehavior [ RunTime:0.000013s ]
INFO: [ app_init ] --END-- [ RunTime:0.000241s ]
ERR: 无法加载模块:Favicon

[ 2018-03-22T13:04:03+08:00 ] 114.242.10.142 /favicon.ico
INFO: [ app_init ] --START--
INFO: Run Behavior\BuildLiteBehavior [ RunTime:0.000015s ]
INFO: [ app_init ] --END-- [ RunTime:0.000271s ]
ERR: 无法加载模块:Favicon

[ 2018-03-22T13:04:06+08:00 ] 114.242.10.142 /favicon.ico
INFO: [ app_init ] --START--
INFO: Run Behavior\BuildLiteBehavior [ RunTime:0.000016s ]
INFO: [ app_init ] --END-- [ RunTime:0.000256s ]
ERR: 无法加载模块:Favicon

[ 2018-03-22T13:09:05+08:00 ] 114.242.10.142 /favicon.ico
INFO: [ app_init ] --START--
INFO: Run Behavior\BuildLiteBehavior [ RunTime:0.000015s ]
INFO: [ app_init ] --END-- [ RunTime:0.000258s ]
ERR: 无法加载模块:Favicon

[ 2018-03-22T13:09:07+08:00 ] 114.242.10.142 /favicon.ico
INFO: [ app_init ] --START--
INFO: Run Behavior\BuildLiteBehavior [ RunTime:0.000015s ]
INFO: [ app_init ] --END-- [ RunTime:0.000248s ]
ERR: 无法加载模块:Favicon

[ 2018-03-22T13:09:09+08:00 ] 114.242.10.142 /favicon.ico
INFO: [ app_init ] --START--
INFO: Run Behavior\BuildLiteBehavior [ RunTime:0.000015s ]
INFO: [ app_init ] --END-- [ RunTime:0.000261s ]
ERR: 无法加载模块:Favicon

[ 2018-03-22T13:09:14+08:00 ] 114.242.10.142 /favicon.ico
INFO: [ app_init ] --START--
INFO: Run Behavior\BuildLiteBehavior [ RunTime:0.000016s ]
INFO: [ app_init ] --END-- [ RunTime:0.000359s ]
ERR: 无法加载模块:Favicon

[ 2018-03-22T13:15:43+08:00 ] 123.150.182.211 /favicon.ico
INFO: [ app_init ] --START--
INFO: Run Behavior\BuildLiteBehavior [ RunTime:0.000015s ]
INFO: [ app_init ] --END-- [ RunTime:0.000263s ]
ERR: 无法加载模块:Favicon

[ 2018-03-22T13:22:27+08:00 ] 114.242.10.142 /favicon.ico
INFO: [ app_init ] --START--
INFO: Run Behavior\BuildLiteBehavior [ RunTime:0.000015s ]
INFO: [ app_init ] --END-- [ RunTime:0.000250s ]
ERR: 无法加载模块:Favicon

[ 2018-03-22T13:26:02+08:00 ] 114.242.250.59 /favicon.ico
INFO: [ app_init ] --START--
INFO: Run Behavior\BuildLiteBehavior [ RunTime:0.000015s ]
INFO: [ app_init ] --END-- [ RunTime:0.000289s ]
ERR: 无法加载模块:Favicon

[ 2018-03-22T13:26:36+08:00 ] 36.60.196.14 /favicon.ico
INFO: [ app_init ] --START--
INFO: Run Behavior\BuildLiteBehavior [ RunTime:0.000013s ]
INFO: [ app_init ] --END-- [ RunTime:0.000243s ]
ERR: 无法加载模块:Favicon

[ 2018-03-22T13:27:02+08:00 ] 114.242.10.142 /favicon.ico
INFO: [ app_init ] --START--
INFO: Run Behavior\BuildLiteBehavior [ RunTime:0.000015s ]
INFO: [ app_init ] --END-- [ RunTime:0.000275s ]
ERR: 无法加载模块:Favicon

[ 2018-03-22T13:27:03+08:00 ] 114.242.10.142 /favicon.ico
INFO: [ app_init ] --START--
INFO: Run Behavior\BuildLiteBehavior [ RunTime:0.000015s ]
INFO: [ app_init ] --END-- [ RunTime:0.000277s ]
ERR: 无法加载模块:Favicon

[ 2018-03-22T13:34:48+08:00 ] 111.198.124.3 /favicon.ico
INFO: [ app_init ] --START--
INFO: Run Behavior\BuildLiteBehavior [ RunTime:0.000014s ]
INFO: [ app_init ] --END-- [ RunTime:0.000259s ]
ERR: 无法加载模块:Favicon

[ 2018-03-22T13:41:55+08:00 ] 117.136.31.253 /favicon.ico
INFO: [ app_init ] --START--
INFO: Run Behavior\BuildLiteBehavior [ RunTime:0.000014s ]
INFO: [ app_init ] --END-- [ RunTime:0.000263s ]
ERR: 无法加载模块:Favicon

[ 2018-03-22T14:07:58+08:00 ] 115.171.171.239 /favicon.ico
INFO: [ app_init ] --START--
INFO: Run Behavior\BuildLiteBehavior [ RunTime:0.000015s ]
INFO: [ app_init ] --END-- [ RunTime:0.000251s ]
ERR: 无法加载模块:Favicon

[ 2018-03-22T14:08:18+08:00 ] 46.246.40.179 /muieblackcat
INFO: [ app_init ] --START--
INFO: Run Behavior\BuildLiteBehavior [ RunTime:0.000014s ]
INFO: [ app_init ] --END-- [ RunTime:0.000276s ]
ERR: 无法加载模块:Muieblackcat

[ 2018-03-22T14:18:21+08:00 ] 219.236.165.162 /favicon.ico
INFO: [ app_init ] --START--
INFO: Run Behavior\BuildLiteBehavior [ RunTime:0.000014s ]
INFO: [ app_init ] --END-- [ RunTime:0.000242s ]
ERR: 无法加载模块:Favicon

[ 2018-03-22T14:18:22+08:00 ] 219.236.165.162 /favicon.ico
INFO: [ app_init ] --START--
INFO: Run Behavior\BuildLiteBehavior [ RunTime:0.000015s ]
INFO: [ app_init ] --END-- [ RunTime:0.000268s ]
ERR: 无法加载模块:Favicon

[ 2018-03-22T14:33:17+08:00 ] 124.64.127.85 /favicon.ico
INFO: [ app_init ] --START--
INFO: Run Behavior\BuildLiteBehavior [ RunTime:0.000014s ]
INFO: [ app_init ] --END-- [ RunTime:0.000247s ]
ERR: 无法加载模块:Favicon

[ 2018-03-22T15:05:35+08:00 ] 171.221.43.171 /favicon.ico
INFO: [ app_init ] --START--
INFO: Run Behavior\BuildLiteBehavior [ RunTime:0.000021s ]
INFO: [ app_init ] --END-- [ RunTime:0.000362s ]
ERR: 无法加载模块:Favicon

[ 2018-03-22T15:06:50+08:00 ] 111.85.17.78 /favicon.ico
INFO: [ app_init ] --START--
INFO: Run Behavior\BuildLiteBehavior [ RunTime:0.000015s ]
INFO: [ app_init ] --END-- [ RunTime:0.000255s ]
ERR: 无法加载模块:Favicon

[ 2018-03-22T15:07:05+08:00 ] 111.85.17.78 /favicon.ico
INFO: [ app_init ] --START--
INFO: Run Behavior\BuildLiteBehavior [ RunTime:0.000016s ]
INFO: [ app_init ] --END-- [ RunTime:0.000246s ]
ERR: 无法加载模块:Favicon

[ 2018-03-22T15:09:48+08:00 ] 39.88.112.222 /favicon.ico
INFO: [ app_init ] --START--
INFO: Run Behavior\BuildLiteBehavior [ RunTime:0.000014s ]
INFO: [ app_init ] --END-- [ RunTime:0.000274s ]
ERR: 无法加载模块:Favicon

[ 2018-03-22T15:10:34+08:00 ] 120.239.78.134 /favicon.ico
INFO: [ app_init ] --START--
INFO: Run Behavior\BuildLiteBehavior [ RunTime:0.000016s ]
INFO: [ app_init ] --END-- [ RunTime:0.000285s ]
ERR: 无法加载模块:Favicon

[ 2018-03-22T15:50:46+08:00 ] 1.202.49.163 /favicon.ico
INFO: [ app_init ] --START--
INFO: Run Behavior\BuildLiteBehavior [ RunTime:0.000015s ]
INFO: [ app_init ] --END-- [ RunTime:0.000257s ]
ERR: 无法加载模块:Favicon

[ 2018-03-22T15:50:46+08:00 ] 1.202.49.163 /favicon.ico
INFO: [ app_init ] --START--
INFO: Run Behavior\BuildLiteBehavior [ RunTime:0.000015s ]
INFO: [ app_init ] --END-- [ RunTime:0.000273s ]
ERR: 无法加载模块:Favicon

[ 2018-03-22T15:50:46+08:00 ] 1.202.49.163 /favicon.ico
INFO: [ app_init ] --START--
INFO: Run Behavior\BuildLiteBehavior [ RunTime:0.000016s ]
INFO: [ app_init ] --END-- [ RunTime:0.000248s ]
ERR: 无法加载模块:Favicon

[ 2018-03-22T15:50:46+08:00 ] 1.202.49.163 /favicon.ico
INFO: [ app_init ] --START--
INFO: Run Behavior\BuildLiteBehavior [ RunTime:0.000026s ]
INFO: [ app_init ] --END-- [ RunTime:0.000259s ]
ERR: 无法加载模块:Favicon

[ 2018-03-22T16:15:34+08:00 ] 1.202.49.163 /favicon.ico
INFO: [ app_init ] --START--
INFO: Run Behavior\BuildLiteBehavior [ RunTime:0.000013s ]
INFO: [ app_init ] --END-- [ RunTime:0.000247s ]
ERR: 无法加载模块:Favicon

[ 2018-03-22T16:15:34+08:00 ] 1.202.49.163 /favicon.ico
INFO: [ app_init ] --START--
INFO: Run Behavior\BuildLiteBehavior [ RunTime:0.000014s ]
INFO: [ app_init ] --END-- [ RunTime:0.000244s ]
ERR: 无法加载模块:Favicon

[ 2018-03-22T16:15:34+08:00 ] 1.202.49.163 /favicon.ico
INFO: [ app_init ] --START--
INFO: Run Behavior\BuildLiteBehavior [ RunTime:0.000013s ]
INFO: [ app_init ] --END-- [ RunTime:0.000248s ]
ERR: 无法加载模块:Favicon

[ 2018-03-22T16:15:34+08:00 ] 1.202.49.163 /favicon.ico
INFO: [ app_init ] --START--
INFO: Run Behavior\BuildLiteBehavior [ RunTime:0.000013s ]
INFO: [ app_init ] --END-- [ RunTime:0.000246s ]
ERR: 无法加载模块:Favicon

[ 2018-03-22T16:26:37+08:00 ] 114.242.10.142 /favicon.ico
INFO: [ app_init ] --START--
INFO: Run Behavior\BuildLiteBehavior [ RunTime:0.000014s ]
INFO: [ app_init ] --END-- [ RunTime:0.000251s ]
ERR: 无法加载模块:Favicon

[ 2018-03-22T16:26:52+08:00 ] 114.242.10.142 /favicon.ico
INFO: [ app_init ] --START--
INFO: Run Behavior\BuildLiteBehavior [ RunTime:0.000014s ]
INFO: [ app_init ] --END-- [ RunTime:0.000257s ]
ERR: 无法加载模块:Favicon

[ 2018-03-22T16:26:55+08:00 ] 114.242.10.142 /favicon.ico
INFO: [ app_init ] --START--
INFO: Run Behavior\BuildLiteBehavior [ RunTime:0.000015s ]
INFO: [ app_init ] --END-- [ RunTime:0.000254s ]
ERR: 无法加载模块:Favicon

[ 2018-03-22T16:27:30+08:00 ] 114.242.10.142 /favicon.ico
INFO: [ app_init ] --START--
INFO: Run Behavior\BuildLiteBehavior [ RunTime:0.000014s ]
INFO: [ app_init ] --END-- [ RunTime:0.000273s ]
ERR: 无法加载模块:Favicon

[ 2018-03-22T16:27:32+08:00 ] 114.242.10.142 /favicon.ico
INFO: [ app_init ] --START--
INFO: Run Behavior\BuildLiteBehavior [ RunTime:0.000015s ]
INFO: [ app_init ] --END-- [ RunTime:0.000264s ]
ERR: 无法加载模块:Favicon

[ 2018-03-22T16:39:01+08:00 ] 114.242.10.142 /favicon.ico
INFO: [ app_init ] --START--
INFO: Run Behavior\BuildLiteBehavior [ RunTime:0.000014s ]
INFO: [ app_init ] --END-- [ RunTime:0.000265s ]
ERR: 无法加载模块:Favicon

[ 2018-03-22T16:41:20+08:00 ] 114.242.10.142 /favicon.ico
INFO: [ app_init ] --START--
INFO: Run Behavior\BuildLiteBehavior [ RunTime:0.000015s ]
INFO: [ app_init ] --END-- [ RunTime:0.000272s ]
ERR: 无法加载模块:Favicon

[ 2018-03-22T16:41:22+08:00 ] 114.242.10.142 /favicon.ico
INFO: [ app_init ] --START--
INFO: Run Behavior\BuildLiteBehavior [ RunTime:0.000015s ]
INFO: [ app_init ] --END-- [ RunTime:0.000301s ]
ERR: 无法加载模块:Favicon

[ 2018-03-22T16:41:26+08:00 ] 114.242.10.142 /favicon.ico
INFO: [ app_init ] --START--
INFO: Run Behavior\BuildLiteBehavior [ RunTime:0.000018s ]
INFO: [ app_init ] --END-- [ RunTime:0.000312s ]
ERR: 无法加载模块:Favicon

[ 2018-03-22T16:41:30+08:00 ] 114.242.10.142 /favicon.ico
INFO: [ app_init ] --START--
INFO: Run Behavior\BuildLiteBehavior [ RunTime:0.000012s ]
INFO: [ app_init ] --END-- [ RunTime:0.000241s ]
ERR: 无法加载模块:Favicon

[ 2018-03-22T16:43:26+08:00 ] 60.166.39.56 /favicon.ico
INFO: [ app_init ] --START--
INFO: Run Behavior\BuildLiteBehavior [ RunTime:0.000014s ]
INFO: [ app_init ] --END-- [ RunTime:0.000260s ]
ERR: 无法加载模块:Favicon

[ 2018-03-22T16:52:53+08:00 ] 211.137.32.226 /favicon.ico
INFO: [ app_init ] --START--
INFO: Run Behavior\BuildLiteBehavior [ RunTime:0.000015s ]
INFO: [ app_init ] --END-- [ RunTime:0.000283s ]
ERR: 无法加载模块:Favicon

[ 2018-03-22T16:52:53+08:00 ] 211.137.32.226 /favicon.ico
INFO: [ app_init ] --START--
INFO: Run Behavior\BuildLiteBehavior [ RunTime:0.000015s ]
INFO: [ app_init ] --END-- [ RunTime:0.000273s ]
ERR: 无法加载模块:Favicon

[ 2018-03-22T16:59:36+08:00 ] 61.148.243.188 /favicon.ico
INFO: [ app_init ] --START--
INFO: Run Behavior\BuildLiteBehavior [ RunTime:0.000024s ]
INFO: [ app_init ] --END-- [ RunTime:0.000290s ]
ERR: 无法加载模块:Favicon

[ 2018-03-22T17:00:38+08:00 ] 61.148.243.188 /favicon.ico
INFO: [ app_init ] --START--
INFO: Run Behavior\BuildLiteBehavior [ RunTime:0.000014s ]
INFO: [ app_init ] --END-- [ RunTime:0.000257s ]
ERR: 无法加载模块:Favicon

[ 2018-03-22T17:01:38+08:00 ] 61.136.44.230 /favicon.ico
INFO: [ app_init ] --START--
INFO: Run Behavior\BuildLiteBehavior [ RunTime:0.000014s ]
INFO: [ app_init ] --END-- [ RunTime:0.000259s ]
ERR: 无法加载模块:Favicon

[ 2018-03-22T17:04:46+08:00 ] 114.242.10.142 /favicon.ico
INFO: [ app_init ] --START--
INFO: Run Behavior\BuildLiteBehavior [ RunTime:0.000013s ]
INFO: [ app_init ] --END-- [ RunTime:0.000238s ]
ERR: 无法加载模块:Favicon

[ 2018-03-22T17:18:07+08:00 ] 61.148.221.114 /favicon.ico
INFO: [ app_init ] --START--
INFO: Run Behavior\BuildLiteBehavior [ RunTime:0.000016s ]
INFO: [ app_init ] --END-- [ RunTime:0.000279s ]
ERR: 无法加载模块:Favicon

[ 2018-03-22T17:32:03+08:00 ] 39.66.74.97 /favicon.ico
INFO: [ app_init ] --START--
INFO: Run Behavior\BuildLiteBehavior [ RunTime:0.000014s ]
INFO: [ app_init ] --END-- [ RunTime:0.000265s ]
ERR: 无法加载模块:Favicon

[ 2018-03-22T17:39:00+08:00 ] 101.65.93.68 /favicon.ico
INFO: [ app_init ] --START--
INFO: Run Behavior\BuildLiteBehavior [ RunTime:0.000015s ]
INFO: [ app_init ] --END-- [ RunTime:0.000245s ]
ERR: 无法加载模块:Favicon

[ 2018-03-22T17:40:24+08:00 ] 101.65.93.68 /favicon.ico
INFO: [ app_init ] --START--
INFO: Run Behavior\BuildLiteBehavior [ RunTime:0.000014s ]
INFO: [ app_init ] --END-- [ RunTime:0.000259s ]
ERR: 无法加载模块:Favicon

[ 2018-03-22T17:42:14+08:00 ] 101.65.93.68 /favicon.ico
INFO: [ app_init ] --START--
INFO: Run Behavior\BuildLiteBehavior [ RunTime:0.000013s ]
INFO: [ app_init ] --END-- [ RunTime:0.000262s ]
ERR: 无法加载模块:Favicon

[ 2018-03-22T17:42:37+08:00 ] 101.65.93.68 /favicon.ico
INFO: [ app_init ] --START--
INFO: Run Behavior\BuildLiteBehavior [ RunTime:0.000011s ]
INFO: [ app_init ] --END-- [ RunTime:0.000230s ]
ERR: 无法加载模块:Favicon

[ 2018-03-22T18:10:25+08:00 ] 123.113.128.242 /favicon.ico
INFO: [ app_init ] --START--
INFO: Run Behavior\BuildLiteBehavior [ RunTime:0.000013s ]
INFO: [ app_init ] --END-- [ RunTime:0.000244s ]
ERR: 无法加载模块:Favicon

[ 2018-03-22T18:55:06+08:00 ] 223.72.62.76 /favicon.ico
INFO: [ app_init ] --START--
INFO: Run Behavior\BuildLiteBehavior [ RunTime:0.000017s ]
INFO: [ app_init ] --END-- [ RunTime:0.000314s ]
ERR: 无法加载模块:Favicon

[ 2018-03-22T18:55:06+08:00 ] 223.72.62.76 /favicon.ico
INFO: [ app_init ] --START--
INFO: Run Behavior\BuildLiteBehavior [ RunTime:0.000013s ]
INFO: [ app_init ] --END-- [ RunTime:0.000243s ]
ERR: 无法加载模块:Favicon

[ 2018-03-22T19:15:43+08:00 ] 106.38.241.190 /robots.txt
INFO: [ app_init ] --START--
INFO: Run Behavior\BuildLiteBehavior [ RunTime:0.000013s ]
INFO: [ app_init ] --END-- [ RunTime:0.000246s ]
ERR: 无法加载模块:Robots

[ 2018-03-22T19:41:18+08:00 ] 140.240.0.83 /favicon.ico
INFO: [ app_init ] --START--
INFO: Run Behavior\BuildLiteBehavior [ RunTime:0.000013s ]
INFO: [ app_init ] --END-- [ RunTime:0.000283s ]
ERR: 无法加载模块:Favicon

[ 2018-03-22T19:45:47+08:00 ] 123.126.113.181 /robots.txt
INFO: [ app_init ] --START--
INFO: Run Behavior\BuildLiteBehavior [ RunTime:0.000015s ]
INFO: [ app_init ] --END-- [ RunTime:0.000276s ]
ERR: 无法加载模块:Robots

[ 2018-03-22T19:46:31+08:00 ] 123.126.113.161 /robots.txt
INFO: [ app_init ] --START--
INFO: Run Behavior\BuildLiteBehavior [ RunTime:0.000014s ]
INFO: [ app_init ] --END-- [ RunTime:0.000244s ]
ERR: 无法加载模块:Robots

[ 2018-03-22T20:06:15+08:00 ] 112.224.2.113 /favicon.ico
INFO: [ app_init ] --START--
INFO: Run Behavior\BuildLiteBehavior [ RunTime:0.000013s ]
INFO: [ app_init ] --END-- [ RunTime:0.000250s ]
ERR: 无法加载模块:Favicon

[ 2018-03-22T20:08:17+08:00 ] 112.224.2.113 /favicon.ico
INFO: [ app_init ] --START--
INFO: Run Behavior\BuildLiteBehavior [ RunTime:0.000014s ]
INFO: [ app_init ] --END-- [ RunTime:0.000261s ]
ERR: 无法加载模块:Favicon

[ 2018-03-22T20:10:21+08:00 ] 112.224.2.113 /favicon.ico
INFO: [ app_init ] --START--
INFO: Run Behavior\BuildLiteBehavior [ RunTime:0.000014s ]
INFO: [ app_init ] --END-- [ RunTime:0.000260s ]
ERR: 无法加载模块:Favicon

[ 2018-03-22T20:11:15+08:00 ] 112.224.2.113 /favicon.ico
INFO: [ app_init ] --START--
INFO: Run Behavior\BuildLiteBehavior [ RunTime:0.000013s ]
INFO: [ app_init ] --END-- [ RunTime:0.000258s ]
ERR: 无法加载模块:Favicon

[ 2018-03-22T20:12:13+08:00 ] 112.224.2.113 /favicon.ico
INFO: [ app_init ] --START--
INFO: Run Behavior\BuildLiteBehavior [ RunTime:0.000014s ]
INFO: [ app_init ] --END-- [ RunTime:0.000259s ]
ERR: 无法加载模块:Favicon

[ 2018-03-22T20:38:58+08:00 ] 116.2.88.178 /favicon.ico
INFO: [ app_init ] --START--
INFO: Run Behavior\BuildLiteBehavior [ RunTime:0.000014s ]
INFO: [ app_init ] --END-- [ RunTime:0.000251s ]
ERR: 无法加载模块:Favicon

[ 2018-03-22T20:38:58+08:00 ] 116.2.88.178 /favicon.ico
INFO: [ app_init ] --START--
INFO: Run Behavior\BuildLiteBehavior [ RunTime:0.000014s ]
INFO: [ app_init ] --END-- [ RunTime:0.000282s ]
ERR: 无法加载模块:Favicon

[ 2018-03-22T20:39:36+08:00 ] 87.250.224.76 /robots.txt
INFO: [ app_init ] --START--
INFO: Run Behavior\BuildLiteBehavior [ RunTime:0.000014s ]
INFO: [ app_init ] --END-- [ RunTime:0.000237s ]
ERR: 无法加载模块:Robots

[ 2018-03-22T21:07:56+08:00 ] 106.91.55.85 /favicon.ico
INFO: [ app_init ] --START--
INFO: Run Behavior\BuildLiteBehavior [ RunTime:0.000014s ]
INFO: [ app_init ] --END-- [ RunTime:0.000242s ]
ERR: 无法加载模块:Favicon

[ 2018-03-22T21:07:56+08:00 ] 106.91.55.85 /favicon.ico
INFO: [ app_init ] --START--
INFO: Run Behavior\BuildLiteBehavior [ RunTime:0.000016s ]
INFO: [ app_init ] --END-- [ RunTime:0.000269s ]
ERR: 无法加载模块:Favicon

[ 2018-03-22T21:35:02+08:00 ] 111.192.24.183 /favicon.ico
INFO: [ app_init ] --START--
INFO: Run Behavior\BuildLiteBehavior [ RunTime:0.000014s ]
INFO: [ app_init ] --END-- [ RunTime:0.000256s ]
ERR: 无法加载模块:Favicon

[ 2018-03-22T21:38:04+08:00 ] 61.148.243.188 /favicon.ico
INFO: [ app_init ] --START--
INFO: Run Behavior\BuildLiteBehavior [ RunTime:0.000015s ]
INFO: [ app_init ] --END-- [ RunTime:0.000253s ]
ERR: 无法加载模块:Favicon

[ 2018-03-22T21:39:06+08:00 ] 61.148.243.188 /favicon.ico
INFO: [ app_init ] --START--
INFO: Run Behavior\BuildLiteBehavior [ RunTime:0.000014s ]
INFO: [ app_init ] --END-- [ RunTime:0.000246s ]
ERR: 无法加载模块:Favicon

[ 2018-03-22T21:57:14+08:00 ] 203.208.60.232 /robots.txt
INFO: [ app_init ] --START--
INFO: Run Behavior\BuildLiteBehavior [ RunTime:0.000013s ]
INFO: [ app_init ] --END-- [ RunTime:0.000243s ]
ERR: 无法加载模块:Robots

[ 2018-03-22T22:03:02+08:00 ] 118.113.204.13 /favicon.ico
INFO: [ app_init ] --START--
INFO: Run Behavior\BuildLiteBehavior [ RunTime:0.000014s ]
INFO: [ app_init ] --END-- [ RunTime:0.000260s ]
ERR: 无法加载模块:Favicon

[ 2018-03-22T22:14:27+08:00 ] 223.72.62.76 /favicon.ico
INFO: [ app_init ] --START--
INFO: Run Behavior\BuildLiteBehavior [ RunTime:0.000015s ]
INFO: [ app_init ] --END-- [ RunTime:0.000273s ]
ERR: 无法加载模块:Favicon

[ 2018-03-22T22:14:27+08:00 ] 223.72.62.76 /favicon.ico
INFO: [ app_init ] --START--
INFO: Run Behavior\BuildLiteBehavior [ RunTime:0.000014s ]
INFO: [ app_init ] --END-- [ RunTime:0.000245s ]
ERR: 无法加载模块:Favicon

[ 2018-03-22T22:28:18+08:00 ] 61.148.243.101 /favicon.ico
INFO: [ app_init ] --START--
INFO: Run Behavior\BuildLiteBehavior [ RunTime:0.000015s ]
INFO: [ app_init ] --END-- [ RunTime:0.000241s ]
ERR: 无法加载模块:Favicon

[ 2018-03-22T22:40:38+08:00 ] 116.2.88.178 /favicon.ico
INFO: [ app_init ] --START--
INFO: Run Behavior\BuildLiteBehavior [ RunTime:0.000018s ]
INFO: [ app_init ] --END-- [ RunTime:0.000330s ]
ERR: 无法加载模块:Favicon

[ 2018-03-22T22:40:38+08:00 ] 116.2.88.178 /favicon.ico
INFO: [ app_init ] --START--
INFO: Run Behavior\BuildLiteBehavior [ RunTime:0.000014s ]
INFO: [ app_init ] --END-- [ RunTime:0.000243s ]
ERR: 无法加载模块:Favicon

[ 2018-03-22T23:10:35+08:00 ] 119.86.47.102 /favicon.ico
INFO: [ app_init ] --START--
INFO: Run Behavior\BuildLiteBehavior [ RunTime:0.000015s ]
INFO: [ app_init ] --END-- [ RunTime:0.000275s ]
ERR: 无法加载模块:Favicon

[ 2018-03-22T23:10:36+08:00 ] 119.86.47.102 /favicon.ico
INFO: [ app_init ] --START--
INFO: Run Behavior\BuildLiteBehavior [ RunTime:0.000015s ]
INFO: [ app_init ] --END-- [ RunTime:0.000271s ]
ERR: 无法加载模块:Favicon

[ 2018-03-22T23:18:00+08:00 ] 116.2.88.178 /favicon.ico
INFO: [ app_init ] --START--
INFO: Run Behavior\BuildLiteBehavior [ RunTime:0.000013s ]
INFO: [ app_init ] --END-- [ RunTime:0.000241s ]
ERR: 无法加载模块:Favicon

[ 2018-03-22T23:18:00+08:00 ] 116.2.88.178 /favicon.ico
INFO: [ app_init ] --START--
INFO: Run Behavior\BuildLiteBehavior [ RunTime:0.000014s ]
INFO: [ app_init ] --END-- [ RunTime:0.000245s ]
ERR: 无法加载模块:Favicon

[ 2018-03-22T23:18:22+08:00 ] 61.148.243.188 /favicon.ico
INFO: [ app_init ] --START--
INFO: Run Behavior\BuildLiteBehavior [ RunTime:0.000014s ]
INFO: [ app_init ] --END-- [ RunTime:0.000253s ]
ERR: 无法加载模块:Favicon

[ 2018-03-22T23:18:23+08:00 ] 61.148.243.188 /favicon.ico
INFO: [ app_init ] --START--
INFO: Run Behavior\BuildLiteBehavior [ RunTime:0.000014s ]
INFO: [ app_init ] --END-- [ RunTime:0.000250s ]
ERR: 无法加载模块:Favicon

[ 2018-03-22T23:18:49+08:00 ] 46.229.164.99 /robots.txt
INFO: [ app_init ] --START--
INFO: Run Behavior\BuildLiteBehavior [ RunTime:0.000014s ]
INFO: [ app_init ] --END-- [ RunTime:0.000245s ]
ERR: 无法加载模块:Robots

