[ 2018-04-11T09:04:58+08:00 ] 127.0.0.1 /favicon.ico
INFO: [ app_init ] --START--
INFO: Run Behavior\BuildLiteBehavior [ RunTime:0.000006s ]
INFO: [ app_init ] --END-- [ RunTime:0.000029s ]
ERR: 无法加载模块:Favicon

[ 2018-04-11T12:20:09+08:00 ] 127.0.0.1 /Public/Front/images/lijixiaan.png
INFO: [ app_init ] --START--
INFO: Run Behavior\BuildLiteBehavior [ RunTime:0.000006s ]
INFO: [ app_init ] --END-- [ RunTime:0.000032s ]
ERR: 无法加载模块:Public

[ 2018-04-11T12:20:10+08:00 ] 127.0.0.1 /Public/Front/images/lijixian.png
INFO: [ app_init ] --START--
INFO: Run Behavior\BuildLiteBehavior [ RunTime:0.000008s ]
INFO: [ app_init ] --END-- [ RunTime:0.000043s ]
ERR: 无法加载模块:Public

[ 2018-04-11T12:20:10+08:00 ] 127.0.0.1 /Public/Front/images/lijian.png
INFO: [ app_init ] --START--
INFO: Run Behavior\BuildLiteBehavior [ RunTime:0.000006s ]
INFO: [ app_init ] --END-- [ RunTime:0.000031s ]
ERR: 无法加载模块:Public

[ 2018-04-11T12:20:10+08:00 ] 127.0.0.1 /Public/Front/images/lijan.png
INFO: [ app_init ] --START--
INFO: Run Behavior\BuildLiteBehavior [ RunTime:0.000006s ]
INFO: [ app_init ] --END-- [ RunTime:0.000060s ]
ERR: 无法加载模块:Public

[ 2018-04-11T12:20:10+08:00 ] 127.0.0.1 /Public/Front/images/lian.png
INFO: [ app_init ] --START--
INFO: Run Behavior\BuildLiteBehavior [ RunTime:0.000005s ]
INFO: [ app_init ] --END-- [ RunTime:0.000030s ]
ERR: 无法加载模块:Public

[ 2018-04-11T12:20:10+08:00 ] 127.0.0.1 /Public/Front/images/lan.png
INFO: [ app_init ] --START--
INFO: Run Behavior\BuildLiteBehavior [ RunTime:0.000006s ]
INFO: [ app_init ] --END-- [ RunTime:0.000029s ]
ERR: 无法加载模块:Public

[ 2018-04-11T12:20:10+08:00 ] 127.0.0.1 /Public/Front/images/an.png
INFO: [ app_init ] --START--
INFO: Run Behavior\BuildLiteBehavior [ RunTime:0.000006s ]
INFO: [ app_init ] --END-- [ RunTime:0.000031s ]
ERR: 无法加载模块:Public

[ 2018-04-11T12:20:10+08:00 ] 127.0.0.1 /Public/Front/imagesan.png
INFO: [ app_init ] --START--
INFO: Run Behavior\BuildLiteBehavior [ RunTime:0.000006s ]
INFO: [ app_init ] --END-- [ RunTime:0.000030s ]
ERR: 无法加载模块:Public

[ 2018-04-11T12:20:11+08:00 ] 127.0.0.1 /Public/Front/images/lijixan.png
INFO: [ app_init ] --START--
INFO: Run Behavior\BuildLiteBehavior [ RunTime:0.000013s ]
INFO: [ app_init ] --END-- [ RunTime:0.000075s ]
ERR: 无法加载模块:Public

[ 2018-04-11T12:20:12+08:00 ] 127.0.0.1 /Public/Front/images/an.png
INFO: [ app_init ] --START--
INFO: Run Behavior\BuildLiteBehavior [ RunTime:0.000006s ]
INFO: [ app_init ] --END-- [ RunTime:0.000032s ]
ERR: 无法加载模块:Public

[ 2018-04-11T12:20:15+08:00 ] 127.0.0.1 /Public/Front/images/ann.png
INFO: [ app_init ] --START--
INFO: Run Behavior\BuildLiteBehavior [ RunTime:0.000006s ]
INFO: [ app_init ] --END-- [ RunTime:0.000031s ]
ERR: 无法加载模块:Public

[ 2018-04-11T12:20:15+08:00 ] 127.0.0.1 /Public/Front/images/anni.png
INFO: [ app_init ] --START--
INFO: Run Behavior\BuildLiteBehavior [ RunTime:0.000006s ]
INFO: [ app_init ] --END-- [ RunTime:0.000031s ]
ERR: 无法加载模块:Public

[ 2018-04-11T13:17:27+08:00 ] 127.0.0.1 /Public/Front/images/v.png
INFO: [ app_init ] --START--
INFO: Run Behavior\BuildLiteBehavior [ RunTime:0.000005s ]
INFO: [ app_init ] --END-- [ RunTime:0.000039s ]
ERR: 无法加载模块:Public

[ 2018-04-11T13:17:28+08:00 ] 127.0.0.1 /Public/Front/images/vdingdanchaxunb.png
INFO: [ app_init ] --START--
INFO: Run Behavior\BuildLiteBehavior [ RunTime:0.000011s ]
INFO: [ app_init ] --END-- [ RunTime:0.000056s ]
ERR: 无法加载模块:Public

[ 2018-04-11T13:24:36+08:00 ] 127.0.0.1 /Public/Front/images/xiadansj0320.png
INFO: [ app_init ] --START--
INFO: Run Behavior\BuildLiteBehavior [ RunTime:0.000009s ]
INFO: [ app_init ] --END-- [ RunTime:0.000046s ]
ERR: 无法加载模块:Public

[ 2018-04-11T13:25:34+08:00 ] 127.0.0.1 /Public/Front/images/xiadansj0320.png
INFO: [ app_init ] --START--
INFO: Run Behavior\BuildLiteBehavior [ RunTime:0.000009s ]
INFO: [ app_init ] --END-- [ RunTime:0.000048s ]
ERR: 无法加载模块:Public

[ 2018-04-11T13:25:35+08:00 ] 127.0.0.1 /Public/Front/images/dingdanchaxunsj1320.png
INFO: [ app_init ] --START--
INFO: Run Behavior\BuildLiteBehavior [ RunTime:0.000005s ]
INFO: [ app_init ] --END-- [ RunTime:0.000030s ]
ERR: 无法加载模块:Public

[ 2018-04-11T13:25:55+08:00 ] 127.0.0.1 /Public/Front/images/xiadansj0320.png
INFO: [ app_init ] --START--
INFO: Run Behavior\BuildLiteBehavior [ RunTime:0.000005s ]
INFO: [ app_init ] --END-- [ RunTime:0.000046s ]
ERR: 无法加载模块:Public

[ 2018-04-11T13:25:56+08:00 ] 127.0.0.1 /Public/Front/images/dingdanchaxunsj1320.png
INFO: [ app_init ] --START--
INFO: Run Behavior\BuildLiteBehavior [ RunTime:0.000006s ]
INFO: [ app_init ] --END-- [ RunTime:0.000030s ]
ERR: 无法加载模块:Public

[ 2018-04-11T13:26:26+08:00 ] 127.0.0.1 /Public/Front/images/xiadansj0320.png
INFO: [ app_init ] --START--
INFO: Run Behavior\BuildLiteBehavior [ RunTime:0.000009s ]
INFO: [ app_init ] --END-- [ RunTime:0.000046s ]
ERR: 无法加载模块:Public

[ 2018-04-11T13:26:54+08:00 ] 127.0.0.1 /Public/Front/images/xiadansj0320.png
INFO: [ app_init ] --START--
INFO: Run Behavior\BuildLiteBehavior [ RunTime:0.000014s ]
INFO: [ app_init ] --END-- [ RunTime:0.000065s ]
ERR: 无法加载模块:Public

[ 2018-04-11T13:27:41+08:00 ] 127.0.0.1 /Public/Front/images/xiadansj0320.png
INFO: [ app_init ] --START--
INFO: Run Behavior\BuildLiteBehavior [ RunTime:0.000012s ]
INFO: [ app_init ] --END-- [ RunTime:0.000061s ]
ERR: 无法加载模块:Public

[ 2018-04-11T13:28:21+08:00 ] 127.0.0.1 /Public/Front/images/xiadansj0320.png
INFO: [ app_init ] --START--
INFO: Run Behavior\BuildLiteBehavior [ RunTime:0.000010s ]
INFO: [ app_init ] --END-- [ RunTime:0.000052s ]
ERR: 无法加载模块:Public

[ 2018-04-11T13:28:33+08:00 ] 127.0.0.1 /Public/Front/images/xiadansj0320.png
INFO: [ app_init ] --START--
INFO: Run Behavior\BuildLiteBehavior [ RunTime:0.000009s ]
INFO: [ app_init ] --END-- [ RunTime:0.000046s ]
ERR: 无法加载模块:Public

[ 2018-04-11T13:34:16+08:00 ] 127.0.0.1 /Public/Front/images/xiadansj0320.png
INFO: [ app_init ] --START--
INFO: Run Behavior\BuildLiteBehavior [ RunTime:0.000007s ]
INFO: [ app_init ] --END-- [ RunTime:0.000050s ]
ERR: 无法加载模块:Public

[ 2018-04-11T13:34:39+08:00 ] 127.0.0.1 /Public/Front/images/xiadansj0320.png
INFO: [ app_init ] --START--
INFO: Run Behavior\BuildLiteBehavior [ RunTime:0.000005s ]
INFO: [ app_init ] --END-- [ RunTime:0.000029s ]
ERR: 无法加载模块:Public

[ 2018-04-11T13:35:30+08:00 ] 127.0.0.1 /Public/Front/images/xiadansj0320.png
INFO: [ app_init ] --START--
INFO: Run Behavior\BuildLiteBehavior [ RunTime:0.000010s ]
INFO: [ app_init ] --END-- [ RunTime:0.000047s ]
ERR: 无法加载模块:Public

[ 2018-04-11T13:35:40+08:00 ] 127.0.0.1 /Public/Front/images/xiadansj0320.png
INFO: [ app_init ] --START--
INFO: Run Behavior\BuildLiteBehavior [ RunTime:0.000009s ]
INFO: [ app_init ] --END-- [ RunTime:0.000060s ]
ERR: 无法加载模块:Public

