[ 2017-12-04T05:48:33+08:00 ] 180.97.35.149 /?source=baidu&jh=SJ-Y&keyword=shaquqichetuoyunnajiazhuanye&e_creative=%7Bcreative%7D&e_adposition=%7Badposition%7D&e_keywordid=%7Bkeywordid%7D
INFO: [ app_init ] --START--
INFO: Run Behavior\BuildLiteBehavior [ RunTime:0.000015s ]
INFO: [ app_init ] --END-- [ RunTime:0.000270s ]
INFO: [ app_begin ] --START--
INFO: Run Behavior\ReadHtmlCacheBehavior [ RunTime:0.000289s ]
INFO: [ app_begin ] --END-- [ RunTime:0.000338s ]
SQL: SHOW COLUMNS FROM `tuo_article` [ RunTime:0.0005s ]
SQL: SELECT * FROM `tuo_article` WHERE `article_pid` = 'GY'  [ RunTime:0.0001s ]
SQL: SELECT * FROM `tuo_article` WHERE `article_pid` = 'LX'  [ RunTime:0.0001s ]
SQL: SELECT * FROM `tuo_article` WHERE `article_pid` = 'JR'  [ RunTime:0.0001s ]
SQL: SELECT * FROM `tuo_article` WHERE `article_pid` = 'QQ'  [ RunTime:0.0001s ]
SQL: SELECT * FROM `tuo_article` WHERE `article_pid` = 'FK'  [ RunTime:0.0001s ]
SQL: SELECT * FROM `tuo_article` WHERE `article_pid` = 'BZ'  [ RunTime:0.0001s ]
SQL: SELECT * FROM `tuo_article` WHERE `article_pid` = 'FW'  [ RunTime:0.0001s ]
SQL: SELECT * FROM `tuo_article` WHERE `article_pid` = 'AQ'  [ RunTime:0.0001s ]
SQL: SELECT * FROM `tuo_article` WHERE `article_pid` = 'DH'  [ RunTime:0.0001s ]
NOTIC: [8192] Function mcrypt_cbc() is deprecated /guzai/TTYC/ThinkPHP/Library/DES_PHP/DESPHP.class.php 第 47 行.
NOTIC: [2] Illegal string offset 'order' /guzai/TTYC/Application/Front/Controller/IndexController.class.php 第 17 行.
NOTIC: [8] Uninitialized string offset: 0 /guzai/TTYC/Application/Front/Controller/IndexController.class.php 第 17 行.
SQL: SHOW COLUMNS FROM `tuo_area` [ RunTime:0.0003s ]
SQL: SELECT * FROM `tuo_area` WHERE `area_pid` = 1  [ RunTime:0.0001s ]
SQL: SHOW COLUMNS FROM `tuo_carxing` [ RunTime:0.0003s ]
SQL: SELECT * FROM `tuo_carxing` WHERE `cxjj_pid` = 0  [ RunTime:0.0002s ]
SQL: SELECT * FROM `tuo_article` WHERE `article_pid` = 'XW' AND `article_img` <> '' ORDER BY article_time desc LIMIT 1   [ RunTime:0.0001s ]
SQL: SELECT * FROM `tuo_article` WHERE `article_pid` = 'XW' AND `article_id` <> '36' ORDER BY article_time desc LIMIT 3   [ RunTime:0.0001s ]
SQL: SELECT * FROM `tuo_article` WHERE `article_pid` = 'CJ' ORDER BY article_time desc LIMIT 10   [ RunTime:0.0001s ]
SQL: SELECT * FROM `tuo_article` WHERE `article_pid` = 'TTFW' ORDER BY article_id asc LIMIT 6   [ RunTime:0.0001s ]
SQL: SHOW COLUMNS FROM `tuo_link` [ RunTime:0.0003s ]
SQL: SELECT * FROM `tuo_link` WHERE `fl_status` = 'Y' ORDER BY fl_sort LIMIT 6   [ RunTime:0.0001s ]
SQL: SHOW COLUMNS FROM `tuo_adv_img` [ RunTime:0.0002s ]
SQL: SELECT * FROM `tuo_adv_img` WHERE `adv_code` = 'A'  [ RunTime:0.0001s ]
INFO: [ view_parse ] --START--
INFO: [ template_filter ] --START--
INFO: Run Behavior\ContentReplaceBehavior [ RunTime:0.000321s ]
INFO: [ template_filter ] --END-- [ RunTime:0.000415s ]
NOTIC: [8] Undefined variable: news /guzai/TTYC/Application/Runtime/Cache/Front/4741b996fde22d44b7262dab482a2184.php 第 8 行.
NOTIC: [8] Undefined variable: news /guzai/TTYC/Application/Runtime/Cache/Front/4741b996fde22d44b7262dab482a2184.php 第 12 行.
NOTIC: [8] Undefined variable: news /guzai/TTYC/Application/Runtime/Cache/Front/4741b996fde22d44b7262dab482a2184.php 第 16 行.
NOTIC: [2] Illegal string offset 'total' /guzai/TTYC/Application/Runtime/Cache/Front/4741b996fde22d44b7262dab482a2184.php 第 175 行.
NOTIC: [8] Uninitialized string offset: 0 /guzai/TTYC/Application/Runtime/Cache/Front/4741b996fde22d44b7262dab482a2184.php 第 175 行.
NOTIC: [2] Illegal string offset 'sprice' /guzai/TTYC/Application/Runtime/Cache/Front/4741b996fde22d44b7262dab482a2184.php 第 176 行.
NOTIC: [8] Uninitialized string offset: 0 /guzai/TTYC/Application/Runtime/Cache/Front/4741b996fde22d44b7262dab482a2184.php 第 176 行.
NOTIC: [2] Illegal string offset 'tprice' /guzai/TTYC/Application/Runtime/Cache/Front/4741b996fde22d44b7262dab482a2184.php 第 177 行.
NOTIC: [8] Uninitialized string offset: 0 /guzai/TTYC/Application/Runtime/Cache/Front/4741b996fde22d44b7262dab482a2184.php 第 177 行.
NOTIC: [2] Illegal string offset 'eprice' /guzai/TTYC/Application/Runtime/Cache/Front/4741b996fde22d44b7262dab482a2184.php 第 178 行.
NOTIC: [8] Uninitialized string offset: 0 /guzai/TTYC/Application/Runtime/Cache/Front/4741b996fde22d44b7262dab482a2184.php 第 178 行.
NOTIC: [2] Illegal string offset 'order' /guzai/TTYC/Application/Runtime/Cache/Front/4741b996fde22d44b7262dab482a2184.php 第 189 行.
NOTIC: [8] Uninitialized string offset: 0 /guzai/TTYC/Application/Runtime/Cache/Front/4741b996fde22d44b7262dab482a2184.php 第 189 行.
NOTIC: [2] Illegal string offset 'total' /guzai/TTYC/Application/Runtime/Cache/Front/4741b996fde22d44b7262dab482a2184.php 第 189 行.
NOTIC: [8] Uninitialized string offset: 0 /guzai/TTYC/Application/Runtime/Cache/Front/4741b996fde22d44b7262dab482a2184.php 第 189 行.
NOTIC: [2] Illegal string offset 'order' /guzai/TTYC/Application/Runtime/Cache/Front/4741b996fde22d44b7262dab482a2184.php 第 274 行.
NOTIC: [8] Uninitialized string offset: 0 /guzai/TTYC/Application/Runtime/Cache/Front/4741b996fde22d44b7262dab482a2184.php 第 274 行.
NOTIC: [2] Illegal string offset 'start' /guzai/TTYC/Application/Runtime/Cache/Front/4741b996fde22d44b7262dab482a2184.php 第 274 行.
NOTIC: [8] Uninitialized string offset: 0 /guzai/TTYC/Application/Runtime/Cache/Front/4741b996fde22d44b7262dab482a2184.php 第 274 行.
NOTIC: [2] Illegal string offset 'order' /guzai/TTYC/Application/Runtime/Cache/Front/4741b996fde22d44b7262dab482a2184.php 第 284 行.
NOTIC: [8] Uninitialized string offset: 0 /guzai/TTYC/Application/Runtime/Cache/Front/4741b996fde22d44b7262dab482a2184.php 第 284 行.
NOTIC: [2] Illegal string offset 'end' /guzai/TTYC/Application/Runtime/Cache/Front/4741b996fde22d44b7262dab482a2184.php 第 284 行.
NOTIC: [8] Uninitialized string offset: 0 /guzai/TTYC/Application/Runtime/Cache/Front/4741b996fde22d44b7262dab482a2184.php 第 284 行.
NOTIC: [2] Illegal string offset 'order' /guzai/TTYC/Application/Runtime/Cache/Front/4741b996fde22d44b7262dab482a2184.php 第 293 行.
NOTIC: [8] Uninitialized string offset: 0 /guzai/TTYC/Application/Runtime/Cache/Front/4741b996fde22d44b7262dab482a2184.php 第 293 行.
NOTIC: [2] Illegal string offset 'carInfo' /guzai/TTYC/Application/Runtime/Cache/Front/4741b996fde22d44b7262dab482a2184.php 第 293 行.
NOTIC: [8] Uninitialized string offset: 0 /guzai/TTYC/Application/Runtime/Cache/Front/4741b996fde22d44b7262dab482a2184.php 第 293 行.
INFO: Run Behavior\ParseTemplateBehavior [ RunTime:2.071406s ]
INFO: [ view_parse ] --END-- [ RunTime:2.071483s ]
INFO: [ view_filter ] --START--
INFO: Run Behavior\WriteHtmlCacheBehavior [ RunTime:0.000197s ]
INFO: [ view_filter ] --END-- [ RunTime:0.000268s ]
INFO: [ app_end ] --START--
INFO: Run Behavior\ShowPageTraceBehavior [ RunTime:0.000532s ]
INFO: [ app_end ] --END-- [ RunTime:0.000607s ]

