[ 2018-02-15T23:22:52+08:00 ] 42.156.251.206 /
INFO: [ app_init ] --START--
INFO: Run Behavior\BuildLiteBehavior [ RunTime:0.000014s ]
INFO: [ app_init ] --END-- [ RunTime:0.000248s ]
INFO: [ app_begin ] --START--
INFO: Run Behavior\ReadHtmlCacheBehavior [ RunTime:0.000299s ]
INFO: [ app_begin ] --END-- [ RunTime:0.000349s ]
SQL: SHOW COLUMNS FROM `tuo_article` [ RunTime:0.0005s ]
SQL: SELECT * FROM `tuo_article` WHERE `article_pid` = 'GY'  [ RunTime:0.0001s ]
SQL: SELECT * FROM `tuo_article` WHERE `article_pid` = 'LX'  [ RunTime:0.0001s ]
SQL: SELECT * FROM `tuo_article` WHERE `article_pid` = 'JR'  [ RunTime:0.0001s ]
SQL: SELECT * FROM `tuo_article` WHERE `article_pid` = 'QQ'  [ RunTime:0.0001s ]
SQL: SELECT * FROM `tuo_article` WHERE `article_pid` = 'FK'  [ RunTime:0.0001s ]
SQL: SELECT * FROM `tuo_article` WHERE `article_pid` = 'BZ'  [ RunTime:0.0001s ]
SQL: SELECT * FROM `tuo_article` WHERE `article_pid` = 'FW'  [ RunTime:0.0001s ]
SQL: SELECT * FROM `tuo_article` WHERE `article_pid` = 'AQ'  [ RunTime:0.0001s ]
SQL: SELECT * FROM `tuo_article` WHERE `article_pid` = 'DH'  [ RunTime:0.0001s ]
NOTIC: [8192] Function mcrypt_cbc() is deprecated /guzai/TTYC/ThinkPHP/Library/DES_PHP/DESPHP.class.php 第 47 行.
NOTIC: [2] Illegal string offset 'order' /guzai/TTYC/Application/Front/Controller/IndexController.class.php 第 17 行.
NOTIC: [8] Uninitialized string offset: 0 /guzai/TTYC/Application/Front/Controller/IndexController.class.php 第 17 行.
SQL: SHOW COLUMNS FROM `tuo_area` [ RunTime:0.0003s ]
SQL: SELECT * FROM `tuo_area` WHERE `area_pid` = 1  [ RunTime:0.0001s ]
SQL: SHOW COLUMNS FROM `tuo_carxing` [ RunTime:0.0003s ]
SQL: SELECT * FROM `tuo_carxing` WHERE `cxjj_pid` = 0  [ RunTime:0.0002s ]
SQL: SELECT * FROM `tuo_article` WHERE `article_pid` = 'XW' AND `article_img` <> '' ORDER BY article_time desc LIMIT 1   [ RunTime:0.0001s ]
SQL: SELECT * FROM `tuo_article` WHERE `article_pid` = 'XW' AND `article_id` <> '35' ORDER BY article_time desc LIMIT 3   [ RunTime:0.0001s ]
SQL: SELECT * FROM `tuo_article` WHERE `article_pid` = 'CJ' ORDER BY article_time desc LIMIT 10   [ RunTime:0.0001s ]
SQL: SELECT * FROM `tuo_article` WHERE `article_pid` = 'TTFW' ORDER BY article_id asc LIMIT 6   [ RunTime:0.0001s ]
SQL: SHOW COLUMNS FROM `tuo_link` [ RunTime:0.0003s ]
SQL: SELECT * FROM `tuo_link` WHERE `fl_status` = 'Y' ORDER BY fl_sort LIMIT 6   [ RunTime:0.0001s ]
SQL: SHOW COLUMNS FROM `tuo_adv_img` [ RunTime:0.0003s ]
SQL: SELECT * FROM `tuo_adv_img` WHERE `adv_code` = 'A'  [ RunTime:0.0001s ]
INFO: [ view_parse ] --START--
INFO: [ template_filter ] --START--
INFO: Run Behavior\ContentReplaceBehavior [ RunTime:0.000236s ]
INFO: [ template_filter ] --END-- [ RunTime:0.000294s ]
NOTIC: [8] Undefined variable: news /guzai/TTYC/Application/Runtime/Cache/Front/4741b996fde22d44b7262dab482a2184.php 第 8 行.
NOTIC: [8] Undefined variable: news /guzai/TTYC/Application/Runtime/Cache/Front/4741b996fde22d44b7262dab482a2184.php 第 12 行.
NOTIC: [8] Undefined variable: news /guzai/TTYC/Application/Runtime/Cache/Front/4741b996fde22d44b7262dab482a2184.php 第 16 行.
NOTIC: [2] Illegal string offset 'total' /guzai/TTYC/Application/Runtime/Cache/Front/4741b996fde22d44b7262dab482a2184.php 第 175 行.
NOTIC: [8] Uninitialized string offset: 0 /guzai/TTYC/Application/Runtime/Cache/Front/4741b996fde22d44b7262dab482a2184.php 第 175 行.
NOTIC: [2] Illegal string offset 'sprice' /guzai/TTYC/Application/Runtime/Cache/Front/4741b996fde22d44b7262dab482a2184.php 第 176 行.
NOTIC: [8] Uninitialized string offset: 0 /guzai/TTYC/Application/Runtime/Cache/Front/4741b996fde22d44b7262dab482a2184.php 第 176 行.
NOTIC: [2] Illegal string offset 'tprice' /guzai/TTYC/Application/Runtime/Cache/Front/4741b996fde22d44b7262dab482a2184.php 第 177 行.
NOTIC: [8] Uninitialized string offset: 0 /guzai/TTYC/Application/Runtime/Cache/Front/4741b996fde22d44b7262dab482a2184.php 第 177 行.
NOTIC: [2] Illegal string offset 'eprice' /guzai/TTYC/Application/Runtime/Cache/Front/4741b996fde22d44b7262dab482a2184.php 第 178 行.
NOTIC: [8] Uninitialized string offset: 0 /guzai/TTYC/Application/Runtime/Cache/Front/4741b996fde22d44b7262dab482a2184.php 第 178 行.
NOTIC: [2] Illegal string offset 'order' /guzai/TTYC/Application/Runtime/Cache/Front/4741b996fde22d44b7262dab482a2184.php 第 189 行.
NOTIC: [8] Uninitialized string offset: 0 /guzai/TTYC/Application/Runtime/Cache/Front/4741b996fde22d44b7262dab482a2184.php 第 189 行.
NOTIC: [2] Illegal string offset 'total' /guzai/TTYC/Application/Runtime/Cache/Front/4741b996fde22d44b7262dab482a2184.php 第 189 行.
NOTIC: [8] Uninitialized string offset: 0 /guzai/TTYC/Application/Runtime/Cache/Front/4741b996fde22d44b7262dab482a2184.php 第 189 行.
NOTIC: [2] Illegal string offset 'order' /guzai/TTYC/Application/Runtime/Cache/Front/4741b996fde22d44b7262dab482a2184.php 第 274 行.
NOTIC: [8] Uninitialized string offset: 0 /guzai/TTYC/Application/Runtime/Cache/Front/4741b996fde22d44b7262dab482a2184.php 第 274 行.
NOTIC: [2] Illegal string offset 'start' /guzai/TTYC/Application/Runtime/Cache/Front/4741b996fde22d44b7262dab482a2184.php 第 274 行.
NOTIC: [8] Uninitialized string offset: 0 /guzai/TTYC/Application/Runtime/Cache/Front/4741b996fde22d44b7262dab482a2184.php 第 274 行.
NOTIC: [2] Illegal string offset 'order' /guzai/TTYC/Application/Runtime/Cache/Front/4741b996fde22d44b7262dab482a2184.php 第 284 行.
NOTIC: [8] Uninitialized string offset: 0 /guzai/TTYC/Application/Runtime/Cache/Front/4741b996fde22d44b7262dab482a2184.php 第 284 行.
NOTIC: [2] Illegal string offset 'end' /guzai/TTYC/Application/Runtime/Cache/Front/4741b996fde22d44b7262dab482a2184.php 第 284 行.
NOTIC: [8] Uninitialized string offset: 0 /guzai/TTYC/Application/Runtime/Cache/Front/4741b996fde22d44b7262dab482a2184.php 第 284 行.
NOTIC: [2] Illegal string offset 'order' /guzai/TTYC/Application/Runtime/Cache/Front/4741b996fde22d44b7262dab482a2184.php 第 293 行.
NOTIC: [8] Uninitialized string offset: 0 /guzai/TTYC/Application/Runtime/Cache/Front/4741b996fde22d44b7262dab482a2184.php 第 293 行.
NOTIC: [2] Illegal string offset 'carInfo' /guzai/TTYC/Application/Runtime/Cache/Front/4741b996fde22d44b7262dab482a2184.php 第 293 行.
NOTIC: [8] Uninitialized string offset: 0 /guzai/TTYC/Application/Runtime/Cache/Front/4741b996fde22d44b7262dab482a2184.php 第 293 行.
INFO: Run Behavior\ParseTemplateBehavior [ RunTime:0.019599s ]
INFO: [ view_parse ] --END-- [ RunTime:0.019644s ]
INFO: [ view_filter ] --START--
INFO: Run Behavior\WriteHtmlCacheBehavior [ RunTime:0.000113s ]
INFO: [ view_filter ] --END-- [ RunTime:0.000163s ]
INFO: [ app_end ] --START--
INFO: Run Behavior\ShowPageTraceBehavior [ RunTime:0.000313s ]
INFO: [ app_end ] --END-- [ RunTime:0.000357s ]

[ 2018-02-15T23:22:53+08:00 ] 42.156.251.206 /
INFO: [ app_init ] --START--
INFO: Run Behavior\BuildLiteBehavior [ RunTime:0.000014s ]
INFO: [ app_init ] --END-- [ RunTime:0.000242s ]
INFO: [ app_begin ] --START--
INFO: Run Behavior\ReadHtmlCacheBehavior [ RunTime:0.000285s ]
INFO: [ app_begin ] --END-- [ RunTime:0.000334s ]
SQL: SHOW COLUMNS FROM `tuo_article` [ RunTime:0.0005s ]
SQL: SELECT * FROM `tuo_article` WHERE `article_pid` = 'GY'  [ RunTime:0.0001s ]
SQL: SELECT * FROM `tuo_article` WHERE `article_pid` = 'LX'  [ RunTime:0.0001s ]
SQL: SELECT * FROM `tuo_article` WHERE `article_pid` = 'JR'  [ RunTime:0.0001s ]
SQL: SELECT * FROM `tuo_article` WHERE `article_pid` = 'QQ'  [ RunTime:0.0001s ]
SQL: SELECT * FROM `tuo_article` WHERE `article_pid` = 'FK'  [ RunTime:0.0001s ]
SQL: SELECT * FROM `tuo_article` WHERE `article_pid` = 'BZ'  [ RunTime:0.0001s ]
SQL: SELECT * FROM `tuo_article` WHERE `article_pid` = 'FW'  [ RunTime:0.0001s ]
SQL: SELECT * FROM `tuo_article` WHERE `article_pid` = 'AQ'  [ RunTime:0.0001s ]
SQL: SELECT * FROM `tuo_article` WHERE `article_pid` = 'DH'  [ RunTime:0.0001s ]
NOTIC: [8192] Function mcrypt_cbc() is deprecated /guzai/TTYC/ThinkPHP/Library/DES_PHP/DESPHP.class.php 第 47 行.
NOTIC: [2] Illegal string offset 'order' /guzai/TTYC/Application/Front/Controller/IndexController.class.php 第 17 行.
NOTIC: [8] Uninitialized string offset: 0 /guzai/TTYC/Application/Front/Controller/IndexController.class.php 第 17 行.
SQL: SHOW COLUMNS FROM `tuo_area` [ RunTime:0.0003s ]
SQL: SELECT * FROM `tuo_area` WHERE `area_pid` = 1  [ RunTime:0.0001s ]
SQL: SHOW COLUMNS FROM `tuo_carxing` [ RunTime:0.0003s ]
SQL: SELECT * FROM `tuo_carxing` WHERE `cxjj_pid` = 0  [ RunTime:0.0003s ]
SQL: SELECT * FROM `tuo_article` WHERE `article_pid` = 'XW' AND `article_img` <> '' ORDER BY article_time desc LIMIT 1   [ RunTime:0.0001s ]
SQL: SELECT * FROM `tuo_article` WHERE `article_pid` = 'XW' AND `article_id` <> '35' ORDER BY article_time desc LIMIT 3   [ RunTime:0.0001s ]
SQL: SELECT * FROM `tuo_article` WHERE `article_pid` = 'CJ' ORDER BY article_time desc LIMIT 10   [ RunTime:0.0001s ]
SQL: SELECT * FROM `tuo_article` WHERE `article_pid` = 'TTFW' ORDER BY article_id asc LIMIT 6   [ RunTime:0.0001s ]
SQL: SHOW COLUMNS FROM `tuo_link` [ RunTime:0.0003s ]
SQL: SELECT * FROM `tuo_link` WHERE `fl_status` = 'Y' ORDER BY fl_sort LIMIT 6   [ RunTime:0.0001s ]
SQL: SHOW COLUMNS FROM `tuo_adv_img` [ RunTime:0.0003s ]
SQL: SELECT * FROM `tuo_adv_img` WHERE `adv_code` = 'A'  [ RunTime:0.0001s ]
INFO: [ view_parse ] --START--
INFO: [ template_filter ] --START--
INFO: Run Behavior\ContentReplaceBehavior [ RunTime:0.000283s ]
INFO: [ template_filter ] --END-- [ RunTime:0.000342s ]
NOTIC: [8] Undefined variable: news /guzai/TTYC/Application/Runtime/Cache/Front/4741b996fde22d44b7262dab482a2184.php 第 8 行.
NOTIC: [8] Undefined variable: news /guzai/TTYC/Application/Runtime/Cache/Front/4741b996fde22d44b7262dab482a2184.php 第 12 行.
NOTIC: [8] Undefined variable: news /guzai/TTYC/Application/Runtime/Cache/Front/4741b996fde22d44b7262dab482a2184.php 第 16 行.
NOTIC: [2] Illegal string offset 'total' /guzai/TTYC/Application/Runtime/Cache/Front/4741b996fde22d44b7262dab482a2184.php 第 175 行.
NOTIC: [8] Uninitialized string offset: 0 /guzai/TTYC/Application/Runtime/Cache/Front/4741b996fde22d44b7262dab482a2184.php 第 175 行.
NOTIC: [2] Illegal string offset 'sprice' /guzai/TTYC/Application/Runtime/Cache/Front/4741b996fde22d44b7262dab482a2184.php 第 176 行.
NOTIC: [8] Uninitialized string offset: 0 /guzai/TTYC/Application/Runtime/Cache/Front/4741b996fde22d44b7262dab482a2184.php 第 176 行.
NOTIC: [2] Illegal string offset 'tprice' /guzai/TTYC/Application/Runtime/Cache/Front/4741b996fde22d44b7262dab482a2184.php 第 177 行.
NOTIC: [8] Uninitialized string offset: 0 /guzai/TTYC/Application/Runtime/Cache/Front/4741b996fde22d44b7262dab482a2184.php 第 177 行.
NOTIC: [2] Illegal string offset 'eprice' /guzai/TTYC/Application/Runtime/Cache/Front/4741b996fde22d44b7262dab482a2184.php 第 178 行.
NOTIC: [8] Uninitialized string offset: 0 /guzai/TTYC/Application/Runtime/Cache/Front/4741b996fde22d44b7262dab482a2184.php 第 178 行.
NOTIC: [2] Illegal string offset 'order' /guzai/TTYC/Application/Runtime/Cache/Front/4741b996fde22d44b7262dab482a2184.php 第 189 行.
NOTIC: [8] Uninitialized string offset: 0 /guzai/TTYC/Application/Runtime/Cache/Front/4741b996fde22d44b7262dab482a2184.php 第 189 行.
NOTIC: [2] Illegal string offset 'total' /guzai/TTYC/Application/Runtime/Cache/Front/4741b996fde22d44b7262dab482a2184.php 第 189 行.
NOTIC: [8] Uninitialized string offset: 0 /guzai/TTYC/Application/Runtime/Cache/Front/4741b996fde22d44b7262dab482a2184.php 第 189 行.
NOTIC: [2] Illegal string offset 'order' /guzai/TTYC/Application/Runtime/Cache/Front/4741b996fde22d44b7262dab482a2184.php 第 274 行.
NOTIC: [8] Uninitialized string offset: 0 /guzai/TTYC/Application/Runtime/Cache/Front/4741b996fde22d44b7262dab482a2184.php 第 274 行.
NOTIC: [2] Illegal string offset 'start' /guzai/TTYC/Application/Runtime/Cache/Front/4741b996fde22d44b7262dab482a2184.php 第 274 行.
NOTIC: [8] Uninitialized string offset: 0 /guzai/TTYC/Application/Runtime/Cache/Front/4741b996fde22d44b7262dab482a2184.php 第 274 行.
NOTIC: [2] Illegal string offset 'order' /guzai/TTYC/Application/Runtime/Cache/Front/4741b996fde22d44b7262dab482a2184.php 第 284 行.
NOTIC: [8] Uninitialized string offset: 0 /guzai/TTYC/Application/Runtime/Cache/Front/4741b996fde22d44b7262dab482a2184.php 第 284 行.
NOTIC: [2] Illegal string offset 'end' /guzai/TTYC/Application/Runtime/Cache/Front/4741b996fde22d44b7262dab482a2184.php 第 284 行.
NOTIC: [8] Uninitialized string offset: 0 /guzai/TTYC/Application/Runtime/Cache/Front/4741b996fde22d44b7262dab482a2184.php 第 284 行.
NOTIC: [2] Illegal string offset 'order' /guzai/TTYC/Application/Runtime/Cache/Front/4741b996fde22d44b7262dab482a2184.php 第 293 行.
NOTIC: [8] Uninitialized string offset: 0 /guzai/TTYC/Application/Runtime/Cache/Front/4741b996fde22d44b7262dab482a2184.php 第 293 行.
NOTIC: [2] Illegal string offset 'carInfo' /guzai/TTYC/Application/Runtime/Cache/Front/4741b996fde22d44b7262dab482a2184.php 第 293 行.
NOTIC: [8] Uninitialized string offset: 0 /guzai/TTYC/Application/Runtime/Cache/Front/4741b996fde22d44b7262dab482a2184.php 第 293 行.
INFO: Run Behavior\ParseTemplateBehavior [ RunTime:0.020064s ]
INFO: [ view_parse ] --END-- [ RunTime:0.020114s ]
INFO: [ view_filter ] --START--
INFO: Run Behavior\WriteHtmlCacheBehavior [ RunTime:0.000118s ]
INFO: [ view_filter ] --END-- [ RunTime:0.000172s ]
INFO: [ app_end ] --START--
INFO: Run Behavior\ShowPageTraceBehavior [ RunTime:0.000321s ]
INFO: [ app_end ] --END-- [ RunTime:0.000368s ]

