[ 2018-03-29T17:52:41+08:00 ] ::1 /
INFO: [ app_init ] --START--
INFO: Run Behavior\BuildLiteBehavior [ RunTime:0.000014s ]
INFO: [ app_init ] --END-- [ RunTime:0.000412s ]
INFO: [ app_begin ] --START--
INFO: Run Behavior\ReadHtmlCacheBehavior [ RunTime:0.000402s ]
INFO: [ app_begin ] --END-- [ RunTime:0.000462s ]
SQL: SHOW COLUMNS FROM `tuo_article` [ RunTime:0.0199s ]
SQL: SELECT * FROM `tuo_article` WHERE `article_pid` = 'GY'  [ RunTime:0.0202s ]
SQL: SELECT * FROM `tuo_article` WHERE `article_pid` = 'LX'  [ RunTime:0.0214s ]
SQL: SELECT * FROM `tuo_article` WHERE `article_pid` = 'JR'  [ RunTime:0.0454s ]
SQL: SELECT * FROM `tuo_article` WHERE `article_pid` = 'QQ'  [ RunTime:0.0218s ]
SQL: SELECT * FROM `tuo_article` WHERE `article_pid` = 'FK'  [ RunTime:0.0433s ]
SQL: SELECT * FROM `tuo_article` WHERE `article_pid` = 'BZ'  [ RunTime:0.0194s ]
SQL: SELECT * FROM `tuo_article` WHERE `article_pid` = 'FW'  [ RunTime:0.0201s ]
SQL: SELECT * FROM `tuo_article` WHERE `article_pid` = 'AQ'  [ RunTime:0.0214s ]
SQL: SELECT * FROM `tuo_article` WHERE `article_pid` = 'DH'  [ RunTime:0.0221s ]
NOTIC: [8192] Function mcrypt_cbc() is deprecated D:\phpStudy\WWW\ThinkPHP\Library\DES_PHP\DESPHP.class.php 第 47 行.
NOTIC: [2] Illegal string offset 'order' D:\phpStudy\WWW\Application\Front\Controller\IndexController.class.php 第 21 行.
NOTIC: [8] Uninitialized string offset: 0 D:\phpStudy\WWW\Application\Front\Controller\IndexController.class.php 第 21 行.
SQL: SHOW COLUMNS FROM `tuo_area` [ RunTime:0.0194s ]
SQL: SELECT * FROM `tuo_area` WHERE `area_pid` = 1  [ RunTime:0.0197s ]
SQL: SHOW COLUMNS FROM `tuo_carxing` [ RunTime:0.0193s ]
SQL: SELECT * FROM `tuo_carxing` WHERE `cxjj_pid` = 0  [ RunTime:0.0204s ]
SQL: SELECT * FROM `tuo_article` WHERE `article_pid` = 'XW' AND `article_img` <> '' ORDER BY article_time desc LIMIT 1   [ RunTime:0.0215s ]
SQL: SELECT * FROM `tuo_article` WHERE `article_pid` = 'XW' AND `article_id` <> '35' ORDER BY article_time desc LIMIT 3   [ RunTime:0.0389s ]
SQL: SELECT * FROM `tuo_article` WHERE `article_pid` = 'CJ' ORDER BY article_time desc LIMIT 10   [ RunTime:0.0437s ]
SQL: SELECT * FROM `tuo_article` WHERE `article_pid` = 'TTFW' ORDER BY article_id asc LIMIT 6   [ RunTime:0.0224s ]
SQL: SHOW COLUMNS FROM `tuo_link` [ RunTime:0.0208s ]
SQL: SELECT * FROM `tuo_link` WHERE `fl_status` = 'Y' ORDER BY fl_sort LIMIT 6   [ RunTime:0.0193s ]
SQL: SHOW COLUMNS FROM `tuo_adv_img` [ RunTime:0.0212s ]
SQL: SELECT * FROM `tuo_adv_img` WHERE `adv_code` = 'A'  [ RunTime:0.0188s ]
INFO: [ view_parse ] --START--
INFO: [ template_filter ] --START--
INFO: Run Behavior\ContentReplaceBehavior [ RunTime:0.000234s ]
INFO: [ template_filter ] --END-- [ RunTime:0.000269s ]
NOTIC: [8] Undefined variable: news D:\phpStudy\WWW\Application\Runtime\Cache\Front\4741b996fde22d44b7262dab482a2184.php 第 8 行.
NOTIC: [8] Undefined variable: news D:\phpStudy\WWW\Application\Runtime\Cache\Front\4741b996fde22d44b7262dab482a2184.php 第 12 行.
NOTIC: [8] Undefined variable: news D:\phpStudy\WWW\Application\Runtime\Cache\Front\4741b996fde22d44b7262dab482a2184.php 第 16 行.
NOTIC: [2] Illegal string offset 'total' D:\phpStudy\WWW\Application\Runtime\Cache\Front\4741b996fde22d44b7262dab482a2184.php 第 173 行.
NOTIC: [8] Uninitialized string offset: 0 D:\phpStudy\WWW\Application\Runtime\Cache\Front\4741b996fde22d44b7262dab482a2184.php 第 173 行.
NOTIC: [2] Illegal string offset 'sprice' D:\phpStudy\WWW\Application\Runtime\Cache\Front\4741b996fde22d44b7262dab482a2184.php 第 174 行.
NOTIC: [8] Uninitialized string offset: 0 D:\phpStudy\WWW\Application\Runtime\Cache\Front\4741b996fde22d44b7262dab482a2184.php 第 174 行.
NOTIC: [2] Illegal string offset 'tprice' D:\phpStudy\WWW\Application\Runtime\Cache\Front\4741b996fde22d44b7262dab482a2184.php 第 175 行.
NOTIC: [8] Uninitialized string offset: 0 D:\phpStudy\WWW\Application\Runtime\Cache\Front\4741b996fde22d44b7262dab482a2184.php 第 175 行.
NOTIC: [2] Illegal string offset 'eprice' D:\phpStudy\WWW\Application\Runtime\Cache\Front\4741b996fde22d44b7262dab482a2184.php 第 176 行.
NOTIC: [8] Uninitialized string offset: 0 D:\phpStudy\WWW\Application\Runtime\Cache\Front\4741b996fde22d44b7262dab482a2184.php 第 176 行.
NOTIC: [2] Illegal string offset 'order' D:\phpStudy\WWW\Application\Runtime\Cache\Front\4741b996fde22d44b7262dab482a2184.php 第 187 行.
NOTIC: [8] Uninitialized string offset: 0 D:\phpStudy\WWW\Application\Runtime\Cache\Front\4741b996fde22d44b7262dab482a2184.php 第 187 行.
NOTIC: [2] Illegal string offset 'total' D:\phpStudy\WWW\Application\Runtime\Cache\Front\4741b996fde22d44b7262dab482a2184.php 第 187 行.
NOTIC: [8] Uninitialized string offset: 0 D:\phpStudy\WWW\Application\Runtime\Cache\Front\4741b996fde22d44b7262dab482a2184.php 第 187 行.
NOTIC: [2] Illegal string offset 'order' D:\phpStudy\WWW\Application\Runtime\Cache\Front\4741b996fde22d44b7262dab482a2184.php 第 382 行.
NOTIC: [8] Uninitialized string offset: 0 D:\phpStudy\WWW\Application\Runtime\Cache\Front\4741b996fde22d44b7262dab482a2184.php 第 382 行.
NOTIC: [2] Illegal string offset 'start' D:\phpStudy\WWW\Application\Runtime\Cache\Front\4741b996fde22d44b7262dab482a2184.php 第 382 行.
NOTIC: [8] Uninitialized string offset: 0 D:\phpStudy\WWW\Application\Runtime\Cache\Front\4741b996fde22d44b7262dab482a2184.php 第 382 行.
NOTIC: [2] Illegal string offset 'order' D:\phpStudy\WWW\Application\Runtime\Cache\Front\4741b996fde22d44b7262dab482a2184.php 第 411 行.
NOTIC: [8] Uninitialized string offset: 0 D:\phpStudy\WWW\Application\Runtime\Cache\Front\4741b996fde22d44b7262dab482a2184.php 第 411 行.
NOTIC: [2] Illegal string offset 'end' D:\phpStudy\WWW\Application\Runtime\Cache\Front\4741b996fde22d44b7262dab482a2184.php 第 411 行.
NOTIC: [8] Uninitialized string offset: 0 D:\phpStudy\WWW\Application\Runtime\Cache\Front\4741b996fde22d44b7262dab482a2184.php 第 411 行.
NOTIC: [2] Illegal string offset 'order' D:\phpStudy\WWW\Application\Runtime\Cache\Front\4741b996fde22d44b7262dab482a2184.php 第 428 行.
NOTIC: [8] Uninitialized string offset: 0 D:\phpStudy\WWW\Application\Runtime\Cache\Front\4741b996fde22d44b7262dab482a2184.php 第 428 行.
NOTIC: [2] Illegal string offset 'carInfo' D:\phpStudy\WWW\Application\Runtime\Cache\Front\4741b996fde22d44b7262dab482a2184.php 第 428 行.
NOTIC: [8] Uninitialized string offset: 0 D:\phpStudy\WWW\Application\Runtime\Cache\Front\4741b996fde22d44b7262dab482a2184.php 第 428 行.
NOTIC: [8] Use of undefined constant content - assumed 'content' D:\phpStudy\WWW\Application\Runtime\Cache\Front\4741b996fde22d44b7262dab482a2184.php 第 527 行.
INFO: Run Behavior\ParseTemplateBehavior [ RunTime:0.015086s ]
INFO: [ view_parse ] --END-- [ RunTime:0.015119s ]
INFO: [ view_filter ] --START--
INFO: Run Behavior\WriteHtmlCacheBehavior [ RunTime:0.000183s ]
INFO: [ view_filter ] --END-- [ RunTime:0.000202s ]
INFO: [ app_end ] --START--
INFO: Run Behavior\ShowPageTraceBehavior [ RunTime:0.000355s ]
INFO: [ app_end ] --END-- [ RunTime:0.000385s ]

