[ 2018-02-22T19:47:31+08:00 ] 111.206.36.145 /
INFO: [ app_init ] --START--
INFO: Run Behavior\BuildLiteBehavior [ RunTime:0.000014s ]
INFO: [ app_init ] --END-- [ RunTime:0.000260s ]
INFO: [ app_begin ] --START--
INFO: Run Behavior\ReadHtmlCacheBehavior [ RunTime:0.000294s ]
INFO: [ app_begin ] --END-- [ RunTime:0.000343s ]
SQL: SHOW COLUMNS FROM `tuo_article` [ RunTime:0.0005s ]
SQL: SELECT * FROM `tuo_article` WHERE `article_pid` = 'GY'  [ RunTime:0.0001s ]
SQL: SELECT * FROM `tuo_article` WHERE `article_pid` = 'LX'  [ RunTime:0.0001s ]
SQL: SELECT * FROM `tuo_article` WHERE `article_pid` = 'JR'  [ RunTime:0.0001s ]
SQL: SELECT * FROM `tuo_article` WHERE `article_pid` = 'QQ'  [ RunTime:0.0001s ]
SQL: SELECT * FROM `tuo_article` WHERE `article_pid` = 'FK'  [ RunTime:0.0001s ]
SQL: SELECT * FROM `tuo_article` WHERE `article_pid` = 'BZ'  [ RunTime:0.0001s ]
SQL: SELECT * FROM `tuo_article` WHERE `article_pid` = 'FW'  [ RunTime:0.0001s ]
SQL: SELECT * FROM `tuo_article` WHERE `article_pid` = 'AQ'  [ RunTime:0.0001s ]
SQL: SELECT * FROM `tuo_article` WHERE `article_pid` = 'DH'  [ RunTime:0.0001s ]
NOTIC: [8192] Function mcrypt_cbc() is deprecated /guzai/TTYC/ThinkPHP/Library/DES_PHP/DESPHP.class.php 第 47 行.
NOTIC: [2] Illegal string offset 'order' /guzai/TTYC/Application/Front/Controller/IndexController.class.php 第 17 行.
NOTIC: [8] Uninitialized string offset: 0 /guzai/TTYC/Application/Front/Controller/IndexController.class.php 第 17 行.
SQL: SHOW COLUMNS FROM `tuo_area` [ RunTime:0.0003s ]
SQL: SELECT * FROM `tuo_area` WHERE `area_pid` = 1  [ RunTime:0.0001s ]
SQL: SHOW COLUMNS FROM `tuo_carxing` [ RunTime:0.0003s ]
SQL: SELECT * FROM `tuo_carxing` WHERE `cxjj_pid` = 0  [ RunTime:0.0002s ]
SQL: SELECT * FROM `tuo_article` WHERE `article_pid` = 'XW' AND `article_img` <> '' ORDER BY article_time desc LIMIT 1   [ RunTime:0.0001s ]
SQL: SELECT * FROM `tuo_article` WHERE `article_pid` = 'XW' AND `article_id` <> '35' ORDER BY article_time desc LIMIT 3   [ RunTime:0.0001s ]
SQL: SELECT * FROM `tuo_article` WHERE `article_pid` = 'CJ' ORDER BY article_time desc LIMIT 10   [ RunTime:0.0001s ]
SQL: SELECT * FROM `tuo_article` WHERE `article_pid` = 'TTFW' ORDER BY article_id asc LIMIT 6   [ RunTime:0.0001s ]
SQL: SHOW COLUMNS FROM `tuo_link` [ RunTime:0.0003s ]
SQL: SELECT * FROM `tuo_link` WHERE `fl_status` = 'Y' ORDER BY fl_sort LIMIT 6   [ RunTime:0.0001s ]
SQL: SHOW COLUMNS FROM `tuo_adv_img` [ RunTime:0.0003s ]
SQL: SELECT * FROM `tuo_adv_img` WHERE `adv_code` = 'A'  [ RunTime:0.0001s ]
INFO: [ view_parse ] --START--
INFO: [ template_filter ] --START--
INFO: Run Behavior\ContentReplaceBehavior [ RunTime:0.000331s ]
INFO: [ template_filter ] --END-- [ RunTime:0.000422s ]
NOTIC: [8] Undefined variable: news /guzai/TTYC/Application/Runtime/Cache/Front/4741b996fde22d44b7262dab482a2184.php 第 8 行.
NOTIC: [8] Undefined variable: news /guzai/TTYC/Application/Runtime/Cache/Front/4741b996fde22d44b7262dab482a2184.php 第 12 行.
NOTIC: [8] Undefined variable: news /guzai/TTYC/Application/Runtime/Cache/Front/4741b996fde22d44b7262dab482a2184.php 第 16 行.
NOTIC: [2] Illegal string offset 'total' /guzai/TTYC/Application/Runtime/Cache/Front/4741b996fde22d44b7262dab482a2184.php 第 175 行.
NOTIC: [8] Uninitialized string offset: 0 /guzai/TTYC/Application/Runtime/Cache/Front/4741b996fde22d44b7262dab482a2184.php 第 175 行.
NOTIC: [2] Illegal string offset 'sprice' /guzai/TTYC/Application/Runtime/Cache/Front/4741b996fde22d44b7262dab482a2184.php 第 176 行.
NOTIC: [8] Uninitialized string offset: 0 /guzai/TTYC/Application/Runtime/Cache/Front/4741b996fde22d44b7262dab482a2184.php 第 176 行.
NOTIC: [2] Illegal string offset 'tprice' /guzai/TTYC/Application/Runtime/Cache/Front/4741b996fde22d44b7262dab482a2184.php 第 177 行.
NOTIC: [8] Uninitialized string offset: 0 /guzai/TTYC/Application/Runtime/Cache/Front/4741b996fde22d44b7262dab482a2184.php 第 177 行.
NOTIC: [2] Illegal string offset 'eprice' /guzai/TTYC/Application/Runtime/Cache/Front/4741b996fde22d44b7262dab482a2184.php 第 178 行.
NOTIC: [8] Uninitialized string offset: 0 /guzai/TTYC/Application/Runtime/Cache/Front/4741b996fde22d44b7262dab482a2184.php 第 178 行.
NOTIC: [2] Illegal string offset 'order' /guzai/TTYC/Application/Runtime/Cache/Front/4741b996fde22d44b7262dab482a2184.php 第 189 行.
NOTIC: [8] Uninitialized string offset: 0 /guzai/TTYC/Application/Runtime/Cache/Front/4741b996fde22d44b7262dab482a2184.php 第 189 行.
NOTIC: [2] Illegal string offset 'total' /guzai/TTYC/Application/Runtime/Cache/Front/4741b996fde22d44b7262dab482a2184.php 第 189 行.
NOTIC: [8] Uninitialized string offset: 0 /guzai/TTYC/Application/Runtime/Cache/Front/4741b996fde22d44b7262dab482a2184.php 第 189 行.
NOTIC: [2] Illegal string offset 'order' /guzai/TTYC/Application/Runtime/Cache/Front/4741b996fde22d44b7262dab482a2184.php 第 274 行.
NOTIC: [8] Uninitialized string offset: 0 /guzai/TTYC/Application/Runtime/Cache/Front/4741b996fde22d44b7262dab482a2184.php 第 274 行.
NOTIC: [2] Illegal string offset 'start' /guzai/TTYC/Application/Runtime/Cache/Front/4741b996fde22d44b7262dab482a2184.php 第 274 行.
NOTIC: [8] Uninitialized string offset: 0 /guzai/TTYC/Application/Runtime/Cache/Front/4741b996fde22d44b7262dab482a2184.php 第 274 行.
NOTIC: [2] Illegal string offset 'order' /guzai/TTYC/Application/Runtime/Cache/Front/4741b996fde22d44b7262dab482a2184.php 第 284 行.
NOTIC: [8] Uninitialized string offset: 0 /guzai/TTYC/Application/Runtime/Cache/Front/4741b996fde22d44b7262dab482a2184.php 第 284 行.
NOTIC: [2] Illegal string offset 'end' /guzai/TTYC/Application/Runtime/Cache/Front/4741b996fde22d44b7262dab482a2184.php 第 284 行.
NOTIC: [8] Uninitialized string offset: 0 /guzai/TTYC/Application/Runtime/Cache/Front/4741b996fde22d44b7262dab482a2184.php 第 284 行.
NOTIC: [2] Illegal string offset 'order' /guzai/TTYC/Application/Runtime/Cache/Front/4741b996fde22d44b7262dab482a2184.php 第 293 行.
NOTIC: [8] Uninitialized string offset: 0 /guzai/TTYC/Application/Runtime/Cache/Front/4741b996fde22d44b7262dab482a2184.php 第 293 行.
NOTIC: [2] Illegal string offset 'carInfo' /guzai/TTYC/Application/Runtime/Cache/Front/4741b996fde22d44b7262dab482a2184.php 第 293 行.
NOTIC: [8] Uninitialized string offset: 0 /guzai/TTYC/Application/Runtime/Cache/Front/4741b996fde22d44b7262dab482a2184.php 第 293 行.
INFO: Run Behavior\ParseTemplateBehavior [ RunTime:0.021259s ]
INFO: [ view_parse ] --END-- [ RunTime:0.021326s ]
INFO: [ view_filter ] --START--
INFO: Run Behavior\WriteHtmlCacheBehavior [ RunTime:0.000145s ]
INFO: [ view_filter ] --END-- [ RunTime:0.000189s ]
INFO: [ app_end ] --START--
INFO: Run Behavior\ShowPageTraceBehavior [ RunTime:0.000312s ]
INFO: [ app_end ] --END-- [ RunTime:0.000359s ]

[ 2018-02-22T20:17:35+08:00 ] 111.196.232.23 /
INFO: [ app_init ] --START--
INFO: Run Behavior\BuildLiteBehavior [ RunTime:0.000016s ]
INFO: [ app_init ] --END-- [ RunTime:0.000279s ]
INFO: [ app_begin ] --START--
INFO: Run Behavior\ReadHtmlCacheBehavior [ RunTime:0.000331s ]
INFO: [ app_begin ] --END-- [ RunTime:0.000386s ]
SQL: SHOW COLUMNS FROM `tuo_article` [ RunTime:0.0005s ]
SQL: SELECT * FROM `tuo_article` WHERE `article_pid` = 'GY'  [ RunTime:0.0001s ]
SQL: SELECT * FROM `tuo_article` WHERE `article_pid` = 'LX'  [ RunTime:0.0001s ]
SQL: SELECT * FROM `tuo_article` WHERE `article_pid` = 'JR'  [ RunTime:0.0001s ]
SQL: SELECT * FROM `tuo_article` WHERE `article_pid` = 'QQ'  [ RunTime:0.0001s ]
SQL: SELECT * FROM `tuo_article` WHERE `article_pid` = 'FK'  [ RunTime:0.0001s ]
SQL: SELECT * FROM `tuo_article` WHERE `article_pid` = 'BZ'  [ RunTime:0.0001s ]
SQL: SELECT * FROM `tuo_article` WHERE `article_pid` = 'FW'  [ RunTime:0.0001s ]
SQL: SELECT * FROM `tuo_article` WHERE `article_pid` = 'AQ'  [ RunTime:0.0001s ]
SQL: SELECT * FROM `tuo_article` WHERE `article_pid` = 'DH'  [ RunTime:0.0001s ]
NOTIC: [8192] Function mcrypt_cbc() is deprecated /guzai/TTYC/ThinkPHP/Library/DES_PHP/DESPHP.class.php 第 47 行.
NOTIC: [2] Illegal string offset 'order' /guzai/TTYC/Application/Front/Controller/IndexController.class.php 第 17 行.
NOTIC: [8] Uninitialized string offset: 0 /guzai/TTYC/Application/Front/Controller/IndexController.class.php 第 17 行.
SQL: SHOW COLUMNS FROM `tuo_area` [ RunTime:0.0003s ]
SQL: SELECT * FROM `tuo_area` WHERE `area_pid` = 1  [ RunTime:0.0001s ]
SQL: SHOW COLUMNS FROM `tuo_carxing` [ RunTime:0.0003s ]
SQL: SELECT * FROM `tuo_carxing` WHERE `cxjj_pid` = 0  [ RunTime:0.0002s ]
SQL: SELECT * FROM `tuo_article` WHERE `article_pid` = 'XW' AND `article_img` <> '' ORDER BY article_time desc LIMIT 1   [ RunTime:0.0001s ]
SQL: SELECT * FROM `tuo_article` WHERE `article_pid` = 'XW' AND `article_id` <> '35' ORDER BY article_time desc LIMIT 3   [ RunTime:0.0001s ]
SQL: SELECT * FROM `tuo_article` WHERE `article_pid` = 'CJ' ORDER BY article_time desc LIMIT 10   [ RunTime:0.0001s ]
SQL: SELECT * FROM `tuo_article` WHERE `article_pid` = 'TTFW' ORDER BY article_id asc LIMIT 6   [ RunTime:0.0001s ]
SQL: SHOW COLUMNS FROM `tuo_link` [ RunTime:0.0003s ]
SQL: SELECT * FROM `tuo_link` WHERE `fl_status` = 'Y' ORDER BY fl_sort LIMIT 6   [ RunTime:0.0001s ]
SQL: SHOW COLUMNS FROM `tuo_adv_img` [ RunTime:0.0003s ]
SQL: SELECT * FROM `tuo_adv_img` WHERE `adv_code` = 'A'  [ RunTime:0.0001s ]
INFO: [ view_parse ] --START--
INFO: [ template_filter ] --START--
INFO: Run Behavior\ContentReplaceBehavior [ RunTime:0.000253s ]
INFO: [ template_filter ] --END-- [ RunTime:0.000328s ]
NOTIC: [8] Undefined variable: news /guzai/TTYC/Application/Runtime/Cache/Front/4741b996fde22d44b7262dab482a2184.php 第 8 行.
NOTIC: [8] Undefined variable: news /guzai/TTYC/Application/Runtime/Cache/Front/4741b996fde22d44b7262dab482a2184.php 第 12 行.
NOTIC: [8] Undefined variable: news /guzai/TTYC/Application/Runtime/Cache/Front/4741b996fde22d44b7262dab482a2184.php 第 16 行.
NOTIC: [2] Illegal string offset 'total' /guzai/TTYC/Application/Runtime/Cache/Front/4741b996fde22d44b7262dab482a2184.php 第 175 行.
NOTIC: [8] Uninitialized string offset: 0 /guzai/TTYC/Application/Runtime/Cache/Front/4741b996fde22d44b7262dab482a2184.php 第 175 行.
NOTIC: [2] Illegal string offset 'sprice' /guzai/TTYC/Application/Runtime/Cache/Front/4741b996fde22d44b7262dab482a2184.php 第 176 行.
NOTIC: [8] Uninitialized string offset: 0 /guzai/TTYC/Application/Runtime/Cache/Front/4741b996fde22d44b7262dab482a2184.php 第 176 行.
NOTIC: [2] Illegal string offset 'tprice' /guzai/TTYC/Application/Runtime/Cache/Front/4741b996fde22d44b7262dab482a2184.php 第 177 行.
NOTIC: [8] Uninitialized string offset: 0 /guzai/TTYC/Application/Runtime/Cache/Front/4741b996fde22d44b7262dab482a2184.php 第 177 行.
NOTIC: [2] Illegal string offset 'eprice' /guzai/TTYC/Application/Runtime/Cache/Front/4741b996fde22d44b7262dab482a2184.php 第 178 行.
NOTIC: [8] Uninitialized string offset: 0 /guzai/TTYC/Application/Runtime/Cache/Front/4741b996fde22d44b7262dab482a2184.php 第 178 行.
NOTIC: [2] Illegal string offset 'order' /guzai/TTYC/Application/Runtime/Cache/Front/4741b996fde22d44b7262dab482a2184.php 第 189 行.
NOTIC: [8] Uninitialized string offset: 0 /guzai/TTYC/Application/Runtime/Cache/Front/4741b996fde22d44b7262dab482a2184.php 第 189 行.
NOTIC: [2] Illegal string offset 'total' /guzai/TTYC/Application/Runtime/Cache/Front/4741b996fde22d44b7262dab482a2184.php 第 189 行.
NOTIC: [8] Uninitialized string offset: 0 /guzai/TTYC/Application/Runtime/Cache/Front/4741b996fde22d44b7262dab482a2184.php 第 189 行.
NOTIC: [2] Illegal string offset 'order' /guzai/TTYC/Application/Runtime/Cache/Front/4741b996fde22d44b7262dab482a2184.php 第 274 行.
NOTIC: [8] Uninitialized string offset: 0 /guzai/TTYC/Application/Runtime/Cache/Front/4741b996fde22d44b7262dab482a2184.php 第 274 行.
NOTIC: [2] Illegal string offset 'start' /guzai/TTYC/Application/Runtime/Cache/Front/4741b996fde22d44b7262dab482a2184.php 第 274 行.
NOTIC: [8] Uninitialized string offset: 0 /guzai/TTYC/Application/Runtime/Cache/Front/4741b996fde22d44b7262dab482a2184.php 第 274 行.
NOTIC: [2] Illegal string offset 'order' /guzai/TTYC/Application/Runtime/Cache/Front/4741b996fde22d44b7262dab482a2184.php 第 284 行.
NOTIC: [8] Uninitialized string offset: 0 /guzai/TTYC/Application/Runtime/Cache/Front/4741b996fde22d44b7262dab482a2184.php 第 284 行.
NOTIC: [2] Illegal string offset 'end' /guzai/TTYC/Application/Runtime/Cache/Front/4741b996fde22d44b7262dab482a2184.php 第 284 行.
NOTIC: [8] Uninitialized string offset: 0 /guzai/TTYC/Application/Runtime/Cache/Front/4741b996fde22d44b7262dab482a2184.php 第 284 行.
NOTIC: [2] Illegal string offset 'order' /guzai/TTYC/Application/Runtime/Cache/Front/4741b996fde22d44b7262dab482a2184.php 第 293 行.
NOTIC: [8] Uninitialized string offset: 0 /guzai/TTYC/Application/Runtime/Cache/Front/4741b996fde22d44b7262dab482a2184.php 第 293 行.
NOTIC: [2] Illegal string offset 'carInfo' /guzai/TTYC/Application/Runtime/Cache/Front/4741b996fde22d44b7262dab482a2184.php 第 293 行.
NOTIC: [8] Uninitialized string offset: 0 /guzai/TTYC/Application/Runtime/Cache/Front/4741b996fde22d44b7262dab482a2184.php 第 293 行.
INFO: Run Behavior\ParseTemplateBehavior [ RunTime:0.020364s ]
INFO: [ view_parse ] --END-- [ RunTime:0.020421s ]
INFO: [ view_filter ] --START--
INFO: Run Behavior\WriteHtmlCacheBehavior [ RunTime:0.000134s ]
INFO: [ view_filter ] --END-- [ RunTime:0.000179s ]

[ 2018-02-22T20:20:42+08:00 ] 220.181.108.84 /
INFO: [ app_init ] --START--
INFO: Run Behavior\BuildLiteBehavior [ RunTime:0.000014s ]
INFO: [ app_init ] --END-- [ RunTime:0.000247s ]
INFO: [ app_begin ] --START--
INFO: Run Behavior\ReadHtmlCacheBehavior [ RunTime:0.000306s ]
INFO: [ app_begin ] --END-- [ RunTime:0.000366s ]
SQL: SHOW COLUMNS FROM `tuo_article` [ RunTime:0.0005s ]
SQL: SELECT * FROM `tuo_article` WHERE `article_pid` = 'GY'  [ RunTime:0.0001s ]
SQL: SELECT * FROM `tuo_article` WHERE `article_pid` = 'LX'  [ RunTime:0.0001s ]
SQL: SELECT * FROM `tuo_article` WHERE `article_pid` = 'JR'  [ RunTime:0.0001s ]
SQL: SELECT * FROM `tuo_article` WHERE `article_pid` = 'QQ'  [ RunTime:0.0001s ]
SQL: SELECT * FROM `tuo_article` WHERE `article_pid` = 'FK'  [ RunTime:0.0001s ]
SQL: SELECT * FROM `tuo_article` WHERE `article_pid` = 'BZ'  [ RunTime:0.0001s ]
SQL: SELECT * FROM `tuo_article` WHERE `article_pid` = 'FW'  [ RunTime:0.0001s ]
SQL: SELECT * FROM `tuo_article` WHERE `article_pid` = 'AQ'  [ RunTime:0.0001s ]
SQL: SELECT * FROM `tuo_article` WHERE `article_pid` = 'DH'  [ RunTime:0.0001s ]
NOTIC: [8192] Function mcrypt_cbc() is deprecated /guzai/TTYC/ThinkPHP/Library/DES_PHP/DESPHP.class.php 第 47 行.
NOTIC: [2] Illegal string offset 'order' /guzai/TTYC/Application/Front/Controller/IndexController.class.php 第 17 行.
NOTIC: [8] Uninitialized string offset: 0 /guzai/TTYC/Application/Front/Controller/IndexController.class.php 第 17 行.
SQL: SHOW COLUMNS FROM `tuo_area` [ RunTime:0.0004s ]
SQL: SELECT * FROM `tuo_area` WHERE `area_pid` = 1  [ RunTime:0.0001s ]
SQL: SHOW COLUMNS FROM `tuo_carxing` [ RunTime:0.0003s ]
SQL: SELECT * FROM `tuo_carxing` WHERE `cxjj_pid` = 0  [ RunTime:0.0002s ]
SQL: SELECT * FROM `tuo_article` WHERE `article_pid` = 'XW' AND `article_img` <> '' ORDER BY article_time desc LIMIT 1   [ RunTime:0.0001s ]
SQL: SELECT * FROM `tuo_article` WHERE `article_pid` = 'XW' AND `article_id` <> '35' ORDER BY article_time desc LIMIT 3   [ RunTime:0.0001s ]
SQL: SELECT * FROM `tuo_article` WHERE `article_pid` = 'CJ' ORDER BY article_time desc LIMIT 10   [ RunTime:0.0001s ]
SQL: SELECT * FROM `tuo_article` WHERE `article_pid` = 'TTFW' ORDER BY article_id asc LIMIT 6   [ RunTime:0.0001s ]
SQL: SHOW COLUMNS FROM `tuo_link` [ RunTime:0.0003s ]
SQL: SELECT * FROM `tuo_link` WHERE `fl_status` = 'Y' ORDER BY fl_sort LIMIT 6   [ RunTime:0.0001s ]
SQL: SHOW COLUMNS FROM `tuo_adv_img` [ RunTime:0.0003s ]
SQL: SELECT * FROM `tuo_adv_img` WHERE `adv_code` = 'A'  [ RunTime:0.0001s ]
INFO: [ view_parse ] --START--
INFO: [ template_filter ] --START--
INFO: Run Behavior\ContentReplaceBehavior [ RunTime:0.000272s ]
INFO: [ template_filter ] --END-- [ RunTime:0.000351s ]
NOTIC: [8] Undefined variable: news /guzai/TTYC/Application/Runtime/Cache/Front/4741b996fde22d44b7262dab482a2184.php 第 8 行.
NOTIC: [8] Undefined variable: news /guzai/TTYC/Application/Runtime/Cache/Front/4741b996fde22d44b7262dab482a2184.php 第 12 行.
NOTIC: [8] Undefined variable: news /guzai/TTYC/Application/Runtime/Cache/Front/4741b996fde22d44b7262dab482a2184.php 第 16 行.
NOTIC: [2] Illegal string offset 'total' /guzai/TTYC/Application/Runtime/Cache/Front/4741b996fde22d44b7262dab482a2184.php 第 175 行.
NOTIC: [8] Uninitialized string offset: 0 /guzai/TTYC/Application/Runtime/Cache/Front/4741b996fde22d44b7262dab482a2184.php 第 175 行.
NOTIC: [2] Illegal string offset 'sprice' /guzai/TTYC/Application/Runtime/Cache/Front/4741b996fde22d44b7262dab482a2184.php 第 176 行.
NOTIC: [8] Uninitialized string offset: 0 /guzai/TTYC/Application/Runtime/Cache/Front/4741b996fde22d44b7262dab482a2184.php 第 176 行.
NOTIC: [2] Illegal string offset 'tprice' /guzai/TTYC/Application/Runtime/Cache/Front/4741b996fde22d44b7262dab482a2184.php 第 177 行.
NOTIC: [8] Uninitialized string offset: 0 /guzai/TTYC/Application/Runtime/Cache/Front/4741b996fde22d44b7262dab482a2184.php 第 177 行.
NOTIC: [2] Illegal string offset 'eprice' /guzai/TTYC/Application/Runtime/Cache/Front/4741b996fde22d44b7262dab482a2184.php 第 178 行.
NOTIC: [8] Uninitialized string offset: 0 /guzai/TTYC/Application/Runtime/Cache/Front/4741b996fde22d44b7262dab482a2184.php 第 178 行.
NOTIC: [2] Illegal string offset 'order' /guzai/TTYC/Application/Runtime/Cache/Front/4741b996fde22d44b7262dab482a2184.php 第 189 行.
NOTIC: [8] Uninitialized string offset: 0 /guzai/TTYC/Application/Runtime/Cache/Front/4741b996fde22d44b7262dab482a2184.php 第 189 行.
NOTIC: [2] Illegal string offset 'total' /guzai/TTYC/Application/Runtime/Cache/Front/4741b996fde22d44b7262dab482a2184.php 第 189 行.
NOTIC: [8] Uninitialized string offset: 0 /guzai/TTYC/Application/Runtime/Cache/Front/4741b996fde22d44b7262dab482a2184.php 第 189 行.
NOTIC: [2] Illegal string offset 'order' /guzai/TTYC/Application/Runtime/Cache/Front/4741b996fde22d44b7262dab482a2184.php 第 274 行.
NOTIC: [8] Uninitialized string offset: 0 /guzai/TTYC/Application/Runtime/Cache/Front/4741b996fde22d44b7262dab482a2184.php 第 274 行.
NOTIC: [2] Illegal string offset 'start' /guzai/TTYC/Application/Runtime/Cache/Front/4741b996fde22d44b7262dab482a2184.php 第 274 行.
NOTIC: [8] Uninitialized string offset: 0 /guzai/TTYC/Application/Runtime/Cache/Front/4741b996fde22d44b7262dab482a2184.php 第 274 行.
NOTIC: [2] Illegal string offset 'order' /guzai/TTYC/Application/Runtime/Cache/Front/4741b996fde22d44b7262dab482a2184.php 第 284 行.
NOTIC: [8] Uninitialized string offset: 0 /guzai/TTYC/Application/Runtime/Cache/Front/4741b996fde22d44b7262dab482a2184.php 第 284 行.
NOTIC: [2] Illegal string offset 'end' /guzai/TTYC/Application/Runtime/Cache/Front/4741b996fde22d44b7262dab482a2184.php 第 284 行.
NOTIC: [8] Uninitialized string offset: 0 /guzai/TTYC/Application/Runtime/Cache/Front/4741b996fde22d44b7262dab482a2184.php 第 284 行.
NOTIC: [2] Illegal string offset 'order' /guzai/TTYC/Application/Runtime/Cache/Front/4741b996fde22d44b7262dab482a2184.php 第 293 行.
NOTIC: [8] Uninitialized string offset: 0 /guzai/TTYC/Application/Runtime/Cache/Front/4741b996fde22d44b7262dab482a2184.php 第 293 行.
NOTIC: [2] Illegal string offset 'carInfo' /guzai/TTYC/Application/Runtime/Cache/Front/4741b996fde22d44b7262dab482a2184.php 第 293 行.
NOTIC: [8] Uninitialized string offset: 0 /guzai/TTYC/Application/Runtime/Cache/Front/4741b996fde22d44b7262dab482a2184.php 第 293 行.
INFO: Run Behavior\ParseTemplateBehavior [ RunTime:0.020587s ]
INFO: [ view_parse ] --END-- [ RunTime:0.020641s ]
INFO: [ view_filter ] --START--
INFO: Run Behavior\WriteHtmlCacheBehavior [ RunTime:0.000134s ]
INFO: [ view_filter ] --END-- [ RunTime:0.000177s ]

[ 2018-02-22T20:33:47+08:00 ] 157.55.39.7 /
INFO: [ app_init ] --START--
INFO: Run Behavior\BuildLiteBehavior [ RunTime:0.000014s ]
INFO: [ app_init ] --END-- [ RunTime:0.000242s ]
INFO: [ app_begin ] --START--
INFO: Run Behavior\ReadHtmlCacheBehavior [ RunTime:0.000308s ]
INFO: [ app_begin ] --END-- [ RunTime:0.000358s ]
SQL: SHOW COLUMNS FROM `tuo_article` [ RunTime:0.0004s ]
SQL: SELECT * FROM `tuo_article` WHERE `article_pid` = 'GY'  [ RunTime:0.0001s ]
SQL: SELECT * FROM `tuo_article` WHERE `article_pid` = 'LX'  [ RunTime:0.0001s ]
SQL: SELECT * FROM `tuo_article` WHERE `article_pid` = 'JR'  [ RunTime:0.0001s ]
SQL: SELECT * FROM `tuo_article` WHERE `article_pid` = 'QQ'  [ RunTime:0.0001s ]
SQL: SELECT * FROM `tuo_article` WHERE `article_pid` = 'FK'  [ RunTime:0.0001s ]
SQL: SELECT * FROM `tuo_article` WHERE `article_pid` = 'BZ'  [ RunTime:0.0001s ]
SQL: SELECT * FROM `tuo_article` WHERE `article_pid` = 'FW'  [ RunTime:0.0001s ]
SQL: SELECT * FROM `tuo_article` WHERE `article_pid` = 'AQ'  [ RunTime:0.0001s ]
SQL: SELECT * FROM `tuo_article` WHERE `article_pid` = 'DH'  [ RunTime:0.0001s ]
NOTIC: [8192] Function mcrypt_cbc() is deprecated /guzai/TTYC/ThinkPHP/Library/DES_PHP/DESPHP.class.php 第 47 行.
NOTIC: [2] Illegal string offset 'order' /guzai/TTYC/Application/Front/Controller/IndexController.class.php 第 17 行.
NOTIC: [8] Uninitialized string offset: 0 /guzai/TTYC/Application/Front/Controller/IndexController.class.php 第 17 行.
SQL: SHOW COLUMNS FROM `tuo_area` [ RunTime:0.0004s ]
SQL: SELECT * FROM `tuo_area` WHERE `area_pid` = 1  [ RunTime:0.0001s ]
SQL: SHOW COLUMNS FROM `tuo_carxing` [ RunTime:0.0003s ]
SQL: SELECT * FROM `tuo_carxing` WHERE `cxjj_pid` = 0  [ RunTime:0.0003s ]
SQL: SELECT * FROM `tuo_article` WHERE `article_pid` = 'XW' AND `article_img` <> '' ORDER BY article_time desc LIMIT 1   [ RunTime:0.0001s ]
SQL: SELECT * FROM `tuo_article` WHERE `article_pid` = 'XW' AND `article_id` <> '35' ORDER BY article_time desc LIMIT 3   [ RunTime:0.0001s ]
SQL: SELECT * FROM `tuo_article` WHERE `article_pid` = 'CJ' ORDER BY article_time desc LIMIT 10   [ RunTime:0.0001s ]
SQL: SELECT * FROM `tuo_article` WHERE `article_pid` = 'TTFW' ORDER BY article_id asc LIMIT 6   [ RunTime:0.0001s ]
SQL: SHOW COLUMNS FROM `tuo_link` [ RunTime:0.0003s ]
SQL: SELECT * FROM `tuo_link` WHERE `fl_status` = 'Y' ORDER BY fl_sort LIMIT 6   [ RunTime:0.0001s ]
SQL: SHOW COLUMNS FROM `tuo_adv_img` [ RunTime:0.0003s ]
SQL: SELECT * FROM `tuo_adv_img` WHERE `adv_code` = 'A'  [ RunTime:0.0001s ]
INFO: [ view_parse ] --START--
INFO: [ template_filter ] --START--
INFO: Run Behavior\ContentReplaceBehavior [ RunTime:0.000214s ]
INFO: [ template_filter ] --END-- [ RunTime:0.000279s ]
NOTIC: [8] Undefined variable: news /guzai/TTYC/Application/Runtime/Cache/Front/4741b996fde22d44b7262dab482a2184.php 第 8 行.
NOTIC: [8] Undefined variable: news /guzai/TTYC/Application/Runtime/Cache/Front/4741b996fde22d44b7262dab482a2184.php 第 12 行.
NOTIC: [8] Undefined variable: news /guzai/TTYC/Application/Runtime/Cache/Front/4741b996fde22d44b7262dab482a2184.php 第 16 行.
NOTIC: [2] Illegal string offset 'total' /guzai/TTYC/Application/Runtime/Cache/Front/4741b996fde22d44b7262dab482a2184.php 第 175 行.
NOTIC: [8] Uninitialized string offset: 0 /guzai/TTYC/Application/Runtime/Cache/Front/4741b996fde22d44b7262dab482a2184.php 第 175 行.
NOTIC: [2] Illegal string offset 'sprice' /guzai/TTYC/Application/Runtime/Cache/Front/4741b996fde22d44b7262dab482a2184.php 第 176 行.
NOTIC: [8] Uninitialized string offset: 0 /guzai/TTYC/Application/Runtime/Cache/Front/4741b996fde22d44b7262dab482a2184.php 第 176 行.
NOTIC: [2] Illegal string offset 'tprice' /guzai/TTYC/Application/Runtime/Cache/Front/4741b996fde22d44b7262dab482a2184.php 第 177 行.
NOTIC: [8] Uninitialized string offset: 0 /guzai/TTYC/Application/Runtime/Cache/Front/4741b996fde22d44b7262dab482a2184.php 第 177 行.
NOTIC: [2] Illegal string offset 'eprice' /guzai/TTYC/Application/Runtime/Cache/Front/4741b996fde22d44b7262dab482a2184.php 第 178 行.
NOTIC: [8] Uninitialized string offset: 0 /guzai/TTYC/Application/Runtime/Cache/Front/4741b996fde22d44b7262dab482a2184.php 第 178 行.
NOTIC: [2] Illegal string offset 'order' /guzai/TTYC/Application/Runtime/Cache/Front/4741b996fde22d44b7262dab482a2184.php 第 189 行.
NOTIC: [8] Uninitialized string offset: 0 /guzai/TTYC/Application/Runtime/Cache/Front/4741b996fde22d44b7262dab482a2184.php 第 189 行.
NOTIC: [2] Illegal string offset 'total' /guzai/TTYC/Application/Runtime/Cache/Front/4741b996fde22d44b7262dab482a2184.php 第 189 行.
NOTIC: [8] Uninitialized string offset: 0 /guzai/TTYC/Application/Runtime/Cache/Front/4741b996fde22d44b7262dab482a2184.php 第 189 行.
NOTIC: [2] Illegal string offset 'order' /guzai/TTYC/Application/Runtime/Cache/Front/4741b996fde22d44b7262dab482a2184.php 第 274 行.
NOTIC: [8] Uninitialized string offset: 0 /guzai/TTYC/Application/Runtime/Cache/Front/4741b996fde22d44b7262dab482a2184.php 第 274 行.
NOTIC: [2] Illegal string offset 'start' /guzai/TTYC/Application/Runtime/Cache/Front/4741b996fde22d44b7262dab482a2184.php 第 274 行.
NOTIC: [8] Uninitialized string offset: 0 /guzai/TTYC/Application/Runtime/Cache/Front/4741b996fde22d44b7262dab482a2184.php 第 274 行.
NOTIC: [2] Illegal string offset 'order' /guzai/TTYC/Application/Runtime/Cache/Front/4741b996fde22d44b7262dab482a2184.php 第 284 行.
NOTIC: [8] Uninitialized string offset: 0 /guzai/TTYC/Application/Runtime/Cache/Front/4741b996fde22d44b7262dab482a2184.php 第 284 行.
NOTIC: [2] Illegal string offset 'end' /guzai/TTYC/Application/Runtime/Cache/Front/4741b996fde22d44b7262dab482a2184.php 第 284 行.
NOTIC: [8] Uninitialized string offset: 0 /guzai/TTYC/Application/Runtime/Cache/Front/4741b996fde22d44b7262dab482a2184.php 第 284 行.
NOTIC: [2] Illegal string offset 'order' /guzai/TTYC/Application/Runtime/Cache/Front/4741b996fde22d44b7262dab482a2184.php 第 293 行.
NOTIC: [8] Uninitialized string offset: 0 /guzai/TTYC/Application/Runtime/Cache/Front/4741b996fde22d44b7262dab482a2184.php 第 293 行.
NOTIC: [2] Illegal string offset 'carInfo' /guzai/TTYC/Application/Runtime/Cache/Front/4741b996fde22d44b7262dab482a2184.php 第 293 行.
NOTIC: [8] Uninitialized string offset: 0 /guzai/TTYC/Application/Runtime/Cache/Front/4741b996fde22d44b7262dab482a2184.php 第 293 行.
INFO: Run Behavior\ParseTemplateBehavior [ RunTime:0.020117s ]
INFO: [ view_parse ] --END-- [ RunTime:0.020168s ]
INFO: [ view_filter ] --START--
INFO: Run Behavior\WriteHtmlCacheBehavior [ RunTime:0.000130s ]
INFO: [ view_filter ] --END-- [ RunTime:0.000174s ]

[ 2018-02-22T22:11:23+08:00 ] 125.88.220.79 /
INFO: [ app_init ] --START--
INFO: Run Behavior\BuildLiteBehavior [ RunTime:0.000014s ]
INFO: [ app_init ] --END-- [ RunTime:0.000260s ]
INFO: [ app_begin ] --START--
INFO: Run Behavior\ReadHtmlCacheBehavior [ RunTime:0.000305s ]
INFO: [ app_begin ] --END-- [ RunTime:0.000356s ]
SQL: SHOW COLUMNS FROM `tuo_article` [ RunTime:0.0005s ]
SQL: SELECT * FROM `tuo_article` WHERE `article_pid` = 'GY'  [ RunTime:0.0001s ]
SQL: SELECT * FROM `tuo_article` WHERE `article_pid` = 'LX'  [ RunTime:0.0001s ]
SQL: SELECT * FROM `tuo_article` WHERE `article_pid` = 'JR'  [ RunTime:0.0001s ]
SQL: SELECT * FROM `tuo_article` WHERE `article_pid` = 'QQ'  [ RunTime:0.0001s ]
SQL: SELECT * FROM `tuo_article` WHERE `article_pid` = 'FK'  [ RunTime:0.0001s ]
SQL: SELECT * FROM `tuo_article` WHERE `article_pid` = 'BZ'  [ RunTime:0.0001s ]
SQL: SELECT * FROM `tuo_article` WHERE `article_pid` = 'FW'  [ RunTime:0.0001s ]
SQL: SELECT * FROM `tuo_article` WHERE `article_pid` = 'AQ'  [ RunTime:0.0001s ]
SQL: SELECT * FROM `tuo_article` WHERE `article_pid` = 'DH'  [ RunTime:0.0001s ]
NOTIC: [8192] Function mcrypt_cbc() is deprecated /guzai/TTYC/ThinkPHP/Library/DES_PHP/DESPHP.class.php 第 47 行.
NOTIC: [2] Illegal string offset 'order' /guzai/TTYC/Application/Front/Controller/IndexController.class.php 第 17 行.
NOTIC: [8] Uninitialized string offset: 0 /guzai/TTYC/Application/Front/Controller/IndexController.class.php 第 17 行.
SQL: SHOW COLUMNS FROM `tuo_area` [ RunTime:0.0003s ]
SQL: SELECT * FROM `tuo_area` WHERE `area_pid` = 1  [ RunTime:0.0001s ]
SQL: SHOW COLUMNS FROM `tuo_carxing` [ RunTime:0.0003s ]
SQL: SELECT * FROM `tuo_carxing` WHERE `cxjj_pid` = 0  [ RunTime:0.0002s ]
SQL: SELECT * FROM `tuo_article` WHERE `article_pid` = 'XW' AND `article_img` <> '' ORDER BY article_time desc LIMIT 1   [ RunTime:0.0001s ]
SQL: SELECT * FROM `tuo_article` WHERE `article_pid` = 'XW' AND `article_id` <> '35' ORDER BY article_time desc LIMIT 3   [ RunTime:0.0001s ]
SQL: SELECT * FROM `tuo_article` WHERE `article_pid` = 'CJ' ORDER BY article_time desc LIMIT 10   [ RunTime:0.0001s ]
SQL: SELECT * FROM `tuo_article` WHERE `article_pid` = 'TTFW' ORDER BY article_id asc LIMIT 6   [ RunTime:0.0001s ]
SQL: SHOW COLUMNS FROM `tuo_link` [ RunTime:0.0003s ]
SQL: SELECT * FROM `tuo_link` WHERE `fl_status` = 'Y' ORDER BY fl_sort LIMIT 6   [ RunTime:0.0001s ]
SQL: SHOW COLUMNS FROM `tuo_adv_img` [ RunTime:0.0003s ]
SQL: SELECT * FROM `tuo_adv_img` WHERE `adv_code` = 'A'  [ RunTime:0.0001s ]
INFO: [ view_parse ] --START--
INFO: [ template_filter ] --START--
INFO: Run Behavior\ContentReplaceBehavior [ RunTime:0.000207s ]
INFO: [ template_filter ] --END-- [ RunTime:0.000272s ]
NOTIC: [8] Undefined variable: news /guzai/TTYC/Application/Runtime/Cache/Front/4741b996fde22d44b7262dab482a2184.php 第 8 行.
NOTIC: [8] Undefined variable: news /guzai/TTYC/Application/Runtime/Cache/Front/4741b996fde22d44b7262dab482a2184.php 第 12 行.
NOTIC: [8] Undefined variable: news /guzai/TTYC/Application/Runtime/Cache/Front/4741b996fde22d44b7262dab482a2184.php 第 16 行.
NOTIC: [2] Illegal string offset 'total' /guzai/TTYC/Application/Runtime/Cache/Front/4741b996fde22d44b7262dab482a2184.php 第 175 行.
NOTIC: [8] Uninitialized string offset: 0 /guzai/TTYC/Application/Runtime/Cache/Front/4741b996fde22d44b7262dab482a2184.php 第 175 行.
NOTIC: [2] Illegal string offset 'sprice' /guzai/TTYC/Application/Runtime/Cache/Front/4741b996fde22d44b7262dab482a2184.php 第 176 行.
NOTIC: [8] Uninitialized string offset: 0 /guzai/TTYC/Application/Runtime/Cache/Front/4741b996fde22d44b7262dab482a2184.php 第 176 行.
NOTIC: [2] Illegal string offset 'tprice' /guzai/TTYC/Application/Runtime/Cache/Front/4741b996fde22d44b7262dab482a2184.php 第 177 行.
NOTIC: [8] Uninitialized string offset: 0 /guzai/TTYC/Application/Runtime/Cache/Front/4741b996fde22d44b7262dab482a2184.php 第 177 行.
NOTIC: [2] Illegal string offset 'eprice' /guzai/TTYC/Application/Runtime/Cache/Front/4741b996fde22d44b7262dab482a2184.php 第 178 行.
NOTIC: [8] Uninitialized string offset: 0 /guzai/TTYC/Application/Runtime/Cache/Front/4741b996fde22d44b7262dab482a2184.php 第 178 行.
NOTIC: [2] Illegal string offset 'order' /guzai/TTYC/Application/Runtime/Cache/Front/4741b996fde22d44b7262dab482a2184.php 第 189 行.
NOTIC: [8] Uninitialized string offset: 0 /guzai/TTYC/Application/Runtime/Cache/Front/4741b996fde22d44b7262dab482a2184.php 第 189 行.
NOTIC: [2] Illegal string offset 'total' /guzai/TTYC/Application/Runtime/Cache/Front/4741b996fde22d44b7262dab482a2184.php 第 189 行.
NOTIC: [8] Uninitialized string offset: 0 /guzai/TTYC/Application/Runtime/Cache/Front/4741b996fde22d44b7262dab482a2184.php 第 189 行.
NOTIC: [2] Illegal string offset 'order' /guzai/TTYC/Application/Runtime/Cache/Front/4741b996fde22d44b7262dab482a2184.php 第 274 行.
NOTIC: [8] Uninitialized string offset: 0 /guzai/TTYC/Application/Runtime/Cache/Front/4741b996fde22d44b7262dab482a2184.php 第 274 行.
NOTIC: [2] Illegal string offset 'start' /guzai/TTYC/Application/Runtime/Cache/Front/4741b996fde22d44b7262dab482a2184.php 第 274 行.
NOTIC: [8] Uninitialized string offset: 0 /guzai/TTYC/Application/Runtime/Cache/Front/4741b996fde22d44b7262dab482a2184.php 第 274 行.
NOTIC: [2] Illegal string offset 'order' /guzai/TTYC/Application/Runtime/Cache/Front/4741b996fde22d44b7262dab482a2184.php 第 284 行.
NOTIC: [8] Uninitialized string offset: 0 /guzai/TTYC/Application/Runtime/Cache/Front/4741b996fde22d44b7262dab482a2184.php 第 284 行.
NOTIC: [2] Illegal string offset 'end' /guzai/TTYC/Application/Runtime/Cache/Front/4741b996fde22d44b7262dab482a2184.php 第 284 行.
NOTIC: [8] Uninitialized string offset: 0 /guzai/TTYC/Application/Runtime/Cache/Front/4741b996fde22d44b7262dab482a2184.php 第 284 行.
NOTIC: [2] Illegal string offset 'order' /guzai/TTYC/Application/Runtime/Cache/Front/4741b996fde22d44b7262dab482a2184.php 第 293 行.
NOTIC: [8] Uninitialized string offset: 0 /guzai/TTYC/Application/Runtime/Cache/Front/4741b996fde22d44b7262dab482a2184.php 第 293 行.
NOTIC: [2] Illegal string offset 'carInfo' /guzai/TTYC/Application/Runtime/Cache/Front/4741b996fde22d44b7262dab482a2184.php 第 293 行.
NOTIC: [8] Uninitialized string offset: 0 /guzai/TTYC/Application/Runtime/Cache/Front/4741b996fde22d44b7262dab482a2184.php 第 293 行.
INFO: Run Behavior\ParseTemplateBehavior [ RunTime:0.020033s ]
INFO: [ view_parse ] --END-- [ RunTime:0.020093s ]
INFO: [ view_filter ] --START--
INFO: Run Behavior\WriteHtmlCacheBehavior [ RunTime:0.000124s ]
INFO: [ view_filter ] --END-- [ RunTime:0.000166s ]

[ 2018-02-22T22:11:24+08:00 ] 180.163.220.99 /
INFO: [ app_init ] --START--
INFO: Run Behavior\BuildLiteBehavior [ RunTime:0.000014s ]
INFO: [ app_init ] --END-- [ RunTime:0.000251s ]
INFO: [ app_begin ] --START--
INFO: Run Behavior\ReadHtmlCacheBehavior [ RunTime:0.000304s ]
INFO: [ app_begin ] --END-- [ RunTime:0.000356s ]
SQL: SHOW COLUMNS FROM `tuo_article` [ RunTime:0.0005s ]
SQL: SELECT * FROM `tuo_article` WHERE `article_pid` = 'GY'  [ RunTime:0.0001s ]
SQL: SELECT * FROM `tuo_article` WHERE `article_pid` = 'LX'  [ RunTime:0.0001s ]
SQL: SELECT * FROM `tuo_article` WHERE `article_pid` = 'JR'  [ RunTime:0.0001s ]
SQL: SELECT * FROM `tuo_article` WHERE `article_pid` = 'QQ'  [ RunTime:0.0001s ]
SQL: SELECT * FROM `tuo_article` WHERE `article_pid` = 'FK'  [ RunTime:0.0001s ]
SQL: SELECT * FROM `tuo_article` WHERE `article_pid` = 'BZ'  [ RunTime:0.0001s ]
SQL: SELECT * FROM `tuo_article` WHERE `article_pid` = 'FW'  [ RunTime:0.0001s ]
SQL: SELECT * FROM `tuo_article` WHERE `article_pid` = 'AQ'  [ RunTime:0.0001s ]
SQL: SELECT * FROM `tuo_article` WHERE `article_pid` = 'DH'  [ RunTime:0.0001s ]
NOTIC: [8192] Function mcrypt_cbc() is deprecated /guzai/TTYC/ThinkPHP/Library/DES_PHP/DESPHP.class.php 第 47 行.
NOTIC: [2] Illegal string offset 'order' /guzai/TTYC/Application/Front/Controller/IndexController.class.php 第 17 行.
NOTIC: [8] Uninitialized string offset: 0 /guzai/TTYC/Application/Front/Controller/IndexController.class.php 第 17 行.
SQL: SHOW COLUMNS FROM `tuo_area` [ RunTime:0.0003s ]
SQL: SELECT * FROM `tuo_area` WHERE `area_pid` = 1  [ RunTime:0.0001s ]
SQL: SHOW COLUMNS FROM `tuo_carxing` [ RunTime:0.0003s ]
SQL: SELECT * FROM `tuo_carxing` WHERE `cxjj_pid` = 0  [ RunTime:0.0002s ]
SQL: SELECT * FROM `tuo_article` WHERE `article_pid` = 'XW' AND `article_img` <> '' ORDER BY article_time desc LIMIT 1   [ RunTime:0.0001s ]
SQL: SELECT * FROM `tuo_article` WHERE `article_pid` = 'XW' AND `article_id` <> '35' ORDER BY article_time desc LIMIT 3   [ RunTime:0.0001s ]
SQL: SELECT * FROM `tuo_article` WHERE `article_pid` = 'CJ' ORDER BY article_time desc LIMIT 10   [ RunTime:0.0001s ]
SQL: SELECT * FROM `tuo_article` WHERE `article_pid` = 'TTFW' ORDER BY article_id asc LIMIT 6   [ RunTime:0.0001s ]
SQL: SHOW COLUMNS FROM `tuo_link` [ RunTime:0.0004s ]
SQL: SELECT * FROM `tuo_link` WHERE `fl_status` = 'Y' ORDER BY fl_sort LIMIT 6   [ RunTime:0.0001s ]
SQL: SHOW COLUMNS FROM `tuo_adv_img` [ RunTime:0.0003s ]
SQL: SELECT * FROM `tuo_adv_img` WHERE `adv_code` = 'A'  [ RunTime:0.0001s ]
INFO: [ view_parse ] --START--
INFO: [ template_filter ] --START--
INFO: Run Behavior\ContentReplaceBehavior [ RunTime:0.000209s ]
INFO: [ template_filter ] --END-- [ RunTime:0.000282s ]
NOTIC: [8] Undefined variable: news /guzai/TTYC/Application/Runtime/Cache/Front/4741b996fde22d44b7262dab482a2184.php 第 8 行.
NOTIC: [8] Undefined variable: news /guzai/TTYC/Application/Runtime/Cache/Front/4741b996fde22d44b7262dab482a2184.php 第 12 行.
NOTIC: [8] Undefined variable: news /guzai/TTYC/Application/Runtime/Cache/Front/4741b996fde22d44b7262dab482a2184.php 第 16 行.
NOTIC: [2] Illegal string offset 'total' /guzai/TTYC/Application/Runtime/Cache/Front/4741b996fde22d44b7262dab482a2184.php 第 175 行.
NOTIC: [8] Uninitialized string offset: 0 /guzai/TTYC/Application/Runtime/Cache/Front/4741b996fde22d44b7262dab482a2184.php 第 175 行.
NOTIC: [2] Illegal string offset 'sprice' /guzai/TTYC/Application/Runtime/Cache/Front/4741b996fde22d44b7262dab482a2184.php 第 176 行.
NOTIC: [8] Uninitialized string offset: 0 /guzai/TTYC/Application/Runtime/Cache/Front/4741b996fde22d44b7262dab482a2184.php 第 176 行.
NOTIC: [2] Illegal string offset 'tprice' /guzai/TTYC/Application/Runtime/Cache/Front/4741b996fde22d44b7262dab482a2184.php 第 177 行.
NOTIC: [8] Uninitialized string offset: 0 /guzai/TTYC/Application/Runtime/Cache/Front/4741b996fde22d44b7262dab482a2184.php 第 177 行.
NOTIC: [2] Illegal string offset 'eprice' /guzai/TTYC/Application/Runtime/Cache/Front/4741b996fde22d44b7262dab482a2184.php 第 178 行.
NOTIC: [8] Uninitialized string offset: 0 /guzai/TTYC/Application/Runtime/Cache/Front/4741b996fde22d44b7262dab482a2184.php 第 178 行.
NOTIC: [2] Illegal string offset 'order' /guzai/TTYC/Application/Runtime/Cache/Front/4741b996fde22d44b7262dab482a2184.php 第 189 行.
NOTIC: [8] Uninitialized string offset: 0 /guzai/TTYC/Application/Runtime/Cache/Front/4741b996fde22d44b7262dab482a2184.php 第 189 行.
NOTIC: [2] Illegal string offset 'total' /guzai/TTYC/Application/Runtime/Cache/Front/4741b996fde22d44b7262dab482a2184.php 第 189 行.
NOTIC: [8] Uninitialized string offset: 0 /guzai/TTYC/Application/Runtime/Cache/Front/4741b996fde22d44b7262dab482a2184.php 第 189 行.
NOTIC: [2] Illegal string offset 'order' /guzai/TTYC/Application/Runtime/Cache/Front/4741b996fde22d44b7262dab482a2184.php 第 274 行.
NOTIC: [8] Uninitialized string offset: 0 /guzai/TTYC/Application/Runtime/Cache/Front/4741b996fde22d44b7262dab482a2184.php 第 274 行.
NOTIC: [2] Illegal string offset 'start' /guzai/TTYC/Application/Runtime/Cache/Front/4741b996fde22d44b7262dab482a2184.php 第 274 行.
NOTIC: [8] Uninitialized string offset: 0 /guzai/TTYC/Application/Runtime/Cache/Front/4741b996fde22d44b7262dab482a2184.php 第 274 行.
NOTIC: [2] Illegal string offset 'order' /guzai/TTYC/Application/Runtime/Cache/Front/4741b996fde22d44b7262dab482a2184.php 第 284 行.
NOTIC: [8] Uninitialized string offset: 0 /guzai/TTYC/Application/Runtime/Cache/Front/4741b996fde22d44b7262dab482a2184.php 第 284 行.
NOTIC: [2] Illegal string offset 'end' /guzai/TTYC/Application/Runtime/Cache/Front/4741b996fde22d44b7262dab482a2184.php 第 284 行.
NOTIC: [8] Uninitialized string offset: 0 /guzai/TTYC/Application/Runtime/Cache/Front/4741b996fde22d44b7262dab482a2184.php 第 284 行.
NOTIC: [2] Illegal string offset 'order' /guzai/TTYC/Application/Runtime/Cache/Front/4741b996fde22d44b7262dab482a2184.php 第 293 行.
NOTIC: [8] Uninitialized string offset: 0 /guzai/TTYC/Application/Runtime/Cache/Front/4741b996fde22d44b7262dab482a2184.php 第 293 行.
NOTIC: [2] Illegal string offset 'carInfo' /guzai/TTYC/Application/Runtime/Cache/Front/4741b996fde22d44b7262dab482a2184.php 第 293 行.
NOTIC: [8] Uninitialized string offset: 0 /guzai/TTYC/Application/Runtime/Cache/Front/4741b996fde22d44b7262dab482a2184.php 第 293 行.
INFO: Run Behavior\ParseTemplateBehavior [ RunTime:0.020270s ]
INFO: [ view_parse ] --END-- [ RunTime:0.020325s ]
INFO: [ view_filter ] --START--
INFO: Run Behavior\WriteHtmlCacheBehavior [ RunTime:0.000134s ]
INFO: [ view_filter ] --END-- [ RunTime:0.000178s ]

[ 2018-02-22T22:34:44+08:00 ] 180.153.236.189 /
INFO: [ app_init ] --START--
INFO: Run Behavior\BuildLiteBehavior [ RunTime:0.000015s ]
INFO: [ app_init ] --END-- [ RunTime:0.000277s ]
INFO: [ app_begin ] --START--
INFO: Run Behavior\ReadHtmlCacheBehavior [ RunTime:0.000328s ]
INFO: [ app_begin ] --END-- [ RunTime:0.000380s ]
SQL: SHOW COLUMNS FROM `tuo_article` [ RunTime:0.0004s ]
SQL: SELECT * FROM `tuo_article` WHERE `article_pid` = 'GY'  [ RunTime:0.0001s ]
SQL: SELECT * FROM `tuo_article` WHERE `article_pid` = 'LX'  [ RunTime:0.0001s ]
SQL: SELECT * FROM `tuo_article` WHERE `article_pid` = 'JR'  [ RunTime:0.0001s ]
SQL: SELECT * FROM `tuo_article` WHERE `article_pid` = 'QQ'  [ RunTime:0.0001s ]
SQL: SELECT * FROM `tuo_article` WHERE `article_pid` = 'FK'  [ RunTime:0.0001s ]
SQL: SELECT * FROM `tuo_article` WHERE `article_pid` = 'BZ'  [ RunTime:0.0001s ]
SQL: SELECT * FROM `tuo_article` WHERE `article_pid` = 'FW'  [ RunTime:0.0001s ]
SQL: SELECT * FROM `tuo_article` WHERE `article_pid` = 'AQ'  [ RunTime:0.0001s ]
SQL: SELECT * FROM `tuo_article` WHERE `article_pid` = 'DH'  [ RunTime:0.0001s ]
NOTIC: [8192] Function mcrypt_cbc() is deprecated /guzai/TTYC/ThinkPHP/Library/DES_PHP/DESPHP.class.php 第 47 行.
NOTIC: [2] Illegal string offset 'order' /guzai/TTYC/Application/Front/Controller/IndexController.class.php 第 17 行.
NOTIC: [8] Uninitialized string offset: 0 /guzai/TTYC/Application/Front/Controller/IndexController.class.php 第 17 行.
SQL: SHOW COLUMNS FROM `tuo_area` [ RunTime:0.0003s ]
SQL: SELECT * FROM `tuo_area` WHERE `area_pid` = 1  [ RunTime:0.0001s ]
SQL: SHOW COLUMNS FROM `tuo_carxing` [ RunTime:0.0003s ]
SQL: SELECT * FROM `tuo_carxing` WHERE `cxjj_pid` = 0  [ RunTime:0.0002s ]
SQL: SELECT * FROM `tuo_article` WHERE `article_pid` = 'XW' AND `article_img` <> '' ORDER BY article_time desc LIMIT 1   [ RunTime:0.0001s ]
SQL: SELECT * FROM `tuo_article` WHERE `article_pid` = 'XW' AND `article_id` <> '35' ORDER BY article_time desc LIMIT 3   [ RunTime:0.0001s ]
SQL: SELECT * FROM `tuo_article` WHERE `article_pid` = 'CJ' ORDER BY article_time desc LIMIT 10   [ RunTime:0.0001s ]
SQL: SELECT * FROM `tuo_article` WHERE `article_pid` = 'TTFW' ORDER BY article_id asc LIMIT 6   [ RunTime:0.0001s ]
SQL: SHOW COLUMNS FROM `tuo_link` [ RunTime:0.0003s ]
SQL: SELECT * FROM `tuo_link` WHERE `fl_status` = 'Y' ORDER BY fl_sort LIMIT 6   [ RunTime:0.0001s ]
SQL: SHOW COLUMNS FROM `tuo_adv_img` [ RunTime:0.0003s ]
SQL: SELECT * FROM `tuo_adv_img` WHERE `adv_code` = 'A'  [ RunTime:0.0001s ]
INFO: [ view_parse ] --START--
INFO: [ template_filter ] --START--
INFO: Run Behavior\ContentReplaceBehavior [ RunTime:0.000211s ]
INFO: [ template_filter ] --END-- [ RunTime:0.000281s ]
NOTIC: [8] Undefined variable: news /guzai/TTYC/Application/Runtime/Cache/Front/4741b996fde22d44b7262dab482a2184.php 第 8 行.
NOTIC: [8] Undefined variable: news /guzai/TTYC/Application/Runtime/Cache/Front/4741b996fde22d44b7262dab482a2184.php 第 12 行.
NOTIC: [8] Undefined variable: news /guzai/TTYC/Application/Runtime/Cache/Front/4741b996fde22d44b7262dab482a2184.php 第 16 行.
NOTIC: [2] Illegal string offset 'total' /guzai/TTYC/Application/Runtime/Cache/Front/4741b996fde22d44b7262dab482a2184.php 第 175 行.
NOTIC: [8] Uninitialized string offset: 0 /guzai/TTYC/Application/Runtime/Cache/Front/4741b996fde22d44b7262dab482a2184.php 第 175 行.
NOTIC: [2] Illegal string offset 'sprice' /guzai/TTYC/Application/Runtime/Cache/Front/4741b996fde22d44b7262dab482a2184.php 第 176 行.
NOTIC: [8] Uninitialized string offset: 0 /guzai/TTYC/Application/Runtime/Cache/Front/4741b996fde22d44b7262dab482a2184.php 第 176 行.
NOTIC: [2] Illegal string offset 'tprice' /guzai/TTYC/Application/Runtime/Cache/Front/4741b996fde22d44b7262dab482a2184.php 第 177 行.
NOTIC: [8] Uninitialized string offset: 0 /guzai/TTYC/Application/Runtime/Cache/Front/4741b996fde22d44b7262dab482a2184.php 第 177 行.
NOTIC: [2] Illegal string offset 'eprice' /guzai/TTYC/Application/Runtime/Cache/Front/4741b996fde22d44b7262dab482a2184.php 第 178 行.
NOTIC: [8] Uninitialized string offset: 0 /guzai/TTYC/Application/Runtime/Cache/Front/4741b996fde22d44b7262dab482a2184.php 第 178 行.
NOTIC: [2] Illegal string offset 'order' /guzai/TTYC/Application/Runtime/Cache/Front/4741b996fde22d44b7262dab482a2184.php 第 189 行.
NOTIC: [8] Uninitialized string offset: 0 /guzai/TTYC/Application/Runtime/Cache/Front/4741b996fde22d44b7262dab482a2184.php 第 189 行.
NOTIC: [2] Illegal string offset 'total' /guzai/TTYC/Application/Runtime/Cache/Front/4741b996fde22d44b7262dab482a2184.php 第 189 行.
NOTIC: [8] Uninitialized string offset: 0 /guzai/TTYC/Application/Runtime/Cache/Front/4741b996fde22d44b7262dab482a2184.php 第 189 行.
NOTIC: [2] Illegal string offset 'order' /guzai/TTYC/Application/Runtime/Cache/Front/4741b996fde22d44b7262dab482a2184.php 第 274 行.
NOTIC: [8] Uninitialized string offset: 0 /guzai/TTYC/Application/Runtime/Cache/Front/4741b996fde22d44b7262dab482a2184.php 第 274 行.
NOTIC: [2] Illegal string offset 'start' /guzai/TTYC/Application/Runtime/Cache/Front/4741b996fde22d44b7262dab482a2184.php 第 274 行.
NOTIC: [8] Uninitialized string offset: 0 /guzai/TTYC/Application/Runtime/Cache/Front/4741b996fde22d44b7262dab482a2184.php 第 274 行.
NOTIC: [2] Illegal string offset 'order' /guzai/TTYC/Application/Runtime/Cache/Front/4741b996fde22d44b7262dab482a2184.php 第 284 行.
NOTIC: [8] Uninitialized string offset: 0 /guzai/TTYC/Application/Runtime/Cache/Front/4741b996fde22d44b7262dab482a2184.php 第 284 行.
NOTIC: [2] Illegal string offset 'end' /guzai/TTYC/Application/Runtime/Cache/Front/4741b996fde22d44b7262dab482a2184.php 第 284 行.
NOTIC: [8] Uninitialized string offset: 0 /guzai/TTYC/Application/Runtime/Cache/Front/4741b996fde22d44b7262dab482a2184.php 第 284 行.
NOTIC: [2] Illegal string offset 'order' /guzai/TTYC/Application/Runtime/Cache/Front/4741b996fde22d44b7262dab482a2184.php 第 293 行.
NOTIC: [8] Uninitialized string offset: 0 /guzai/TTYC/Application/Runtime/Cache/Front/4741b996fde22d44b7262dab482a2184.php 第 293 行.
NOTIC: [2] Illegal string offset 'carInfo' /guzai/TTYC/Application/Runtime/Cache/Front/4741b996fde22d44b7262dab482a2184.php 第 293 行.
NOTIC: [8] Uninitialized string offset: 0 /guzai/TTYC/Application/Runtime/Cache/Front/4741b996fde22d44b7262dab482a2184.php 第 293 行.
INFO: Run Behavior\ParseTemplateBehavior [ RunTime:0.019847s ]
INFO: [ view_parse ] --END-- [ RunTime:0.019896s ]
INFO: [ view_filter ] --START--
INFO: Run Behavior\WriteHtmlCacheBehavior [ RunTime:0.000128s ]
INFO: [ view_filter ] --END-- [ RunTime:0.000170s ]

[ 2018-02-22T22:35:10+08:00 ] 106.120.173.144 /
INFO: [ app_init ] --START--
INFO: Run Behavior\BuildLiteBehavior [ RunTime:0.000013s ]
INFO: [ app_init ] --END-- [ RunTime:0.000240s ]
INFO: [ app_begin ] --START--
INFO: Run Behavior\ReadHtmlCacheBehavior [ RunTime:0.000295s ]
INFO: [ app_begin ] --END-- [ RunTime:0.000343s ]
SQL: SHOW COLUMNS FROM `tuo_article` [ RunTime:0.0005s ]
SQL: SELECT * FROM `tuo_article` WHERE `article_pid` = 'GY'  [ RunTime:0.0001s ]
SQL: SELECT * FROM `tuo_article` WHERE `article_pid` = 'LX'  [ RunTime:0.0001s ]
SQL: SELECT * FROM `tuo_article` WHERE `article_pid` = 'JR'  [ RunTime:0.0001s ]
SQL: SELECT * FROM `tuo_article` WHERE `article_pid` = 'QQ'  [ RunTime:0.0001s ]
SQL: SELECT * FROM `tuo_article` WHERE `article_pid` = 'FK'  [ RunTime:0.0001s ]
SQL: SELECT * FROM `tuo_article` WHERE `article_pid` = 'BZ'  [ RunTime:0.0001s ]
SQL: SELECT * FROM `tuo_article` WHERE `article_pid` = 'FW'  [ RunTime:0.0001s ]
SQL: SELECT * FROM `tuo_article` WHERE `article_pid` = 'AQ'  [ RunTime:0.0001s ]
SQL: SELECT * FROM `tuo_article` WHERE `article_pid` = 'DH'  [ RunTime:0.0001s ]
NOTIC: [8192] Function mcrypt_cbc() is deprecated /guzai/TTYC/ThinkPHP/Library/DES_PHP/DESPHP.class.php 第 47 行.
NOTIC: [2] Illegal string offset 'order' /guzai/TTYC/Application/Front/Controller/IndexController.class.php 第 17 行.
NOTIC: [8] Uninitialized string offset: 0 /guzai/TTYC/Application/Front/Controller/IndexController.class.php 第 17 行.
SQL: SHOW COLUMNS FROM `tuo_area` [ RunTime:0.0003s ]
SQL: SELECT * FROM `tuo_area` WHERE `area_pid` = 1  [ RunTime:0.0001s ]
SQL: SHOW COLUMNS FROM `tuo_carxing` [ RunTime:0.0003s ]
SQL: SELECT * FROM `tuo_carxing` WHERE `cxjj_pid` = 0  [ RunTime:0.0003s ]
SQL: SELECT * FROM `tuo_article` WHERE `article_pid` = 'XW' AND `article_img` <> '' ORDER BY article_time desc LIMIT 1   [ RunTime:0.0001s ]
SQL: SELECT * FROM `tuo_article` WHERE `article_pid` = 'XW' AND `article_id` <> '35' ORDER BY article_time desc LIMIT 3   [ RunTime:0.0001s ]
SQL: SELECT * FROM `tuo_article` WHERE `article_pid` = 'CJ' ORDER BY article_time desc LIMIT 10   [ RunTime:0.0001s ]
SQL: SELECT * FROM `tuo_article` WHERE `article_pid` = 'TTFW' ORDER BY article_id asc LIMIT 6   [ RunTime:0.0001s ]
SQL: SHOW COLUMNS FROM `tuo_link` [ RunTime:0.0003s ]
SQL: SELECT * FROM `tuo_link` WHERE `fl_status` = 'Y' ORDER BY fl_sort LIMIT 6   [ RunTime:0.0001s ]
SQL: SHOW COLUMNS FROM `tuo_adv_img` [ RunTime:0.0002s ]
SQL: SELECT * FROM `tuo_adv_img` WHERE `adv_code` = 'A'  [ RunTime:0.0001s ]
INFO: [ view_parse ] --START--
INFO: [ template_filter ] --START--
INFO: Run Behavior\ContentReplaceBehavior [ RunTime:0.000275s ]
INFO: [ template_filter ] --END-- [ RunTime:0.000329s ]
NOTIC: [8] Undefined variable: news /guzai/TTYC/Application/Runtime/Cache/Front/4741b996fde22d44b7262dab482a2184.php 第 8 行.
NOTIC: [8] Undefined variable: news /guzai/TTYC/Application/Runtime/Cache/Front/4741b996fde22d44b7262dab482a2184.php 第 12 行.
NOTIC: [8] Undefined variable: news /guzai/TTYC/Application/Runtime/Cache/Front/4741b996fde22d44b7262dab482a2184.php 第 16 行.
NOTIC: [2] Illegal string offset 'total' /guzai/TTYC/Application/Runtime/Cache/Front/4741b996fde22d44b7262dab482a2184.php 第 175 行.
NOTIC: [8] Uninitialized string offset: 0 /guzai/TTYC/Application/Runtime/Cache/Front/4741b996fde22d44b7262dab482a2184.php 第 175 行.
NOTIC: [2] Illegal string offset 'sprice' /guzai/TTYC/Application/Runtime/Cache/Front/4741b996fde22d44b7262dab482a2184.php 第 176 行.
NOTIC: [8] Uninitialized string offset: 0 /guzai/TTYC/Application/Runtime/Cache/Front/4741b996fde22d44b7262dab482a2184.php 第 176 行.
NOTIC: [2] Illegal string offset 'tprice' /guzai/TTYC/Application/Runtime/Cache/Front/4741b996fde22d44b7262dab482a2184.php 第 177 行.
NOTIC: [8] Uninitialized string offset: 0 /guzai/TTYC/Application/Runtime/Cache/Front/4741b996fde22d44b7262dab482a2184.php 第 177 行.
NOTIC: [2] Illegal string offset 'eprice' /guzai/TTYC/Application/Runtime/Cache/Front/4741b996fde22d44b7262dab482a2184.php 第 178 行.
NOTIC: [8] Uninitialized string offset: 0 /guzai/TTYC/Application/Runtime/Cache/Front/4741b996fde22d44b7262dab482a2184.php 第 178 行.
NOTIC: [2] Illegal string offset 'order' /guzai/TTYC/Application/Runtime/Cache/Front/4741b996fde22d44b7262dab482a2184.php 第 189 行.
NOTIC: [8] Uninitialized string offset: 0 /guzai/TTYC/Application/Runtime/Cache/Front/4741b996fde22d44b7262dab482a2184.php 第 189 行.
NOTIC: [2] Illegal string offset 'total' /guzai/TTYC/Application/Runtime/Cache/Front/4741b996fde22d44b7262dab482a2184.php 第 189 行.
NOTIC: [8] Uninitialized string offset: 0 /guzai/TTYC/Application/Runtime/Cache/Front/4741b996fde22d44b7262dab482a2184.php 第 189 行.
NOTIC: [2] Illegal string offset 'order' /guzai/TTYC/Application/Runtime/Cache/Front/4741b996fde22d44b7262dab482a2184.php 第 274 行.
NOTIC: [8] Uninitialized string offset: 0 /guzai/TTYC/Application/Runtime/Cache/Front/4741b996fde22d44b7262dab482a2184.php 第 274 行.
NOTIC: [2] Illegal string offset 'start' /guzai/TTYC/Application/Runtime/Cache/Front/4741b996fde22d44b7262dab482a2184.php 第 274 行.
NOTIC: [8] Uninitialized string offset: 0 /guzai/TTYC/Application/Runtime/Cache/Front/4741b996fde22d44b7262dab482a2184.php 第 274 行.
NOTIC: [2] Illegal string offset 'order' /guzai/TTYC/Application/Runtime/Cache/Front/4741b996fde22d44b7262dab482a2184.php 第 284 行.
NOTIC: [8] Uninitialized string offset: 0 /guzai/TTYC/Application/Runtime/Cache/Front/4741b996fde22d44b7262dab482a2184.php 第 284 行.
NOTIC: [2] Illegal string offset 'end' /guzai/TTYC/Application/Runtime/Cache/Front/4741b996fde22d44b7262dab482a2184.php 第 284 行.
NOTIC: [8] Uninitialized string offset: 0 /guzai/TTYC/Application/Runtime/Cache/Front/4741b996fde22d44b7262dab482a2184.php 第 284 行.
NOTIC: [2] Illegal string offset 'order' /guzai/TTYC/Application/Runtime/Cache/Front/4741b996fde22d44b7262dab482a2184.php 第 293 行.
NOTIC: [8] Uninitialized string offset: 0 /guzai/TTYC/Application/Runtime/Cache/Front/4741b996fde22d44b7262dab482a2184.php 第 293 行.
NOTIC: [2] Illegal string offset 'carInfo' /guzai/TTYC/Application/Runtime/Cache/Front/4741b996fde22d44b7262dab482a2184.php 第 293 行.
NOTIC: [8] Uninitialized string offset: 0 /guzai/TTYC/Application/Runtime/Cache/Front/4741b996fde22d44b7262dab482a2184.php 第 293 行.
INFO: Run Behavior\ParseTemplateBehavior [ RunTime:0.019627s ]
INFO: [ view_parse ] --END-- [ RunTime:0.019674s ]
INFO: [ view_filter ] --START--
INFO: Run Behavior\WriteHtmlCacheBehavior [ RunTime:0.000111s ]
INFO: [ view_filter ] --END-- [ RunTime:0.000154s ]

[ 2018-02-22T22:35:20+08:00 ] 106.120.173.144 /Front/Login/pclogin
INFO: [ app_init ] --START--
INFO: Run Behavior\BuildLiteBehavior [ RunTime:0.000013s ]
INFO: [ app_init ] --END-- [ RunTime:0.000262s ]
INFO: [ app_begin ] --START--
INFO: Run Behavior\ReadHtmlCacheBehavior [ RunTime:0.000294s ]
INFO: [ app_begin ] --END-- [ RunTime:0.000343s ]
SQL: SHOW COLUMNS FROM `tuo_article` [ RunTime:0.0005s ]
SQL: SELECT * FROM `tuo_article` WHERE `article_pid` = 'GY'  [ RunTime:0.0001s ]
SQL: SELECT * FROM `tuo_article` WHERE `article_pid` = 'LX'  [ RunTime:0.0001s ]
SQL: SELECT * FROM `tuo_article` WHERE `article_pid` = 'JR'  [ RunTime:0.0001s ]
SQL: SELECT * FROM `tuo_article` WHERE `article_pid` = 'QQ'  [ RunTime:0.0001s ]
SQL: SELECT * FROM `tuo_article` WHERE `article_pid` = 'FK'  [ RunTime:0.0001s ]
SQL: SELECT * FROM `tuo_article` WHERE `article_pid` = 'BZ'  [ RunTime:0.0001s ]
SQL: SELECT * FROM `tuo_article` WHERE `article_pid` = 'FW'  [ RunTime:0.0001s ]
SQL: SELECT * FROM `tuo_article` WHERE `article_pid` = 'AQ'  [ RunTime:0.0001s ]
SQL: SELECT * FROM `tuo_article` WHERE `article_pid` = 'DH'  [ RunTime:0.0001s ]
NOTIC: [8192] Function mcrypt_cbc() is deprecated /guzai/TTYC/ThinkPHP/Library/DES_PHP/DESPHP.class.php 第 47 行.
NOTIC: [8192] Function mcrypt_cbc() is deprecated /guzai/TTYC/ThinkPHP/Library/DES_PHP/DESPHP.class.php 第 47 行.
INFO: [ view_parse ] --START--
INFO: [ template_filter ] --START--
INFO: Run Behavior\ContentReplaceBehavior [ RunTime:0.000111s ]
INFO: [ template_filter ] --END-- [ RunTime:0.000159s ]
NOTIC: [8] Undefined variable: news /guzai/TTYC/Application/Runtime/Cache/Front/d97f7a98deb4f2e555abc572b362567d.php 第 8 行.
NOTIC: [8] Undefined variable: news /guzai/TTYC/Application/Runtime/Cache/Front/d97f7a98deb4f2e555abc572b362567d.php 第 12 行.
NOTIC: [8] Undefined variable: news /guzai/TTYC/Application/Runtime/Cache/Front/d97f7a98deb4f2e555abc572b362567d.php 第 16 行.
INFO: Run Behavior\ParseTemplateBehavior [ RunTime:0.012306s ]
INFO: [ view_parse ] --END-- [ RunTime:0.012354s ]
INFO: [ view_filter ] --START--
INFO: Run Behavior\WriteHtmlCacheBehavior [ RunTime:0.000108s ]
INFO: [ view_filter ] --END-- [ RunTime:0.000145s ]

[ 2018-02-22T22:41:01+08:00 ] 123.125.71.53 /Front/SecurityGuarantee/index/code/AC1492063903542G
INFO: [ app_init ] --START--
INFO: Run Behavior\BuildLiteBehavior [ RunTime:0.000013s ]
INFO: [ app_init ] --END-- [ RunTime:0.000259s ]
INFO: [ app_begin ] --START--
INFO: Run Behavior\ReadHtmlCacheBehavior [ RunTime:0.000297s ]
INFO: [ app_begin ] --END-- [ RunTime:0.000347s ]
SQL: SHOW COLUMNS FROM `tuo_article` [ RunTime:0.0004s ]
SQL: SELECT * FROM `tuo_article` WHERE `article_pid` = 'GY'  [ RunTime:0.0001s ]
SQL: SELECT * FROM `tuo_article` WHERE `article_pid` = 'LX'  [ RunTime:0.0001s ]
SQL: SELECT * FROM `tuo_article` WHERE `article_pid` = 'JR'  [ RunTime:0.0001s ]
SQL: SELECT * FROM `tuo_article` WHERE `article_pid` = 'QQ'  [ RunTime:0.0001s ]
SQL: SELECT * FROM `tuo_article` WHERE `article_pid` = 'FK'  [ RunTime:0.0001s ]
SQL: SELECT * FROM `tuo_article` WHERE `article_pid` = 'BZ'  [ RunTime:0.0001s ]
SQL: SELECT * FROM `tuo_article` WHERE `article_pid` = 'FW'  [ RunTime:0.0001s ]
SQL: SELECT * FROM `tuo_article` WHERE `article_pid` = 'AQ'  [ RunTime:0.0001s ]
SQL: SELECT * FROM `tuo_article` WHERE `article_pid` = 'DH'  [ RunTime:0.0001s ]
NOTIC: [8192] Function mcrypt_cbc() is deprecated /guzai/TTYC/ThinkPHP/Library/DES_PHP/DESPHP.class.php 第 47 行.
SQL: SELECT * FROM `tuo_article` WHERE `article_code` = 'AC1492063903542G' LIMIT 1   [ RunTime:0.0001s ]
INFO: [ view_parse ] --START--
INFO: [ template_filter ] --START--
INFO: Run Behavior\ContentReplaceBehavior [ RunTime:0.000094s ]
INFO: [ template_filter ] --END-- [ RunTime:0.000141s ]
NOTIC: [8] Undefined variable: news /guzai/TTYC/Application/Runtime/Cache/Front/b1bef37f4f7870122fbbc358f6f2c47a.php 第 8 行.
NOTIC: [8] Undefined variable: news /guzai/TTYC/Application/Runtime/Cache/Front/b1bef37f4f7870122fbbc358f6f2c47a.php 第 12 行.
NOTIC: [8] Undefined variable: news /guzai/TTYC/Application/Runtime/Cache/Front/b1bef37f4f7870122fbbc358f6f2c47a.php 第 16 行.
INFO: Run Behavior\ParseTemplateBehavior [ RunTime:0.010948s ]
INFO: [ view_parse ] --END-- [ RunTime:0.010992s ]
INFO: [ view_filter ] --START--
INFO: Run Behavior\WriteHtmlCacheBehavior [ RunTime:0.000114s ]
INFO: [ view_filter ] --END-- [ RunTime:0.000153s ]

[ 2018-02-22T23:12:58+08:00 ] 125.88.220.141 /
INFO: [ app_init ] --START--
INFO: Run Behavior\BuildLiteBehavior [ RunTime:0.000015s ]
INFO: [ app_init ] --END-- [ RunTime:0.000293s ]
INFO: [ app_begin ] --START--
INFO: Run Behavior\ReadHtmlCacheBehavior [ RunTime:0.000305s ]
INFO: [ app_begin ] --END-- [ RunTime:0.000354s ]
SQL: SHOW COLUMNS FROM `tuo_article` [ RunTime:0.0005s ]
SQL: SELECT * FROM `tuo_article` WHERE `article_pid` = 'GY'  [ RunTime:0.0001s ]
SQL: SELECT * FROM `tuo_article` WHERE `article_pid` = 'LX'  [ RunTime:0.0001s ]
SQL: SELECT * FROM `tuo_article` WHERE `article_pid` = 'JR'  [ RunTime:0.0001s ]
SQL: SELECT * FROM `tuo_article` WHERE `article_pid` = 'QQ'  [ RunTime:0.0001s ]
SQL: SELECT * FROM `tuo_article` WHERE `article_pid` = 'FK'  [ RunTime:0.0001s ]
SQL: SELECT * FROM `tuo_article` WHERE `article_pid` = 'BZ'  [ RunTime:0.0001s ]
SQL: SELECT * FROM `tuo_article` WHERE `article_pid` = 'FW'  [ RunTime:0.0001s ]
SQL: SELECT * FROM `tuo_article` WHERE `article_pid` = 'AQ'  [ RunTime:0.0001s ]
SQL: SELECT * FROM `tuo_article` WHERE `article_pid` = 'DH'  [ RunTime:0.0001s ]
NOTIC: [8192] Function mcrypt_cbc() is deprecated /guzai/TTYC/ThinkPHP/Library/DES_PHP/DESPHP.class.php 第 47 行.
NOTIC: [2] Illegal string offset 'order' /guzai/TTYC/Application/Front/Controller/IndexController.class.php 第 17 行.
NOTIC: [8] Uninitialized string offset: 0 /guzai/TTYC/Application/Front/Controller/IndexController.class.php 第 17 行.
SQL: SHOW COLUMNS FROM `tuo_area` [ RunTime:0.0003s ]
SQL: SELECT * FROM `tuo_area` WHERE `area_pid` = 1  [ RunTime:0.0001s ]
SQL: SHOW COLUMNS FROM `tuo_carxing` [ RunTime:0.0003s ]
SQL: SELECT * FROM `tuo_carxing` WHERE `cxjj_pid` = 0  [ RunTime:0.0002s ]
SQL: SELECT * FROM `tuo_article` WHERE `article_pid` = 'XW' AND `article_img` <> '' ORDER BY article_time desc LIMIT 1   [ RunTime:0.0001s ]
SQL: SELECT * FROM `tuo_article` WHERE `article_pid` = 'XW' AND `article_id` <> '35' ORDER BY article_time desc LIMIT 3   [ RunTime:0.0001s ]
SQL: SELECT * FROM `tuo_article` WHERE `article_pid` = 'CJ' ORDER BY article_time desc LIMIT 10   [ RunTime:0.0001s ]
SQL: SELECT * FROM `tuo_article` WHERE `article_pid` = 'TTFW' ORDER BY article_id asc LIMIT 6   [ RunTime:0.0001s ]
SQL: SHOW COLUMNS FROM `tuo_link` [ RunTime:0.0003s ]
SQL: SELECT * FROM `tuo_link` WHERE `fl_status` = 'Y' ORDER BY fl_sort LIMIT 6   [ RunTime:0.0001s ]
SQL: SHOW COLUMNS FROM `tuo_adv_img` [ RunTime:0.0003s ]
SQL: SELECT * FROM `tuo_adv_img` WHERE `adv_code` = 'A'  [ RunTime:0.0001s ]
INFO: [ view_parse ] --START--
INFO: [ template_filter ] --START--
INFO: Run Behavior\ContentReplaceBehavior [ RunTime:0.000217s ]
INFO: [ template_filter ] --END-- [ RunTime:0.000272s ]
NOTIC: [8] Undefined variable: news /guzai/TTYC/Application/Runtime/Cache/Front/4741b996fde22d44b7262dab482a2184.php 第 8 行.
NOTIC: [8] Undefined variable: news /guzai/TTYC/Application/Runtime/Cache/Front/4741b996fde22d44b7262dab482a2184.php 第 12 行.
NOTIC: [8] Undefined variable: news /guzai/TTYC/Application/Runtime/Cache/Front/4741b996fde22d44b7262dab482a2184.php 第 16 行.
NOTIC: [2] Illegal string offset 'total' /guzai/TTYC/Application/Runtime/Cache/Front/4741b996fde22d44b7262dab482a2184.php 第 175 行.
NOTIC: [8] Uninitialized string offset: 0 /guzai/TTYC/Application/Runtime/Cache/Front/4741b996fde22d44b7262dab482a2184.php 第 175 行.
NOTIC: [2] Illegal string offset 'sprice' /guzai/TTYC/Application/Runtime/Cache/Front/4741b996fde22d44b7262dab482a2184.php 第 176 行.
NOTIC: [8] Uninitialized string offset: 0 /guzai/TTYC/Application/Runtime/Cache/Front/4741b996fde22d44b7262dab482a2184.php 第 176 行.
NOTIC: [2] Illegal string offset 'tprice' /guzai/TTYC/Application/Runtime/Cache/Front/4741b996fde22d44b7262dab482a2184.php 第 177 行.
NOTIC: [8] Uninitialized string offset: 0 /guzai/TTYC/Application/Runtime/Cache/Front/4741b996fde22d44b7262dab482a2184.php 第 177 行.
NOTIC: [2] Illegal string offset 'eprice' /guzai/TTYC/Application/Runtime/Cache/Front/4741b996fde22d44b7262dab482a2184.php 第 178 行.
NOTIC: [8] Uninitialized string offset: 0 /guzai/TTYC/Application/Runtime/Cache/Front/4741b996fde22d44b7262dab482a2184.php 第 178 行.
NOTIC: [2] Illegal string offset 'order' /guzai/TTYC/Application/Runtime/Cache/Front/4741b996fde22d44b7262dab482a2184.php 第 189 行.
NOTIC: [8] Uninitialized string offset: 0 /guzai/TTYC/Application/Runtime/Cache/Front/4741b996fde22d44b7262dab482a2184.php 第 189 行.
NOTIC: [2] Illegal string offset 'total' /guzai/TTYC/Application/Runtime/Cache/Front/4741b996fde22d44b7262dab482a2184.php 第 189 行.
NOTIC: [8] Uninitialized string offset: 0 /guzai/TTYC/Application/Runtime/Cache/Front/4741b996fde22d44b7262dab482a2184.php 第 189 行.
NOTIC: [2] Illegal string offset 'order' /guzai/TTYC/Application/Runtime/Cache/Front/4741b996fde22d44b7262dab482a2184.php 第 274 行.
NOTIC: [8] Uninitialized string offset: 0 /guzai/TTYC/Application/Runtime/Cache/Front/4741b996fde22d44b7262dab482a2184.php 第 274 行.
NOTIC: [2] Illegal string offset 'start' /guzai/TTYC/Application/Runtime/Cache/Front/4741b996fde22d44b7262dab482a2184.php 第 274 行.
NOTIC: [8] Uninitialized string offset: 0 /guzai/TTYC/Application/Runtime/Cache/Front/4741b996fde22d44b7262dab482a2184.php 第 274 行.
NOTIC: [2] Illegal string offset 'order' /guzai/TTYC/Application/Runtime/Cache/Front/4741b996fde22d44b7262dab482a2184.php 第 284 行.
NOTIC: [8] Uninitialized string offset: 0 /guzai/TTYC/Application/Runtime/Cache/Front/4741b996fde22d44b7262dab482a2184.php 第 284 行.
NOTIC: [2] Illegal string offset 'end' /guzai/TTYC/Application/Runtime/Cache/Front/4741b996fde22d44b7262dab482a2184.php 第 284 行.
NOTIC: [8] Uninitialized string offset: 0 /guzai/TTYC/Application/Runtime/Cache/Front/4741b996fde22d44b7262dab482a2184.php 第 284 行.
NOTIC: [2] Illegal string offset 'order' /guzai/TTYC/Application/Runtime/Cache/Front/4741b996fde22d44b7262dab482a2184.php 第 293 行.
NOTIC: [8] Uninitialized string offset: 0 /guzai/TTYC/Application/Runtime/Cache/Front/4741b996fde22d44b7262dab482a2184.php 第 293 行.
NOTIC: [2] Illegal string offset 'carInfo' /guzai/TTYC/Application/Runtime/Cache/Front/4741b996fde22d44b7262dab482a2184.php 第 293 行.
NOTIC: [8] Uninitialized string offset: 0 /guzai/TTYC/Application/Runtime/Cache/Front/4741b996fde22d44b7262dab482a2184.php 第 293 行.
INFO: Run Behavior\ParseTemplateBehavior [ RunTime:0.020004s ]
INFO: [ view_parse ] --END-- [ RunTime:0.020054s ]
INFO: [ view_filter ] --START--
INFO: Run Behavior\WriteHtmlCacheBehavior [ RunTime:0.000108s ]
INFO: [ view_filter ] --END-- [ RunTime:0.000149s ]

