[ 2018-01-31T23:32:29+08:00 ] 111.30.142.233 /
INFO: [ app_init ] --START--
INFO: Run Behavior\BuildLiteBehavior [ RunTime:0.000012s ]
INFO: [ app_init ] --END-- [ RunTime:0.000232s ]
INFO: [ app_begin ] --START--
INFO: Run Behavior\ReadHtmlCacheBehavior [ RunTime:0.000315s ]
INFO: [ app_begin ] --END-- [ RunTime:0.000372s ]
SQL: SHOW COLUMNS FROM `tuo_article` [ RunTime:0.0004s ]
SQL: SELECT * FROM `tuo_article` WHERE `article_pid` = 'GY'  [ RunTime:0.0001s ]
SQL: SELECT * FROM `tuo_article` WHERE `article_pid` = 'LX'  [ RunTime:0.0001s ]
SQL: SELECT * FROM `tuo_article` WHERE `article_pid` = 'JR'  [ RunTime:0.0001s ]
SQL: SELECT * FROM `tuo_article` WHERE `article_pid` = 'QQ'  [ RunTime:0.0001s ]
SQL: SELECT * FROM `tuo_article` WHERE `article_pid` = 'FK'  [ RunTime:0.0001s ]
SQL: SELECT * FROM `tuo_article` WHERE `article_pid` = 'BZ'  [ RunTime:0.0001s ]
SQL: SELECT * FROM `tuo_article` WHERE `article_pid` = 'FW'  [ RunTime:0.0001s ]
SQL: SELECT * FROM `tuo_article` WHERE `article_pid` = 'AQ'  [ RunTime:0.0001s ]
SQL: SELECT * FROM `tuo_article` WHERE `article_pid` = 'DH'  [ RunTime:0.0001s ]
NOTIC: [8192] Function mcrypt_cbc() is deprecated /guzai/TTYC/ThinkPHP/Library/DES_PHP/DESPHP.class.php 第 47 行.
NOTIC: [2] Illegal string offset 'order' /guzai/TTYC/Application/Front/Controller/IndexController.class.php 第 17 行.
NOTIC: [8] Uninitialized string offset: 0 /guzai/TTYC/Application/Front/Controller/IndexController.class.php 第 17 行.
SQL: SHOW COLUMNS FROM `tuo_area` [ RunTime:0.0005s ]
SQL: SELECT * FROM `tuo_area` WHERE `area_pid` = 1  [ RunTime:0.0003s ]
SQL: SHOW COLUMNS FROM `tuo_carxing` [ RunTime:0.0003s ]
SQL: SELECT * FROM `tuo_carxing` WHERE `cxjj_pid` = 0  [ RunTime:0.0006s ]
SQL: SELECT * FROM `tuo_article` WHERE `article_pid` = 'XW' AND `article_img` <> '' ORDER BY article_time desc LIMIT 1   [ RunTime:0.0006s ]
SQL: SELECT * FROM `tuo_article` WHERE `article_pid` = 'XW' AND `article_id` <> '35' ORDER BY article_time desc LIMIT 3   [ RunTime:0.0013s ]
SQL: SELECT * FROM `tuo_article` WHERE `article_pid` = 'CJ' ORDER BY article_time desc LIMIT 10   [ RunTime:0.0003s ]
SQL: SELECT * FROM `tuo_article` WHERE `article_pid` = 'TTFW' ORDER BY article_id asc LIMIT 6   [ RunTime:0.0009s ]
SQL: SHOW COLUMNS FROM `tuo_link` [ RunTime:0.0003s ]
SQL: SELECT * FROM `tuo_link` WHERE `fl_status` = 'Y' ORDER BY fl_sort LIMIT 6   [ RunTime:0.0001s ]
SQL: SHOW COLUMNS FROM `tuo_adv_img` [ RunTime:0.0005s ]
SQL: SELECT * FROM `tuo_adv_img` WHERE `adv_code` = 'A'  [ RunTime:0.0003s ]
INFO: [ view_parse ] --START--
INFO: [ template_filter ] --START--
INFO: Run Behavior\ContentReplaceBehavior [ RunTime:0.000230s ]
INFO: [ template_filter ] --END-- [ RunTime:0.000300s ]
NOTIC: [8] Undefined variable: news /guzai/TTYC/Application/Runtime/Cache/Front/4741b996fde22d44b7262dab482a2184.php 第 8 行.
NOTIC: [8] Undefined variable: news /guzai/TTYC/Application/Runtime/Cache/Front/4741b996fde22d44b7262dab482a2184.php 第 12 行.
NOTIC: [8] Undefined variable: news /guzai/TTYC/Application/Runtime/Cache/Front/4741b996fde22d44b7262dab482a2184.php 第 16 行.
NOTIC: [2] Illegal string offset 'total' /guzai/TTYC/Application/Runtime/Cache/Front/4741b996fde22d44b7262dab482a2184.php 第 175 行.
NOTIC: [8] Uninitialized string offset: 0 /guzai/TTYC/Application/Runtime/Cache/Front/4741b996fde22d44b7262dab482a2184.php 第 175 行.
NOTIC: [2] Illegal string offset 'sprice' /guzai/TTYC/Application/Runtime/Cache/Front/4741b996fde22d44b7262dab482a2184.php 第 176 行.
NOTIC: [8] Uninitialized string offset: 0 /guzai/TTYC/Application/Runtime/Cache/Front/4741b996fde22d44b7262dab482a2184.php 第 176 行.
NOTIC: [2] Illegal string offset 'tprice' /guzai/TTYC/Application/Runtime/Cache/Front/4741b996fde22d44b7262dab482a2184.php 第 177 行.
NOTIC: [8] Uninitialized string offset: 0 /guzai/TTYC/Application/Runtime/Cache/Front/4741b996fde22d44b7262dab482a2184.php 第 177 行.
NOTIC: [2] Illegal string offset 'eprice' /guzai/TTYC/Application/Runtime/Cache/Front/4741b996fde22d44b7262dab482a2184.php 第 178 行.
NOTIC: [8] Uninitialized string offset: 0 /guzai/TTYC/Application/Runtime/Cache/Front/4741b996fde22d44b7262dab482a2184.php 第 178 行.
NOTIC: [2] Illegal string offset 'order' /guzai/TTYC/Application/Runtime/Cache/Front/4741b996fde22d44b7262dab482a2184.php 第 189 行.
NOTIC: [8] Uninitialized string offset: 0 /guzai/TTYC/Application/Runtime/Cache/Front/4741b996fde22d44b7262dab482a2184.php 第 189 行.
NOTIC: [2] Illegal string offset 'total' /guzai/TTYC/Application/Runtime/Cache/Front/4741b996fde22d44b7262dab482a2184.php 第 189 行.
NOTIC: [8] Uninitialized string offset: 0 /guzai/TTYC/Application/Runtime/Cache/Front/4741b996fde22d44b7262dab482a2184.php 第 189 行.
NOTIC: [2] Illegal string offset 'order' /guzai/TTYC/Application/Runtime/Cache/Front/4741b996fde22d44b7262dab482a2184.php 第 274 行.
NOTIC: [8] Uninitialized string offset: 0 /guzai/TTYC/Application/Runtime/Cache/Front/4741b996fde22d44b7262dab482a2184.php 第 274 行.
NOTIC: [2] Illegal string offset 'start' /guzai/TTYC/Application/Runtime/Cache/Front/4741b996fde22d44b7262dab482a2184.php 第 274 行.
NOTIC: [8] Uninitialized string offset: 0 /guzai/TTYC/Application/Runtime/Cache/Front/4741b996fde22d44b7262dab482a2184.php 第 274 行.
NOTIC: [2] Illegal string offset 'order' /guzai/TTYC/Application/Runtime/Cache/Front/4741b996fde22d44b7262dab482a2184.php 第 284 行.
NOTIC: [8] Uninitialized string offset: 0 /guzai/TTYC/Application/Runtime/Cache/Front/4741b996fde22d44b7262dab482a2184.php 第 284 行.
NOTIC: [2] Illegal string offset 'end' /guzai/TTYC/Application/Runtime/Cache/Front/4741b996fde22d44b7262dab482a2184.php 第 284 行.
NOTIC: [8] Uninitialized string offset: 0 /guzai/TTYC/Application/Runtime/Cache/Front/4741b996fde22d44b7262dab482a2184.php 第 284 行.
NOTIC: [2] Illegal string offset 'order' /guzai/TTYC/Application/Runtime/Cache/Front/4741b996fde22d44b7262dab482a2184.php 第 293 行.
NOTIC: [8] Uninitialized string offset: 0 /guzai/TTYC/Application/Runtime/Cache/Front/4741b996fde22d44b7262dab482a2184.php 第 293 行.
NOTIC: [2] Illegal string offset 'carInfo' /guzai/TTYC/Application/Runtime/Cache/Front/4741b996fde22d44b7262dab482a2184.php 第 293 行.
NOTIC: [8] Uninitialized string offset: 0 /guzai/TTYC/Application/Runtime/Cache/Front/4741b996fde22d44b7262dab482a2184.php 第 293 行.
INFO: Run Behavior\ParseTemplateBehavior [ RunTime:0.031904s ]
INFO: [ view_parse ] --END-- [ RunTime:0.031954s ]
INFO: [ view_filter ] --START--
INFO: Run Behavior\WriteHtmlCacheBehavior [ RunTime:0.000121s ]
INFO: [ view_filter ] --END-- [ RunTime:0.000163s ]
INFO: [ app_end ] --START--
INFO: Run Behavior\ShowPageTraceBehavior [ RunTime:0.000333s ]
INFO: [ app_end ] --END-- [ RunTime:0.000376s ]

[ 2018-01-31T23:32:29+08:00 ] 125.39.45.236 /
INFO: [ app_init ] --START--
INFO: Run Behavior\BuildLiteBehavior [ RunTime:0.000012s ]
INFO: [ app_init ] --END-- [ RunTime:0.000272s ]
INFO: [ app_begin ] --START--
INFO: Run Behavior\ReadHtmlCacheBehavior [ RunTime:0.000288s ]
INFO: [ app_begin ] --END-- [ RunTime:0.000337s ]
SQL: SHOW COLUMNS FROM `tuo_article` [ RunTime:0.0004s ]
SQL: SELECT * FROM `tuo_article` WHERE `article_pid` = 'GY'  [ RunTime:0.0003s ]
SQL: SELECT * FROM `tuo_article` WHERE `article_pid` = 'LX'  [ RunTime:0.0003s ]
SQL: SELECT * FROM `tuo_article` WHERE `article_pid` = 'JR'  [ RunTime:0.0003s ]
SQL: SELECT * FROM `tuo_article` WHERE `article_pid` = 'QQ'  [ RunTime:0.0001s ]
SQL: SELECT * FROM `tuo_article` WHERE `article_pid` = 'FK'  [ RunTime:0.0001s ]
SQL: SELECT * FROM `tuo_article` WHERE `article_pid` = 'BZ'  [ RunTime:0.0001s ]
SQL: SELECT * FROM `tuo_article` WHERE `article_pid` = 'FW'  [ RunTime:0.0000s ]
SQL: SELECT * FROM `tuo_article` WHERE `article_pid` = 'AQ'  [ RunTime:0.0000s ]
SQL: SELECT * FROM `tuo_article` WHERE `article_pid` = 'DH'  [ RunTime:0.0001s ]
NOTIC: [8192] Function mcrypt_cbc() is deprecated /guzai/TTYC/ThinkPHP/Library/DES_PHP/DESPHP.class.php 第 47 行.
NOTIC: [2] Illegal string offset 'order' /guzai/TTYC/Application/Front/Controller/IndexController.class.php 第 17 行.
NOTIC: [8] Uninitialized string offset: 0 /guzai/TTYC/Application/Front/Controller/IndexController.class.php 第 17 行.
SQL: SHOW COLUMNS FROM `tuo_area` [ RunTime:0.0006s ]
SQL: SELECT * FROM `tuo_area` WHERE `area_pid` = 1  [ RunTime:0.0003s ]
SQL: SHOW COLUMNS FROM `tuo_carxing` [ RunTime:0.0003s ]
SQL: SELECT * FROM `tuo_carxing` WHERE `cxjj_pid` = 0  [ RunTime:0.0002s ]
SQL: SELECT * FROM `tuo_article` WHERE `article_pid` = 'XW' AND `article_img` <> '' ORDER BY article_time desc LIMIT 1   [ RunTime:0.0001s ]
SQL: SELECT * FROM `tuo_article` WHERE `article_pid` = 'XW' AND `article_id` <> '35' ORDER BY article_time desc LIMIT 3   [ RunTime:0.0001s ]
SQL: SELECT * FROM `tuo_article` WHERE `article_pid` = 'CJ' ORDER BY article_time desc LIMIT 10   [ RunTime:0.0001s ]
SQL: SELECT * FROM `tuo_article` WHERE `article_pid` = 'TTFW' ORDER BY article_id asc LIMIT 6   [ RunTime:0.0001s ]
SQL: SHOW COLUMNS FROM `tuo_link` [ RunTime:0.0004s ]
SQL: SELECT * FROM `tuo_link` WHERE `fl_status` = 'Y' ORDER BY fl_sort LIMIT 6   [ RunTime:0.0003s ]
SQL: SHOW COLUMNS FROM `tuo_adv_img` [ RunTime:0.0003s ]
SQL: SELECT * FROM `tuo_adv_img` WHERE `adv_code` = 'A'  [ RunTime:0.0000s ]
INFO: [ view_parse ] --START--
INFO: [ template_filter ] --START--
INFO: Run Behavior\ContentReplaceBehavior [ RunTime:0.000231s ]
INFO: [ template_filter ] --END-- [ RunTime:0.000314s ]
NOTIC: [8] Undefined variable: news /guzai/TTYC/Application/Runtime/Cache/Front/4741b996fde22d44b7262dab482a2184.php 第 8 行.
NOTIC: [8] Undefined variable: news /guzai/TTYC/Application/Runtime/Cache/Front/4741b996fde22d44b7262dab482a2184.php 第 12 行.
NOTIC: [8] Undefined variable: news /guzai/TTYC/Application/Runtime/Cache/Front/4741b996fde22d44b7262dab482a2184.php 第 16 行.
NOTIC: [2] Illegal string offset 'total' /guzai/TTYC/Application/Runtime/Cache/Front/4741b996fde22d44b7262dab482a2184.php 第 175 行.
NOTIC: [8] Uninitialized string offset: 0 /guzai/TTYC/Application/Runtime/Cache/Front/4741b996fde22d44b7262dab482a2184.php 第 175 行.
NOTIC: [2] Illegal string offset 'sprice' /guzai/TTYC/Application/Runtime/Cache/Front/4741b996fde22d44b7262dab482a2184.php 第 176 行.
NOTIC: [8] Uninitialized string offset: 0 /guzai/TTYC/Application/Runtime/Cache/Front/4741b996fde22d44b7262dab482a2184.php 第 176 行.
NOTIC: [2] Illegal string offset 'tprice' /guzai/TTYC/Application/Runtime/Cache/Front/4741b996fde22d44b7262dab482a2184.php 第 177 行.
NOTIC: [8] Uninitialized string offset: 0 /guzai/TTYC/Application/Runtime/Cache/Front/4741b996fde22d44b7262dab482a2184.php 第 177 行.
NOTIC: [2] Illegal string offset 'eprice' /guzai/TTYC/Application/Runtime/Cache/Front/4741b996fde22d44b7262dab482a2184.php 第 178 行.
NOTIC: [8] Uninitialized string offset: 0 /guzai/TTYC/Application/Runtime/Cache/Front/4741b996fde22d44b7262dab482a2184.php 第 178 行.
NOTIC: [2] Illegal string offset 'order' /guzai/TTYC/Application/Runtime/Cache/Front/4741b996fde22d44b7262dab482a2184.php 第 189 行.
NOTIC: [8] Uninitialized string offset: 0 /guzai/TTYC/Application/Runtime/Cache/Front/4741b996fde22d44b7262dab482a2184.php 第 189 行.
NOTIC: [2] Illegal string offset 'total' /guzai/TTYC/Application/Runtime/Cache/Front/4741b996fde22d44b7262dab482a2184.php 第 189 行.
NOTIC: [8] Uninitialized string offset: 0 /guzai/TTYC/Application/Runtime/Cache/Front/4741b996fde22d44b7262dab482a2184.php 第 189 行.
NOTIC: [2] Illegal string offset 'order' /guzai/TTYC/Application/Runtime/Cache/Front/4741b996fde22d44b7262dab482a2184.php 第 274 行.
NOTIC: [8] Uninitialized string offset: 0 /guzai/TTYC/Application/Runtime/Cache/Front/4741b996fde22d44b7262dab482a2184.php 第 274 行.
NOTIC: [2] Illegal string offset 'start' /guzai/TTYC/Application/Runtime/Cache/Front/4741b996fde22d44b7262dab482a2184.php 第 274 行.
NOTIC: [8] Uninitialized string offset: 0 /guzai/TTYC/Application/Runtime/Cache/Front/4741b996fde22d44b7262dab482a2184.php 第 274 行.
NOTIC: [2] Illegal string offset 'order' /guzai/TTYC/Application/Runtime/Cache/Front/4741b996fde22d44b7262dab482a2184.php 第 284 行.
NOTIC: [8] Uninitialized string offset: 0 /guzai/TTYC/Application/Runtime/Cache/Front/4741b996fde22d44b7262dab482a2184.php 第 284 行.
NOTIC: [2] Illegal string offset 'end' /guzai/TTYC/Application/Runtime/Cache/Front/4741b996fde22d44b7262dab482a2184.php 第 284 行.
NOTIC: [8] Uninitialized string offset: 0 /guzai/TTYC/Application/Runtime/Cache/Front/4741b996fde22d44b7262dab482a2184.php 第 284 行.
NOTIC: [2] Illegal string offset 'order' /guzai/TTYC/Application/Runtime/Cache/Front/4741b996fde22d44b7262dab482a2184.php 第 293 行.
NOTIC: [8] Uninitialized string offset: 0 /guzai/TTYC/Application/Runtime/Cache/Front/4741b996fde22d44b7262dab482a2184.php 第 293 行.
NOTIC: [2] Illegal string offset 'carInfo' /guzai/TTYC/Application/Runtime/Cache/Front/4741b996fde22d44b7262dab482a2184.php 第 293 行.
NOTIC: [8] Uninitialized string offset: 0 /guzai/TTYC/Application/Runtime/Cache/Front/4741b996fde22d44b7262dab482a2184.php 第 293 行.
INFO: Run Behavior\ParseTemplateBehavior [ RunTime:0.020610s ]
INFO: [ view_parse ] --END-- [ RunTime:0.020667s ]
INFO: [ view_filter ] --START--
INFO: Run Behavior\WriteHtmlCacheBehavior [ RunTime:0.000132s ]
INFO: [ view_filter ] --END-- [ RunTime:0.000176s ]
INFO: [ app_end ] --START--
INFO: Run Behavior\ShowPageTraceBehavior [ RunTime:0.000325s ]
INFO: [ app_end ] --END-- [ RunTime:0.000371s ]

[ 2018-01-31T23:32:29+08:00 ] 125.39.132.94 /
INFO: [ app_init ] --START--
INFO: Run Behavior\BuildLiteBehavior [ RunTime:0.000014s ]
INFO: [ app_init ] --END-- [ RunTime:0.000278s ]
INFO: [ app_begin ] --START--
INFO: Run Behavior\ReadHtmlCacheBehavior [ RunTime:0.000290s ]
INFO: [ app_begin ] --END-- [ RunTime:0.000339s ]
SQL: SHOW COLUMNS FROM `tuo_article` [ RunTime:0.0057s ]
SQL: SELECT * FROM `tuo_article` WHERE `article_pid` = 'GY'  [ RunTime:0.0009s ]
SQL: SELECT * FROM `tuo_article` WHERE `article_pid` = 'LX'  [ RunTime:0.0003s ]
SQL: SELECT * FROM `tuo_article` WHERE `article_pid` = 'JR'  [ RunTime:0.0003s ]
SQL: SELECT * FROM `tuo_article` WHERE `article_pid` = 'QQ'  [ RunTime:0.0001s ]
SQL: SELECT * FROM `tuo_article` WHERE `article_pid` = 'FK'  [ RunTime:0.0001s ]
SQL: SELECT * FROM `tuo_article` WHERE `article_pid` = 'BZ'  [ RunTime:0.0001s ]
SQL: SELECT * FROM `tuo_article` WHERE `article_pid` = 'FW'  [ RunTime:0.0001s ]
SQL: SELECT * FROM `tuo_article` WHERE `article_pid` = 'AQ'  [ RunTime:0.0000s ]
SQL: SELECT * FROM `tuo_article` WHERE `article_pid` = 'DH'  [ RunTime:0.0001s ]
NOTIC: [8192] Function mcrypt_cbc() is deprecated /guzai/TTYC/ThinkPHP/Library/DES_PHP/DESPHP.class.php 第 47 行.
NOTIC: [2] Illegal string offset 'order' /guzai/TTYC/Application/Front/Controller/IndexController.class.php 第 17 行.
NOTIC: [8] Uninitialized string offset: 0 /guzai/TTYC/Application/Front/Controller/IndexController.class.php 第 17 行.
SQL: SHOW COLUMNS FROM `tuo_area` [ RunTime:0.0006s ]
SQL: SELECT * FROM `tuo_area` WHERE `area_pid` = 1  [ RunTime:0.0037s ]
SQL: SHOW COLUMNS FROM `tuo_carxing` [ RunTime:0.0004s ]
SQL: SELECT * FROM `tuo_carxing` WHERE `cxjj_pid` = 0  [ RunTime:0.0002s ]
SQL: SELECT * FROM `tuo_article` WHERE `article_pid` = 'XW' AND `article_img` <> '' ORDER BY article_time desc LIMIT 1   [ RunTime:0.0001s ]
SQL: SELECT * FROM `tuo_article` WHERE `article_pid` = 'XW' AND `article_id` <> '35' ORDER BY article_time desc LIMIT 3   [ RunTime:0.0001s ]
SQL: SELECT * FROM `tuo_article` WHERE `article_pid` = 'CJ' ORDER BY article_time desc LIMIT 10   [ RunTime:0.0001s ]
SQL: SELECT * FROM `tuo_article` WHERE `article_pid` = 'TTFW' ORDER BY article_id asc LIMIT 6   [ RunTime:0.0001s ]
SQL: SHOW COLUMNS FROM `tuo_link` [ RunTime:0.0003s ]
SQL: SELECT * FROM `tuo_link` WHERE `fl_status` = 'Y' ORDER BY fl_sort LIMIT 6   [ RunTime:0.0001s ]
SQL: SHOW COLUMNS FROM `tuo_adv_img` [ RunTime:0.0003s ]
SQL: SELECT * FROM `tuo_adv_img` WHERE `adv_code` = 'A'  [ RunTime:0.0001s ]
INFO: [ view_parse ] --START--
INFO: [ template_filter ] --START--
INFO: Run Behavior\ContentReplaceBehavior [ RunTime:0.000233s ]
INFO: [ template_filter ] --END-- [ RunTime:0.000304s ]
NOTIC: [8] Undefined variable: news /guzai/TTYC/Application/Runtime/Cache/Front/4741b996fde22d44b7262dab482a2184.php 第 8 行.
NOTIC: [8] Undefined variable: news /guzai/TTYC/Application/Runtime/Cache/Front/4741b996fde22d44b7262dab482a2184.php 第 12 行.
NOTIC: [8] Undefined variable: news /guzai/TTYC/Application/Runtime/Cache/Front/4741b996fde22d44b7262dab482a2184.php 第 16 行.
NOTIC: [2] Illegal string offset 'total' /guzai/TTYC/Application/Runtime/Cache/Front/4741b996fde22d44b7262dab482a2184.php 第 175 行.
NOTIC: [8] Uninitialized string offset: 0 /guzai/TTYC/Application/Runtime/Cache/Front/4741b996fde22d44b7262dab482a2184.php 第 175 行.
NOTIC: [2] Illegal string offset 'sprice' /guzai/TTYC/Application/Runtime/Cache/Front/4741b996fde22d44b7262dab482a2184.php 第 176 行.
NOTIC: [8] Uninitialized string offset: 0 /guzai/TTYC/Application/Runtime/Cache/Front/4741b996fde22d44b7262dab482a2184.php 第 176 行.
NOTIC: [2] Illegal string offset 'tprice' /guzai/TTYC/Application/Runtime/Cache/Front/4741b996fde22d44b7262dab482a2184.php 第 177 行.
NOTIC: [8] Uninitialized string offset: 0 /guzai/TTYC/Application/Runtime/Cache/Front/4741b996fde22d44b7262dab482a2184.php 第 177 行.
NOTIC: [2] Illegal string offset 'eprice' /guzai/TTYC/Application/Runtime/Cache/Front/4741b996fde22d44b7262dab482a2184.php 第 178 行.
NOTIC: [8] Uninitialized string offset: 0 /guzai/TTYC/Application/Runtime/Cache/Front/4741b996fde22d44b7262dab482a2184.php 第 178 行.
NOTIC: [2] Illegal string offset 'order' /guzai/TTYC/Application/Runtime/Cache/Front/4741b996fde22d44b7262dab482a2184.php 第 189 行.
NOTIC: [8] Uninitialized string offset: 0 /guzai/TTYC/Application/Runtime/Cache/Front/4741b996fde22d44b7262dab482a2184.php 第 189 行.
NOTIC: [2] Illegal string offset 'total' /guzai/TTYC/Application/Runtime/Cache/Front/4741b996fde22d44b7262dab482a2184.php 第 189 行.
NOTIC: [8] Uninitialized string offset: 0 /guzai/TTYC/Application/Runtime/Cache/Front/4741b996fde22d44b7262dab482a2184.php 第 189 行.
NOTIC: [2] Illegal string offset 'order' /guzai/TTYC/Application/Runtime/Cache/Front/4741b996fde22d44b7262dab482a2184.php 第 274 行.
NOTIC: [8] Uninitialized string offset: 0 /guzai/TTYC/Application/Runtime/Cache/Front/4741b996fde22d44b7262dab482a2184.php 第 274 行.
NOTIC: [2] Illegal string offset 'start' /guzai/TTYC/Application/Runtime/Cache/Front/4741b996fde22d44b7262dab482a2184.php 第 274 行.
NOTIC: [8] Uninitialized string offset: 0 /guzai/TTYC/Application/Runtime/Cache/Front/4741b996fde22d44b7262dab482a2184.php 第 274 行.
NOTIC: [2] Illegal string offset 'order' /guzai/TTYC/Application/Runtime/Cache/Front/4741b996fde22d44b7262dab482a2184.php 第 284 行.
NOTIC: [8] Uninitialized string offset: 0 /guzai/TTYC/Application/Runtime/Cache/Front/4741b996fde22d44b7262dab482a2184.php 第 284 行.
NOTIC: [2] Illegal string offset 'end' /guzai/TTYC/Application/Runtime/Cache/Front/4741b996fde22d44b7262dab482a2184.php 第 284 行.
NOTIC: [8] Uninitialized string offset: 0 /guzai/TTYC/Application/Runtime/Cache/Front/4741b996fde22d44b7262dab482a2184.php 第 284 行.
NOTIC: [2] Illegal string offset 'order' /guzai/TTYC/Application/Runtime/Cache/Front/4741b996fde22d44b7262dab482a2184.php 第 293 行.
NOTIC: [8] Uninitialized string offset: 0 /guzai/TTYC/Application/Runtime/Cache/Front/4741b996fde22d44b7262dab482a2184.php 第 293 行.
NOTIC: [2] Illegal string offset 'carInfo' /guzai/TTYC/Application/Runtime/Cache/Front/4741b996fde22d44b7262dab482a2184.php 第 293 行.
NOTIC: [8] Uninitialized string offset: 0 /guzai/TTYC/Application/Runtime/Cache/Front/4741b996fde22d44b7262dab482a2184.php 第 293 行.
INFO: Run Behavior\ParseTemplateBehavior [ RunTime:0.019384s ]
INFO: [ view_parse ] --END-- [ RunTime:0.019431s ]
INFO: [ view_filter ] --START--
INFO: Run Behavior\WriteHtmlCacheBehavior [ RunTime:0.000115s ]
INFO: [ view_filter ] --END-- [ RunTime:0.000156s ]
INFO: [ app_end ] --START--
INFO: Run Behavior\ShowPageTraceBehavior [ RunTime:0.000323s ]
INFO: [ app_end ] --END-- [ RunTime:0.000368s ]

[ 2018-01-31T23:34:06+08:00 ] 220.181.108.183 /front/footer/detail/code/ac14732209067h52
INFO: [ app_init ] --START--
INFO: Run Behavior\BuildLiteBehavior [ RunTime:0.000014s ]
INFO: [ app_init ] --END-- [ RunTime:0.000279s ]
INFO: [ app_begin ] --START--
INFO: Run Behavior\ReadHtmlCacheBehavior [ RunTime:0.000294s ]
INFO: [ app_begin ] --END-- [ RunTime:0.000344s ]
SQL: SHOW COLUMNS FROM `tuo_article` [ RunTime:0.0006s ]
SQL: SELECT * FROM `tuo_article` WHERE `article_pid` = 'GY'  [ RunTime:0.0001s ]
SQL: SELECT * FROM `tuo_article` WHERE `article_pid` = 'LX'  [ RunTime:0.0001s ]
SQL: SELECT * FROM `tuo_article` WHERE `article_pid` = 'JR'  [ RunTime:0.0001s ]
SQL: SELECT * FROM `tuo_article` WHERE `article_pid` = 'QQ'  [ RunTime:0.0001s ]
SQL: SELECT * FROM `tuo_article` WHERE `article_pid` = 'FK'  [ RunTime:0.0001s ]
SQL: SELECT * FROM `tuo_article` WHERE `article_pid` = 'BZ'  [ RunTime:0.0001s ]
SQL: SELECT * FROM `tuo_article` WHERE `article_pid` = 'FW'  [ RunTime:0.0001s ]
SQL: SELECT * FROM `tuo_article` WHERE `article_pid` = 'AQ'  [ RunTime:0.0001s ]
SQL: SELECT * FROM `tuo_article` WHERE `article_pid` = 'DH'  [ RunTime:0.0001s ]
NOTIC: [8192] Function mcrypt_cbc() is deprecated /guzai/TTYC/ThinkPHP/Library/DES_PHP/DESPHP.class.php 第 47 行.
SQL: SELECT * FROM `tuo_article` WHERE `article_code` = 'ac14732209067h52' LIMIT 1   [ RunTime:0.0001s ]
INFO: [ view_parse ] --START--
INFO: [ template_filter ] --START--
INFO: Run Behavior\ContentReplaceBehavior [ RunTime:0.000099s ]
INFO: [ template_filter ] --END-- [ RunTime:0.000155s ]
NOTIC: [8] Undefined variable: news /guzai/TTYC/Application/Runtime/Cache/Front/8aec47bbbb9a701af685d56244f632fd.php 第 8 行.
NOTIC: [8] Undefined variable: news /guzai/TTYC/Application/Runtime/Cache/Front/8aec47bbbb9a701af685d56244f632fd.php 第 12 行.
NOTIC: [8] Undefined variable: news /guzai/TTYC/Application/Runtime/Cache/Front/8aec47bbbb9a701af685d56244f632fd.php 第 16 行.
INFO: Run Behavior\ParseTemplateBehavior [ RunTime:0.010880s ]
INFO: [ view_parse ] --END-- [ RunTime:0.010925s ]
INFO: [ view_filter ] --START--
INFO: Run Behavior\WriteHtmlCacheBehavior [ RunTime:0.000119s ]
INFO: [ view_filter ] --END-- [ RunTime:0.000158s ]
INFO: [ app_end ] --START--
INFO: Run Behavior\ShowPageTraceBehavior [ RunTime:0.000333s ]
INFO: [ app_end ] --END-- [ RunTime:0.000379s ]

[ 2018-01-31T23:42:44+08:00 ] 220.181.108.168 /front/order/normal
INFO: [ app_init ] --START--
INFO: Run Behavior\BuildLiteBehavior [ RunTime:0.000013s ]
INFO: [ app_init ] --END-- [ RunTime:0.000242s ]
INFO: [ app_begin ] --START--
INFO: Run Behavior\ReadHtmlCacheBehavior [ RunTime:0.000282s ]
INFO: [ app_begin ] --END-- [ RunTime:0.000330s ]
SQL: SHOW COLUMNS FROM `tuo_article` [ RunTime:0.0005s ]
SQL: SELECT * FROM `tuo_article` WHERE `article_pid` = 'GY'  [ RunTime:0.0001s ]
SQL: SELECT * FROM `tuo_article` WHERE `article_pid` = 'LX'  [ RunTime:0.0001s ]
SQL: SELECT * FROM `tuo_article` WHERE `article_pid` = 'JR'  [ RunTime:0.0001s ]
SQL: SELECT * FROM `tuo_article` WHERE `article_pid` = 'QQ'  [ RunTime:0.0001s ]
SQL: SELECT * FROM `tuo_article` WHERE `article_pid` = 'FK'  [ RunTime:0.0001s ]
SQL: SELECT * FROM `tuo_article` WHERE `article_pid` = 'BZ'  [ RunTime:0.0001s ]
SQL: SELECT * FROM `tuo_article` WHERE `article_pid` = 'FW'  [ RunTime:0.0001s ]
SQL: SELECT * FROM `tuo_article` WHERE `article_pid` = 'AQ'  [ RunTime:0.0001s ]
SQL: SELECT * FROM `tuo_article` WHERE `article_pid` = 'DH'  [ RunTime:0.0001s ]
NOTIC: [8192] Function mcrypt_cbc() is deprecated /guzai/TTYC/ThinkPHP/Library/DES_PHP/DESPHP.class.php 第 47 行.
NOTIC: [8192] Function mcrypt_cbc() is deprecated /guzai/TTYC/ThinkPHP/Library/DES_PHP/DESPHP.class.php 第 47 行.
SQL: SELECT * FROM `tuo_article` WHERE `article_pid` = 'GY'  [ RunTime:0.0001s ]
SQL: SELECT * FROM `tuo_article` WHERE `article_pid` = 'LX'  [ RunTime:0.0001s ]
SQL: SELECT * FROM `tuo_article` WHERE `article_pid` = 'JR'  [ RunTime:0.0001s ]
SQL: SELECT * FROM `tuo_article` WHERE `article_pid` = 'QQ'  [ RunTime:0.0001s ]
SQL: SELECT * FROM `tuo_article` WHERE `article_pid` = 'FK'  [ RunTime:0.0001s ]
SQL: SELECT * FROM `tuo_article` WHERE `article_pid` = 'BZ'  [ RunTime:0.0001s ]
SQL: SELECT * FROM `tuo_article` WHERE `article_pid` = 'FW'  [ RunTime:0.0001s ]
SQL: SELECT * FROM `tuo_article` WHERE `article_pid` = 'AQ'  [ RunTime:0.0001s ]
SQL: SELECT * FROM `tuo_article` WHERE `article_pid` = 'DH'  [ RunTime:0.0001s ]
NOTIC: [8192] Function mcrypt_cbc() is deprecated /guzai/TTYC/ThinkPHP/Library/DES_PHP/DESPHP.class.php 第 47 行.
NOTIC: [8192] Function mcrypt_cbc() is deprecated /guzai/TTYC/ThinkPHP/Library/DES_PHP/DESPHP.class.php 第 47 行.
INFO: [ view_parse ] --START--
INFO: [ template_filter ] --START--
INFO: Run Behavior\ContentReplaceBehavior [ RunTime:0.000114s ]
INFO: [ template_filter ] --END-- [ RunTime:0.000165s ]
NOTIC: [8] Undefined variable: news /guzai/TTYC/Application/Runtime/Cache/Front/d97f7a98deb4f2e555abc572b362567d.php 第 8 行.
NOTIC: [8] Undefined variable: news /guzai/TTYC/Application/Runtime/Cache/Front/d97f7a98deb4f2e555abc572b362567d.php 第 12 行.
NOTIC: [8] Undefined variable: news /guzai/TTYC/Application/Runtime/Cache/Front/d97f7a98deb4f2e555abc572b362567d.php 第 16 行.
INFO: Run Behavior\ParseTemplateBehavior [ RunTime:0.011524s ]
INFO: [ view_parse ] --END-- [ RunTime:0.011568s ]
INFO: [ view_filter ] --START--
INFO: Run Behavior\WriteHtmlCacheBehavior [ RunTime:0.000118s ]
INFO: [ view_filter ] --END-- [ RunTime:0.000165s ]

[ 2018-01-31T23:51:23+08:00 ] 123.125.71.29 /front/news/detail/code/ac1473552672ult4
INFO: [ app_init ] --START--
INFO: Run Behavior\BuildLiteBehavior [ RunTime:0.000014s ]
INFO: [ app_init ] --END-- [ RunTime:0.000248s ]
INFO: [ app_begin ] --START--
INFO: Run Behavior\ReadHtmlCacheBehavior [ RunTime:0.000297s ]
INFO: [ app_begin ] --END-- [ RunTime:0.000347s ]
SQL: SHOW COLUMNS FROM `tuo_article` [ RunTime:0.0004s ]
SQL: SELECT * FROM `tuo_article` WHERE `article_pid` = 'GY'  [ RunTime:0.0001s ]
SQL: SELECT * FROM `tuo_article` WHERE `article_pid` = 'LX'  [ RunTime:0.0001s ]
SQL: SELECT * FROM `tuo_article` WHERE `article_pid` = 'JR'  [ RunTime:0.0001s ]
SQL: SELECT * FROM `tuo_article` WHERE `article_pid` = 'QQ'  [ RunTime:0.0001s ]
SQL: SELECT * FROM `tuo_article` WHERE `article_pid` = 'FK'  [ RunTime:0.0001s ]
SQL: SELECT * FROM `tuo_article` WHERE `article_pid` = 'BZ'  [ RunTime:0.0001s ]
SQL: SELECT * FROM `tuo_article` WHERE `article_pid` = 'FW'  [ RunTime:0.0001s ]
SQL: SELECT * FROM `tuo_article` WHERE `article_pid` = 'AQ'  [ RunTime:0.0001s ]
SQL: SELECT * FROM `tuo_article` WHERE `article_pid` = 'DH'  [ RunTime:0.0001s ]
NOTIC: [8192] Function mcrypt_cbc() is deprecated /guzai/TTYC/ThinkPHP/Library/DES_PHP/DESPHP.class.php 第 47 行.
SQL: SELECT * FROM `tuo_article` WHERE `article_code` = 'ac1473552672ult4' LIMIT 1   [ RunTime:0.0003s ]
INFO: [ view_parse ] --START--
INFO: [ template_filter ] --START--
INFO: Run Behavior\ContentReplaceBehavior [ RunTime:0.000098s ]
INFO: [ template_filter ] --END-- [ RunTime:0.000147s ]
INFO: Run Behavior\ParseTemplateBehavior [ RunTime:0.010908s ]
INFO: [ view_parse ] --END-- [ RunTime:0.010960s ]
INFO: [ view_filter ] --START--
INFO: Run Behavior\WriteHtmlCacheBehavior [ RunTime:0.000110s ]
INFO: [ view_filter ] --END-- [ RunTime:0.000150s ]
INFO: [ app_end ] --START--
INFO: Run Behavior\ShowPageTraceBehavior [ RunTime:0.000301s ]
INFO: [ app_end ] --END-- [ RunTime:0.000343s ]

[ 2018-01-31T23:55:39+08:00 ] 121.205.48.128 /
INFO: [ app_init ] --START--
INFO: Run Behavior\BuildLiteBehavior [ RunTime:0.000014s ]
INFO: [ app_init ] --END-- [ RunTime:0.000257s ]
INFO: [ app_begin ] --START--
INFO: Run Behavior\ReadHtmlCacheBehavior [ RunTime:0.000287s ]
INFO: [ app_begin ] --END-- [ RunTime:0.000336s ]
SQL: SHOW COLUMNS FROM `tuo_article` [ RunTime:0.0005s ]
SQL: SELECT * FROM `tuo_article` WHERE `article_pid` = 'GY'  [ RunTime:0.0001s ]
SQL: SELECT * FROM `tuo_article` WHERE `article_pid` = 'LX'  [ RunTime:0.0001s ]
SQL: SELECT * FROM `tuo_article` WHERE `article_pid` = 'JR'  [ RunTime:0.0001s ]
SQL: SELECT * FROM `tuo_article` WHERE `article_pid` = 'QQ'  [ RunTime:0.0001s ]
SQL: SELECT * FROM `tuo_article` WHERE `article_pid` = 'FK'  [ RunTime:0.0001s ]
SQL: SELECT * FROM `tuo_article` WHERE `article_pid` = 'BZ'  [ RunTime:0.0001s ]
SQL: SELECT * FROM `tuo_article` WHERE `article_pid` = 'FW'  [ RunTime:0.0001s ]
SQL: SELECT * FROM `tuo_article` WHERE `article_pid` = 'AQ'  [ RunTime:0.0001s ]
SQL: SELECT * FROM `tuo_article` WHERE `article_pid` = 'DH'  [ RunTime:0.0001s ]
NOTIC: [8192] Function mcrypt_cbc() is deprecated /guzai/TTYC/ThinkPHP/Library/DES_PHP/DESPHP.class.php 第 47 行.
NOTIC: [2] Illegal string offset 'order' /guzai/TTYC/Application/Front/Controller/IndexController.class.php 第 17 行.
NOTIC: [8] Uninitialized string offset: 0 /guzai/TTYC/Application/Front/Controller/IndexController.class.php 第 17 行.
SQL: SHOW COLUMNS FROM `tuo_area` [ RunTime:0.0003s ]
SQL: SELECT * FROM `tuo_area` WHERE `area_pid` = 1  [ RunTime:0.0001s ]
SQL: SHOW COLUMNS FROM `tuo_carxing` [ RunTime:0.0003s ]
SQL: SELECT * FROM `tuo_carxing` WHERE `cxjj_pid` = 0  [ RunTime:0.0003s ]
SQL: SELECT * FROM `tuo_article` WHERE `article_pid` = 'XW' AND `article_img` <> '' ORDER BY article_time desc LIMIT 1   [ RunTime:0.0001s ]
SQL: SELECT * FROM `tuo_article` WHERE `article_pid` = 'XW' AND `article_id` <> '35' ORDER BY article_time desc LIMIT 3   [ RunTime:0.0001s ]
SQL: SELECT * FROM `tuo_article` WHERE `article_pid` = 'CJ' ORDER BY article_time desc LIMIT 10   [ RunTime:0.0001s ]
SQL: SELECT * FROM `tuo_article` WHERE `article_pid` = 'TTFW' ORDER BY article_id asc LIMIT 6   [ RunTime:0.0001s ]
SQL: SHOW COLUMNS FROM `tuo_link` [ RunTime:0.0003s ]
SQL: SELECT * FROM `tuo_link` WHERE `fl_status` = 'Y' ORDER BY fl_sort LIMIT 6   [ RunTime:0.0001s ]
SQL: SHOW COLUMNS FROM `tuo_adv_img` [ RunTime:0.0003s ]
SQL: SELECT * FROM `tuo_adv_img` WHERE `adv_code` = 'A'  [ RunTime:0.0001s ]
INFO: [ view_parse ] --START--
INFO: [ template_filter ] --START--
INFO: Run Behavior\ContentReplaceBehavior [ RunTime:0.000257s ]
INFO: [ template_filter ] --END-- [ RunTime:0.000326s ]
NOTIC: [8] Undefined variable: news /guzai/TTYC/Application/Runtime/Cache/Front/4741b996fde22d44b7262dab482a2184.php 第 8 行.
NOTIC: [8] Undefined variable: news /guzai/TTYC/Application/Runtime/Cache/Front/4741b996fde22d44b7262dab482a2184.php 第 12 行.
NOTIC: [8] Undefined variable: news /guzai/TTYC/Application/Runtime/Cache/Front/4741b996fde22d44b7262dab482a2184.php 第 16 行.
NOTIC: [2] Illegal string offset 'total' /guzai/TTYC/Application/Runtime/Cache/Front/4741b996fde22d44b7262dab482a2184.php 第 175 行.
NOTIC: [8] Uninitialized string offset: 0 /guzai/TTYC/Application/Runtime/Cache/Front/4741b996fde22d44b7262dab482a2184.php 第 175 行.
NOTIC: [2] Illegal string offset 'sprice' /guzai/TTYC/Application/Runtime/Cache/Front/4741b996fde22d44b7262dab482a2184.php 第 176 行.
NOTIC: [8] Uninitialized string offset: 0 /guzai/TTYC/Application/Runtime/Cache/Front/4741b996fde22d44b7262dab482a2184.php 第 176 行.
NOTIC: [2] Illegal string offset 'tprice' /guzai/TTYC/Application/Runtime/Cache/Front/4741b996fde22d44b7262dab482a2184.php 第 177 行.
NOTIC: [8] Uninitialized string offset: 0 /guzai/TTYC/Application/Runtime/Cache/Front/4741b996fde22d44b7262dab482a2184.php 第 177 行.
NOTIC: [2] Illegal string offset 'eprice' /guzai/TTYC/Application/Runtime/Cache/Front/4741b996fde22d44b7262dab482a2184.php 第 178 行.
NOTIC: [8] Uninitialized string offset: 0 /guzai/TTYC/Application/Runtime/Cache/Front/4741b996fde22d44b7262dab482a2184.php 第 178 行.
NOTIC: [2] Illegal string offset 'order' /guzai/TTYC/Application/Runtime/Cache/Front/4741b996fde22d44b7262dab482a2184.php 第 189 行.
NOTIC: [8] Uninitialized string offset: 0 /guzai/TTYC/Application/Runtime/Cache/Front/4741b996fde22d44b7262dab482a2184.php 第 189 行.
NOTIC: [2] Illegal string offset 'total' /guzai/TTYC/Application/Runtime/Cache/Front/4741b996fde22d44b7262dab482a2184.php 第 189 行.
NOTIC: [8] Uninitialized string offset: 0 /guzai/TTYC/Application/Runtime/Cache/Front/4741b996fde22d44b7262dab482a2184.php 第 189 行.
NOTIC: [2] Illegal string offset 'order' /guzai/TTYC/Application/Runtime/Cache/Front/4741b996fde22d44b7262dab482a2184.php 第 274 行.
NOTIC: [8] Uninitialized string offset: 0 /guzai/TTYC/Application/Runtime/Cache/Front/4741b996fde22d44b7262dab482a2184.php 第 274 行.
NOTIC: [2] Illegal string offset 'start' /guzai/TTYC/Application/Runtime/Cache/Front/4741b996fde22d44b7262dab482a2184.php 第 274 行.
NOTIC: [8] Uninitialized string offset: 0 /guzai/TTYC/Application/Runtime/Cache/Front/4741b996fde22d44b7262dab482a2184.php 第 274 行.
NOTIC: [2] Illegal string offset 'order' /guzai/TTYC/Application/Runtime/Cache/Front/4741b996fde22d44b7262dab482a2184.php 第 284 行.
NOTIC: [8] Uninitialized string offset: 0 /guzai/TTYC/Application/Runtime/Cache/Front/4741b996fde22d44b7262dab482a2184.php 第 284 行.
NOTIC: [2] Illegal string offset 'end' /guzai/TTYC/Application/Runtime/Cache/Front/4741b996fde22d44b7262dab482a2184.php 第 284 行.
NOTIC: [8] Uninitialized string offset: 0 /guzai/TTYC/Application/Runtime/Cache/Front/4741b996fde22d44b7262dab482a2184.php 第 284 行.
NOTIC: [2] Illegal string offset 'order' /guzai/TTYC/Application/Runtime/Cache/Front/4741b996fde22d44b7262dab482a2184.php 第 293 行.
NOTIC: [8] Uninitialized string offset: 0 /guzai/TTYC/Application/Runtime/Cache/Front/4741b996fde22d44b7262dab482a2184.php 第 293 行.
NOTIC: [2] Illegal string offset 'carInfo' /guzai/TTYC/Application/Runtime/Cache/Front/4741b996fde22d44b7262dab482a2184.php 第 293 行.
NOTIC: [8] Uninitialized string offset: 0 /guzai/TTYC/Application/Runtime/Cache/Front/4741b996fde22d44b7262dab482a2184.php 第 293 行.
INFO: Run Behavior\ParseTemplateBehavior [ RunTime:0.020023s ]
INFO: [ view_parse ] --END-- [ RunTime:0.020084s ]
INFO: [ view_filter ] --START--
INFO: Run Behavior\WriteHtmlCacheBehavior [ RunTime:0.000121s ]
INFO: [ view_filter ] --END-- [ RunTime:0.000163s ]
INFO: [ app_end ] --START--
INFO: Run Behavior\ShowPageTraceBehavior [ RunTime:0.000334s ]
INFO: [ app_end ] --END-- [ RunTime:0.000379s ]

[ 2018-01-31T23:57:36+08:00 ] 112.17.243.129 /
INFO: [ app_init ] --START--
INFO: Run Behavior\BuildLiteBehavior [ RunTime:0.000015s ]
INFO: [ app_init ] --END-- [ RunTime:0.000253s ]
INFO: [ app_begin ] --START--
INFO: Run Behavior\ReadHtmlCacheBehavior [ RunTime:0.000304s ]
INFO: [ app_begin ] --END-- [ RunTime:0.000354s ]
SQL: SHOW COLUMNS FROM `tuo_article` [ RunTime:0.0005s ]
SQL: SELECT * FROM `tuo_article` WHERE `article_pid` = 'GY'  [ RunTime:0.0001s ]
SQL: SELECT * FROM `tuo_article` WHERE `article_pid` = 'LX'  [ RunTime:0.0001s ]
SQL: SELECT * FROM `tuo_article` WHERE `article_pid` = 'JR'  [ RunTime:0.0001s ]
SQL: SELECT * FROM `tuo_article` WHERE `article_pid` = 'QQ'  [ RunTime:0.0001s ]
SQL: SELECT * FROM `tuo_article` WHERE `article_pid` = 'FK'  [ RunTime:0.0001s ]
SQL: SELECT * FROM `tuo_article` WHERE `article_pid` = 'BZ'  [ RunTime:0.0001s ]
SQL: SELECT * FROM `tuo_article` WHERE `article_pid` = 'FW'  [ RunTime:0.0001s ]
SQL: SELECT * FROM `tuo_article` WHERE `article_pid` = 'AQ'  [ RunTime:0.0001s ]
SQL: SELECT * FROM `tuo_article` WHERE `article_pid` = 'DH'  [ RunTime:0.0001s ]
NOTIC: [8192] Function mcrypt_cbc() is deprecated /guzai/TTYC/ThinkPHP/Library/DES_PHP/DESPHP.class.php 第 47 行.
NOTIC: [2] Illegal string offset 'order' /guzai/TTYC/Application/Front/Controller/IndexController.class.php 第 17 行.
NOTIC: [8] Uninitialized string offset: 0 /guzai/TTYC/Application/Front/Controller/IndexController.class.php 第 17 行.
SQL: SHOW COLUMNS FROM `tuo_area` [ RunTime:0.0003s ]
SQL: SELECT * FROM `tuo_area` WHERE `area_pid` = 1  [ RunTime:0.0001s ]
SQL: SHOW COLUMNS FROM `tuo_carxing` [ RunTime:0.0003s ]
SQL: SELECT * FROM `tuo_carxing` WHERE `cxjj_pid` = 0  [ RunTime:0.0002s ]
SQL: SELECT * FROM `tuo_article` WHERE `article_pid` = 'XW' AND `article_img` <> '' ORDER BY article_time desc LIMIT 1   [ RunTime:0.0001s ]
SQL: SELECT * FROM `tuo_article` WHERE `article_pid` = 'XW' AND `article_id` <> '35' ORDER BY article_time desc LIMIT 3   [ RunTime:0.0001s ]
SQL: SELECT * FROM `tuo_article` WHERE `article_pid` = 'CJ' ORDER BY article_time desc LIMIT 10   [ RunTime:0.0001s ]
SQL: SELECT * FROM `tuo_article` WHERE `article_pid` = 'TTFW' ORDER BY article_id asc LIMIT 6   [ RunTime:0.0001s ]
SQL: SHOW COLUMNS FROM `tuo_link` [ RunTime:0.0003s ]
SQL: SELECT * FROM `tuo_link` WHERE `fl_status` = 'Y' ORDER BY fl_sort LIMIT 6   [ RunTime:0.0001s ]
SQL: SHOW COLUMNS FROM `tuo_adv_img` [ RunTime:0.0002s ]
SQL: SELECT * FROM `tuo_adv_img` WHERE `adv_code` = 'A'  [ RunTime:0.0001s ]
INFO: [ view_parse ] --START--
INFO: [ template_filter ] --START--
INFO: Run Behavior\ContentReplaceBehavior [ RunTime:0.000243s ]
INFO: [ template_filter ] --END-- [ RunTime:0.000307s ]
NOTIC: [8] Undefined variable: news /guzai/TTYC/Application/Runtime/Cache/Front/4741b996fde22d44b7262dab482a2184.php 第 8 行.
NOTIC: [8] Undefined variable: news /guzai/TTYC/Application/Runtime/Cache/Front/4741b996fde22d44b7262dab482a2184.php 第 12 行.
NOTIC: [8] Undefined variable: news /guzai/TTYC/Application/Runtime/Cache/Front/4741b996fde22d44b7262dab482a2184.php 第 16 行.
NOTIC: [2] Illegal string offset 'total' /guzai/TTYC/Application/Runtime/Cache/Front/4741b996fde22d44b7262dab482a2184.php 第 175 行.
NOTIC: [8] Uninitialized string offset: 0 /guzai/TTYC/Application/Runtime/Cache/Front/4741b996fde22d44b7262dab482a2184.php 第 175 行.
NOTIC: [2] Illegal string offset 'sprice' /guzai/TTYC/Application/Runtime/Cache/Front/4741b996fde22d44b7262dab482a2184.php 第 176 行.
NOTIC: [8] Uninitialized string offset: 0 /guzai/TTYC/Application/Runtime/Cache/Front/4741b996fde22d44b7262dab482a2184.php 第 176 行.
NOTIC: [2] Illegal string offset 'tprice' /guzai/TTYC/Application/Runtime/Cache/Front/4741b996fde22d44b7262dab482a2184.php 第 177 行.
NOTIC: [8] Uninitialized string offset: 0 /guzai/TTYC/Application/Runtime/Cache/Front/4741b996fde22d44b7262dab482a2184.php 第 177 行.
NOTIC: [2] Illegal string offset 'eprice' /guzai/TTYC/Application/Runtime/Cache/Front/4741b996fde22d44b7262dab482a2184.php 第 178 行.
NOTIC: [8] Uninitialized string offset: 0 /guzai/TTYC/Application/Runtime/Cache/Front/4741b996fde22d44b7262dab482a2184.php 第 178 行.
NOTIC: [2] Illegal string offset 'order' /guzai/TTYC/Application/Runtime/Cache/Front/4741b996fde22d44b7262dab482a2184.php 第 189 行.
NOTIC: [8] Uninitialized string offset: 0 /guzai/TTYC/Application/Runtime/Cache/Front/4741b996fde22d44b7262dab482a2184.php 第 189 行.
NOTIC: [2] Illegal string offset 'total' /guzai/TTYC/Application/Runtime/Cache/Front/4741b996fde22d44b7262dab482a2184.php 第 189 行.
NOTIC: [8] Uninitialized string offset: 0 /guzai/TTYC/Application/Runtime/Cache/Front/4741b996fde22d44b7262dab482a2184.php 第 189 行.
NOTIC: [2] Illegal string offset 'order' /guzai/TTYC/Application/Runtime/Cache/Front/4741b996fde22d44b7262dab482a2184.php 第 274 行.
NOTIC: [8] Uninitialized string offset: 0 /guzai/TTYC/Application/Runtime/Cache/Front/4741b996fde22d44b7262dab482a2184.php 第 274 行.
NOTIC: [2] Illegal string offset 'start' /guzai/TTYC/Application/Runtime/Cache/Front/4741b996fde22d44b7262dab482a2184.php 第 274 行.
NOTIC: [8] Uninitialized string offset: 0 /guzai/TTYC/Application/Runtime/Cache/Front/4741b996fde22d44b7262dab482a2184.php 第 274 行.
NOTIC: [2] Illegal string offset 'order' /guzai/TTYC/Application/Runtime/Cache/Front/4741b996fde22d44b7262dab482a2184.php 第 284 行.
NOTIC: [8] Uninitialized string offset: 0 /guzai/TTYC/Application/Runtime/Cache/Front/4741b996fde22d44b7262dab482a2184.php 第 284 行.
NOTIC: [2] Illegal string offset 'end' /guzai/TTYC/Application/Runtime/Cache/Front/4741b996fde22d44b7262dab482a2184.php 第 284 行.
NOTIC: [8] Uninitialized string offset: 0 /guzai/TTYC/Application/Runtime/Cache/Front/4741b996fde22d44b7262dab482a2184.php 第 284 行.
NOTIC: [2] Illegal string offset 'order' /guzai/TTYC/Application/Runtime/Cache/Front/4741b996fde22d44b7262dab482a2184.php 第 293 行.
NOTIC: [8] Uninitialized string offset: 0 /guzai/TTYC/Application/Runtime/Cache/Front/4741b996fde22d44b7262dab482a2184.php 第 293 行.
NOTIC: [2] Illegal string offset 'carInfo' /guzai/TTYC/Application/Runtime/Cache/Front/4741b996fde22d44b7262dab482a2184.php 第 293 行.
NOTIC: [8] Uninitialized string offset: 0 /guzai/TTYC/Application/Runtime/Cache/Front/4741b996fde22d44b7262dab482a2184.php 第 293 行.
INFO: Run Behavior\ParseTemplateBehavior [ RunTime:0.020189s ]
INFO: [ view_parse ] --END-- [ RunTime:0.020239s ]
INFO: [ view_filter ] --START--
INFO: Run Behavior\WriteHtmlCacheBehavior [ RunTime:0.000122s ]
INFO: [ view_filter ] --END-- [ RunTime:0.000165s ]
INFO: [ app_end ] --START--
INFO: Run Behavior\ShowPageTraceBehavior [ RunTime:0.000355s ]
INFO: [ app_end ] --END-- [ RunTime:0.000402s ]

