[ 2018-02-09T23:57:20+08:00 ] 180.97.35.149 /?2jh=sj-yd&kd=dalianjiaochetuoyun&e_adposition=%7Badposition%7D
INFO: [ app_init ] --START--
INFO: Run Behavior\BuildLiteBehavior [ RunTime:0.000013s ]
INFO: [ app_init ] --END-- [ RunTime:0.000240s ]
INFO: [ app_begin ] --START--
INFO: Run Behavior\ReadHtmlCacheBehavior [ RunTime:0.000304s ]
INFO: [ app_begin ] --END-- [ RunTime:0.000355s ]
SQL: SHOW COLUMNS FROM `tuo_article` [ RunTime:0.0005s ]
SQL: SELECT * FROM `tuo_article` WHERE `article_pid` = 'GY'  [ RunTime:0.0005s ]
SQL: SELECT * FROM `tuo_article` WHERE `article_pid` = 'LX'  [ RunTime:0.0001s ]
SQL: SELECT * FROM `tuo_article` WHERE `article_pid` = 'JR'  [ RunTime:0.0001s ]
SQL: SELECT * FROM `tuo_article` WHERE `article_pid` = 'QQ'  [ RunTime:0.0001s ]
SQL: SELECT * FROM `tuo_article` WHERE `article_pid` = 'FK'  [ RunTime:0.0001s ]
SQL: SELECT * FROM `tuo_article` WHERE `article_pid` = 'BZ'  [ RunTime:0.0001s ]
SQL: SELECT * FROM `tuo_article` WHERE `article_pid` = 'FW'  [ RunTime:0.0001s ]
SQL: SELECT * FROM `tuo_article` WHERE `article_pid` = 'AQ'  [ RunTime:0.0001s ]
SQL: SELECT * FROM `tuo_article` WHERE `article_pid` = 'DH'  [ RunTime:0.0001s ]
NOTIC: [8192] Function mcrypt_cbc() is deprecated /guzai/TTYC/ThinkPHP/Library/DES_PHP/DESPHP.class.php 第 47 行.
NOTIC: [2] Illegal string offset 'order' /guzai/TTYC/Application/Front/Controller/IndexController.class.php 第 17 行.
NOTIC: [8] Uninitialized string offset: 0 /guzai/TTYC/Application/Front/Controller/IndexController.class.php 第 17 行.
SQL: SHOW COLUMNS FROM `tuo_area` [ RunTime:0.0003s ]
SQL: SELECT * FROM `tuo_area` WHERE `area_pid` = 1  [ RunTime:0.0001s ]
SQL: SHOW COLUMNS FROM `tuo_carxing` [ RunTime:0.0004s ]
SQL: SELECT * FROM `tuo_carxing` WHERE `cxjj_pid` = 0  [ RunTime:0.0002s ]
SQL: SELECT * FROM `tuo_article` WHERE `article_pid` = 'XW' AND `article_img` <> '' ORDER BY article_time desc LIMIT 1   [ RunTime:0.0001s ]
SQL: SELECT * FROM `tuo_article` WHERE `article_pid` = 'XW' AND `article_id` <> '35' ORDER BY article_time desc LIMIT 3   [ RunTime:0.0001s ]
SQL: SELECT * FROM `tuo_article` WHERE `article_pid` = 'CJ' ORDER BY article_time desc LIMIT 10   [ RunTime:0.0001s ]
SQL: SELECT * FROM `tuo_article` WHERE `article_pid` = 'TTFW' ORDER BY article_id asc LIMIT 6   [ RunTime:0.0001s ]
SQL: SHOW COLUMNS FROM `tuo_link` [ RunTime:0.0003s ]
SQL: SELECT * FROM `tuo_link` WHERE `fl_status` = 'Y' ORDER BY fl_sort LIMIT 6   [ RunTime:0.0001s ]
SQL: SHOW COLUMNS FROM `tuo_adv_img` [ RunTime:0.0003s ]
SQL: SELECT * FROM `tuo_adv_img` WHERE `adv_code` = 'A'  [ RunTime:0.0001s ]
INFO: [ view_parse ] --START--
INFO: [ template_filter ] --START--
INFO: Run Behavior\ContentReplaceBehavior [ RunTime:0.000235s ]
INFO: [ template_filter ] --END-- [ RunTime:0.000321s ]
NOTIC: [8] Undefined variable: news /guzai/TTYC/Application/Runtime/Cache/Front/4741b996fde22d44b7262dab482a2184.php 第 8 行.
NOTIC: [8] Undefined variable: news /guzai/TTYC/Application/Runtime/Cache/Front/4741b996fde22d44b7262dab482a2184.php 第 12 行.
NOTIC: [8] Undefined variable: news /guzai/TTYC/Application/Runtime/Cache/Front/4741b996fde22d44b7262dab482a2184.php 第 16 行.
NOTIC: [2] Illegal string offset 'total' /guzai/TTYC/Application/Runtime/Cache/Front/4741b996fde22d44b7262dab482a2184.php 第 175 行.
NOTIC: [8] Uninitialized string offset: 0 /guzai/TTYC/Application/Runtime/Cache/Front/4741b996fde22d44b7262dab482a2184.php 第 175 行.
NOTIC: [2] Illegal string offset 'sprice' /guzai/TTYC/Application/Runtime/Cache/Front/4741b996fde22d44b7262dab482a2184.php 第 176 行.
NOTIC: [8] Uninitialized string offset: 0 /guzai/TTYC/Application/Runtime/Cache/Front/4741b996fde22d44b7262dab482a2184.php 第 176 行.
NOTIC: [2] Illegal string offset 'tprice' /guzai/TTYC/Application/Runtime/Cache/Front/4741b996fde22d44b7262dab482a2184.php 第 177 行.
NOTIC: [8] Uninitialized string offset: 0 /guzai/TTYC/Application/Runtime/Cache/Front/4741b996fde22d44b7262dab482a2184.php 第 177 行.
NOTIC: [2] Illegal string offset 'eprice' /guzai/TTYC/Application/Runtime/Cache/Front/4741b996fde22d44b7262dab482a2184.php 第 178 行.
NOTIC: [8] Uninitialized string offset: 0 /guzai/TTYC/Application/Runtime/Cache/Front/4741b996fde22d44b7262dab482a2184.php 第 178 行.
NOTIC: [2] Illegal string offset 'order' /guzai/TTYC/Application/Runtime/Cache/Front/4741b996fde22d44b7262dab482a2184.php 第 189 行.
NOTIC: [8] Uninitialized string offset: 0 /guzai/TTYC/Application/Runtime/Cache/Front/4741b996fde22d44b7262dab482a2184.php 第 189 行.
NOTIC: [2] Illegal string offset 'total' /guzai/TTYC/Application/Runtime/Cache/Front/4741b996fde22d44b7262dab482a2184.php 第 189 行.
NOTIC: [8] Uninitialized string offset: 0 /guzai/TTYC/Application/Runtime/Cache/Front/4741b996fde22d44b7262dab482a2184.php 第 189 行.
NOTIC: [2] Illegal string offset 'order' /guzai/TTYC/Application/Runtime/Cache/Front/4741b996fde22d44b7262dab482a2184.php 第 274 行.
NOTIC: [8] Uninitialized string offset: 0 /guzai/TTYC/Application/Runtime/Cache/Front/4741b996fde22d44b7262dab482a2184.php 第 274 行.
NOTIC: [2] Illegal string offset 'start' /guzai/TTYC/Application/Runtime/Cache/Front/4741b996fde22d44b7262dab482a2184.php 第 274 行.
NOTIC: [8] Uninitialized string offset: 0 /guzai/TTYC/Application/Runtime/Cache/Front/4741b996fde22d44b7262dab482a2184.php 第 274 行.
NOTIC: [2] Illegal string offset 'order' /guzai/TTYC/Application/Runtime/Cache/Front/4741b996fde22d44b7262dab482a2184.php 第 284 行.
NOTIC: [8] Uninitialized string offset: 0 /guzai/TTYC/Application/Runtime/Cache/Front/4741b996fde22d44b7262dab482a2184.php 第 284 行.
NOTIC: [2] Illegal string offset 'end' /guzai/TTYC/Application/Runtime/Cache/Front/4741b996fde22d44b7262dab482a2184.php 第 284 行.
NOTIC: [8] Uninitialized string offset: 0 /guzai/TTYC/Application/Runtime/Cache/Front/4741b996fde22d44b7262dab482a2184.php 第 284 行.
NOTIC: [2] Illegal string offset 'order' /guzai/TTYC/Application/Runtime/Cache/Front/4741b996fde22d44b7262dab482a2184.php 第 293 行.
NOTIC: [8] Uninitialized string offset: 0 /guzai/TTYC/Application/Runtime/Cache/Front/4741b996fde22d44b7262dab482a2184.php 第 293 行.
NOTIC: [2] Illegal string offset 'carInfo' /guzai/TTYC/Application/Runtime/Cache/Front/4741b996fde22d44b7262dab482a2184.php 第 293 行.
NOTIC: [8] Uninitialized string offset: 0 /guzai/TTYC/Application/Runtime/Cache/Front/4741b996fde22d44b7262dab482a2184.php 第 293 行.
INFO: Run Behavior\ParseTemplateBehavior [ RunTime:0.020166s ]
INFO: [ view_parse ] --END-- [ RunTime:0.020221s ]
INFO: [ view_filter ] --START--
INFO: Run Behavior\WriteHtmlCacheBehavior [ RunTime:0.000129s ]
INFO: [ view_filter ] --END-- [ RunTime:0.000175s ]

[ 2018-02-09T23:57:20+08:00 ] 180.97.35.219 /?2jh=sj-pc&kd=xianjiaochetuoyun&e_adposition=%7Badposition%7D
INFO: [ app_init ] --START--
INFO: Run Behavior\BuildLiteBehavior [ RunTime:0.000019s ]
INFO: [ app_init ] --END-- [ RunTime:0.000375s ]
INFO: [ app_begin ] --START--
INFO: Run Behavior\ReadHtmlCacheBehavior [ RunTime:0.000329s ]
INFO: [ app_begin ] --END-- [ RunTime:0.000388s ]
SQL: SHOW COLUMNS FROM `tuo_article` [ RunTime:0.0004s ]
SQL: SELECT * FROM `tuo_article` WHERE `article_pid` = 'GY'  [ RunTime:0.0001s ]
SQL: SELECT * FROM `tuo_article` WHERE `article_pid` = 'LX'  [ RunTime:0.0001s ]
SQL: SELECT * FROM `tuo_article` WHERE `article_pid` = 'JR'  [ RunTime:0.0001s ]
SQL: SELECT * FROM `tuo_article` WHERE `article_pid` = 'QQ'  [ RunTime:0.0001s ]
SQL: SELECT * FROM `tuo_article` WHERE `article_pid` = 'FK'  [ RunTime:0.0001s ]
SQL: SELECT * FROM `tuo_article` WHERE `article_pid` = 'BZ'  [ RunTime:0.0001s ]
SQL: SELECT * FROM `tuo_article` WHERE `article_pid` = 'FW'  [ RunTime:0.0001s ]
SQL: SELECT * FROM `tuo_article` WHERE `article_pid` = 'AQ'  [ RunTime:0.0001s ]
SQL: SELECT * FROM `tuo_article` WHERE `article_pid` = 'DH'  [ RunTime:0.0001s ]
NOTIC: [8192] Function mcrypt_cbc() is deprecated /guzai/TTYC/ThinkPHP/Library/DES_PHP/DESPHP.class.php 第 47 行.
NOTIC: [2] Illegal string offset 'order' /guzai/TTYC/Application/Front/Controller/IndexController.class.php 第 17 行.
NOTIC: [8] Uninitialized string offset: 0 /guzai/TTYC/Application/Front/Controller/IndexController.class.php 第 17 行.
SQL: SHOW COLUMNS FROM `tuo_area` [ RunTime:0.0003s ]
SQL: SELECT * FROM `tuo_area` WHERE `area_pid` = 1  [ RunTime:0.0001s ]
SQL: SHOW COLUMNS FROM `tuo_carxing` [ RunTime:0.0003s ]
SQL: SELECT * FROM `tuo_carxing` WHERE `cxjj_pid` = 0  [ RunTime:0.0002s ]
SQL: SELECT * FROM `tuo_article` WHERE `article_pid` = 'XW' AND `article_img` <> '' ORDER BY article_time desc LIMIT 1   [ RunTime:0.0001s ]
SQL: SELECT * FROM `tuo_article` WHERE `article_pid` = 'XW' AND `article_id` <> '35' ORDER BY article_time desc LIMIT 3   [ RunTime:0.0001s ]
SQL: SELECT * FROM `tuo_article` WHERE `article_pid` = 'CJ' ORDER BY article_time desc LIMIT 10   [ RunTime:0.0001s ]
SQL: SELECT * FROM `tuo_article` WHERE `article_pid` = 'TTFW' ORDER BY article_id asc LIMIT 6   [ RunTime:0.0001s ]
SQL: SHOW COLUMNS FROM `tuo_link` [ RunTime:0.0003s ]
SQL: SELECT * FROM `tuo_link` WHERE `fl_status` = 'Y' ORDER BY fl_sort LIMIT 6   [ RunTime:0.0003s ]
SQL: SHOW COLUMNS FROM `tuo_adv_img` [ RunTime:0.0003s ]
SQL: SELECT * FROM `tuo_adv_img` WHERE `adv_code` = 'A'  [ RunTime:0.0001s ]
INFO: [ view_parse ] --START--
INFO: [ template_filter ] --START--
INFO: Run Behavior\ContentReplaceBehavior [ RunTime:0.000236s ]
INFO: [ template_filter ] --END-- [ RunTime:0.000309s ]
NOTIC: [8] Undefined variable: news /guzai/TTYC/Application/Runtime/Cache/Front/4741b996fde22d44b7262dab482a2184.php 第 8 行.
NOTIC: [8] Undefined variable: news /guzai/TTYC/Application/Runtime/Cache/Front/4741b996fde22d44b7262dab482a2184.php 第 12 行.
NOTIC: [8] Undefined variable: news /guzai/TTYC/Application/Runtime/Cache/Front/4741b996fde22d44b7262dab482a2184.php 第 16 行.
NOTIC: [2] Illegal string offset 'total' /guzai/TTYC/Application/Runtime/Cache/Front/4741b996fde22d44b7262dab482a2184.php 第 175 行.
NOTIC: [8] Uninitialized string offset: 0 /guzai/TTYC/Application/Runtime/Cache/Front/4741b996fde22d44b7262dab482a2184.php 第 175 行.
NOTIC: [2] Illegal string offset 'sprice' /guzai/TTYC/Application/Runtime/Cache/Front/4741b996fde22d44b7262dab482a2184.php 第 176 行.
NOTIC: [8] Uninitialized string offset: 0 /guzai/TTYC/Application/Runtime/Cache/Front/4741b996fde22d44b7262dab482a2184.php 第 176 行.
NOTIC: [2] Illegal string offset 'tprice' /guzai/TTYC/Application/Runtime/Cache/Front/4741b996fde22d44b7262dab482a2184.php 第 177 行.
NOTIC: [8] Uninitialized string offset: 0 /guzai/TTYC/Application/Runtime/Cache/Front/4741b996fde22d44b7262dab482a2184.php 第 177 行.
NOTIC: [2] Illegal string offset 'eprice' /guzai/TTYC/Application/Runtime/Cache/Front/4741b996fde22d44b7262dab482a2184.php 第 178 行.
NOTIC: [8] Uninitialized string offset: 0 /guzai/TTYC/Application/Runtime/Cache/Front/4741b996fde22d44b7262dab482a2184.php 第 178 行.
NOTIC: [2] Illegal string offset 'order' /guzai/TTYC/Application/Runtime/Cache/Front/4741b996fde22d44b7262dab482a2184.php 第 189 行.
NOTIC: [8] Uninitialized string offset: 0 /guzai/TTYC/Application/Runtime/Cache/Front/4741b996fde22d44b7262dab482a2184.php 第 189 行.
NOTIC: [2] Illegal string offset 'total' /guzai/TTYC/Application/Runtime/Cache/Front/4741b996fde22d44b7262dab482a2184.php 第 189 行.
NOTIC: [8] Uninitialized string offset: 0 /guzai/TTYC/Application/Runtime/Cache/Front/4741b996fde22d44b7262dab482a2184.php 第 189 行.
NOTIC: [2] Illegal string offset 'order' /guzai/TTYC/Application/Runtime/Cache/Front/4741b996fde22d44b7262dab482a2184.php 第 274 行.
NOTIC: [8] Uninitialized string offset: 0 /guzai/TTYC/Application/Runtime/Cache/Front/4741b996fde22d44b7262dab482a2184.php 第 274 行.
NOTIC: [2] Illegal string offset 'start' /guzai/TTYC/Application/Runtime/Cache/Front/4741b996fde22d44b7262dab482a2184.php 第 274 行.
NOTIC: [8] Uninitialized string offset: 0 /guzai/TTYC/Application/Runtime/Cache/Front/4741b996fde22d44b7262dab482a2184.php 第 274 行.
NOTIC: [2] Illegal string offset 'order' /guzai/TTYC/Application/Runtime/Cache/Front/4741b996fde22d44b7262dab482a2184.php 第 284 行.
NOTIC: [8] Uninitialized string offset: 0 /guzai/TTYC/Application/Runtime/Cache/Front/4741b996fde22d44b7262dab482a2184.php 第 284 行.
NOTIC: [2] Illegal string offset 'end' /guzai/TTYC/Application/Runtime/Cache/Front/4741b996fde22d44b7262dab482a2184.php 第 284 行.
NOTIC: [8] Uninitialized string offset: 0 /guzai/TTYC/Application/Runtime/Cache/Front/4741b996fde22d44b7262dab482a2184.php 第 284 行.
NOTIC: [2] Illegal string offset 'order' /guzai/TTYC/Application/Runtime/Cache/Front/4741b996fde22d44b7262dab482a2184.php 第 293 行.
NOTIC: [8] Uninitialized string offset: 0 /guzai/TTYC/Application/Runtime/Cache/Front/4741b996fde22d44b7262dab482a2184.php 第 293 行.
NOTIC: [2] Illegal string offset 'carInfo' /guzai/TTYC/Application/Runtime/Cache/Front/4741b996fde22d44b7262dab482a2184.php 第 293 行.
NOTIC: [8] Uninitialized string offset: 0 /guzai/TTYC/Application/Runtime/Cache/Front/4741b996fde22d44b7262dab482a2184.php 第 293 行.
INFO: Run Behavior\ParseTemplateBehavior [ RunTime:0.020710s ]
INFO: [ view_parse ] --END-- [ RunTime:0.020762s ]
INFO: [ view_filter ] --START--
INFO: Run Behavior\WriteHtmlCacheBehavior [ RunTime:0.000131s ]
INFO: [ view_filter ] --END-- [ RunTime:0.000174s ]

[ 2018-02-09T23:57:21+08:00 ] 180.76.14.3 /?2jh=sj-yd&kd=guiyangqichetuoyunjiagebiao&e_adposition=%7Badposition%7D
INFO: [ app_init ] --START--
INFO: Run Behavior\BuildLiteBehavior [ RunTime:0.000014s ]
INFO: [ app_init ] --END-- [ RunTime:0.000247s ]
INFO: [ app_begin ] --START--
INFO: Run Behavior\ReadHtmlCacheBehavior [ RunTime:0.000299s ]
INFO: [ app_begin ] --END-- [ RunTime:0.000350s ]
SQL: SHOW COLUMNS FROM `tuo_article` [ RunTime:0.0005s ]
SQL: SELECT * FROM `tuo_article` WHERE `article_pid` = 'GY'  [ RunTime:0.0001s ]
SQL: SELECT * FROM `tuo_article` WHERE `article_pid` = 'LX'  [ RunTime:0.0001s ]
SQL: SELECT * FROM `tuo_article` WHERE `article_pid` = 'JR'  [ RunTime:0.0001s ]
SQL: SELECT * FROM `tuo_article` WHERE `article_pid` = 'QQ'  [ RunTime:0.0001s ]
SQL: SELECT * FROM `tuo_article` WHERE `article_pid` = 'FK'  [ RunTime:0.0001s ]
SQL: SELECT * FROM `tuo_article` WHERE `article_pid` = 'BZ'  [ RunTime:0.0001s ]
SQL: SELECT * FROM `tuo_article` WHERE `article_pid` = 'FW'  [ RunTime:0.0001s ]
SQL: SELECT * FROM `tuo_article` WHERE `article_pid` = 'AQ'  [ RunTime:0.0001s ]
SQL: SELECT * FROM `tuo_article` WHERE `article_pid` = 'DH'  [ RunTime:0.0001s ]
NOTIC: [8192] Function mcrypt_cbc() is deprecated /guzai/TTYC/ThinkPHP/Library/DES_PHP/DESPHP.class.php 第 47 行.
NOTIC: [2] Illegal string offset 'order' /guzai/TTYC/Application/Front/Controller/IndexController.class.php 第 17 行.
NOTIC: [8] Uninitialized string offset: 0 /guzai/TTYC/Application/Front/Controller/IndexController.class.php 第 17 行.
SQL: SHOW COLUMNS FROM `tuo_area` [ RunTime:0.0003s ]
SQL: SELECT * FROM `tuo_area` WHERE `area_pid` = 1  [ RunTime:0.0001s ]
SQL: SHOW COLUMNS FROM `tuo_carxing` [ RunTime:0.0003s ]
SQL: SELECT * FROM `tuo_carxing` WHERE `cxjj_pid` = 0  [ RunTime:0.0002s ]
SQL: SELECT * FROM `tuo_article` WHERE `article_pid` = 'XW' AND `article_img` <> '' ORDER BY article_time desc LIMIT 1   [ RunTime:0.0001s ]
SQL: SELECT * FROM `tuo_article` WHERE `article_pid` = 'XW' AND `article_id` <> '35' ORDER BY article_time desc LIMIT 3   [ RunTime:0.0001s ]
SQL: SELECT * FROM `tuo_article` WHERE `article_pid` = 'CJ' ORDER BY article_time desc LIMIT 10   [ RunTime:0.0001s ]
SQL: SELECT * FROM `tuo_article` WHERE `article_pid` = 'TTFW' ORDER BY article_id asc LIMIT 6   [ RunTime:0.0001s ]
SQL: SHOW COLUMNS FROM `tuo_link` [ RunTime:0.0003s ]
SQL: SELECT * FROM `tuo_link` WHERE `fl_status` = 'Y' ORDER BY fl_sort LIMIT 6   [ RunTime:0.0001s ]
SQL: SHOW COLUMNS FROM `tuo_adv_img` [ RunTime:0.0003s ]
SQL: SELECT * FROM `tuo_adv_img` WHERE `adv_code` = 'A'  [ RunTime:0.0001s ]
INFO: [ view_parse ] --START--
INFO: [ template_filter ] --START--
INFO: Run Behavior\ContentReplaceBehavior [ RunTime:0.000238s ]
INFO: [ template_filter ] --END-- [ RunTime:0.000308s ]
NOTIC: [8] Undefined variable: news /guzai/TTYC/Application/Runtime/Cache/Front/4741b996fde22d44b7262dab482a2184.php 第 8 行.
NOTIC: [8] Undefined variable: news /guzai/TTYC/Application/Runtime/Cache/Front/4741b996fde22d44b7262dab482a2184.php 第 12 行.
NOTIC: [8] Undefined variable: news /guzai/TTYC/Application/Runtime/Cache/Front/4741b996fde22d44b7262dab482a2184.php 第 16 行.
NOTIC: [2] Illegal string offset 'total' /guzai/TTYC/Application/Runtime/Cache/Front/4741b996fde22d44b7262dab482a2184.php 第 175 行.
NOTIC: [8] Uninitialized string offset: 0 /guzai/TTYC/Application/Runtime/Cache/Front/4741b996fde22d44b7262dab482a2184.php 第 175 行.
NOTIC: [2] Illegal string offset 'sprice' /guzai/TTYC/Application/Runtime/Cache/Front/4741b996fde22d44b7262dab482a2184.php 第 176 行.
NOTIC: [8] Uninitialized string offset: 0 /guzai/TTYC/Application/Runtime/Cache/Front/4741b996fde22d44b7262dab482a2184.php 第 176 行.
NOTIC: [2] Illegal string offset 'tprice' /guzai/TTYC/Application/Runtime/Cache/Front/4741b996fde22d44b7262dab482a2184.php 第 177 行.
NOTIC: [8] Uninitialized string offset: 0 /guzai/TTYC/Application/Runtime/Cache/Front/4741b996fde22d44b7262dab482a2184.php 第 177 行.
NOTIC: [2] Illegal string offset 'eprice' /guzai/TTYC/Application/Runtime/Cache/Front/4741b996fde22d44b7262dab482a2184.php 第 178 行.
NOTIC: [8] Uninitialized string offset: 0 /guzai/TTYC/Application/Runtime/Cache/Front/4741b996fde22d44b7262dab482a2184.php 第 178 行.
NOTIC: [2] Illegal string offset 'order' /guzai/TTYC/Application/Runtime/Cache/Front/4741b996fde22d44b7262dab482a2184.php 第 189 行.
NOTIC: [8] Uninitialized string offset: 0 /guzai/TTYC/Application/Runtime/Cache/Front/4741b996fde22d44b7262dab482a2184.php 第 189 行.
NOTIC: [2] Illegal string offset 'total' /guzai/TTYC/Application/Runtime/Cache/Front/4741b996fde22d44b7262dab482a2184.php 第 189 行.
NOTIC: [8] Uninitialized string offset: 0 /guzai/TTYC/Application/Runtime/Cache/Front/4741b996fde22d44b7262dab482a2184.php 第 189 行.
NOTIC: [2] Illegal string offset 'order' /guzai/TTYC/Application/Runtime/Cache/Front/4741b996fde22d44b7262dab482a2184.php 第 274 行.
NOTIC: [8] Uninitialized string offset: 0 /guzai/TTYC/Application/Runtime/Cache/Front/4741b996fde22d44b7262dab482a2184.php 第 274 行.
NOTIC: [2] Illegal string offset 'start' /guzai/TTYC/Application/Runtime/Cache/Front/4741b996fde22d44b7262dab482a2184.php 第 274 行.
NOTIC: [8] Uninitialized string offset: 0 /guzai/TTYC/Application/Runtime/Cache/Front/4741b996fde22d44b7262dab482a2184.php 第 274 行.
NOTIC: [2] Illegal string offset 'order' /guzai/TTYC/Application/Runtime/Cache/Front/4741b996fde22d44b7262dab482a2184.php 第 284 行.
NOTIC: [8] Uninitialized string offset: 0 /guzai/TTYC/Application/Runtime/Cache/Front/4741b996fde22d44b7262dab482a2184.php 第 284 行.
NOTIC: [2] Illegal string offset 'end' /guzai/TTYC/Application/Runtime/Cache/Front/4741b996fde22d44b7262dab482a2184.php 第 284 行.
NOTIC: [8] Uninitialized string offset: 0 /guzai/TTYC/Application/Runtime/Cache/Front/4741b996fde22d44b7262dab482a2184.php 第 284 行.
NOTIC: [2] Illegal string offset 'order' /guzai/TTYC/Application/Runtime/Cache/Front/4741b996fde22d44b7262dab482a2184.php 第 293 行.
NOTIC: [8] Uninitialized string offset: 0 /guzai/TTYC/Application/Runtime/Cache/Front/4741b996fde22d44b7262dab482a2184.php 第 293 行.
NOTIC: [2] Illegal string offset 'carInfo' /guzai/TTYC/Application/Runtime/Cache/Front/4741b996fde22d44b7262dab482a2184.php 第 293 行.
NOTIC: [8] Uninitialized string offset: 0 /guzai/TTYC/Application/Runtime/Cache/Front/4741b996fde22d44b7262dab482a2184.php 第 293 行.
INFO: Run Behavior\ParseTemplateBehavior [ RunTime:0.019793s ]
INFO: [ view_parse ] --END-- [ RunTime:0.019841s ]
INFO: [ view_filter ] --START--
INFO: Run Behavior\WriteHtmlCacheBehavior [ RunTime:0.000141s ]
INFO: [ view_filter ] --END-- [ RunTime:0.000184s ]

[ 2018-02-09T23:57:22+08:00 ] 180.76.14.149 /?2jh=sj-yd&kd=dongguanqichetuoyungongsi&e_adposition=%7Badposition%7D
INFO: [ app_init ] --START--
INFO: Run Behavior\BuildLiteBehavior [ RunTime:0.000014s ]
INFO: [ app_init ] --END-- [ RunTime:0.000248s ]
INFO: [ app_begin ] --START--
INFO: Run Behavior\ReadHtmlCacheBehavior [ RunTime:0.000285s ]
INFO: [ app_begin ] --END-- [ RunTime:0.000337s ]
SQL: SHOW COLUMNS FROM `tuo_article` [ RunTime:0.0005s ]
SQL: SELECT * FROM `tuo_article` WHERE `article_pid` = 'GY'  [ RunTime:0.0001s ]
SQL: SELECT * FROM `tuo_article` WHERE `article_pid` = 'LX'  [ RunTime:0.0001s ]
SQL: SELECT * FROM `tuo_article` WHERE `article_pid` = 'JR'  [ RunTime:0.0001s ]
SQL: SELECT * FROM `tuo_article` WHERE `article_pid` = 'QQ'  [ RunTime:0.0001s ]
SQL: SELECT * FROM `tuo_article` WHERE `article_pid` = 'FK'  [ RunTime:0.0001s ]
SQL: SELECT * FROM `tuo_article` WHERE `article_pid` = 'BZ'  [ RunTime:0.0001s ]
SQL: SELECT * FROM `tuo_article` WHERE `article_pid` = 'FW'  [ RunTime:0.0001s ]
SQL: SELECT * FROM `tuo_article` WHERE `article_pid` = 'AQ'  [ RunTime:0.0001s ]
SQL: SELECT * FROM `tuo_article` WHERE `article_pid` = 'DH'  [ RunTime:0.0001s ]
NOTIC: [8192] Function mcrypt_cbc() is deprecated /guzai/TTYC/ThinkPHP/Library/DES_PHP/DESPHP.class.php 第 47 行.
NOTIC: [2] Illegal string offset 'order' /guzai/TTYC/Application/Front/Controller/IndexController.class.php 第 17 行.
NOTIC: [8] Uninitialized string offset: 0 /guzai/TTYC/Application/Front/Controller/IndexController.class.php 第 17 行.
SQL: SHOW COLUMNS FROM `tuo_area` [ RunTime:0.0003s ]
SQL: SELECT * FROM `tuo_area` WHERE `area_pid` = 1  [ RunTime:0.0001s ]
SQL: SHOW COLUMNS FROM `tuo_carxing` [ RunTime:0.0003s ]
SQL: SELECT * FROM `tuo_carxing` WHERE `cxjj_pid` = 0  [ RunTime:0.0002s ]
SQL: SELECT * FROM `tuo_article` WHERE `article_pid` = 'XW' AND `article_img` <> '' ORDER BY article_time desc LIMIT 1   [ RunTime:0.0001s ]
SQL: SELECT * FROM `tuo_article` WHERE `article_pid` = 'XW' AND `article_id` <> '35' ORDER BY article_time desc LIMIT 3   [ RunTime:0.0001s ]
SQL: SELECT * FROM `tuo_article` WHERE `article_pid` = 'CJ' ORDER BY article_time desc LIMIT 10   [ RunTime:0.0001s ]
SQL: SELECT * FROM `tuo_article` WHERE `article_pid` = 'TTFW' ORDER BY article_id asc LIMIT 6   [ RunTime:0.0001s ]
SQL: SHOW COLUMNS FROM `tuo_link` [ RunTime:0.0003s ]
SQL: SELECT * FROM `tuo_link` WHERE `fl_status` = 'Y' ORDER BY fl_sort LIMIT 6   [ RunTime:0.0001s ]
SQL: SHOW COLUMNS FROM `tuo_adv_img` [ RunTime:0.0003s ]
SQL: SELECT * FROM `tuo_adv_img` WHERE `adv_code` = 'A'  [ RunTime:0.0001s ]
INFO: [ view_parse ] --START--
INFO: [ template_filter ] --START--
INFO: Run Behavior\ContentReplaceBehavior [ RunTime:0.000240s ]
INFO: [ template_filter ] --END-- [ RunTime:0.000312s ]
NOTIC: [8] Undefined variable: news /guzai/TTYC/Application/Runtime/Cache/Front/4741b996fde22d44b7262dab482a2184.php 第 8 行.
NOTIC: [8] Undefined variable: news /guzai/TTYC/Application/Runtime/Cache/Front/4741b996fde22d44b7262dab482a2184.php 第 12 行.
NOTIC: [8] Undefined variable: news /guzai/TTYC/Application/Runtime/Cache/Front/4741b996fde22d44b7262dab482a2184.php 第 16 行.
NOTIC: [2] Illegal string offset 'total' /guzai/TTYC/Application/Runtime/Cache/Front/4741b996fde22d44b7262dab482a2184.php 第 175 行.
NOTIC: [8] Uninitialized string offset: 0 /guzai/TTYC/Application/Runtime/Cache/Front/4741b996fde22d44b7262dab482a2184.php 第 175 行.
NOTIC: [2] Illegal string offset 'sprice' /guzai/TTYC/Application/Runtime/Cache/Front/4741b996fde22d44b7262dab482a2184.php 第 176 行.
NOTIC: [8] Uninitialized string offset: 0 /guzai/TTYC/Application/Runtime/Cache/Front/4741b996fde22d44b7262dab482a2184.php 第 176 行.
NOTIC: [2] Illegal string offset 'tprice' /guzai/TTYC/Application/Runtime/Cache/Front/4741b996fde22d44b7262dab482a2184.php 第 177 行.
NOTIC: [8] Uninitialized string offset: 0 /guzai/TTYC/Application/Runtime/Cache/Front/4741b996fde22d44b7262dab482a2184.php 第 177 行.
NOTIC: [2] Illegal string offset 'eprice' /guzai/TTYC/Application/Runtime/Cache/Front/4741b996fde22d44b7262dab482a2184.php 第 178 行.
NOTIC: [8] Uninitialized string offset: 0 /guzai/TTYC/Application/Runtime/Cache/Front/4741b996fde22d44b7262dab482a2184.php 第 178 行.
NOTIC: [2] Illegal string offset 'order' /guzai/TTYC/Application/Runtime/Cache/Front/4741b996fde22d44b7262dab482a2184.php 第 189 行.
NOTIC: [8] Uninitialized string offset: 0 /guzai/TTYC/Application/Runtime/Cache/Front/4741b996fde22d44b7262dab482a2184.php 第 189 行.
NOTIC: [2] Illegal string offset 'total' /guzai/TTYC/Application/Runtime/Cache/Front/4741b996fde22d44b7262dab482a2184.php 第 189 行.
NOTIC: [8] Uninitialized string offset: 0 /guzai/TTYC/Application/Runtime/Cache/Front/4741b996fde22d44b7262dab482a2184.php 第 189 行.
NOTIC: [2] Illegal string offset 'order' /guzai/TTYC/Application/Runtime/Cache/Front/4741b996fde22d44b7262dab482a2184.php 第 274 行.
NOTIC: [8] Uninitialized string offset: 0 /guzai/TTYC/Application/Runtime/Cache/Front/4741b996fde22d44b7262dab482a2184.php 第 274 行.
NOTIC: [2] Illegal string offset 'start' /guzai/TTYC/Application/Runtime/Cache/Front/4741b996fde22d44b7262dab482a2184.php 第 274 行.
NOTIC: [8] Uninitialized string offset: 0 /guzai/TTYC/Application/Runtime/Cache/Front/4741b996fde22d44b7262dab482a2184.php 第 274 行.
NOTIC: [2] Illegal string offset 'order' /guzai/TTYC/Application/Runtime/Cache/Front/4741b996fde22d44b7262dab482a2184.php 第 284 行.
NOTIC: [8] Uninitialized string offset: 0 /guzai/TTYC/Application/Runtime/Cache/Front/4741b996fde22d44b7262dab482a2184.php 第 284 行.
NOTIC: [2] Illegal string offset 'end' /guzai/TTYC/Application/Runtime/Cache/Front/4741b996fde22d44b7262dab482a2184.php 第 284 行.
NOTIC: [8] Uninitialized string offset: 0 /guzai/TTYC/Application/Runtime/Cache/Front/4741b996fde22d44b7262dab482a2184.php 第 284 行.
NOTIC: [2] Illegal string offset 'order' /guzai/TTYC/Application/Runtime/Cache/Front/4741b996fde22d44b7262dab482a2184.php 第 293 行.
NOTIC: [8] Uninitialized string offset: 0 /guzai/TTYC/Application/Runtime/Cache/Front/4741b996fde22d44b7262dab482a2184.php 第 293 行.
NOTIC: [2] Illegal string offset 'carInfo' /guzai/TTYC/Application/Runtime/Cache/Front/4741b996fde22d44b7262dab482a2184.php 第 293 行.
NOTIC: [8] Uninitialized string offset: 0 /guzai/TTYC/Application/Runtime/Cache/Front/4741b996fde22d44b7262dab482a2184.php 第 293 行.
INFO: Run Behavior\ParseTemplateBehavior [ RunTime:0.020346s ]
INFO: [ view_parse ] --END-- [ RunTime:0.020400s ]
INFO: [ view_filter ] --START--
INFO: Run Behavior\WriteHtmlCacheBehavior [ RunTime:0.000148s ]
INFO: [ view_filter ] --END-- [ RunTime:0.000192s ]

[ 2018-02-09T23:57:22+08:00 ] 180.76.14.8 /?2jh=sj-pc&kd=chengdousijiachetuoyun&e_adposition=%7Badposition%7D
INFO: [ app_init ] --START--
INFO: Run Behavior\BuildLiteBehavior [ RunTime:0.000014s ]
INFO: [ app_init ] --END-- [ RunTime:0.000248s ]
INFO: [ app_begin ] --START--
INFO: Run Behavior\ReadHtmlCacheBehavior [ RunTime:0.000303s ]
INFO: [ app_begin ] --END-- [ RunTime:0.000356s ]
SQL: SHOW COLUMNS FROM `tuo_article` [ RunTime:0.0005s ]
SQL: SELECT * FROM `tuo_article` WHERE `article_pid` = 'GY'  [ RunTime:0.0001s ]
SQL: SELECT * FROM `tuo_article` WHERE `article_pid` = 'LX'  [ RunTime:0.0001s ]
SQL: SELECT * FROM `tuo_article` WHERE `article_pid` = 'JR'  [ RunTime:0.0001s ]
SQL: SELECT * FROM `tuo_article` WHERE `article_pid` = 'QQ'  [ RunTime:0.0001s ]
SQL: SELECT * FROM `tuo_article` WHERE `article_pid` = 'FK'  [ RunTime:0.0001s ]
SQL: SELECT * FROM `tuo_article` WHERE `article_pid` = 'BZ'  [ RunTime:0.0001s ]
SQL: SELECT * FROM `tuo_article` WHERE `article_pid` = 'FW'  [ RunTime:0.0001s ]
SQL: SELECT * FROM `tuo_article` WHERE `article_pid` = 'AQ'  [ RunTime:0.0001s ]
SQL: SELECT * FROM `tuo_article` WHERE `article_pid` = 'DH'  [ RunTime:0.0001s ]
NOTIC: [8192] Function mcrypt_cbc() is deprecated /guzai/TTYC/ThinkPHP/Library/DES_PHP/DESPHP.class.php 第 47 行.
NOTIC: [2] Illegal string offset 'order' /guzai/TTYC/Application/Front/Controller/IndexController.class.php 第 17 行.
NOTIC: [8] Uninitialized string offset: 0 /guzai/TTYC/Application/Front/Controller/IndexController.class.php 第 17 行.
SQL: SHOW COLUMNS FROM `tuo_area` [ RunTime:0.0003s ]
SQL: SELECT * FROM `tuo_area` WHERE `area_pid` = 1  [ RunTime:0.0001s ]
SQL: SHOW COLUMNS FROM `tuo_carxing` [ RunTime:0.0003s ]
SQL: SELECT * FROM `tuo_carxing` WHERE `cxjj_pid` = 0  [ RunTime:0.0002s ]
SQL: SELECT * FROM `tuo_article` WHERE `article_pid` = 'XW' AND `article_img` <> '' ORDER BY article_time desc LIMIT 1   [ RunTime:0.0001s ]
SQL: SELECT * FROM `tuo_article` WHERE `article_pid` = 'XW' AND `article_id` <> '35' ORDER BY article_time desc LIMIT 3   [ RunTime:0.0001s ]
SQL: SELECT * FROM `tuo_article` WHERE `article_pid` = 'CJ' ORDER BY article_time desc LIMIT 10   [ RunTime:0.0001s ]
SQL: SELECT * FROM `tuo_article` WHERE `article_pid` = 'TTFW' ORDER BY article_id asc LIMIT 6   [ RunTime:0.0001s ]
SQL: SHOW COLUMNS FROM `tuo_link` [ RunTime:0.0005s ]
SQL: SELECT * FROM `tuo_link` WHERE `fl_status` = 'Y' ORDER BY fl_sort LIMIT 6   [ RunTime:0.0001s ]
SQL: SHOW COLUMNS FROM `tuo_adv_img` [ RunTime:0.0003s ]
SQL: SELECT * FROM `tuo_adv_img` WHERE `adv_code` = 'A'  [ RunTime:0.0001s ]
INFO: [ view_parse ] --START--
INFO: [ template_filter ] --START--
INFO: Run Behavior\ContentReplaceBehavior [ RunTime:0.000243s ]
INFO: [ template_filter ] --END-- [ RunTime:0.000319s ]
NOTIC: [8] Undefined variable: news /guzai/TTYC/Application/Runtime/Cache/Front/4741b996fde22d44b7262dab482a2184.php 第 8 行.
NOTIC: [8] Undefined variable: news /guzai/TTYC/Application/Runtime/Cache/Front/4741b996fde22d44b7262dab482a2184.php 第 12 行.
NOTIC: [8] Undefined variable: news /guzai/TTYC/Application/Runtime/Cache/Front/4741b996fde22d44b7262dab482a2184.php 第 16 行.
NOTIC: [2] Illegal string offset 'total' /guzai/TTYC/Application/Runtime/Cache/Front/4741b996fde22d44b7262dab482a2184.php 第 175 行.
NOTIC: [8] Uninitialized string offset: 0 /guzai/TTYC/Application/Runtime/Cache/Front/4741b996fde22d44b7262dab482a2184.php 第 175 行.
NOTIC: [2] Illegal string offset 'sprice' /guzai/TTYC/Application/Runtime/Cache/Front/4741b996fde22d44b7262dab482a2184.php 第 176 行.
NOTIC: [8] Uninitialized string offset: 0 /guzai/TTYC/Application/Runtime/Cache/Front/4741b996fde22d44b7262dab482a2184.php 第 176 行.
NOTIC: [2] Illegal string offset 'tprice' /guzai/TTYC/Application/Runtime/Cache/Front/4741b996fde22d44b7262dab482a2184.php 第 177 行.
NOTIC: [8] Uninitialized string offset: 0 /guzai/TTYC/Application/Runtime/Cache/Front/4741b996fde22d44b7262dab482a2184.php 第 177 行.
NOTIC: [2] Illegal string offset 'eprice' /guzai/TTYC/Application/Runtime/Cache/Front/4741b996fde22d44b7262dab482a2184.php 第 178 行.
NOTIC: [8] Uninitialized string offset: 0 /guzai/TTYC/Application/Runtime/Cache/Front/4741b996fde22d44b7262dab482a2184.php 第 178 行.
NOTIC: [2] Illegal string offset 'order' /guzai/TTYC/Application/Runtime/Cache/Front/4741b996fde22d44b7262dab482a2184.php 第 189 行.
NOTIC: [8] Uninitialized string offset: 0 /guzai/TTYC/Application/Runtime/Cache/Front/4741b996fde22d44b7262dab482a2184.php 第 189 行.
NOTIC: [2] Illegal string offset 'total' /guzai/TTYC/Application/Runtime/Cache/Front/4741b996fde22d44b7262dab482a2184.php 第 189 行.
NOTIC: [8] Uninitialized string offset: 0 /guzai/TTYC/Application/Runtime/Cache/Front/4741b996fde22d44b7262dab482a2184.php 第 189 行.
NOTIC: [2] Illegal string offset 'order' /guzai/TTYC/Application/Runtime/Cache/Front/4741b996fde22d44b7262dab482a2184.php 第 274 行.
NOTIC: [8] Uninitialized string offset: 0 /guzai/TTYC/Application/Runtime/Cache/Front/4741b996fde22d44b7262dab482a2184.php 第 274 行.
NOTIC: [2] Illegal string offset 'start' /guzai/TTYC/Application/Runtime/Cache/Front/4741b996fde22d44b7262dab482a2184.php 第 274 行.
NOTIC: [8] Uninitialized string offset: 0 /guzai/TTYC/Application/Runtime/Cache/Front/4741b996fde22d44b7262dab482a2184.php 第 274 行.
NOTIC: [2] Illegal string offset 'order' /guzai/TTYC/Application/Runtime/Cache/Front/4741b996fde22d44b7262dab482a2184.php 第 284 行.
NOTIC: [8] Uninitialized string offset: 0 /guzai/TTYC/Application/Runtime/Cache/Front/4741b996fde22d44b7262dab482a2184.php 第 284 行.
NOTIC: [2] Illegal string offset 'end' /guzai/TTYC/Application/Runtime/Cache/Front/4741b996fde22d44b7262dab482a2184.php 第 284 行.
NOTIC: [8] Uninitialized string offset: 0 /guzai/TTYC/Application/Runtime/Cache/Front/4741b996fde22d44b7262dab482a2184.php 第 284 行.
NOTIC: [2] Illegal string offset 'order' /guzai/TTYC/Application/Runtime/Cache/Front/4741b996fde22d44b7262dab482a2184.php 第 293 行.
NOTIC: [8] Uninitialized string offset: 0 /guzai/TTYC/Application/Runtime/Cache/Front/4741b996fde22d44b7262dab482a2184.php 第 293 行.
NOTIC: [2] Illegal string offset 'carInfo' /guzai/TTYC/Application/Runtime/Cache/Front/4741b996fde22d44b7262dab482a2184.php 第 293 行.
NOTIC: [8] Uninitialized string offset: 0 /guzai/TTYC/Application/Runtime/Cache/Front/4741b996fde22d44b7262dab482a2184.php 第 293 行.
INFO: Run Behavior\ParseTemplateBehavior [ RunTime:0.020296s ]
INFO: [ view_parse ] --END-- [ RunTime:0.020360s ]
INFO: [ view_filter ] --START--
INFO: Run Behavior\WriteHtmlCacheBehavior [ RunTime:0.000134s ]
INFO: [ view_filter ] --END-- [ RunTime:0.000178s ]

[ 2018-02-09T23:57:22+08:00 ] 111.206.36.8 /?2jh=sj-yd&kd=haerbinjiaochetuoyun&e_adposition=%7Badposition%7D
INFO: [ app_init ] --START--
INFO: Run Behavior\BuildLiteBehavior [ RunTime:0.000013s ]
INFO: [ app_init ] --END-- [ RunTime:0.000260s ]
INFO: [ app_begin ] --START--
INFO: Run Behavior\ReadHtmlCacheBehavior [ RunTime:0.000311s ]
INFO: [ app_begin ] --END-- [ RunTime:0.000360s ]
SQL: SHOW COLUMNS FROM `tuo_article` [ RunTime:0.0005s ]
SQL: SELECT * FROM `tuo_article` WHERE `article_pid` = 'GY'  [ RunTime:0.0001s ]
SQL: SELECT * FROM `tuo_article` WHERE `article_pid` = 'LX'  [ RunTime:0.0001s ]
SQL: SELECT * FROM `tuo_article` WHERE `article_pid` = 'JR'  [ RunTime:0.0001s ]
SQL: SELECT * FROM `tuo_article` WHERE `article_pid` = 'QQ'  [ RunTime:0.0001s ]
SQL: SELECT * FROM `tuo_article` WHERE `article_pid` = 'FK'  [ RunTime:0.0001s ]
SQL: SELECT * FROM `tuo_article` WHERE `article_pid` = 'BZ'  [ RunTime:0.0001s ]
SQL: SELECT * FROM `tuo_article` WHERE `article_pid` = 'FW'  [ RunTime:0.0001s ]
SQL: SELECT * FROM `tuo_article` WHERE `article_pid` = 'AQ'  [ RunTime:0.0001s ]
SQL: SELECT * FROM `tuo_article` WHERE `article_pid` = 'DH'  [ RunTime:0.0001s ]
NOTIC: [8192] Function mcrypt_cbc() is deprecated /guzai/TTYC/ThinkPHP/Library/DES_PHP/DESPHP.class.php 第 47 行.
NOTIC: [2] Illegal string offset 'order' /guzai/TTYC/Application/Front/Controller/IndexController.class.php 第 17 行.
NOTIC: [8] Uninitialized string offset: 0 /guzai/TTYC/Application/Front/Controller/IndexController.class.php 第 17 行.
SQL: SHOW COLUMNS FROM `tuo_area` [ RunTime:0.0003s ]
SQL: SELECT * FROM `tuo_area` WHERE `area_pid` = 1  [ RunTime:0.0001s ]
SQL: SHOW COLUMNS FROM `tuo_carxing` [ RunTime:0.0003s ]
SQL: SELECT * FROM `tuo_carxing` WHERE `cxjj_pid` = 0  [ RunTime:0.0002s ]
SQL: SELECT * FROM `tuo_article` WHERE `article_pid` = 'XW' AND `article_img` <> '' ORDER BY article_time desc LIMIT 1   [ RunTime:0.0001s ]
SQL: SELECT * FROM `tuo_article` WHERE `article_pid` = 'XW' AND `article_id` <> '35' ORDER BY article_time desc LIMIT 3   [ RunTime:0.0001s ]
SQL: SELECT * FROM `tuo_article` WHERE `article_pid` = 'CJ' ORDER BY article_time desc LIMIT 10   [ RunTime:0.0001s ]
SQL: SELECT * FROM `tuo_article` WHERE `article_pid` = 'TTFW' ORDER BY article_id asc LIMIT 6   [ RunTime:0.0001s ]
SQL: SHOW COLUMNS FROM `tuo_link` [ RunTime:0.0002s ]
SQL: SELECT * FROM `tuo_link` WHERE `fl_status` = 'Y' ORDER BY fl_sort LIMIT 6   [ RunTime:0.0001s ]
SQL: SHOW COLUMNS FROM `tuo_adv_img` [ RunTime:0.0002s ]
SQL: SELECT * FROM `tuo_adv_img` WHERE `adv_code` = 'A'  [ RunTime:0.0001s ]
INFO: [ view_parse ] --START--
INFO: [ template_filter ] --START--
INFO: Run Behavior\ContentReplaceBehavior [ RunTime:0.000236s ]
INFO: [ template_filter ] --END-- [ RunTime:0.000306s ]
NOTIC: [8] Undefined variable: news /guzai/TTYC/Application/Runtime/Cache/Front/4741b996fde22d44b7262dab482a2184.php 第 8 行.
NOTIC: [8] Undefined variable: news /guzai/TTYC/Application/Runtime/Cache/Front/4741b996fde22d44b7262dab482a2184.php 第 12 行.
NOTIC: [8] Undefined variable: news /guzai/TTYC/Application/Runtime/Cache/Front/4741b996fde22d44b7262dab482a2184.php 第 16 行.
NOTIC: [2] Illegal string offset 'total' /guzai/TTYC/Application/Runtime/Cache/Front/4741b996fde22d44b7262dab482a2184.php 第 175 行.
NOTIC: [8] Uninitialized string offset: 0 /guzai/TTYC/Application/Runtime/Cache/Front/4741b996fde22d44b7262dab482a2184.php 第 175 行.
NOTIC: [2] Illegal string offset 'sprice' /guzai/TTYC/Application/Runtime/Cache/Front/4741b996fde22d44b7262dab482a2184.php 第 176 行.
NOTIC: [8] Uninitialized string offset: 0 /guzai/TTYC/Application/Runtime/Cache/Front/4741b996fde22d44b7262dab482a2184.php 第 176 行.
NOTIC: [2] Illegal string offset 'tprice' /guzai/TTYC/Application/Runtime/Cache/Front/4741b996fde22d44b7262dab482a2184.php 第 177 行.
NOTIC: [8] Uninitialized string offset: 0 /guzai/TTYC/Application/Runtime/Cache/Front/4741b996fde22d44b7262dab482a2184.php 第 177 行.
NOTIC: [2] Illegal string offset 'eprice' /guzai/TTYC/Application/Runtime/Cache/Front/4741b996fde22d44b7262dab482a2184.php 第 178 行.
NOTIC: [8] Uninitialized string offset: 0 /guzai/TTYC/Application/Runtime/Cache/Front/4741b996fde22d44b7262dab482a2184.php 第 178 行.
NOTIC: [2] Illegal string offset 'order' /guzai/TTYC/Application/Runtime/Cache/Front/4741b996fde22d44b7262dab482a2184.php 第 189 行.
NOTIC: [8] Uninitialized string offset: 0 /guzai/TTYC/Application/Runtime/Cache/Front/4741b996fde22d44b7262dab482a2184.php 第 189 行.
NOTIC: [2] Illegal string offset 'total' /guzai/TTYC/Application/Runtime/Cache/Front/4741b996fde22d44b7262dab482a2184.php 第 189 行.
NOTIC: [8] Uninitialized string offset: 0 /guzai/TTYC/Application/Runtime/Cache/Front/4741b996fde22d44b7262dab482a2184.php 第 189 行.
NOTIC: [2] Illegal string offset 'order' /guzai/TTYC/Application/Runtime/Cache/Front/4741b996fde22d44b7262dab482a2184.php 第 274 行.
NOTIC: [8] Uninitialized string offset: 0 /guzai/TTYC/Application/Runtime/Cache/Front/4741b996fde22d44b7262dab482a2184.php 第 274 行.
NOTIC: [2] Illegal string offset 'start' /guzai/TTYC/Application/Runtime/Cache/Front/4741b996fde22d44b7262dab482a2184.php 第 274 行.
NOTIC: [8] Uninitialized string offset: 0 /guzai/TTYC/Application/Runtime/Cache/Front/4741b996fde22d44b7262dab482a2184.php 第 274 行.
NOTIC: [2] Illegal string offset 'order' /guzai/TTYC/Application/Runtime/Cache/Front/4741b996fde22d44b7262dab482a2184.php 第 284 行.
NOTIC: [8] Uninitialized string offset: 0 /guzai/TTYC/Application/Runtime/Cache/Front/4741b996fde22d44b7262dab482a2184.php 第 284 行.
NOTIC: [2] Illegal string offset 'end' /guzai/TTYC/Application/Runtime/Cache/Front/4741b996fde22d44b7262dab482a2184.php 第 284 行.
NOTIC: [8] Uninitialized string offset: 0 /guzai/TTYC/Application/Runtime/Cache/Front/4741b996fde22d44b7262dab482a2184.php 第 284 行.
NOTIC: [2] Illegal string offset 'order' /guzai/TTYC/Application/Runtime/Cache/Front/4741b996fde22d44b7262dab482a2184.php 第 293 行.
NOTIC: [8] Uninitialized string offset: 0 /guzai/TTYC/Application/Runtime/Cache/Front/4741b996fde22d44b7262dab482a2184.php 第 293 行.
NOTIC: [2] Illegal string offset 'carInfo' /guzai/TTYC/Application/Runtime/Cache/Front/4741b996fde22d44b7262dab482a2184.php 第 293 行.
NOTIC: [8] Uninitialized string offset: 0 /guzai/TTYC/Application/Runtime/Cache/Front/4741b996fde22d44b7262dab482a2184.php 第 293 行.
INFO: Run Behavior\ParseTemplateBehavior [ RunTime:0.020058s ]
INFO: [ view_parse ] --END-- [ RunTime:0.020112s ]
INFO: [ view_filter ] --START--
INFO: Run Behavior\WriteHtmlCacheBehavior [ RunTime:0.000140s ]
INFO: [ view_filter ] --END-- [ RunTime:0.000184s ]

[ 2018-02-09T23:57:22+08:00 ] 111.206.36.18 /?2jh=sj-yd&kd=guiyangqichetuoyungongsi&e_adposition=%7Badposition%7D
INFO: [ app_init ] --START--
INFO: Run Behavior\BuildLiteBehavior [ RunTime:0.000012s ]
INFO: [ app_init ] --END-- [ RunTime:0.000232s ]
INFO: [ app_begin ] --START--
INFO: Run Behavior\ReadHtmlCacheBehavior [ RunTime:0.000300s ]
INFO: [ app_begin ] --END-- [ RunTime:0.000350s ]
SQL: SHOW COLUMNS FROM `tuo_article` [ RunTime:0.0005s ]
SQL: SELECT * FROM `tuo_article` WHERE `article_pid` = 'GY'  [ RunTime:0.0001s ]
SQL: SELECT * FROM `tuo_article` WHERE `article_pid` = 'LX'  [ RunTime:0.0001s ]
SQL: SELECT * FROM `tuo_article` WHERE `article_pid` = 'JR'  [ RunTime:0.0001s ]
SQL: SELECT * FROM `tuo_article` WHERE `article_pid` = 'QQ'  [ RunTime:0.0001s ]
SQL: SELECT * FROM `tuo_article` WHERE `article_pid` = 'FK'  [ RunTime:0.0001s ]
SQL: SELECT * FROM `tuo_article` WHERE `article_pid` = 'BZ'  [ RunTime:0.0001s ]
SQL: SELECT * FROM `tuo_article` WHERE `article_pid` = 'FW'  [ RunTime:0.0001s ]
SQL: SELECT * FROM `tuo_article` WHERE `article_pid` = 'AQ'  [ RunTime:0.0001s ]
SQL: SELECT * FROM `tuo_article` WHERE `article_pid` = 'DH'  [ RunTime:0.0001s ]
NOTIC: [8192] Function mcrypt_cbc() is deprecated /guzai/TTYC/ThinkPHP/Library/DES_PHP/DESPHP.class.php 第 47 行.
NOTIC: [2] Illegal string offset 'order' /guzai/TTYC/Application/Front/Controller/IndexController.class.php 第 17 行.
NOTIC: [8] Uninitialized string offset: 0 /guzai/TTYC/Application/Front/Controller/IndexController.class.php 第 17 行.
SQL: SHOW COLUMNS FROM `tuo_area` [ RunTime:0.0003s ]
SQL: SELECT * FROM `tuo_area` WHERE `area_pid` = 1  [ RunTime:0.0001s ]
SQL: SHOW COLUMNS FROM `tuo_carxing` [ RunTime:0.0003s ]
SQL: SELECT * FROM `tuo_carxing` WHERE `cxjj_pid` = 0  [ RunTime:0.0002s ]
SQL: SELECT * FROM `tuo_article` WHERE `article_pid` = 'XW' AND `article_img` <> '' ORDER BY article_time desc LIMIT 1   [ RunTime:0.0001s ]
SQL: SELECT * FROM `tuo_article` WHERE `article_pid` = 'XW' AND `article_id` <> '35' ORDER BY article_time desc LIMIT 3   [ RunTime:0.0001s ]
SQL: SELECT * FROM `tuo_article` WHERE `article_pid` = 'CJ' ORDER BY article_time desc LIMIT 10   [ RunTime:0.0001s ]
SQL: SELECT * FROM `tuo_article` WHERE `article_pid` = 'TTFW' ORDER BY article_id asc LIMIT 6   [ RunTime:0.0001s ]
SQL: SHOW COLUMNS FROM `tuo_link` [ RunTime:0.0003s ]
SQL: SELECT * FROM `tuo_link` WHERE `fl_status` = 'Y' ORDER BY fl_sort LIMIT 6   [ RunTime:0.0001s ]
SQL: SHOW COLUMNS FROM `tuo_adv_img` [ RunTime:0.0003s ]
SQL: SELECT * FROM `tuo_adv_img` WHERE `adv_code` = 'A'  [ RunTime:0.0004s ]
INFO: [ view_parse ] --START--
INFO: [ template_filter ] --START--
INFO: Run Behavior\ContentReplaceBehavior [ RunTime:0.000231s ]
INFO: [ template_filter ] --END-- [ RunTime:0.000297s ]
NOTIC: [8] Undefined variable: news /guzai/TTYC/Application/Runtime/Cache/Front/4741b996fde22d44b7262dab482a2184.php 第 8 行.
NOTIC: [8] Undefined variable: news /guzai/TTYC/Application/Runtime/Cache/Front/4741b996fde22d44b7262dab482a2184.php 第 12 行.
NOTIC: [8] Undefined variable: news /guzai/TTYC/Application/Runtime/Cache/Front/4741b996fde22d44b7262dab482a2184.php 第 16 行.
NOTIC: [2] Illegal string offset 'total' /guzai/TTYC/Application/Runtime/Cache/Front/4741b996fde22d44b7262dab482a2184.php 第 175 行.
NOTIC: [8] Uninitialized string offset: 0 /guzai/TTYC/Application/Runtime/Cache/Front/4741b996fde22d44b7262dab482a2184.php 第 175 行.
NOTIC: [2] Illegal string offset 'sprice' /guzai/TTYC/Application/Runtime/Cache/Front/4741b996fde22d44b7262dab482a2184.php 第 176 行.
NOTIC: [8] Uninitialized string offset: 0 /guzai/TTYC/Application/Runtime/Cache/Front/4741b996fde22d44b7262dab482a2184.php 第 176 行.
NOTIC: [2] Illegal string offset 'tprice' /guzai/TTYC/Application/Runtime/Cache/Front/4741b996fde22d44b7262dab482a2184.php 第 177 行.
NOTIC: [8] Uninitialized string offset: 0 /guzai/TTYC/Application/Runtime/Cache/Front/4741b996fde22d44b7262dab482a2184.php 第 177 行.
NOTIC: [2] Illegal string offset 'eprice' /guzai/TTYC/Application/Runtime/Cache/Front/4741b996fde22d44b7262dab482a2184.php 第 178 行.
NOTIC: [8] Uninitialized string offset: 0 /guzai/TTYC/Application/Runtime/Cache/Front/4741b996fde22d44b7262dab482a2184.php 第 178 行.
NOTIC: [2] Illegal string offset 'order' /guzai/TTYC/Application/Runtime/Cache/Front/4741b996fde22d44b7262dab482a2184.php 第 189 行.
NOTIC: [8] Uninitialized string offset: 0 /guzai/TTYC/Application/Runtime/Cache/Front/4741b996fde22d44b7262dab482a2184.php 第 189 行.
NOTIC: [2] Illegal string offset 'total' /guzai/TTYC/Application/Runtime/Cache/Front/4741b996fde22d44b7262dab482a2184.php 第 189 行.
NOTIC: [8] Uninitialized string offset: 0 /guzai/TTYC/Application/Runtime/Cache/Front/4741b996fde22d44b7262dab482a2184.php 第 189 行.
NOTIC: [2] Illegal string offset 'order' /guzai/TTYC/Application/Runtime/Cache/Front/4741b996fde22d44b7262dab482a2184.php 第 274 行.
NOTIC: [8] Uninitialized string offset: 0 /guzai/TTYC/Application/Runtime/Cache/Front/4741b996fde22d44b7262dab482a2184.php 第 274 行.
NOTIC: [2] Illegal string offset 'start' /guzai/TTYC/Application/Runtime/Cache/Front/4741b996fde22d44b7262dab482a2184.php 第 274 行.
NOTIC: [8] Uninitialized string offset: 0 /guzai/TTYC/Application/Runtime/Cache/Front/4741b996fde22d44b7262dab482a2184.php 第 274 行.
NOTIC: [2] Illegal string offset 'order' /guzai/TTYC/Application/Runtime/Cache/Front/4741b996fde22d44b7262dab482a2184.php 第 284 行.
NOTIC: [8] Uninitialized string offset: 0 /guzai/TTYC/Application/Runtime/Cache/Front/4741b996fde22d44b7262dab482a2184.php 第 284 行.
NOTIC: [2] Illegal string offset 'end' /guzai/TTYC/Application/Runtime/Cache/Front/4741b996fde22d44b7262dab482a2184.php 第 284 行.
NOTIC: [8] Uninitialized string offset: 0 /guzai/TTYC/Application/Runtime/Cache/Front/4741b996fde22d44b7262dab482a2184.php 第 284 行.
NOTIC: [2] Illegal string offset 'order' /guzai/TTYC/Application/Runtime/Cache/Front/4741b996fde22d44b7262dab482a2184.php 第 293 行.
NOTIC: [8] Uninitialized string offset: 0 /guzai/TTYC/Application/Runtime/Cache/Front/4741b996fde22d44b7262dab482a2184.php 第 293 行.
NOTIC: [2] Illegal string offset 'carInfo' /guzai/TTYC/Application/Runtime/Cache/Front/4741b996fde22d44b7262dab482a2184.php 第 293 行.
NOTIC: [8] Uninitialized string offset: 0 /guzai/TTYC/Application/Runtime/Cache/Front/4741b996fde22d44b7262dab482a2184.php 第 293 行.
INFO: Run Behavior\ParseTemplateBehavior [ RunTime:0.020196s ]
INFO: [ view_parse ] --END-- [ RunTime:0.020248s ]
INFO: [ view_filter ] --START--
INFO: Run Behavior\WriteHtmlCacheBehavior [ RunTime:0.000172s ]
INFO: [ view_filter ] --END-- [ RunTime:0.000217s ]

[ 2018-02-09T23:57:22+08:00 ] 180.97.35.90 /?2jh=sj-yd&kd=guiyangsijiachetuoyun&e_adposition=%7Badposition%7D
INFO: [ app_init ] --START--
INFO: Run Behavior\BuildLiteBehavior [ RunTime:0.000012s ]
INFO: [ app_init ] --END-- [ RunTime:0.000256s ]
INFO: [ app_begin ] --START--
INFO: Run Behavior\ReadHtmlCacheBehavior [ RunTime:0.000289s ]
INFO: [ app_begin ] --END-- [ RunTime:0.000338s ]
SQL: SHOW COLUMNS FROM `tuo_article` [ RunTime:0.0003s ]
SQL: SELECT * FROM `tuo_article` WHERE `article_pid` = 'GY'  [ RunTime:0.0001s ]
SQL: SELECT * FROM `tuo_article` WHERE `article_pid` = 'LX'  [ RunTime:0.0001s ]
SQL: SELECT * FROM `tuo_article` WHERE `article_pid` = 'JR'  [ RunTime:0.0001s ]
SQL: SELECT * FROM `tuo_article` WHERE `article_pid` = 'QQ'  [ RunTime:0.0001s ]
SQL: SELECT * FROM `tuo_article` WHERE `article_pid` = 'FK'  [ RunTime:0.0001s ]
SQL: SELECT * FROM `tuo_article` WHERE `article_pid` = 'BZ'  [ RunTime:0.0001s ]
SQL: SELECT * FROM `tuo_article` WHERE `article_pid` = 'FW'  [ RunTime:0.0001s ]
SQL: SELECT * FROM `tuo_article` WHERE `article_pid` = 'AQ'  [ RunTime:0.0001s ]
SQL: SELECT * FROM `tuo_article` WHERE `article_pid` = 'DH'  [ RunTime:0.0001s ]
NOTIC: [8192] Function mcrypt_cbc() is deprecated /guzai/TTYC/ThinkPHP/Library/DES_PHP/DESPHP.class.php 第 47 行.
NOTIC: [2] Illegal string offset 'order' /guzai/TTYC/Application/Front/Controller/IndexController.class.php 第 17 行.
NOTIC: [8] Uninitialized string offset: 0 /guzai/TTYC/Application/Front/Controller/IndexController.class.php 第 17 行.
SQL: SHOW COLUMNS FROM `tuo_area` [ RunTime:0.0003s ]
SQL: SELECT * FROM `tuo_area` WHERE `area_pid` = 1  [ RunTime:0.0001s ]
SQL: SHOW COLUMNS FROM `tuo_carxing` [ RunTime:0.0003s ]
SQL: SELECT * FROM `tuo_carxing` WHERE `cxjj_pid` = 0  [ RunTime:0.0002s ]
SQL: SELECT * FROM `tuo_article` WHERE `article_pid` = 'XW' AND `article_img` <> '' ORDER BY article_time desc LIMIT 1   [ RunTime:0.0001s ]
SQL: SELECT * FROM `tuo_article` WHERE `article_pid` = 'XW' AND `article_id` <> '35' ORDER BY article_time desc LIMIT 3   [ RunTime:0.0001s ]
SQL: SELECT * FROM `tuo_article` WHERE `article_pid` = 'CJ' ORDER BY article_time desc LIMIT 10   [ RunTime:0.0001s ]
SQL: SELECT * FROM `tuo_article` WHERE `article_pid` = 'TTFW' ORDER BY article_id asc LIMIT 6   [ RunTime:0.0001s ]
SQL: SHOW COLUMNS FROM `tuo_link` [ RunTime:0.0003s ]
SQL: SELECT * FROM `tuo_link` WHERE `fl_status` = 'Y' ORDER BY fl_sort LIMIT 6   [ RunTime:0.0001s ]
SQL: SHOW COLUMNS FROM `tuo_adv_img` [ RunTime:0.0004s ]
SQL: SELECT * FROM `tuo_adv_img` WHERE `adv_code` = 'A'  [ RunTime:0.0001s ]
INFO: [ view_parse ] --START--
INFO: [ template_filter ] --START--
INFO: Run Behavior\ContentReplaceBehavior [ RunTime:0.000231s ]
INFO: [ template_filter ] --END-- [ RunTime:0.000296s ]
NOTIC: [8] Undefined variable: news /guzai/TTYC/Application/Runtime/Cache/Front/4741b996fde22d44b7262dab482a2184.php 第 8 行.
NOTIC: [8] Undefined variable: news /guzai/TTYC/Application/Runtime/Cache/Front/4741b996fde22d44b7262dab482a2184.php 第 12 行.
NOTIC: [8] Undefined variable: news /guzai/TTYC/Application/Runtime/Cache/Front/4741b996fde22d44b7262dab482a2184.php 第 16 行.
NOTIC: [2] Illegal string offset 'total' /guzai/TTYC/Application/Runtime/Cache/Front/4741b996fde22d44b7262dab482a2184.php 第 175 行.
NOTIC: [8] Uninitialized string offset: 0 /guzai/TTYC/Application/Runtime/Cache/Front/4741b996fde22d44b7262dab482a2184.php 第 175 行.
NOTIC: [2] Illegal string offset 'sprice' /guzai/TTYC/Application/Runtime/Cache/Front/4741b996fde22d44b7262dab482a2184.php 第 176 行.
NOTIC: [8] Uninitialized string offset: 0 /guzai/TTYC/Application/Runtime/Cache/Front/4741b996fde22d44b7262dab482a2184.php 第 176 行.
NOTIC: [2] Illegal string offset 'tprice' /guzai/TTYC/Application/Runtime/Cache/Front/4741b996fde22d44b7262dab482a2184.php 第 177 行.
NOTIC: [8] Uninitialized string offset: 0 /guzai/TTYC/Application/Runtime/Cache/Front/4741b996fde22d44b7262dab482a2184.php 第 177 行.
NOTIC: [2] Illegal string offset 'eprice' /guzai/TTYC/Application/Runtime/Cache/Front/4741b996fde22d44b7262dab482a2184.php 第 178 行.
NOTIC: [8] Uninitialized string offset: 0 /guzai/TTYC/Application/Runtime/Cache/Front/4741b996fde22d44b7262dab482a2184.php 第 178 行.
NOTIC: [2] Illegal string offset 'order' /guzai/TTYC/Application/Runtime/Cache/Front/4741b996fde22d44b7262dab482a2184.php 第 189 行.
NOTIC: [8] Uninitialized string offset: 0 /guzai/TTYC/Application/Runtime/Cache/Front/4741b996fde22d44b7262dab482a2184.php 第 189 行.
NOTIC: [2] Illegal string offset 'total' /guzai/TTYC/Application/Runtime/Cache/Front/4741b996fde22d44b7262dab482a2184.php 第 189 行.
NOTIC: [8] Uninitialized string offset: 0 /guzai/TTYC/Application/Runtime/Cache/Front/4741b996fde22d44b7262dab482a2184.php 第 189 行.
NOTIC: [2] Illegal string offset 'order' /guzai/TTYC/Application/Runtime/Cache/Front/4741b996fde22d44b7262dab482a2184.php 第 274 行.
NOTIC: [8] Uninitialized string offset: 0 /guzai/TTYC/Application/Runtime/Cache/Front/4741b996fde22d44b7262dab482a2184.php 第 274 行.
NOTIC: [2] Illegal string offset 'start' /guzai/TTYC/Application/Runtime/Cache/Front/4741b996fde22d44b7262dab482a2184.php 第 274 行.
NOTIC: [8] Uninitialized string offset: 0 /guzai/TTYC/Application/Runtime/Cache/Front/4741b996fde22d44b7262dab482a2184.php 第 274 行.
NOTIC: [2] Illegal string offset 'order' /guzai/TTYC/Application/Runtime/Cache/Front/4741b996fde22d44b7262dab482a2184.php 第 284 行.
NOTIC: [8] Uninitialized string offset: 0 /guzai/TTYC/Application/Runtime/Cache/Front/4741b996fde22d44b7262dab482a2184.php 第 284 行.
NOTIC: [2] Illegal string offset 'end' /guzai/TTYC/Application/Runtime/Cache/Front/4741b996fde22d44b7262dab482a2184.php 第 284 行.
NOTIC: [8] Uninitialized string offset: 0 /guzai/TTYC/Application/Runtime/Cache/Front/4741b996fde22d44b7262dab482a2184.php 第 284 行.
NOTIC: [2] Illegal string offset 'order' /guzai/TTYC/Application/Runtime/Cache/Front/4741b996fde22d44b7262dab482a2184.php 第 293 行.
NOTIC: [8] Uninitialized string offset: 0 /guzai/TTYC/Application/Runtime/Cache/Front/4741b996fde22d44b7262dab482a2184.php 第 293 行.
NOTIC: [2] Illegal string offset 'carInfo' /guzai/TTYC/Application/Runtime/Cache/Front/4741b996fde22d44b7262dab482a2184.php 第 293 行.
NOTIC: [8] Uninitialized string offset: 0 /guzai/TTYC/Application/Runtime/Cache/Front/4741b996fde22d44b7262dab482a2184.php 第 293 行.
INFO: Run Behavior\ParseTemplateBehavior [ RunTime:0.019835s ]
INFO: [ view_parse ] --END-- [ RunTime:0.019887s ]
INFO: [ view_filter ] --START--
INFO: Run Behavior\WriteHtmlCacheBehavior [ RunTime:0.000118s ]
INFO: [ view_filter ] --END-- [ RunTime:0.000162s ]

[ 2018-02-09T23:57:22+08:00 ] 180.97.35.89 /?2jh=quanguo-yd&kd=qichetuoyunnajiagongsizuida&e_adposition=%7Badposition%7D
INFO: [ app_init ] --START--
INFO: Run Behavior\BuildLiteBehavior [ RunTime:0.000012s ]
INFO: [ app_init ] --END-- [ RunTime:0.000236s ]
INFO: [ app_begin ] --START--
INFO: Run Behavior\ReadHtmlCacheBehavior [ RunTime:0.000297s ]
INFO: [ app_begin ] --END-- [ RunTime:0.000357s ]
SQL: SHOW COLUMNS FROM `tuo_article` [ RunTime:0.0003s ]
SQL: SELECT * FROM `tuo_article` WHERE `article_pid` = 'GY'  [ RunTime:0.0001s ]
SQL: SELECT * FROM `tuo_article` WHERE `article_pid` = 'LX'  [ RunTime:0.0001s ]
SQL: SELECT * FROM `tuo_article` WHERE `article_pid` = 'JR'  [ RunTime:0.0001s ]
SQL: SELECT * FROM `tuo_article` WHERE `article_pid` = 'QQ'  [ RunTime:0.0001s ]
SQL: SELECT * FROM `tuo_article` WHERE `article_pid` = 'FK'  [ RunTime:0.0001s ]
SQL: SELECT * FROM `tuo_article` WHERE `article_pid` = 'BZ'  [ RunTime:0.0001s ]
SQL: SELECT * FROM `tuo_article` WHERE `article_pid` = 'FW'  [ RunTime:0.0001s ]
SQL: SELECT * FROM `tuo_article` WHERE `article_pid` = 'AQ'  [ RunTime:0.0001s ]
SQL: SELECT * FROM `tuo_article` WHERE `article_pid` = 'DH'  [ RunTime:0.0001s ]
NOTIC: [8192] Function mcrypt_cbc() is deprecated /guzai/TTYC/ThinkPHP/Library/DES_PHP/DESPHP.class.php 第 47 行.
NOTIC: [2] Illegal string offset 'order' /guzai/TTYC/Application/Front/Controller/IndexController.class.php 第 17 行.
NOTIC: [8] Uninitialized string offset: 0 /guzai/TTYC/Application/Front/Controller/IndexController.class.php 第 17 行.
SQL: SHOW COLUMNS FROM `tuo_area` [ RunTime:0.0003s ]
SQL: SELECT * FROM `tuo_area` WHERE `area_pid` = 1  [ RunTime:0.0001s ]
SQL: SHOW COLUMNS FROM `tuo_carxing` [ RunTime:0.0003s ]
SQL: SELECT * FROM `tuo_carxing` WHERE `cxjj_pid` = 0  [ RunTime:0.0002s ]
SQL: SELECT * FROM `tuo_article` WHERE `article_pid` = 'XW' AND `article_img` <> '' ORDER BY article_time desc LIMIT 1   [ RunTime:0.0001s ]
SQL: SELECT * FROM `tuo_article` WHERE `article_pid` = 'XW' AND `article_id` <> '35' ORDER BY article_time desc LIMIT 3   [ RunTime:0.0001s ]
SQL: SELECT * FROM `tuo_article` WHERE `article_pid` = 'CJ' ORDER BY article_time desc LIMIT 10   [ RunTime:0.0001s ]
SQL: SELECT * FROM `tuo_article` WHERE `article_pid` = 'TTFW' ORDER BY article_id asc LIMIT 6   [ RunTime:0.0001s ]
SQL: SHOW COLUMNS FROM `tuo_link` [ RunTime:0.0003s ]
SQL: SELECT * FROM `tuo_link` WHERE `fl_status` = 'Y' ORDER BY fl_sort LIMIT 6   [ RunTime:0.0001s ]
SQL: SHOW COLUMNS FROM `tuo_adv_img` [ RunTime:0.0003s ]
SQL: SELECT * FROM `tuo_adv_img` WHERE `adv_code` = 'A'  [ RunTime:0.0001s ]
INFO: [ view_parse ] --START--
INFO: [ template_filter ] --START--
INFO: Run Behavior\ContentReplaceBehavior [ RunTime:0.000216s ]
INFO: [ template_filter ] --END-- [ RunTime:0.000284s ]
NOTIC: [8] Undefined variable: news /guzai/TTYC/Application/Runtime/Cache/Front/4741b996fde22d44b7262dab482a2184.php 第 8 行.
NOTIC: [8] Undefined variable: news /guzai/TTYC/Application/Runtime/Cache/Front/4741b996fde22d44b7262dab482a2184.php 第 12 行.
NOTIC: [8] Undefined variable: news /guzai/TTYC/Application/Runtime/Cache/Front/4741b996fde22d44b7262dab482a2184.php 第 16 行.
NOTIC: [2] Illegal string offset 'total' /guzai/TTYC/Application/Runtime/Cache/Front/4741b996fde22d44b7262dab482a2184.php 第 175 行.
NOTIC: [8] Uninitialized string offset: 0 /guzai/TTYC/Application/Runtime/Cache/Front/4741b996fde22d44b7262dab482a2184.php 第 175 行.
NOTIC: [2] Illegal string offset 'sprice' /guzai/TTYC/Application/Runtime/Cache/Front/4741b996fde22d44b7262dab482a2184.php 第 176 行.
NOTIC: [8] Uninitialized string offset: 0 /guzai/TTYC/Application/Runtime/Cache/Front/4741b996fde22d44b7262dab482a2184.php 第 176 行.
NOTIC: [2] Illegal string offset 'tprice' /guzai/TTYC/Application/Runtime/Cache/Front/4741b996fde22d44b7262dab482a2184.php 第 177 行.
NOTIC: [8] Uninitialized string offset: 0 /guzai/TTYC/Application/Runtime/Cache/Front/4741b996fde22d44b7262dab482a2184.php 第 177 行.
NOTIC: [2] Illegal string offset 'eprice' /guzai/TTYC/Application/Runtime/Cache/Front/4741b996fde22d44b7262dab482a2184.php 第 178 行.
NOTIC: [8] Uninitialized string offset: 0 /guzai/TTYC/Application/Runtime/Cache/Front/4741b996fde22d44b7262dab482a2184.php 第 178 行.
NOTIC: [2] Illegal string offset 'order' /guzai/TTYC/Application/Runtime/Cache/Front/4741b996fde22d44b7262dab482a2184.php 第 189 行.
NOTIC: [8] Uninitialized string offset: 0 /guzai/TTYC/Application/Runtime/Cache/Front/4741b996fde22d44b7262dab482a2184.php 第 189 行.
NOTIC: [2] Illegal string offset 'total' /guzai/TTYC/Application/Runtime/Cache/Front/4741b996fde22d44b7262dab482a2184.php 第 189 行.
NOTIC: [8] Uninitialized string offset: 0 /guzai/TTYC/Application/Runtime/Cache/Front/4741b996fde22d44b7262dab482a2184.php 第 189 行.
NOTIC: [2] Illegal string offset 'order' /guzai/TTYC/Application/Runtime/Cache/Front/4741b996fde22d44b7262dab482a2184.php 第 274 行.
NOTIC: [8] Uninitialized string offset: 0 /guzai/TTYC/Application/Runtime/Cache/Front/4741b996fde22d44b7262dab482a2184.php 第 274 行.
NOTIC: [2] Illegal string offset 'start' /guzai/TTYC/Application/Runtime/Cache/Front/4741b996fde22d44b7262dab482a2184.php 第 274 行.
NOTIC: [8] Uninitialized string offset: 0 /guzai/TTYC/Application/Runtime/Cache/Front/4741b996fde22d44b7262dab482a2184.php 第 274 行.
NOTIC: [2] Illegal string offset 'order' /guzai/TTYC/Application/Runtime/Cache/Front/4741b996fde22d44b7262dab482a2184.php 第 284 行.
NOTIC: [8] Uninitialized string offset: 0 /guzai/TTYC/Application/Runtime/Cache/Front/4741b996fde22d44b7262dab482a2184.php 第 284 行.
NOTIC: [2] Illegal string offset 'end' /guzai/TTYC/Application/Runtime/Cache/Front/4741b996fde22d44b7262dab482a2184.php 第 284 行.
NOTIC: [8] Uninitialized string offset: 0 /guzai/TTYC/Application/Runtime/Cache/Front/4741b996fde22d44b7262dab482a2184.php 第 284 行.
NOTIC: [2] Illegal string offset 'order' /guzai/TTYC/Application/Runtime/Cache/Front/4741b996fde22d44b7262dab482a2184.php 第 293 行.
NOTIC: [8] Uninitialized string offset: 0 /guzai/TTYC/Application/Runtime/Cache/Front/4741b996fde22d44b7262dab482a2184.php 第 293 行.
NOTIC: [2] Illegal string offset 'carInfo' /guzai/TTYC/Application/Runtime/Cache/Front/4741b996fde22d44b7262dab482a2184.php 第 293 行.
NOTIC: [8] Uninitialized string offset: 0 /guzai/TTYC/Application/Runtime/Cache/Front/4741b996fde22d44b7262dab482a2184.php 第 293 行.
INFO: Run Behavior\ParseTemplateBehavior [ RunTime:0.019857s ]
INFO: [ view_parse ] --END-- [ RunTime:0.019927s ]
INFO: [ view_filter ] --START--
INFO: Run Behavior\WriteHtmlCacheBehavior [ RunTime:0.000125s ]
INFO: [ view_filter ] --END-- [ RunTime:0.000168s ]

[ 2018-02-09T23:57:22+08:00 ] 111.206.36.18 /?2jh=sj-yd&kd=haerbinqichetuoyun&e_adposition=%7Badposition%7D
INFO: [ app_init ] --START--
INFO: Run Behavior\BuildLiteBehavior [ RunTime:0.000013s ]
INFO: [ app_init ] --END-- [ RunTime:0.000236s ]
INFO: [ app_begin ] --START--
INFO: Run Behavior\ReadHtmlCacheBehavior [ RunTime:0.000289s ]
INFO: [ app_begin ] --END-- [ RunTime:0.000340s ]
SQL: SHOW COLUMNS FROM `tuo_article` [ RunTime:0.0004s ]
SQL: SELECT * FROM `tuo_article` WHERE `article_pid` = 'GY'  [ RunTime:0.0001s ]
SQL: SELECT * FROM `tuo_article` WHERE `article_pid` = 'LX'  [ RunTime:0.0001s ]
SQL: SELECT * FROM `tuo_article` WHERE `article_pid` = 'JR'  [ RunTime:0.0001s ]
SQL: SELECT * FROM `tuo_article` WHERE `article_pid` = 'QQ'  [ RunTime:0.0001s ]
SQL: SELECT * FROM `tuo_article` WHERE `article_pid` = 'FK'  [ RunTime:0.0001s ]
SQL: SELECT * FROM `tuo_article` WHERE `article_pid` = 'BZ'  [ RunTime:0.0001s ]
SQL: SELECT * FROM `tuo_article` WHERE `article_pid` = 'FW'  [ RunTime:0.0001s ]
SQL: SELECT * FROM `tuo_article` WHERE `article_pid` = 'AQ'  [ RunTime:0.0001s ]
SQL: SELECT * FROM `tuo_article` WHERE `article_pid` = 'DH'  [ RunTime:0.0001s ]
NOTIC: [8192] Function mcrypt_cbc() is deprecated /guzai/TTYC/ThinkPHP/Library/DES_PHP/DESPHP.class.php 第 47 行.
NOTIC: [2] Illegal string offset 'order' /guzai/TTYC/Application/Front/Controller/IndexController.class.php 第 17 行.
NOTIC: [8] Uninitialized string offset: 0 /guzai/TTYC/Application/Front/Controller/IndexController.class.php 第 17 行.
SQL: SHOW COLUMNS FROM `tuo_area` [ RunTime:0.0004s ]
SQL: SELECT * FROM `tuo_area` WHERE `area_pid` = 1  [ RunTime:0.0001s ]
SQL: SHOW COLUMNS FROM `tuo_carxing` [ RunTime:0.0003s ]
SQL: SELECT * FROM `tuo_carxing` WHERE `cxjj_pid` = 0  [ RunTime:0.0002s ]
SQL: SELECT * FROM `tuo_article` WHERE `article_pid` = 'XW' AND `article_img` <> '' ORDER BY article_time desc LIMIT 1   [ RunTime:0.0001s ]
SQL: SELECT * FROM `tuo_article` WHERE `article_pid` = 'XW' AND `article_id` <> '35' ORDER BY article_time desc LIMIT 3   [ RunTime:0.0001s ]
SQL: SELECT * FROM `tuo_article` WHERE `article_pid` = 'CJ' ORDER BY article_time desc LIMIT 10   [ RunTime:0.0001s ]
SQL: SELECT * FROM `tuo_article` WHERE `article_pid` = 'TTFW' ORDER BY article_id asc LIMIT 6   [ RunTime:0.0001s ]
SQL: SHOW COLUMNS FROM `tuo_link` [ RunTime:0.0003s ]
SQL: SELECT * FROM `tuo_link` WHERE `fl_status` = 'Y' ORDER BY fl_sort LIMIT 6   [ RunTime:0.0001s ]
SQL: SHOW COLUMNS FROM `tuo_adv_img` [ RunTime:0.0003s ]
SQL: SELECT * FROM `tuo_adv_img` WHERE `adv_code` = 'A'  [ RunTime:0.0001s ]
INFO: [ view_parse ] --START--
INFO: [ template_filter ] --START--
INFO: Run Behavior\ContentReplaceBehavior [ RunTime:0.000237s ]
INFO: [ template_filter ] --END-- [ RunTime:0.000306s ]
NOTIC: [8] Undefined variable: news /guzai/TTYC/Application/Runtime/Cache/Front/4741b996fde22d44b7262dab482a2184.php 第 8 行.
NOTIC: [8] Undefined variable: news /guzai/TTYC/Application/Runtime/Cache/Front/4741b996fde22d44b7262dab482a2184.php 第 12 行.
NOTIC: [8] Undefined variable: news /guzai/TTYC/Application/Runtime/Cache/Front/4741b996fde22d44b7262dab482a2184.php 第 16 行.
NOTIC: [2] Illegal string offset 'total' /guzai/TTYC/Application/Runtime/Cache/Front/4741b996fde22d44b7262dab482a2184.php 第 175 行.
NOTIC: [8] Uninitialized string offset: 0 /guzai/TTYC/Application/Runtime/Cache/Front/4741b996fde22d44b7262dab482a2184.php 第 175 行.
NOTIC: [2] Illegal string offset 'sprice' /guzai/TTYC/Application/Runtime/Cache/Front/4741b996fde22d44b7262dab482a2184.php 第 176 行.
NOTIC: [8] Uninitialized string offset: 0 /guzai/TTYC/Application/Runtime/Cache/Front/4741b996fde22d44b7262dab482a2184.php 第 176 行.
NOTIC: [2] Illegal string offset 'tprice' /guzai/TTYC/Application/Runtime/Cache/Front/4741b996fde22d44b7262dab482a2184.php 第 177 行.
NOTIC: [8] Uninitialized string offset: 0 /guzai/TTYC/Application/Runtime/Cache/Front/4741b996fde22d44b7262dab482a2184.php 第 177 行.
NOTIC: [2] Illegal string offset 'eprice' /guzai/TTYC/Application/Runtime/Cache/Front/4741b996fde22d44b7262dab482a2184.php 第 178 行.
NOTIC: [8] Uninitialized string offset: 0 /guzai/TTYC/Application/Runtime/Cache/Front/4741b996fde22d44b7262dab482a2184.php 第 178 行.
NOTIC: [2] Illegal string offset 'order' /guzai/TTYC/Application/Runtime/Cache/Front/4741b996fde22d44b7262dab482a2184.php 第 189 行.
NOTIC: [8] Uninitialized string offset: 0 /guzai/TTYC/Application/Runtime/Cache/Front/4741b996fde22d44b7262dab482a2184.php 第 189 行.
NOTIC: [2] Illegal string offset 'total' /guzai/TTYC/Application/Runtime/Cache/Front/4741b996fde22d44b7262dab482a2184.php 第 189 行.
NOTIC: [8] Uninitialized string offset: 0 /guzai/TTYC/Application/Runtime/Cache/Front/4741b996fde22d44b7262dab482a2184.php 第 189 行.
NOTIC: [2] Illegal string offset 'order' /guzai/TTYC/Application/Runtime/Cache/Front/4741b996fde22d44b7262dab482a2184.php 第 274 行.
NOTIC: [8] Uninitialized string offset: 0 /guzai/TTYC/Application/Runtime/Cache/Front/4741b996fde22d44b7262dab482a2184.php 第 274 行.
NOTIC: [2] Illegal string offset 'start' /guzai/TTYC/Application/Runtime/Cache/Front/4741b996fde22d44b7262dab482a2184.php 第 274 行.
NOTIC: [8] Uninitialized string offset: 0 /guzai/TTYC/Application/Runtime/Cache/Front/4741b996fde22d44b7262dab482a2184.php 第 274 行.
NOTIC: [2] Illegal string offset 'order' /guzai/TTYC/Application/Runtime/Cache/Front/4741b996fde22d44b7262dab482a2184.php 第 284 行.
NOTIC: [8] Uninitialized string offset: 0 /guzai/TTYC/Application/Runtime/Cache/Front/4741b996fde22d44b7262dab482a2184.php 第 284 行.
NOTIC: [2] Illegal string offset 'end' /guzai/TTYC/Application/Runtime/Cache/Front/4741b996fde22d44b7262dab482a2184.php 第 284 行.
NOTIC: [8] Uninitialized string offset: 0 /guzai/TTYC/Application/Runtime/Cache/Front/4741b996fde22d44b7262dab482a2184.php 第 284 行.
NOTIC: [2] Illegal string offset 'order' /guzai/TTYC/Application/Runtime/Cache/Front/4741b996fde22d44b7262dab482a2184.php 第 293 行.
NOTIC: [8] Uninitialized string offset: 0 /guzai/TTYC/Application/Runtime/Cache/Front/4741b996fde22d44b7262dab482a2184.php 第 293 行.
NOTIC: [2] Illegal string offset 'carInfo' /guzai/TTYC/Application/Runtime/Cache/Front/4741b996fde22d44b7262dab482a2184.php 第 293 行.
NOTIC: [8] Uninitialized string offset: 0 /guzai/TTYC/Application/Runtime/Cache/Front/4741b996fde22d44b7262dab482a2184.php 第 293 行.
INFO: Run Behavior\ParseTemplateBehavior [ RunTime:0.019929s ]
INFO: [ view_parse ] --END-- [ RunTime:0.019986s ]
INFO: [ view_filter ] --START--
INFO: Run Behavior\WriteHtmlCacheBehavior [ RunTime:0.000122s ]
INFO: [ view_filter ] --END-- [ RunTime:0.000165s ]

[ 2018-02-09T23:57:24+08:00 ] 111.206.36.144 /?source=baidu/?2jh=fh-yd/?keyword=feijituoyunqicheduoshaoqian/?e_creative=%7Bcreative%7D/?e_adposition=%7Badposition%7D/?e_keywordid=68527602831
INFO: [ app_init ] --START--
INFO: Run Behavior\BuildLiteBehavior [ RunTime:0.000014s ]
INFO: [ app_init ] --END-- [ RunTime:0.000249s ]
INFO: [ app_begin ] --START--
INFO: Run Behavior\ReadHtmlCacheBehavior [ RunTime:0.000281s ]
INFO: [ app_begin ] --END-- [ RunTime:0.000330s ]
SQL: SHOW COLUMNS FROM `tuo_article` [ RunTime:0.0005s ]
SQL: SELECT * FROM `tuo_article` WHERE `article_pid` = 'GY'  [ RunTime:0.0001s ]
SQL: SELECT * FROM `tuo_article` WHERE `article_pid` = 'LX'  [ RunTime:0.0001s ]
SQL: SELECT * FROM `tuo_article` WHERE `article_pid` = 'JR'  [ RunTime:0.0001s ]
SQL: SELECT * FROM `tuo_article` WHERE `article_pid` = 'QQ'  [ RunTime:0.0001s ]
SQL: SELECT * FROM `tuo_article` WHERE `article_pid` = 'FK'  [ RunTime:0.0001s ]
SQL: SELECT * FROM `tuo_article` WHERE `article_pid` = 'BZ'  [ RunTime:0.0001s ]
SQL: SELECT * FROM `tuo_article` WHERE `article_pid` = 'FW'  [ RunTime:0.0001s ]
SQL: SELECT * FROM `tuo_article` WHERE `article_pid` = 'AQ'  [ RunTime:0.0001s ]
SQL: SELECT * FROM `tuo_article` WHERE `article_pid` = 'DH'  [ RunTime:0.0001s ]
NOTIC: [8192] Function mcrypt_cbc() is deprecated /guzai/TTYC/ThinkPHP/Library/DES_PHP/DESPHP.class.php 第 47 行.
NOTIC: [2] Illegal string offset 'order' /guzai/TTYC/Application/Front/Controller/IndexController.class.php 第 17 行.
NOTIC: [8] Uninitialized string offset: 0 /guzai/TTYC/Application/Front/Controller/IndexController.class.php 第 17 行.
SQL: SHOW COLUMNS FROM `tuo_area` [ RunTime:0.0003s ]
SQL: SELECT * FROM `tuo_area` WHERE `area_pid` = 1  [ RunTime:0.0001s ]
SQL: SHOW COLUMNS FROM `tuo_carxing` [ RunTime:0.0003s ]
SQL: SELECT * FROM `tuo_carxing` WHERE `cxjj_pid` = 0  [ RunTime:0.0002s ]
SQL: SELECT * FROM `tuo_article` WHERE `article_pid` = 'XW' AND `article_img` <> '' ORDER BY article_time desc LIMIT 1   [ RunTime:0.0001s ]
SQL: SELECT * FROM `tuo_article` WHERE `article_pid` = 'XW' AND `article_id` <> '35' ORDER BY article_time desc LIMIT 3   [ RunTime:0.0001s ]
SQL: SELECT * FROM `tuo_article` WHERE `article_pid` = 'CJ' ORDER BY article_time desc LIMIT 10   [ RunTime:0.0001s ]
SQL: SELECT * FROM `tuo_article` WHERE `article_pid` = 'TTFW' ORDER BY article_id asc LIMIT 6   [ RunTime:0.0001s ]
SQL: SHOW COLUMNS FROM `tuo_link` [ RunTime:0.0003s ]
SQL: SELECT * FROM `tuo_link` WHERE `fl_status` = 'Y' ORDER BY fl_sort LIMIT 6   [ RunTime:0.0001s ]
SQL: SHOW COLUMNS FROM `tuo_adv_img` [ RunTime:0.0003s ]
SQL: SELECT * FROM `tuo_adv_img` WHERE `adv_code` = 'A'  [ RunTime:0.0001s ]
INFO: [ view_parse ] --START--
INFO: [ template_filter ] --START--
INFO: Run Behavior\ContentReplaceBehavior [ RunTime:0.000285s ]
INFO: [ template_filter ] --END-- [ RunTime:0.000353s ]
NOTIC: [8] Undefined variable: news /guzai/TTYC/Application/Runtime/Cache/Front/4741b996fde22d44b7262dab482a2184.php 第 8 行.
NOTIC: [8] Undefined variable: news /guzai/TTYC/Application/Runtime/Cache/Front/4741b996fde22d44b7262dab482a2184.php 第 12 行.
NOTIC: [8] Undefined variable: news /guzai/TTYC/Application/Runtime/Cache/Front/4741b996fde22d44b7262dab482a2184.php 第 16 行.
NOTIC: [2] Illegal string offset 'total' /guzai/TTYC/Application/Runtime/Cache/Front/4741b996fde22d44b7262dab482a2184.php 第 175 行.
NOTIC: [8] Uninitialized string offset: 0 /guzai/TTYC/Application/Runtime/Cache/Front/4741b996fde22d44b7262dab482a2184.php 第 175 行.
NOTIC: [2] Illegal string offset 'sprice' /guzai/TTYC/Application/Runtime/Cache/Front/4741b996fde22d44b7262dab482a2184.php 第 176 行.
NOTIC: [8] Uninitialized string offset: 0 /guzai/TTYC/Application/Runtime/Cache/Front/4741b996fde22d44b7262dab482a2184.php 第 176 行.
NOTIC: [2] Illegal string offset 'tprice' /guzai/TTYC/Application/Runtime/Cache/Front/4741b996fde22d44b7262dab482a2184.php 第 177 行.
NOTIC: [8] Uninitialized string offset: 0 /guzai/TTYC/Application/Runtime/Cache/Front/4741b996fde22d44b7262dab482a2184.php 第 177 行.
NOTIC: [2] Illegal string offset 'eprice' /guzai/TTYC/Application/Runtime/Cache/Front/4741b996fde22d44b7262dab482a2184.php 第 178 行.
NOTIC: [8] Uninitialized string offset: 0 /guzai/TTYC/Application/Runtime/Cache/Front/4741b996fde22d44b7262dab482a2184.php 第 178 行.
NOTIC: [2] Illegal string offset 'order' /guzai/TTYC/Application/Runtime/Cache/Front/4741b996fde22d44b7262dab482a2184.php 第 189 行.
NOTIC: [8] Uninitialized string offset: 0 /guzai/TTYC/Application/Runtime/Cache/Front/4741b996fde22d44b7262dab482a2184.php 第 189 行.
NOTIC: [2] Illegal string offset 'total' /guzai/TTYC/Application/Runtime/Cache/Front/4741b996fde22d44b7262dab482a2184.php 第 189 行.
NOTIC: [8] Uninitialized string offset: 0 /guzai/TTYC/Application/Runtime/Cache/Front/4741b996fde22d44b7262dab482a2184.php 第 189 行.
NOTIC: [2] Illegal string offset 'order' /guzai/TTYC/Application/Runtime/Cache/Front/4741b996fde22d44b7262dab482a2184.php 第 274 行.
NOTIC: [8] Uninitialized string offset: 0 /guzai/TTYC/Application/Runtime/Cache/Front/4741b996fde22d44b7262dab482a2184.php 第 274 行.
NOTIC: [2] Illegal string offset 'start' /guzai/TTYC/Application/Runtime/Cache/Front/4741b996fde22d44b7262dab482a2184.php 第 274 行.
NOTIC: [8] Uninitialized string offset: 0 /guzai/TTYC/Application/Runtime/Cache/Front/4741b996fde22d44b7262dab482a2184.php 第 274 行.
NOTIC: [2] Illegal string offset 'order' /guzai/TTYC/Application/Runtime/Cache/Front/4741b996fde22d44b7262dab482a2184.php 第 284 行.
NOTIC: [8] Uninitialized string offset: 0 /guzai/TTYC/Application/Runtime/Cache/Front/4741b996fde22d44b7262dab482a2184.php 第 284 行.
NOTIC: [2] Illegal string offset 'end' /guzai/TTYC/Application/Runtime/Cache/Front/4741b996fde22d44b7262dab482a2184.php 第 284 行.
NOTIC: [8] Uninitialized string offset: 0 /guzai/TTYC/Application/Runtime/Cache/Front/4741b996fde22d44b7262dab482a2184.php 第 284 行.
NOTIC: [2] Illegal string offset 'order' /guzai/TTYC/Application/Runtime/Cache/Front/4741b996fde22d44b7262dab482a2184.php 第 293 行.
NOTIC: [8] Uninitialized string offset: 0 /guzai/TTYC/Application/Runtime/Cache/Front/4741b996fde22d44b7262dab482a2184.php 第 293 行.
NOTIC: [2] Illegal string offset 'carInfo' /guzai/TTYC/Application/Runtime/Cache/Front/4741b996fde22d44b7262dab482a2184.php 第 293 行.
NOTIC: [8] Uninitialized string offset: 0 /guzai/TTYC/Application/Runtime/Cache/Front/4741b996fde22d44b7262dab482a2184.php 第 293 行.
INFO: Run Behavior\ParseTemplateBehavior [ RunTime:0.020197s ]
INFO: [ view_parse ] --END-- [ RunTime:0.020248s ]
INFO: [ view_filter ] --START--
INFO: Run Behavior\WriteHtmlCacheBehavior [ RunTime:0.000134s ]
INFO: [ view_filter ] --END-- [ RunTime:0.000176s ]

[ 2018-02-09T23:57:24+08:00 ] 111.206.36.8 /?2jh=sj-yd&kd=fuzhousijiachetuoyun&e_adposition=%7Badposition%7D
INFO: [ app_init ] --START--
INFO: Run Behavior\BuildLiteBehavior [ RunTime:0.000012s ]
INFO: [ app_init ] --END-- [ RunTime:0.000236s ]
INFO: [ app_begin ] --START--
INFO: Run Behavior\ReadHtmlCacheBehavior [ RunTime:0.000288s ]
INFO: [ app_begin ] --END-- [ RunTime:0.000359s ]
SQL: SHOW COLUMNS FROM `tuo_article` [ RunTime:0.0003s ]
SQL: SELECT * FROM `tuo_article` WHERE `article_pid` = 'GY'  [ RunTime:0.0001s ]
SQL: SELECT * FROM `tuo_article` WHERE `article_pid` = 'LX'  [ RunTime:0.0001s ]
SQL: SELECT * FROM `tuo_article` WHERE `article_pid` = 'JR'  [ RunTime:0.0001s ]
SQL: SELECT * FROM `tuo_article` WHERE `article_pid` = 'QQ'  [ RunTime:0.0001s ]
SQL: SELECT * FROM `tuo_article` WHERE `article_pid` = 'FK'  [ RunTime:0.0001s ]
SQL: SELECT * FROM `tuo_article` WHERE `article_pid` = 'BZ'  [ RunTime:0.0001s ]
SQL: SELECT * FROM `tuo_article` WHERE `article_pid` = 'FW'  [ RunTime:0.0001s ]
SQL: SELECT * FROM `tuo_article` WHERE `article_pid` = 'AQ'  [ RunTime:0.0001s ]
SQL: SELECT * FROM `tuo_article` WHERE `article_pid` = 'DH'  [ RunTime:0.0001s ]
NOTIC: [8192] Function mcrypt_cbc() is deprecated /guzai/TTYC/ThinkPHP/Library/DES_PHP/DESPHP.class.php 第 47 行.
NOTIC: [2] Illegal string offset 'order' /guzai/TTYC/Application/Front/Controller/IndexController.class.php 第 17 行.
NOTIC: [8] Uninitialized string offset: 0 /guzai/TTYC/Application/Front/Controller/IndexController.class.php 第 17 行.
SQL: SHOW COLUMNS FROM `tuo_area` [ RunTime:0.0003s ]
SQL: SELECT * FROM `tuo_area` WHERE `area_pid` = 1  [ RunTime:0.0001s ]
SQL: SHOW COLUMNS FROM `tuo_carxing` [ RunTime:0.0003s ]
SQL: SELECT * FROM `tuo_carxing` WHERE `cxjj_pid` = 0  [ RunTime:0.0002s ]
SQL: SELECT * FROM `tuo_article` WHERE `article_pid` = 'XW' AND `article_img` <> '' ORDER BY article_time desc LIMIT 1   [ RunTime:0.0001s ]
SQL: SELECT * FROM `tuo_article` WHERE `article_pid` = 'XW' AND `article_id` <> '35' ORDER BY article_time desc LIMIT 3   [ RunTime:0.0001s ]
SQL: SELECT * FROM `tuo_article` WHERE `article_pid` = 'CJ' ORDER BY article_time desc LIMIT 10   [ RunTime:0.0001s ]
SQL: SELECT * FROM `tuo_article` WHERE `article_pid` = 'TTFW' ORDER BY article_id asc LIMIT 6   [ RunTime:0.0001s ]
SQL: SHOW COLUMNS FROM `tuo_link` [ RunTime:0.0003s ]
SQL: SELECT * FROM `tuo_link` WHERE `fl_status` = 'Y' ORDER BY fl_sort LIMIT 6   [ RunTime:0.0001s ]
SQL: SHOW COLUMNS FROM `tuo_adv_img` [ RunTime:0.0003s ]
SQL: SELECT * FROM `tuo_adv_img` WHERE `adv_code` = 'A'  [ RunTime:0.0001s ]
INFO: [ view_parse ] --START--
INFO: [ template_filter ] --START--
INFO: Run Behavior\ContentReplaceBehavior [ RunTime:0.000240s ]
INFO: [ template_filter ] --END-- [ RunTime:0.000309s ]
NOTIC: [8] Undefined variable: news /guzai/TTYC/Application/Runtime/Cache/Front/4741b996fde22d44b7262dab482a2184.php 第 8 行.
NOTIC: [8] Undefined variable: news /guzai/TTYC/Application/Runtime/Cache/Front/4741b996fde22d44b7262dab482a2184.php 第 12 行.
NOTIC: [8] Undefined variable: news /guzai/TTYC/Application/Runtime/Cache/Front/4741b996fde22d44b7262dab482a2184.php 第 16 行.
NOTIC: [2] Illegal string offset 'total' /guzai/TTYC/Application/Runtime/Cache/Front/4741b996fde22d44b7262dab482a2184.php 第 175 行.
NOTIC: [8] Uninitialized string offset: 0 /guzai/TTYC/Application/Runtime/Cache/Front/4741b996fde22d44b7262dab482a2184.php 第 175 行.
NOTIC: [2] Illegal string offset 'sprice' /guzai/TTYC/Application/Runtime/Cache/Front/4741b996fde22d44b7262dab482a2184.php 第 176 行.
NOTIC: [8] Uninitialized string offset: 0 /guzai/TTYC/Application/Runtime/Cache/Front/4741b996fde22d44b7262dab482a2184.php 第 176 行.
NOTIC: [2] Illegal string offset 'tprice' /guzai/TTYC/Application/Runtime/Cache/Front/4741b996fde22d44b7262dab482a2184.php 第 177 行.
NOTIC: [8] Uninitialized string offset: 0 /guzai/TTYC/Application/Runtime/Cache/Front/4741b996fde22d44b7262dab482a2184.php 第 177 行.
NOTIC: [2] Illegal string offset 'eprice' /guzai/TTYC/Application/Runtime/Cache/Front/4741b996fde22d44b7262dab482a2184.php 第 178 行.
NOTIC: [8] Uninitialized string offset: 0 /guzai/TTYC/Application/Runtime/Cache/Front/4741b996fde22d44b7262dab482a2184.php 第 178 行.
NOTIC: [2] Illegal string offset 'order' /guzai/TTYC/Application/Runtime/Cache/Front/4741b996fde22d44b7262dab482a2184.php 第 189 行.
NOTIC: [8] Uninitialized string offset: 0 /guzai/TTYC/Application/Runtime/Cache/Front/4741b996fde22d44b7262dab482a2184.php 第 189 行.
NOTIC: [2] Illegal string offset 'total' /guzai/TTYC/Application/Runtime/Cache/Front/4741b996fde22d44b7262dab482a2184.php 第 189 行.
NOTIC: [8] Uninitialized string offset: 0 /guzai/TTYC/Application/Runtime/Cache/Front/4741b996fde22d44b7262dab482a2184.php 第 189 行.
NOTIC: [2] Illegal string offset 'order' /guzai/TTYC/Application/Runtime/Cache/Front/4741b996fde22d44b7262dab482a2184.php 第 274 行.
NOTIC: [8] Uninitialized string offset: 0 /guzai/TTYC/Application/Runtime/Cache/Front/4741b996fde22d44b7262dab482a2184.php 第 274 行.
NOTIC: [2] Illegal string offset 'start' /guzai/TTYC/Application/Runtime/Cache/Front/4741b996fde22d44b7262dab482a2184.php 第 274 行.
NOTIC: [8] Uninitialized string offset: 0 /guzai/TTYC/Application/Runtime/Cache/Front/4741b996fde22d44b7262dab482a2184.php 第 274 行.
NOTIC: [2] Illegal string offset 'order' /guzai/TTYC/Application/Runtime/Cache/Front/4741b996fde22d44b7262dab482a2184.php 第 284 行.
NOTIC: [8] Uninitialized string offset: 0 /guzai/TTYC/Application/Runtime/Cache/Front/4741b996fde22d44b7262dab482a2184.php 第 284 行.
NOTIC: [2] Illegal string offset 'end' /guzai/TTYC/Application/Runtime/Cache/Front/4741b996fde22d44b7262dab482a2184.php 第 284 行.
NOTIC: [8] Uninitialized string offset: 0 /guzai/TTYC/Application/Runtime/Cache/Front/4741b996fde22d44b7262dab482a2184.php 第 284 行.
NOTIC: [2] Illegal string offset 'order' /guzai/TTYC/Application/Runtime/Cache/Front/4741b996fde22d44b7262dab482a2184.php 第 293 行.
NOTIC: [8] Uninitialized string offset: 0 /guzai/TTYC/Application/Runtime/Cache/Front/4741b996fde22d44b7262dab482a2184.php 第 293 行.
NOTIC: [2] Illegal string offset 'carInfo' /guzai/TTYC/Application/Runtime/Cache/Front/4741b996fde22d44b7262dab482a2184.php 第 293 行.
NOTIC: [8] Uninitialized string offset: 0 /guzai/TTYC/Application/Runtime/Cache/Front/4741b996fde22d44b7262dab482a2184.php 第 293 行.
INFO: Run Behavior\ParseTemplateBehavior [ RunTime:0.019966s ]
INFO: [ view_parse ] --END-- [ RunTime:0.020016s ]
INFO: [ view_filter ] --START--
INFO: Run Behavior\WriteHtmlCacheBehavior [ RunTime:0.000136s ]
INFO: [ view_filter ] --END-- [ RunTime:0.000179s ]

[ 2018-02-09T23:57:26+08:00 ] 180.97.35.165 /?2jh=sj-yd&kd=guangzhouqichetuoyungongsi&e_adposition=%7Badposition%7D
INFO: [ app_init ] --START--
INFO: Run Behavior\BuildLiteBehavior [ RunTime:0.000015s ]
INFO: [ app_init ] --END-- [ RunTime:0.000258s ]
INFO: [ app_begin ] --START--
INFO: Run Behavior\ReadHtmlCacheBehavior [ RunTime:0.000424s ]
INFO: [ app_begin ] --END-- [ RunTime:0.000489s ]
SQL: SHOW COLUMNS FROM `tuo_article` [ RunTime:0.0005s ]
SQL: SELECT * FROM `tuo_article` WHERE `article_pid` = 'GY'  [ RunTime:0.0001s ]
SQL: SELECT * FROM `tuo_article` WHERE `article_pid` = 'LX'  [ RunTime:0.0001s ]
SQL: SELECT * FROM `tuo_article` WHERE `article_pid` = 'JR'  [ RunTime:0.0001s ]
SQL: SELECT * FROM `tuo_article` WHERE `article_pid` = 'QQ'  [ RunTime:0.0001s ]
SQL: SELECT * FROM `tuo_article` WHERE `article_pid` = 'FK'  [ RunTime:0.0001s ]
SQL: SELECT * FROM `tuo_article` WHERE `article_pid` = 'BZ'  [ RunTime:0.0001s ]
SQL: SELECT * FROM `tuo_article` WHERE `article_pid` = 'FW'  [ RunTime:0.0001s ]
SQL: SELECT * FROM `tuo_article` WHERE `article_pid` = 'AQ'  [ RunTime:0.0001s ]
SQL: SELECT * FROM `tuo_article` WHERE `article_pid` = 'DH'  [ RunTime:0.0001s ]
NOTIC: [8192] Function mcrypt_cbc() is deprecated /guzai/TTYC/ThinkPHP/Library/DES_PHP/DESPHP.class.php 第 47 行.
NOTIC: [2] Illegal string offset 'order' /guzai/TTYC/Application/Front/Controller/IndexController.class.php 第 17 行.
NOTIC: [8] Uninitialized string offset: 0 /guzai/TTYC/Application/Front/Controller/IndexController.class.php 第 17 行.
SQL: SHOW COLUMNS FROM `tuo_area` [ RunTime:0.0003s ]
SQL: SELECT * FROM `tuo_area` WHERE `area_pid` = 1  [ RunTime:0.0001s ]
SQL: SHOW COLUMNS FROM `tuo_carxing` [ RunTime:0.0003s ]
SQL: SELECT * FROM `tuo_carxing` WHERE `cxjj_pid` = 0  [ RunTime:0.0002s ]
SQL: SELECT * FROM `tuo_article` WHERE `article_pid` = 'XW' AND `article_img` <> '' ORDER BY article_time desc LIMIT 1   [ RunTime:0.0001s ]
SQL: SELECT * FROM `tuo_article` WHERE `article_pid` = 'XW' AND `article_id` <> '35' ORDER BY article_time desc LIMIT 3   [ RunTime:0.0001s ]
SQL: SELECT * FROM `tuo_article` WHERE `article_pid` = 'CJ' ORDER BY article_time desc LIMIT 10   [ RunTime:0.0001s ]
SQL: SELECT * FROM `tuo_article` WHERE `article_pid` = 'TTFW' ORDER BY article_id asc LIMIT 6   [ RunTime:0.0001s ]
SQL: SHOW COLUMNS FROM `tuo_link` [ RunTime:0.0003s ]
SQL: SELECT * FROM `tuo_link` WHERE `fl_status` = 'Y' ORDER BY fl_sort LIMIT 6   [ RunTime:0.0001s ]
SQL: SHOW COLUMNS FROM `tuo_adv_img` [ RunTime:0.0002s ]
SQL: SELECT * FROM `tuo_adv_img` WHERE `adv_code` = 'A'  [ RunTime:0.0001s ]
INFO: [ view_parse ] --START--
INFO: [ template_filter ] --START--
INFO: Run Behavior\ContentReplaceBehavior [ RunTime:0.000237s ]
INFO: [ template_filter ] --END-- [ RunTime:0.000304s ]
NOTIC: [8] Undefined variable: news /guzai/TTYC/Application/Runtime/Cache/Front/4741b996fde22d44b7262dab482a2184.php 第 8 行.
NOTIC: [8] Undefined variable: news /guzai/TTYC/Application/Runtime/Cache/Front/4741b996fde22d44b7262dab482a2184.php 第 12 行.
NOTIC: [8] Undefined variable: news /guzai/TTYC/Application/Runtime/Cache/Front/4741b996fde22d44b7262dab482a2184.php 第 16 行.
NOTIC: [2] Illegal string offset 'total' /guzai/TTYC/Application/Runtime/Cache/Front/4741b996fde22d44b7262dab482a2184.php 第 175 行.
NOTIC: [8] Uninitialized string offset: 0 /guzai/TTYC/Application/Runtime/Cache/Front/4741b996fde22d44b7262dab482a2184.php 第 175 行.
NOTIC: [2] Illegal string offset 'sprice' /guzai/TTYC/Application/Runtime/Cache/Front/4741b996fde22d44b7262dab482a2184.php 第 176 行.
NOTIC: [8] Uninitialized string offset: 0 /guzai/TTYC/Application/Runtime/Cache/Front/4741b996fde22d44b7262dab482a2184.php 第 176 行.
NOTIC: [2] Illegal string offset 'tprice' /guzai/TTYC/Application/Runtime/Cache/Front/4741b996fde22d44b7262dab482a2184.php 第 177 行.
NOTIC: [8] Uninitialized string offset: 0 /guzai/TTYC/Application/Runtime/Cache/Front/4741b996fde22d44b7262dab482a2184.php 第 177 行.
NOTIC: [2] Illegal string offset 'eprice' /guzai/TTYC/Application/Runtime/Cache/Front/4741b996fde22d44b7262dab482a2184.php 第 178 行.
NOTIC: [8] Uninitialized string offset: 0 /guzai/TTYC/Application/Runtime/Cache/Front/4741b996fde22d44b7262dab482a2184.php 第 178 行.
NOTIC: [2] Illegal string offset 'order' /guzai/TTYC/Application/Runtime/Cache/Front/4741b996fde22d44b7262dab482a2184.php 第 189 行.
NOTIC: [8] Uninitialized string offset: 0 /guzai/TTYC/Application/Runtime/Cache/Front/4741b996fde22d44b7262dab482a2184.php 第 189 行.
NOTIC: [2] Illegal string offset 'total' /guzai/TTYC/Application/Runtime/Cache/Front/4741b996fde22d44b7262dab482a2184.php 第 189 行.
NOTIC: [8] Uninitialized string offset: 0 /guzai/TTYC/Application/Runtime/Cache/Front/4741b996fde22d44b7262dab482a2184.php 第 189 行.
NOTIC: [2] Illegal string offset 'order' /guzai/TTYC/Application/Runtime/Cache/Front/4741b996fde22d44b7262dab482a2184.php 第 274 行.
NOTIC: [8] Uninitialized string offset: 0 /guzai/TTYC/Application/Runtime/Cache/Front/4741b996fde22d44b7262dab482a2184.php 第 274 行.
NOTIC: [2] Illegal string offset 'start' /guzai/TTYC/Application/Runtime/Cache/Front/4741b996fde22d44b7262dab482a2184.php 第 274 行.
NOTIC: [8] Uninitialized string offset: 0 /guzai/TTYC/Application/Runtime/Cache/Front/4741b996fde22d44b7262dab482a2184.php 第 274 行.
NOTIC: [2] Illegal string offset 'order' /guzai/TTYC/Application/Runtime/Cache/Front/4741b996fde22d44b7262dab482a2184.php 第 284 行.
NOTIC: [8] Uninitialized string offset: 0 /guzai/TTYC/Application/Runtime/Cache/Front/4741b996fde22d44b7262dab482a2184.php 第 284 行.
NOTIC: [2] Illegal string offset 'end' /guzai/TTYC/Application/Runtime/Cache/Front/4741b996fde22d44b7262dab482a2184.php 第 284 行.
NOTIC: [8] Uninitialized string offset: 0 /guzai/TTYC/Application/Runtime/Cache/Front/4741b996fde22d44b7262dab482a2184.php 第 284 行.
NOTIC: [2] Illegal string offset 'order' /guzai/TTYC/Application/Runtime/Cache/Front/4741b996fde22d44b7262dab482a2184.php 第 293 行.
NOTIC: [8] Uninitialized string offset: 0 /guzai/TTYC/Application/Runtime/Cache/Front/4741b996fde22d44b7262dab482a2184.php 第 293 行.
NOTIC: [2] Illegal string offset 'carInfo' /guzai/TTYC/Application/Runtime/Cache/Front/4741b996fde22d44b7262dab482a2184.php 第 293 行.
NOTIC: [8] Uninitialized string offset: 0 /guzai/TTYC/Application/Runtime/Cache/Front/4741b996fde22d44b7262dab482a2184.php 第 293 行.
INFO: Run Behavior\ParseTemplateBehavior [ RunTime:0.019966s ]
INFO: [ view_parse ] --END-- [ RunTime:0.020018s ]
INFO: [ view_filter ] --START--
INFO: Run Behavior\WriteHtmlCacheBehavior [ RunTime:0.000120s ]
INFO: [ view_filter ] --END-- [ RunTime:0.000163s ]

[ 2018-02-09T23:57:26+08:00 ] 111.206.36.8 /?2jh=sj-yd&kd=dongguanjiaochetuoyun&e_adposition=%7Badposition%7D
INFO: [ app_init ] --START--
INFO: Run Behavior\BuildLiteBehavior [ RunTime:0.000013s ]
INFO: [ app_init ] --END-- [ RunTime:0.000237s ]
INFO: [ app_begin ] --START--
INFO: Run Behavior\ReadHtmlCacheBehavior [ RunTime:0.000300s ]
INFO: [ app_begin ] --END-- [ RunTime:0.000352s ]
SQL: SHOW COLUMNS FROM `tuo_article` [ RunTime:0.0005s ]
SQL: SELECT * FROM `tuo_article` WHERE `article_pid` = 'GY'  [ RunTime:0.0001s ]
SQL: SELECT * FROM `tuo_article` WHERE `article_pid` = 'LX'  [ RunTime:0.0001s ]
SQL: SELECT * FROM `tuo_article` WHERE `article_pid` = 'JR'  [ RunTime:0.0001s ]
SQL: SELECT * FROM `tuo_article` WHERE `article_pid` = 'QQ'  [ RunTime:0.0001s ]
SQL: SELECT * FROM `tuo_article` WHERE `article_pid` = 'FK'  [ RunTime:0.0001s ]
SQL: SELECT * FROM `tuo_article` WHERE `article_pid` = 'BZ'  [ RunTime:0.0001s ]
SQL: SELECT * FROM `tuo_article` WHERE `article_pid` = 'FW'  [ RunTime:0.0001s ]
SQL: SELECT * FROM `tuo_article` WHERE `article_pid` = 'AQ'  [ RunTime:0.0001s ]
SQL: SELECT * FROM `tuo_article` WHERE `article_pid` = 'DH'  [ RunTime:0.0001s ]
NOTIC: [8192] Function mcrypt_cbc() is deprecated /guzai/TTYC/ThinkPHP/Library/DES_PHP/DESPHP.class.php 第 47 行.
NOTIC: [2] Illegal string offset 'order' /guzai/TTYC/Application/Front/Controller/IndexController.class.php 第 17 行.
NOTIC: [8] Uninitialized string offset: 0 /guzai/TTYC/Application/Front/Controller/IndexController.class.php 第 17 行.
SQL: SHOW COLUMNS FROM `tuo_area` [ RunTime:0.0003s ]
SQL: SELECT * FROM `tuo_area` WHERE `area_pid` = 1  [ RunTime:0.0001s ]
SQL: SHOW COLUMNS FROM `tuo_carxing` [ RunTime:0.0003s ]
SQL: SELECT * FROM `tuo_carxing` WHERE `cxjj_pid` = 0  [ RunTime:0.0002s ]
SQL: SELECT * FROM `tuo_article` WHERE `article_pid` = 'XW' AND `article_img` <> '' ORDER BY article_time desc LIMIT 1   [ RunTime:0.0001s ]
SQL: SELECT * FROM `tuo_article` WHERE `article_pid` = 'XW' AND `article_id` <> '35' ORDER BY article_time desc LIMIT 3   [ RunTime:0.0001s ]
SQL: SELECT * FROM `tuo_article` WHERE `article_pid` = 'CJ' ORDER BY article_time desc LIMIT 10   [ RunTime:0.0001s ]
SQL: SELECT * FROM `tuo_article` WHERE `article_pid` = 'TTFW' ORDER BY article_id asc LIMIT 6   [ RunTime:0.0001s ]
SQL: SHOW COLUMNS FROM `tuo_link` [ RunTime:0.0003s ]
SQL: SELECT * FROM `tuo_link` WHERE `fl_status` = 'Y' ORDER BY fl_sort LIMIT 6   [ RunTime:0.0001s ]
SQL: SHOW COLUMNS FROM `tuo_adv_img` [ RunTime:0.0002s ]
SQL: SELECT * FROM `tuo_adv_img` WHERE `adv_code` = 'A'  [ RunTime:0.0001s ]
INFO: [ view_parse ] --START--
INFO: [ template_filter ] --START--
INFO: Run Behavior\ContentReplaceBehavior [ RunTime:0.000239s ]
INFO: [ template_filter ] --END-- [ RunTime:0.000311s ]
NOTIC: [8] Undefined variable: news /guzai/TTYC/Application/Runtime/Cache/Front/4741b996fde22d44b7262dab482a2184.php 第 8 行.
NOTIC: [8] Undefined variable: news /guzai/TTYC/Application/Runtime/Cache/Front/4741b996fde22d44b7262dab482a2184.php 第 12 行.
NOTIC: [8] Undefined variable: news /guzai/TTYC/Application/Runtime/Cache/Front/4741b996fde22d44b7262dab482a2184.php 第 16 行.
NOTIC: [2] Illegal string offset 'total' /guzai/TTYC/Application/Runtime/Cache/Front/4741b996fde22d44b7262dab482a2184.php 第 175 行.
NOTIC: [8] Uninitialized string offset: 0 /guzai/TTYC/Application/Runtime/Cache/Front/4741b996fde22d44b7262dab482a2184.php 第 175 行.
NOTIC: [2] Illegal string offset 'sprice' /guzai/TTYC/Application/Runtime/Cache/Front/4741b996fde22d44b7262dab482a2184.php 第 176 行.
NOTIC: [8] Uninitialized string offset: 0 /guzai/TTYC/Application/Runtime/Cache/Front/4741b996fde22d44b7262dab482a2184.php 第 176 行.
NOTIC: [2] Illegal string offset 'tprice' /guzai/TTYC/Application/Runtime/Cache/Front/4741b996fde22d44b7262dab482a2184.php 第 177 行.
NOTIC: [8] Uninitialized string offset: 0 /guzai/TTYC/Application/Runtime/Cache/Front/4741b996fde22d44b7262dab482a2184.php 第 177 行.
NOTIC: [2] Illegal string offset 'eprice' /guzai/TTYC/Application/Runtime/Cache/Front/4741b996fde22d44b7262dab482a2184.php 第 178 行.
NOTIC: [8] Uninitialized string offset: 0 /guzai/TTYC/Application/Runtime/Cache/Front/4741b996fde22d44b7262dab482a2184.php 第 178 行.
NOTIC: [2] Illegal string offset 'order' /guzai/TTYC/Application/Runtime/Cache/Front/4741b996fde22d44b7262dab482a2184.php 第 189 行.
NOTIC: [8] Uninitialized string offset: 0 /guzai/TTYC/Application/Runtime/Cache/Front/4741b996fde22d44b7262dab482a2184.php 第 189 行.
NOTIC: [2] Illegal string offset 'total' /guzai/TTYC/Application/Runtime/Cache/Front/4741b996fde22d44b7262dab482a2184.php 第 189 行.
NOTIC: [8] Uninitialized string offset: 0 /guzai/TTYC/Application/Runtime/Cache/Front/4741b996fde22d44b7262dab482a2184.php 第 189 行.
NOTIC: [2] Illegal string offset 'order' /guzai/TTYC/Application/Runtime/Cache/Front/4741b996fde22d44b7262dab482a2184.php 第 274 行.
NOTIC: [8] Uninitialized string offset: 0 /guzai/TTYC/Application/Runtime/Cache/Front/4741b996fde22d44b7262dab482a2184.php 第 274 行.
NOTIC: [2] Illegal string offset 'start' /guzai/TTYC/Application/Runtime/Cache/Front/4741b996fde22d44b7262dab482a2184.php 第 274 行.
NOTIC: [8] Uninitialized string offset: 0 /guzai/TTYC/Application/Runtime/Cache/Front/4741b996fde22d44b7262dab482a2184.php 第 274 行.
NOTIC: [2] Illegal string offset 'order' /guzai/TTYC/Application/Runtime/Cache/Front/4741b996fde22d44b7262dab482a2184.php 第 284 行.
NOTIC: [8] Uninitialized string offset: 0 /guzai/TTYC/Application/Runtime/Cache/Front/4741b996fde22d44b7262dab482a2184.php 第 284 行.
NOTIC: [2] Illegal string offset 'end' /guzai/TTYC/Application/Runtime/Cache/Front/4741b996fde22d44b7262dab482a2184.php 第 284 行.
NOTIC: [8] Uninitialized string offset: 0 /guzai/TTYC/Application/Runtime/Cache/Front/4741b996fde22d44b7262dab482a2184.php 第 284 行.
NOTIC: [2] Illegal string offset 'order' /guzai/TTYC/Application/Runtime/Cache/Front/4741b996fde22d44b7262dab482a2184.php 第 293 行.
NOTIC: [8] Uninitialized string offset: 0 /guzai/TTYC/Application/Runtime/Cache/Front/4741b996fde22d44b7262dab482a2184.php 第 293 行.
NOTIC: [2] Illegal string offset 'carInfo' /guzai/TTYC/Application/Runtime/Cache/Front/4741b996fde22d44b7262dab482a2184.php 第 293 行.
NOTIC: [8] Uninitialized string offset: 0 /guzai/TTYC/Application/Runtime/Cache/Front/4741b996fde22d44b7262dab482a2184.php 第 293 行.
INFO: Run Behavior\ParseTemplateBehavior [ RunTime:0.019850s ]
INFO: [ view_parse ] --END-- [ RunTime:0.019900s ]
INFO: [ view_filter ] --START--
INFO: Run Behavior\WriteHtmlCacheBehavior [ RunTime:0.000124s ]
INFO: [ view_filter ] --END-- [ RunTime:0.000174s ]

[ 2018-02-09T23:57:27+08:00 ] 180.76.14.19 /?2jh=sj-yd&kd=foshanqichetuoyun&e_adposition=%7Badposition%7D
INFO: [ app_init ] --START--
INFO: Run Behavior\BuildLiteBehavior [ RunTime:0.000020s ]
INFO: [ app_init ] --END-- [ RunTime:0.000341s ]
INFO: [ app_begin ] --START--
INFO: Run Behavior\ReadHtmlCacheBehavior [ RunTime:0.000313s ]
INFO: [ app_begin ] --END-- [ RunTime:0.000367s ]
SQL: SHOW COLUMNS FROM `tuo_article` [ RunTime:0.0005s ]
SQL: SELECT * FROM `tuo_article` WHERE `article_pid` = 'GY'  [ RunTime:0.0001s ]
SQL: SELECT * FROM `tuo_article` WHERE `article_pid` = 'LX'  [ RunTime:0.0001s ]
SQL: SELECT * FROM `tuo_article` WHERE `article_pid` = 'JR'  [ RunTime:0.0001s ]
SQL: SELECT * FROM `tuo_article` WHERE `article_pid` = 'QQ'  [ RunTime:0.0001s ]
SQL: SELECT * FROM `tuo_article` WHERE `article_pid` = 'FK'  [ RunTime:0.0001s ]
SQL: SELECT * FROM `tuo_article` WHERE `article_pid` = 'BZ'  [ RunTime:0.0001s ]
SQL: SELECT * FROM `tuo_article` WHERE `article_pid` = 'FW'  [ RunTime:0.0001s ]
SQL: SELECT * FROM `tuo_article` WHERE `article_pid` = 'AQ'  [ RunTime:0.0001s ]
SQL: SELECT * FROM `tuo_article` WHERE `article_pid` = 'DH'  [ RunTime:0.0001s ]
NOTIC: [8192] Function mcrypt_cbc() is deprecated /guzai/TTYC/ThinkPHP/Library/DES_PHP/DESPHP.class.php 第 47 行.
NOTIC: [2] Illegal string offset 'order' /guzai/TTYC/Application/Front/Controller/IndexController.class.php 第 17 行.
NOTIC: [8] Uninitialized string offset: 0 /guzai/TTYC/Application/Front/Controller/IndexController.class.php 第 17 行.
SQL: SHOW COLUMNS FROM `tuo_area` [ RunTime:0.0003s ]
SQL: SELECT * FROM `tuo_area` WHERE `area_pid` = 1  [ RunTime:0.0001s ]
SQL: SHOW COLUMNS FROM `tuo_carxing` [ RunTime:0.0003s ]
SQL: SELECT * FROM `tuo_carxing` WHERE `cxjj_pid` = 0  [ RunTime:0.0002s ]
SQL: SELECT * FROM `tuo_article` WHERE `article_pid` = 'XW' AND `article_img` <> '' ORDER BY article_time desc LIMIT 1   [ RunTime:0.0001s ]
SQL: SELECT * FROM `tuo_article` WHERE `article_pid` = 'XW' AND `article_id` <> '35' ORDER BY article_time desc LIMIT 3   [ RunTime:0.0001s ]
SQL: SELECT * FROM `tuo_article` WHERE `article_pid` = 'CJ' ORDER BY article_time desc LIMIT 10   [ RunTime:0.0001s ]
SQL: SELECT * FROM `tuo_article` WHERE `article_pid` = 'TTFW' ORDER BY article_id asc LIMIT 6   [ RunTime:0.0001s ]
SQL: SHOW COLUMNS FROM `tuo_link` [ RunTime:0.0003s ]
SQL: SELECT * FROM `tuo_link` WHERE `fl_status` = 'Y' ORDER BY fl_sort LIMIT 6   [ RunTime:0.0001s ]
SQL: SHOW COLUMNS FROM `tuo_adv_img` [ RunTime:0.0003s ]
SQL: SELECT * FROM `tuo_adv_img` WHERE `adv_code` = 'A'  [ RunTime:0.0001s ]
INFO: [ view_parse ] --START--
INFO: [ template_filter ] --START--
INFO: Run Behavior\ContentReplaceBehavior [ RunTime:0.000232s ]
INFO: [ template_filter ] --END-- [ RunTime:0.000304s ]
NOTIC: [8] Undefined variable: news /guzai/TTYC/Application/Runtime/Cache/Front/4741b996fde22d44b7262dab482a2184.php 第 8 行.
NOTIC: [8] Undefined variable: news /guzai/TTYC/Application/Runtime/Cache/Front/4741b996fde22d44b7262dab482a2184.php 第 12 行.
NOTIC: [8] Undefined variable: news /guzai/TTYC/Application/Runtime/Cache/Front/4741b996fde22d44b7262dab482a2184.php 第 16 行.
NOTIC: [2] Illegal string offset 'total' /guzai/TTYC/Application/Runtime/Cache/Front/4741b996fde22d44b7262dab482a2184.php 第 175 行.
NOTIC: [8] Uninitialized string offset: 0 /guzai/TTYC/Application/Runtime/Cache/Front/4741b996fde22d44b7262dab482a2184.php 第 175 行.
NOTIC: [2] Illegal string offset 'sprice' /guzai/TTYC/Application/Runtime/Cache/Front/4741b996fde22d44b7262dab482a2184.php 第 176 行.
NOTIC: [8] Uninitialized string offset: 0 /guzai/TTYC/Application/Runtime/Cache/Front/4741b996fde22d44b7262dab482a2184.php 第 176 行.
NOTIC: [2] Illegal string offset 'tprice' /guzai/TTYC/Application/Runtime/Cache/Front/4741b996fde22d44b7262dab482a2184.php 第 177 行.
NOTIC: [8] Uninitialized string offset: 0 /guzai/TTYC/Application/Runtime/Cache/Front/4741b996fde22d44b7262dab482a2184.php 第 177 行.
NOTIC: [2] Illegal string offset 'eprice' /guzai/TTYC/Application/Runtime/Cache/Front/4741b996fde22d44b7262dab482a2184.php 第 178 行.
NOTIC: [8] Uninitialized string offset: 0 /guzai/TTYC/Application/Runtime/Cache/Front/4741b996fde22d44b7262dab482a2184.php 第 178 行.
NOTIC: [2] Illegal string offset 'order' /guzai/TTYC/Application/Runtime/Cache/Front/4741b996fde22d44b7262dab482a2184.php 第 189 行.
NOTIC: [8] Uninitialized string offset: 0 /guzai/TTYC/Application/Runtime/Cache/Front/4741b996fde22d44b7262dab482a2184.php 第 189 行.
NOTIC: [2] Illegal string offset 'total' /guzai/TTYC/Application/Runtime/Cache/Front/4741b996fde22d44b7262dab482a2184.php 第 189 行.
NOTIC: [8] Uninitialized string offset: 0 /guzai/TTYC/Application/Runtime/Cache/Front/4741b996fde22d44b7262dab482a2184.php 第 189 行.
NOTIC: [2] Illegal string offset 'order' /guzai/TTYC/Application/Runtime/Cache/Front/4741b996fde22d44b7262dab482a2184.php 第 274 行.
NOTIC: [8] Uninitialized string offset: 0 /guzai/TTYC/Application/Runtime/Cache/Front/4741b996fde22d44b7262dab482a2184.php 第 274 行.
NOTIC: [2] Illegal string offset 'start' /guzai/TTYC/Application/Runtime/Cache/Front/4741b996fde22d44b7262dab482a2184.php 第 274 行.
NOTIC: [8] Uninitialized string offset: 0 /guzai/TTYC/Application/Runtime/Cache/Front/4741b996fde22d44b7262dab482a2184.php 第 274 行.
NOTIC: [2] Illegal string offset 'order' /guzai/TTYC/Application/Runtime/Cache/Front/4741b996fde22d44b7262dab482a2184.php 第 284 行.
NOTIC: [8] Uninitialized string offset: 0 /guzai/TTYC/Application/Runtime/Cache/Front/4741b996fde22d44b7262dab482a2184.php 第 284 行.
NOTIC: [2] Illegal string offset 'end' /guzai/TTYC/Application/Runtime/Cache/Front/4741b996fde22d44b7262dab482a2184.php 第 284 行.
NOTIC: [8] Uninitialized string offset: 0 /guzai/TTYC/Application/Runtime/Cache/Front/4741b996fde22d44b7262dab482a2184.php 第 284 行.
NOTIC: [2] Illegal string offset 'order' /guzai/TTYC/Application/Runtime/Cache/Front/4741b996fde22d44b7262dab482a2184.php 第 293 行.
NOTIC: [8] Uninitialized string offset: 0 /guzai/TTYC/Application/Runtime/Cache/Front/4741b996fde22d44b7262dab482a2184.php 第 293 行.
NOTIC: [2] Illegal string offset 'carInfo' /guzai/TTYC/Application/Runtime/Cache/Front/4741b996fde22d44b7262dab482a2184.php 第 293 行.
NOTIC: [8] Uninitialized string offset: 0 /guzai/TTYC/Application/Runtime/Cache/Front/4741b996fde22d44b7262dab482a2184.php 第 293 行.
INFO: Run Behavior\ParseTemplateBehavior [ RunTime:0.020002s ]
INFO: [ view_parse ] --END-- [ RunTime:0.020052s ]
INFO: [ view_filter ] --START--
INFO: Run Behavior\WriteHtmlCacheBehavior [ RunTime:0.000120s ]
INFO: [ view_filter ] --END-- [ RunTime:0.000163s ]

